#
# A fatal error has been detected by the Java Runtime Environment:
#
#  SIGSEGV (0xb) at pc=0x00007f78cd5a1dfa, pid=17169, tid=140156827211520
#
# JRE version: 6.0_23-b23
# Java VM: OpenJDK 64-Bit Server VM (20.0-b11 mixed mode linux-amd64 compressed oops)
# Derivative: IcedTea6 1.11pre
# Distribution: Ubuntu 11.10, package 6b23~pre11-0ubuntu1.11.10.2
# Problematic frame:
# C  [libGL.so.1+0x7cdfa]  glXCreateWindow+0xb5ea
#
# If you would like to submit a bug report, please include
# instructions how to reproduce the bug and visit:
#   https://bugs.launchpad.net/ubuntu/+source/openjdk-6/
# The crash happened outside the Java Virtual Machine in native code.
# See problematic frame for where to report the bug.
#

---------------  T H R E A D  ---------------

Current thread (0x00007f78c817a000):  JavaThread "AWT-EventQueue-0" [_thread_in_native, id=17205, stack(0x00007f78cdd61000,0x00007f78cde62000)]

siginfo:si_signo=SIGSEGV: si_errno=0, si_code=1 (SEGV_MAPERR), si_addr=0x00000000414e0000

Registers:
RAX=0x00000000414e0000, RBX=0x0000000000000000, RCX=0x0000000000000001, RDX=0x00000000017b9801
RSP=0x00007f78cde5f8b0, RBP=0x0000000001277688, RSI=0x00007f78cd81f3e0, RDI=0x00007f78cd803020
R8 =0x00007f78cd8201a0, R9 =0x0000000000004335, R10=0x00007f78d26091ee, R11=0x0000000000000206
R12=0x00007f78cd803020, R13=0x00000000015641d0, R14=0x00007f78cd5a0250, R15=0x0000000005a00011
RIP=0x00007f78cd5a1dfa, EFLAGS=0x0000000000010202, CSGSFS=0x0000000000000033, ERR=0x0000000000000004
  TRAPNO=0x000000000000000e

Top of Stack: (sp=0x00007f78cde5f8b0)
0x00007f78cde5f8b0:   00000000985f8568 0000000100000000
0x00007f78cde5f8c0:   0000000005a00011 00007f78cde5f940
0x00007f78cde5f8d0:   0000000100000001 0000000000000000
0x00007f78cde5f8e0:   0000000000000010 00007f78c8187560
0x00007f78cde5f8f0:   00000000e156b620 00000000e156b760
0x00007f78cde5f900:   00007f78cde5f900 00000000985f39a9
0x00007f78cde5f910:   00007f78cde5f980 00000000985f9dd8
0x00007f78cde5f920:   00007f78cde5f998 0000000005a00011
0x00007f78cde5f930:   00007f78cde5f9b0 0000000000000000
0x00007f78cde5f940:   00007f78cde5fa98 00007f78cde5f9f8
0x00007f78cde5f950:   00007f78c817a000 00007f78ccee23c1
0x00007f78cde5f960:   0000000001277688 0000000005a00011
0x00007f78cde5f970:   0000000005a00011 00000000015641d0
0x00007f78cde5f980:   00007f78cde5f9f8 00007f78c817a1d0
0x00007f78cde5f990:   00007f78cd5936d0 000000009860ced8
0x00007f78cde5f9a0:   00007f78cde5f9d0 0000000098c87368
0x00007f78cde5f9b0:   00007f78cde5fa10 00007f78d2609268
0x00007f78cde5f9c0:   00007f78cd5936d0 0000000000000000
0x00007f78cde5f9d0:   00007f78cde5f9f0 00007f78d068a5da
0x00007f78cde5f9e0:   0000000100000001 00007f78c817a1d0
0x00007f78cde5f9f0:   00007f78cde5fa20 0000000098ca9678
0x00007f78cde5fa00:   00000000a369ceb8 00007f01cde5fa01
0x00007f78cde5fa10:   00000000982392d0 00007f78d2608904
0x00007f78cde5fa20:   00000000a369a4e8 00000000015641d0
0x00007f78cde5fa30:   0000000005a00011 0000000005a00011
0x00007f78cde5fa40:   0000000001277688 00007f78cde5fa70
0x00007f78cde5fa50:   00007f78cde5fac0 00007f78d24279a9
0x00007f78cde5fa60:   0000000098610c40 00007f78cd5936d0
0x00007f78cde5fa70:   00000000986109c8 00007f78d2595a10
0x00007f78cde5fa80:   00007f78cde5fb20 00007f78d2427b02
0x00007f78cde5fa90:   00007f78d2427b02 0000000001277688
0x00007f78cde5faa0:   00007f78cde5fb20 0000000005a00011 

Instructions: (pc=0x00007f78cd5a1dfa)
0x00007f78cd5a1dda:   8b 8d 7c 09 00 00 85 c9 0f 95 c2 4d 85 ff 0f 95
0x00007f78cd5a1dea:   c0 84 c2 74 21 48 8b 85 c0 09 00 00 48 8b 40 40
0x00007f78cd5a1dfa:   48 8b 00 f7 80 54 f7 03 00 00 00 01 5e 0f 85 92
0x00007f78cd5a1e0a:   04 00 00 0f 1f 00 4d 85 f6 0f 84 67 01 00 00 31 

Register to memory mapping:

RAX=0x00000000414e0000 is an unknown value
RBX=0x0000000000000000 is an unknown value
RCX=0x0000000000000001 is an unknown value
RDX=0x00000000017b9801 is an unknown value
RSP=0x00007f78cde5f8b0 is pointing into the stack for thread: 0x00007f78c817a000
RBP=0x0000000001277688 is an unknown value
RSI=0x00007f78cd81f3e0: <offset 0x2fa3e0> in /usr/lib/nvidia-current/libGL.so.1 at 0x00007f78cd525000
RDI=0x00007f78cd803020: <offset 0x2de020> in /usr/lib/nvidia-current/libGL.so.1 at 0x00007f78cd525000
R8 =0x00007f78cd8201a0: <offset 0x2fb1a0> in /usr/lib/nvidia-current/libGL.so.1 at 0x00007f78cd525000
R9 =0x0000000000004335 is an unknown value
R10=0x00007f78d2609010 [CodeBlob (0x00007f78d2609010)]
Framesize: 12
R11=0x0000000000000206 is an unknown value
R12=0x00007f78cd803020: <offset 0x2de020> in /usr/lib/nvidia-current/libGL.so.1 at 0x00007f78cd525000
R13=0x00000000015641d0 is an unknown value
R14=0x00007f78cd5a0250: <offset 0x7b250> in /usr/lib/nvidia-current/libGL.so.1 at 0x00007f78cd525000
R15=0x0000000005a00011 is an unknown value


Stack: [0x00007f78cdd61000,0x00007f78cde62000],  sp=0x00007f78cde5f8b0,  free space=1018k
Native frames: (J=compiled Java code, j=interpreted, Vv=VM code, C=native code)
C  [libGL.so.1+0x7cdfa]  glXCreateWindow+0xb5ea

Java frames: (J=compiled Java code, j=interpreted, Vv=VM code)
J  jogamp.opengl.x11.glx.GLX.dispatch_glXMakeContextCurrent1(JJJJJ)Z
J  jogamp.opengl.x11.glx.X11GLXContext.glXMakeContextCurrent(JJJJ)Z
j  jogamp.opengl.x11.glx.X11GLXContext.makeCurrentImpl(Z)V+49
j  jogamp.opengl.GLContextImpl.makeCurrentLocking()I+259
j  jogamp.opengl.GLContextImpl.makeCurrent()I+106
j  jogamp.opengl.GLDrawableHelper.invokeGL(Ljavax/media/opengl/GLDrawable;Ljavax/media/opengl/GLContext;Ljava/lang/Runnable;Ljava/lang/Runnable;)V+147
j  javax.media.opengl.awt.GLCanvas$DisplayOnEventDispatchThreadAction.run()V+35
j  java.awt.event.InvocationEvent.dispatch()V+11
j  java.awt.EventQueue.dispatchEventImpl(Ljava/awt/AWTEvent;Ljava/lang/Object;)V+21
j  java.awt.EventQueue.access$000(Ljava/awt/EventQueue;Ljava/awt/AWTEvent;Ljava/lang/Object;)V+3
j  java.awt.EventQueue$1.run()Ljava/lang/Void;+12
j  java.awt.EventQueue$1.run()Ljava/lang/Object;+1
v  ~StubRoutines::call_stub
j  java.security.AccessController.doPrivileged(Ljava/security/PrivilegedAction;Ljava/security/AccessControlContext;)Ljava/lang/Object;+0
J  java.awt.EventDispatchThread.pumpOneEventForFilters(I)Z
j  java.awt.EventDispatchThread.pumpEventsForFilter(ILjava/awt/Conditional;Ljava/awt/EventFilter;)V+30
j  java.awt.EventDispatchThread.pumpEventsForHierarchy(ILjava/awt/Conditional;Ljava/awt/Component;)V+11
j  java.awt.EventDispatchThread.pumpEvents(ILjava/awt/Conditional;)V+4
j  java.awt.EventDispatchThread.pumpEvents(Ljava/awt/Conditional;)V+3
j  java.awt.EventDispatchThread.run()V+9
v  ~StubRoutines::call_stub

---------------  P R O C E S S  ---------------

Java Threads: ( => current thread )
  0x0000000001319000 JavaThread "Thread-1" [_thread_blocked, id=17263, stack(0x00007f78cc4f7000,0x00007f78cc5f8000)]
  0x0000000001277800 JavaThread "SIGTERM handler" daemon [_thread_blocked, id=17262, stack(0x00007f78d0ea0000,0x00007f78d0fa1000)]
  0x00007f78c840f000 JavaThread "Thread-5" [_thread_in_native, id=17217, stack(0x00007f78cc5f8000,0x00007f78cc6f9000)]
  0x0000000002f0a800 JavaThread "Thread-4" [_thread_blocked, id=17213, stack(0x00007f78cc3f6000,0x00007f78cc4f7000)]
  0x00000000024ec800 JavaThread "TimerQueue" daemon [_thread_blocked, id=17210, stack(0x00007f78c47fb000,0x00007f78c48fc000)]
  0x00007f78c8309800 JavaThread "DestroyJavaVM" [_thread_blocked, id=17175, stack(0x00007f78d8fcf000,0x00007f78d90d0000)]
  0x00007f78c824d800 JavaThread "Timer-0" [_thread_blocked, id=17209, stack(0x00007f78cc2f5000,0x00007f78cc3f6000)]
=>0x00007f78c817a000 JavaThread "AWT-EventQueue-0" [_thread_in_native, id=17205, stack(0x00007f78cdd61000,0x00007f78cde62000)]
  0x00000000013f8000 JavaThread "AWT-Shutdown" [_thread_blocked, id=17204, stack(0x00007f78cdc60000,0x00007f78cdd61000)]
  0x000000000178f000 JavaThread "main-SharedResourceRunner" daemon [_thread_in_native, id=17203, stack(0x00007f78cd424000,0x00007f78cd525000)]
  0x000000000171c000 JavaThread "AWT-XAWT" daemon [_thread_blocked, id=17196, stack(0x00007f78ce16c000,0x00007f78ce26d000)]
  0x0000000001583800 JavaThread "Java2D Disposer" daemon [_thread_blocked, id=17195, stack(0x00007f78ce5c8000,0x00007f78ce6c9000)]
  0x000000000132f000 JavaThread "Low Memory Detector" daemon [_thread_blocked, id=17191, stack(0x00007f78d0b9d000,0x00007f78d0c9e000)]
  0x000000000132a000 JavaThread "C2 CompilerThread1" daemon [_thread_blocked, id=17190, stack(0x00007f78d0c9e000,0x00007f78d0d9f000)]
  0x0000000001328000 JavaThread "C2 CompilerThread0" daemon [_thread_blocked, id=17189, stack(0x00007f78d0d9f000,0x00007f78d0ea0000)]
  0x0000000001316800 JavaThread "JDWP Event Helper Thread" daemon [_thread_blocked, id=17186, stack(0x00007f78d0fa1000,0x00007f78d10a2000)]
  0x0000000001313000 JavaThread "JDWP Transport Listener: dt_socket" daemon [_thread_in_native, id=17183, stack(0x00007f78d10a2000,0x00007f78d11a3000)]
  0x0000000001307800 JavaThread "Signal Dispatcher" daemon [_thread_blocked, id=17181, stack(0x00007f78d13a8000,0x00007f78d14a9000)]
  0x00000000012e4000 JavaThread "Finalizer" daemon [_thread_blocked, id=17180, stack(0x00007f78d14a9000,0x00007f78d15aa000)]
  0x00000000012e2000 JavaThread "Reference Handler" daemon [_thread_blocked, id=17179, stack(0x00007f78d15aa000,0x00007f78d16ab000)]

Other Threads:
  0x00000000012db000 VMThread [stack: 0x00007f78d16ab000,0x00007f78d17ac000] [id=17178]
  0x0000000001331800 WatcherThread [stack: 0x00007f78d0a9c000,0x00007f78d0b9d000] [id=17192]

VM state:not at safepoint (normal execution)

VM Mutex/Monitor currently owned by a thread: None

Heap
 PSYoungGen      total 10432K, used 8686K [0x00000000e0d60000, 0x00000000e1850000, 0x0000000100000000)
  eden space 10048K, 86% used [0x00000000e0d60000,0x00000000e15d3bd8,0x00000000e1730000)
  from space 384K, 8% used [0x00000000e17f0000,0x00000000e17f8000,0x00000000e1850000)
  to   space 576K, 0% used [0x00000000e1730000,0x00000000e1730000,0x00000000e17c0000)
 PSOldGen        total 63872K, used 17407K [0x00000000a2800000, 0x00000000a6660000, 0x00000000e0d60000)
  object space 63872K, 27% used [0x00000000a2800000,0x00000000a38ffd08,0x00000000a6660000)
 PSPermGen       total 26496K, used 24652K [0x0000000098200000, 0x0000000099be0000, 0x00000000a2800000)
  object space 26496K, 93% used [0x0000000098200000,0x0000000099a13258,0x0000000099be0000)

Code Cache  [0x00007f78d2422000, 0x00007f78d2692000, 0x00007f78d5422000)
 total_blobs=1279 nmethods=479 adapters=762 free_code_cache=48286208 largest_free_block=17536

Dynamic libraries:
00400000-00409000 r-xp 00000000 08:05 821807                             /usr/lib/jvm/java-6-openjdk/jre/bin/java
00608000-00609000 r--p 00008000 08:05 821807                             /usr/lib/jvm/java-6-openjdk/jre/bin/java
00609000-0060a000 rw-p 00009000 08:05 821807                             /usr/lib/jvm/java-6-openjdk/jre/bin/java
0126a000-034ab000 rw-p 00000000 00:00 0                                  [heap]
98200000-99be0000 rw-p 00000000 00:00 0 
99be0000-a2800000 rw-p 00000000 00:00 0 
a2800000-a6660000 rw-p 00000000 00:00 0 
a6660000-e0d60000 rw-p 00000000 00:00 0 
e0d60000-e1850000 rw-p 00000000 00:00 0 
e1850000-e3130000 ---p 00000000 00:00 0 
e3130000-100000000 rw-p 00000000 00:00 0 
7f78c46fa000-7f78c46fd000 ---p 00000000 00:00 0 
7f78c46fd000-7f78c47fb000 rw-p 00000000 00:00 0 
7f78c47fb000-7f78c47fe000 ---p 00000000 00:00 0 
7f78c47fe000-7f78c48fc000 rw-p 00000000 00:00 0 
7f78c48fc000-7f78c490f000 r--s 00000000 08:05 9443                       /usr/share/fonts/type1/gsfonts/n019064l.pfb
7f78c490f000-7f78c492a000 r--s 00000000 08:05 9473                       /usr/share/fonts/type1/gsfonts/p052004l.pfb
7f78c492a000-7f78c4945000 r--s 00000000 08:05 9470                       /usr/share/fonts/type1/gsfonts/p052003l.pfb
7f78c4945000-7f78c494e000 r--s 00000000 08:05 9482                       /usr/share/fonts/type1/gsfonts/s050000l.pfb
7f78c494e000-7f78c4960000 r--s 00000000 08:05 9434                       /usr/share/fonts/type1/gsfonts/n019043l.pfb
7f78c4960000-7f78c4977000 r--s 00000000 08:05 9485                       /usr/share/fonts/type1/gsfonts/z003034l.pfb
7f78c49a3000-7f78c49b3000 r--s 00000000 08:05 9386                       /usr/share/fonts/type1/gsfonts/a010015l.pfb
7f78c49b3000-7f78c49c4000 r--s 00000000 08:05 9392                       /usr/share/fonts/type1/gsfonts/a010035l.pfb
7f78c49df000-7f78c49fb000 r--s 00000000 08:05 9479                       /usr/share/fonts/type1/gsfonts/p052024l.pfb
7f78c4a11000-7f78c4a2a000 r--s 00000000 08:05 9461                       /usr/share/fonts/type1/gsfonts/n022004l.pfb
7f78c4a2a000-7f78c4a3f000 r--s 00000000 08:05 9401                       /usr/share/fonts/type1/gsfonts/b018032l.pfb
7f78c4a3f000-7f78c4a58000 r--s 00000000 08:05 9449                       /usr/share/fonts/type1/gsfonts/n021004l.pfb
7f78c4a58000-7f78c4a6e000 r--s 00000000 08:05 9455                       /usr/share/fonts/type1/gsfonts/n021024l.pfb
7f78c4a7f000-7f78c4a91000 r--s 00000000 08:05 9404                       /usr/share/fonts/type1/gsfonts/b018035l.pfb
7f78c4a91000-7f78c4aaa000 r--s 00000000 08:05 9395                       /usr/share/fonts/type1/gsfonts/b018012l.pfb
7f78c4add000-7f78c4af7000 r--s 00000000 08:05 9407                       /usr/share/fonts/type1/gsfonts/c059013l.pfb
7f78c4af7000-7f78c4b0f000 r--s 00000000 08:05 9413                       /usr/share/fonts/type1/gsfonts/c059033l.pfb
7f78c4b0f000-7f78c4b22000 r--s 00000000 08:05 9398                       /usr/share/fonts/type1/gsfonts/b018015l.pfb
7f78c4b40000-7f78c4b50000 r--s 00000000 08:05 9389                       /usr/share/fonts/type1/gsfonts/a010033l.pfb
7f78c4b50000-7f78c4b66000 r--s 00000000 08:05 9464                       /usr/share/fonts/type1/gsfonts/n022023l.pfb
7f78c4b92000-7f78c4baa000 r--s 00000000 08:05 9416                       /usr/share/fonts/type1/gsfonts/c059036l.pfb
7f78c4baa000-7f78c4bb3000 r--s 00000000 08:05 920243                     /usr/share/fonts/X11/Type1/c0648bt_.pfb
7f78c4bb3000-7f78c4bbc000 r--s 00000000 08:05 920245                     /usr/share/fonts/X11/Type1/c0649bt_.pfb
7f78c4bda000-7f78c4be3000 r--s 00000000 08:05 920241                     /usr/share/fonts/X11/Type1/c0633bt_.pfb
7f78c4c00000-7f78c4c18000 r--s 00000000 08:05 834794                     /usr/share/texmf/fonts/type1/public/lm/lmss8.pfb
7f78c4c18000-7f78c4c1f000 r--s 00000000 08:05 834812                     /usr/share/texmf/fonts/type1/public/lm/lmsy7.pfb
7f78c4c40000-7f78c4c5e000 r--s 00000000 08:05 834832                     /usr/share/texmf/fonts/type1/public/lm/lmvtl10.pfb
7f78c4c5e000-7f78c4c79000 r--s 00000000 08:05 834803                     /usr/share/texmf/fonts/type1/public/lm/lmsso8.pfb
7f78c4cae000-7f78c4cd0000 r--s 00000000 08:05 834757                     /usr/share/texmf/fonts/type1/public/lm/lmbxo10.pfb
7f78c4cd0000-7f78c4cea000 r--s 00000000 08:05 834819                     /usr/share/texmf/fonts/type1/public/lm/lmtl10.pfb
7f78c4d53000-7f78c4d75000 r--s 00000000 08:05 834790                     /usr/share/texmf/fonts/type1/public/lm/lmro9.pfb
7f78c4da3000-7f78c4dbe000 r--s 00000000 08:05 834785                     /usr/share/texmf/fonts/type1/public/lm/lmri9.pfb
7f78c4dbe000-7f78c4dd9000 r--s 00000000 08:05 834804                     /usr/share/texmf/fonts/type1/public/lm/lmsso9.pfb
7f78c4dd9000-7f78c4df8000 r--s 00000000 08:05 834755                     /usr/share/texmf/fonts/type1/public/lm/lmbx9.pfb
7f78c4df8000-7f78c4e00000 r--s 00000000 08:05 834765                     /usr/share/texmf/fonts/type1/public/lm/lmmi5.pfb
7f78c4e00000-7f78c4e08000 r--s 00000000 08:05 834764                     /usr/share/texmf/fonts/type1/public/lm/lmmi12.pfb
7f78c4e08000-7f78c4e20000 r--s 00000000 08:05 834791                     /usr/share/texmf/fonts/type1/public/lm/lmss10.pfb
7f78c4e20000-7f78c4e27000 r--s 00000000 08:05 834813                     /usr/share/texmf/fonts/type1/public/lm/lmsy8.pfb
7f78c4e46000-7f78c4e65000 r--s 00000000 08:05 834830                     /usr/share/texmf/fonts/type1/public/lm/lmvtk10.pfb
7f78c4e65000-7f78c4e81000 r--s 00000000 08:05 834783                     /usr/share/texmf/fonts/type1/public/lm/lmri7.pfb
7f78c4e81000-7f78c4ea1000 r--s 00000000 08:05 834816                     /usr/share/texmf/fonts/type1/public/lm/lmtcso10.pfb
7f78c4ebc000-7f78c4ed4000 r--s 00000000 08:05 834793                     /usr/share/texmf/fonts/type1/public/lm/lmss17.pfb
7f78c4ed4000-7f78c4ef3000 r--s 00000000 08:05 834806                     /usr/share/texmf/fonts/type1/public/lm/lmssqbo8.pfb
7f78c4ef3000-7f78c4f10000 r--s 00000000 08:05 834807                     /usr/share/texmf/fonts/type1/public/lm/lmssqbx8.pfb
7f78c4f2c000-7f78c4f51000 r--s 00000000 08:05 834831                     /usr/share/texmf/fonts/type1/public/lm/lmvtko10.pfb
7f78c4f51000-7f78c4f59000 r--s 00000000 08:05 834763                     /usr/share/texmf/fonts/type1/public/lm/lmmi10.pfb
7f78c4f59000-7f78c4f75000 r--s 00000000 08:05 834781                     /usr/share/texmf/fonts/type1/public/lm/lmri10.pfb
7f78c4f7c000-7f78c4f98000 r--s 00000000 08:05 834823                     /usr/share/texmf/fonts/type1/public/lm/lmtt10.pfb
7f78c4f98000-7f78c4fba000 r--s 00000000 08:05 834745                     /usr/share/texmf/fonts/type1/public/lm/lmbo10.pfb
7f78c4fc2000-7f78c4fe0000 r--s 00000000 08:05 834775                     /usr/share/texmf/fonts/type1/public/lm/lmr17.pfb
7f78c4fe0000-7f78c4ffd000 r--s 00000000 08:05 834750                     /usr/share/texmf/fonts/type1/public/lm/lmbx12.pfb
7f78c5061000-7f78c507d000 r--s 00000000 08:05 834756                     /usr/share/texmf/fonts/type1/public/lm/lmbxi10.pfb
7f78c507d000-7f78c509a000 r--s 00000000 08:05 834825                     /usr/share/texmf/fonts/type1/public/lm/lmtt8.pfb
7f78c50c3000-7f78c50e1000 r--s 00000000 08:05 834780                     /usr/share/texmf/fonts/type1/public/lm/lmr9.pfb
7f78c50e1000-7f78c50fe000 r--s 00000000 08:05 834817                     /usr/share/texmf/fonts/type1/public/lm/lmtk10.pfb
7f78c515b000-7f78c5176000 r--s 00000000 08:05 834800                     /usr/share/texmf/fonts/type1/public/lm/lmsso10.pfb
7f78c5191000-7f78c51b5000 r--s 00000000 08:05 834761                     /usr/share/texmf/fonts/type1/public/lm/lmduno10.pfb
7f78c51d4000-7f78c51ef000 r--s 00000000 08:05 834826                     /usr/share/texmf/fonts/type1/public/lm/lmtt9.pfb
7f78c51ef000-7f78c5210000 r--s 00000000 08:05 834789                     /usr/share/texmf/fonts/type1/public/lm/lmro8.pfb
7f78c5210000-7f78c522e000 r--s 00000000 08:05 834776                     /usr/share/texmf/fonts/type1/public/lm/lmr5.pfb
7f78c522e000-7f78c5235000 r--s 00000000 08:05 834746                     /usr/share/texmf/fonts/type1/public/lm/lmbsy10.pfb
7f78c5235000-7f78c5255000 r--s 00000000 08:05 834808                     /usr/share/texmf/fonts/type1/public/lm/lmssqo8.pfb
7f78c525d000-7f78c527c000 r--s 00000000 08:05 834744                     /usr/share/texmf/fonts/type1/public/lm/lmb10.pfb
7f78c527c000-7f78c5282000 r--s 00000000 08:05 834762                     /usr/share/texmf/fonts/type1/public/lm/lmex10.pfb
7f78c5282000-7f78c52a0000 r--s 00000000 08:05 834749                     /usr/share/texmf/fonts/type1/public/lm/lmbx10.pfb
7f78c52a0000-7f78c52bd000 r--s 00000000 08:05 834751                     /usr/share/texmf/fonts/type1/public/lm/lmbx5.pfb
7f78c52bd000-7f78c52dc000 r--s 00000000 08:05 834777                     /usr/share/texmf/fonts/type1/public/lm/lmr6.pfb
7f78c52f9000-7f78c5317000 r--s 00000000 08:05 834779                     /usr/share/texmf/fonts/type1/public/lm/lmr8.pfb
7f78c5332000-7f78c5353000 r--s 00000000 08:05 834835                     /usr/share/texmf/fonts/type1/public/lm/lmvtto10.pfb
7f78c5374000-7f78c538f000 r--s 00000000 08:05 834784                     /usr/share/texmf/fonts/type1/public/lm/lmri8.pfb
7f78c538f000-7f78c5397000 r--s 00000000 08:05 834770                     /usr/share/texmf/fonts/type1/public/lm/lmmib10.pfb
7f78c5397000-7f78c53b5000 r--s 00000000 08:05 834773                     /usr/share/texmf/fonts/type1/public/lm/lmr10.pfb
7f78c53b5000-7f78c53d7000 r--s 00000000 08:05 834833                     /usr/share/texmf/fonts/type1/public/lm/lmvtlo10.pfb
7f78c53d7000-7f78c53df000 r--s 00000000 08:05 834766                     /usr/share/texmf/fonts/type1/public/lm/lmmi6.pfb
7f78c53fd000-7f78c541c000 r--s 00000000 08:05 834828                     /usr/share/texmf/fonts/type1/public/lm/lmtto10.pfb
7f78c541c000-7f78c5424000 r--s 00000000 08:05 834772                     /usr/share/texmf/fonts/type1/public/lm/lmmib7.pfb
7f78c545e000-7f78c5477000 r--s 00000000 08:05 834827                     /usr/share/texmf/fonts/type1/public/lm/lmtti10.pfb
7f78c5477000-7f78c5495000 r--s 00000000 08:05 834797                     /usr/share/texmf/fonts/type1/public/lm/lmssbx10.pfb
7f78c5495000-7f78c54b8000 r--s 00000000 08:05 834818                     /usr/share/texmf/fonts/type1/public/lm/lmtko10.pfb
7f78c54d5000-7f78c54f3000 r--s 00000000 08:05 834778                     /usr/share/texmf/fonts/type1/public/lm/lmr7.pfb
7f78c54f3000-7f78c54fb000 r-xp 00000000 08:05 831019                     /usr/lib/jvm/java-6-openjdk/jre/lib/amd64/libnio.so
7f78c54fb000-7f78c56fa000 ---p 00008000 08:05 831019                     /usr/lib/jvm/java-6-openjdk/jre/lib/amd64/libnio.so
7f78c56fa000-7f78c56fb000 r--p 00007000 08:05 831019                     /usr/lib/jvm/java-6-openjdk/jre/lib/amd64/libnio.so
7f78c56fb000-7f78c56fc000 rw-p 00008000 08:05 831019                     /usr/lib/jvm/java-6-openjdk/jre/lib/amd64/libnio.so
7f78c56fc000-7f78c5711000 r-xp 00000000 08:05 831027                     /usr/lib/jvm/java-6-openjdk/jre/lib/amd64/libnet.so
7f78c5711000-7f78c5910000 ---p 00015000 08:05 831027                     /usr/lib/jvm/java-6-openjdk/jre/lib/amd64/libnet.so
7f78c5910000-7f78c5911000 r--p 00014000 08:05 831027                     /usr/lib/jvm/java-6-openjdk/jre/lib/amd64/libnet.so
7f78c5911000-7f78c5912000 rw-p 00015000 08:05 831027                     /usr/lib/jvm/java-6-openjdk/jre/lib/amd64/libnet.so
7f78c5912000-7f78c5a12000 rw-s 2cb8d000 00:05 8138                       /dev/nvidia0
7f78c5a12000-7f78c5b12000 rw-s 6f34e000 00:05 8138                       /dev/nvidia0
7f78c5b12000-7f78c5b15000 ---p 00000000 00:00 0 
7f78c5b15000-7f78c5c13000 rw-p 00000000 00:00 0 
7f78c5c13000-7f78c5c1d000 r-xp 00000000 08:05 831045                     /usr/lib/jvm/java-6-openjdk/jre/lib/amd64/libjpeg.so
7f78c5c1d000-7f78c5e1c000 ---p 0000a000 08:05 831045                     /usr/lib/jvm/java-6-openjdk/jre/lib/amd64/libjpeg.so
7f78c5e1c000-7f78c5e1d000 r--p 00009000 08:05 831045                     /usr/lib/jvm/java-6-openjdk/jre/lib/amd64/libjpeg.so
7f78c5e1d000-7f78c5e1e000 rw-p 0000a000 08:05 831045                     /usr/lib/jvm/java-6-openjdk/jre/lib/amd64/libjpeg.so
7f78c5e1e000-7f78c5e50000 r-xp 00000000 08:05 831030                     /usr/lib/jvm/java-6-openjdk/jre/lib/amd64/liblcms.so
7f78c5e50000-7f78c604f000 ---p 00032000 08:05 831030                     /usr/lib/jvm/java-6-openjdk/jre/lib/amd64/liblcms.so
7f78c604f000-7f78c6050000 r--p 00031000 08:05 831030                     /usr/lib/jvm/java-6-openjdk/jre/lib/amd64/liblcms.so
7f78c6050000-7f78c6051000 rw-p 00032000 08:05 831030                     /usr/lib/jvm/java-6-openjdk/jre/lib/amd64/liblcms.so
7f78c6051000-7f78c6053000 rw-p 00000000 00:00 0 
7f78c6053000-7f78c6153000 rw-s 6f339000 00:05 8138                       /dev/nvidia0
7f78c61b4000-7f78c77a8000 r-xp 00000000 08:05 793109                     /usr/lib/nvidia-current/libnvidia-glcore.so.280.13
7f78c77a8000-7f78c79a7000 ---p 015f4000 08:05 793109                     /usr/lib/nvidia-current/libnvidia-glcore.so.280.13
7f78c79a7000-7f78c7fe6000 rwxp 015f3000 08:05 793109                     /usr/lib/nvidia-current/libnvidia-glcore.so.280.13
7f78c7fe6000-7f78c8000000 rwxp 00000000 00:00 0 
7f78c8000000-7f78c8d99000 rw-p 00000000 00:00 0 
7f78c8d99000-7f78cc000000 ---p 00000000 00:00 0 
7f78cc009000-7f78cc2f5000 rw-s 00000000 00:04 14778413                   /SYSV00000000 (deleted)
7f78cc2f5000-7f78cc2f8000 ---p 00000000 00:00 0 
7f78cc2f8000-7f78cc3f6000 rw-p 00000000 00:00 0 
7f78cc3f6000-7f78cc3f9000 ---p 00000000 00:00 0 
7f78cc3f9000-7f78cc4f7000 rw-p 00000000 00:00 0 
7f78cc4f7000-7f78cc4fa000 ---p 00000000 00:00 0 
7f78cc4fa000-7f78cc5f8000 rw-p 00000000 00:00 0 
7f78cc5f8000-7f78cc5fb000 ---p 00000000 00:00 0 
7f78cc5fb000-7f78cc6f9000 rw-p 00000000 00:00 0 
7f78cc6f9000-7f78cc8f9000 rw-s 2fd58000 00:05 8138                       /dev/nvidia0
7f78cc8f9000-7f78cc9f9000 rw-s 2fec0000 00:05 8138                       /dev/nvidia0
7f78cca39000-7f78cca51000 r-xp 00000000 08:06 267445                     /home/jan/development/projects/YogularmInfinite/desktop/lib/jogl/linux-amd64/libjogl_es2.so
7f78cca51000-7f78ccc50000 ---p 00018000 08:06 267445                     /home/jan/development/projects/YogularmInfinite/desktop/lib/jogl/linux-amd64/libjogl_es2.so
7f78ccc50000-7f78ccc51000 r--p 00017000 08:06 267445                     /home/jan/development/projects/YogularmInfinite/desktop/lib/jogl/linux-amd64/libjogl_es2.so
7f78ccc51000-7f78ccc52000 rw-p 00018000 08:06 267445                     /home/jan/development/projects/YogularmInfinite/desktop/lib/jogl/linux-amd64/libjogl_es2.so
7f78ccc52000-7f78ccc6a000 r-xp 00000000 08:06 267444                     /home/jan/development/projects/YogularmInfinite/desktop/lib/jogl/linux-amd64/libjogl_es1.so
7f78ccc6a000-7f78cce69000 ---p 00018000 08:06 267444                     /home/jan/development/projects/YogularmInfinite/desktop/lib/jogl/linux-amd64/libjogl_es1.so
7f78cce69000-7f78cce6a000 r--p 00017000 08:06 267444                     /home/jan/development/projects/YogularmInfinite/desktop/lib/jogl/linux-amd64/libjogl_es1.so
7f78cce6a000-7f78cce6b000 rw-p 00018000 08:06 267444                     /home/jan/development/projects/YogularmInfinite/desktop/lib/jogl/linux-amd64/libjogl_es1.so
7f78cce6b000-7f78ccef5000 r-xp 00000000 08:06 267443                     /home/jan/development/projects/YogularmInfinite/desktop/lib/jogl/linux-amd64/libjogl_desktop.so
7f78ccef5000-7f78cd0f5000 ---p 0008a000 08:06 267443                     /home/jan/development/projects/YogularmInfinite/desktop/lib/jogl/linux-amd64/libjogl_desktop.so
7f78cd0f5000-7f78cd0f6000 r--p 0008a000 08:06 267443                     /home/jan/development/projects/YogularmInfinite/desktop/lib/jogl/linux-amd64/libjogl_desktop.so
7f78cd0f6000-7f78cd0f7000 rw-p 0008b000 08:06 267443                     /home/jan/development/projects/YogularmInfinite/desktop/lib/jogl/linux-amd64/libjogl_desktop.so
7f78cd0f7000-7f78cd0fa000 r-xp 00000000 08:05 793125                     /usr/lib/nvidia-current/tls/libnvidia-tls.so.280.13
7f78cd0fa000-7f78cd2f9000 ---p 00003000 08:05 793125                     /usr/lib/nvidia-current/tls/libnvidia-tls.so.280.13
7f78cd2f9000-7f78cd2fa000 rw-p 00002000 08:05 793125                     /usr/lib/nvidia-current/tls/libnvidia-tls.so.280.13
7f78cd2fa000-7f78cd2fb000 r--s 00000000 08:05 408205                     /var/cache/fontconfig/c05880de57d1f5e948fdfacc138775d9-le64.cache-3
7f78cd2fb000-7f78cd304000 r--s 00000000 08:05 391263                     /var/cache/fontconfig/945677eb7aeaf62f1d50efc3fb3ec7d8-le64.cache-3
7f78cd304000-7f78cd306000 r--s 00000000 08:05 391046                     /var/cache/fontconfig/99e8ed0e538f840c565b6ed5dad60d56-le64.cache-3
7f78cd306000-7f78cd309000 r--s 00000000 08:05 391624                     /var/cache/fontconfig/e383d7ea5fbe662a33d9b44caf393297-le64.cache-3
7f78cd309000-7f78cd30d000 r--s 00000000 08:05 408203                     /var/cache/fontconfig/2cd17615ca594fa2959ae173292e504c-le64.cache-3
7f78cd30d000-7f78cd30e000 r--s 00000000 08:05 391470                     /var/cache/fontconfig/e7071f4a29fa870f4323321c154eba04-le64.cache-3
7f78cd30e000-7f78cd313000 r--s 00000000 08:05 408202                     /var/cache/fontconfig/6eb3985aa4124903f6ff08ba781cd364-le64.cache-3
7f78cd313000-7f78cd314000 r--s 00000000 08:05 406414                     /var/cache/fontconfig/4c73fe0c47614734b17d736dbde7580a-le64.cache-3
7f78cd314000-7f78cd315000 r--s 00000000 08:05 406413                     /var/cache/fontconfig/0d8c3b2ac0904cb8a57a757ad11a4a08-le64.cache-3
7f78cd315000-7f78cd316000 r--s 00000000 08:05 406412                     /var/cache/fontconfig/6a53c69dea097a2d716e069445527da8-le64.cache-3
7f78cd316000-7f78cd31c000 r--s 00000000 08:05 401859                     /var/cache/fontconfig/a755afe4a08bf5b97852ceb7400b47bc-le64.cache-3
7f78cd31c000-7f78cd322000 r--s 00000000 08:05 409105                     /var/cache/fontconfig/515ca1ebc4b18308bea979be5704f9db-le64.cache-3
7f78cd322000-7f78cd32b000 r--s 00000000 08:05 392133                     /var/cache/fontconfig/6d41288fd70b0be22e8c3a91e032eec0-le64.cache-3
7f78cd32b000-7f78cd33b000 r--s 00000000 08:05 401858                     /var/cache/fontconfig/0f34bcd4b6ee430af32735b75db7f02b-le64.cache-3
7f78cd33b000-7f78cd33e000 r--s 00000000 08:05 391081                     /var/cache/fontconfig/d60319d88cac85ba9e1a07bd06cfbb8c-le64.cache-3
7f78cd33e000-7f78cd33f000 r--s 00000000 08:05 396779                     /var/cache/fontconfig/4794a0821666d79190d59a36cb4f44b5-le64.cache-3
7f78cd33f000-7f78cd36d000 r--s 00000000 08:05 409148                     /var/cache/fontconfig/365b55f210c0a22e9a19e35191240f32-le64.cache-3
7f78cd36d000-7f78cd37d000 r--s 00000000 08:05 401856                     /var/cache/fontconfig/d52a8644073d54c13679302ca1180695-le64.cache-3
7f78cd37d000-7f78cd385000 r--s 00000000 08:05 409104                     /var/cache/fontconfig/153bb866d4d26e7cd19eee2129f8d8d2-le64.cache-3
7f78cd385000-7f78cd390000 r--s 00000000 08:05 415954                     /var/cache/fontconfig/e13b20fdb08344e0e664864cc2ede53d-le64.cache-3
7f78cd390000-7f78cd392000 r--s 00000000 08:06 1101681                    /home/jan/.fontconfig/fdd828a2a2357ac8b98d53d4cb73097a-le64.cache-3
7f78cd392000-7f78cd399000 r--s 00000000 08:06 1101680                    /home/jan/.fontconfig/c58ff9086ba60478c195bf0f61b530df-le64.cache-3
7f78cd399000-7f78cd3a3000 r--s 00000000 08:06 1101674                    /home/jan/.fontconfig/a0bf83b7801ad605140a17cf4b414547-le64.cache-3
7f78cd3a3000-7f78cd3a9000 r--s 00000000 08:06 1101679                    /home/jan/.fontconfig/7d1d196625a4c3b5318df9a7bec9bc41-le64.cache-3
7f78cd3a9000-7f78cd3ab000 r--s 00000000 08:06 1101678                    /home/jan/.fontconfig/790146cae801f5c845d56d242e982308-le64.cache-3
7f78cd3ab000-7f78cd3b0000 r--s 00000000 08:06 1101677                    /home/jan/.fontconfig/2c10c25a20897452413a494958b84a05-le64.cache-3
7f78cd3b0000-7f78cd3b2000 r--s 00000000 08:06 1101676                    /home/jan/.fontconfig/01b316c23635a1c7ad41860d9ab7ba59-le64.cache-3
7f78cd3b2000-7f78cd3b4000 r--s 00000000 08:06 1101675                    /home/jan/.fontconfig/e252e6067bf5dc9e40fb95b17b621584-le64.cache-3
7f78cd3b4000-7f78cd3c3000 r--s 00000000 08:06 1101673                    /home/jan/.fontconfig/51d0fb7e55acffd31d6a8c7c8c7f60fb-le64.cache-3
7f78cd3c3000-7f78cd3c8000 r--s 00000000 08:06 1101672                    /home/jan/.fontconfig/6302c9f5be1e12898d22d23c35392af9-le64.cache-3
7f78cd3c8000-7f78cd3ca000 r--s 00000000 08:06 1101671                    /home/jan/.fontconfig/954bf4103e945093a32831c95ead4df7-le64.cache-3
7f78cd3ca000-7f78cd3cc000 r--s 00000000 08:06 1101670                    /home/jan/.fontconfig/6c2573209480b8f33065f885e21aa27e-le64.cache-3
7f78cd3cc000-7f78cd3ce000 r--s 00000000 08:06 1101669                    /home/jan/.fontconfig/2ce2f901d9e1b21e31b84cb10642e71d-le64.cache-3
7f78cd3ce000-7f78cd3d1000 r--s 00000000 08:06 1101668                    /home/jan/.fontconfig/e1de9b0e4af91a7731cd98de6ce2d572-le64.cache-3
7f78cd3d1000-7f78cd3db000 r--s 00000000 08:06 1101667                    /home/jan/.fontconfig/2bcd93200fc0f5d4f6eeced75af2d533-le64.cache-3
7f78cd3db000-7f78cd3de000 r--s 00000000 08:06 1101666                    /home/jan/.fontconfig/8adc0da6e22e3e72a145efb7377d06bd-le64.cache-3
7f78cd3de000-7f78cd3ef000 r--s 00000000 08:06 1101665                    /home/jan/.fontconfig/edd89c71be7950017624cf56be471bae-le64.cache-3
7f78cd3ef000-7f78cd3fb000 r--s 00000000 08:06 1101664                    /home/jan/.fontconfig/39d620b8dfbf4bd2ea5f64f511994d5f-le64.cache-3
7f78cd424000-7f78cd427000 ---p 00000000 00:00 0 
7f78cd427000-7f78cd525000 rw-p 00000000 00:00 0 
7f78cd525000-7f78cd5e6000 r-xp 00000000 08:05 793112                     /usr/lib/nvidia-current/libGL.so.280.13
7f78cd5e6000-7f78cd7e5000 ---p 000c1000 08:05 793112                     /usr/lib/nvidia-current/libGL.so.280.13
7f78cd7e5000-7f78cd820000 rwxp 000c0000 08:05 793112                     /usr/lib/nvidia-current/libGL.so.280.13
7f78cd820000-7f78cd836000 rwxp 00000000 00:00 0 
7f78cd83c000-7f78cd840000 rw-s 2cb0f000 00:05 8138                       /dev/nvidia0
7f78cd840000-7f78cd85b000 rw-s 18a2c0000 00:05 8138                      /dev/nvidia0
7f78cd85b000-7f78cd85d000 r-xp 00000000 08:06 267446                     /home/jan/development/projects/YogularmInfinite/desktop/lib/jogl/linux-amd64/libnativewindow_awt.so
7f78cd85d000-7f78cda5c000 ---p 00002000 08:06 267446                     /home/jan/development/projects/YogularmInfinite/desktop/lib/jogl/linux-amd64/libnativewindow_awt.so
7f78cda5c000-7f78cda5d000 r--p 00001000 08:06 267446                     /home/jan/development/projects/YogularmInfinite/desktop/lib/jogl/linux-amd64/libnativewindow_awt.so
7f78cda5d000-7f78cda5e000 rw-p 00002000 08:06 267446                     /home/jan/development/projects/YogularmInfinite/desktop/lib/jogl/linux-amd64/libnativewindow_awt.so
7f78cda5e000-7f78cda5f000 r-xp 00000000 08:05 831047                     /usr/lib/jvm/java-6-openjdk/jre/lib/amd64/libjawt.so
7f78cda5f000-7f78cdc5e000 ---p 00001000 08:05 831047                     /usr/lib/jvm/java-6-openjdk/jre/lib/amd64/libjawt.so
7f78cdc5e000-7f78cdc5f000 r--p 00000000 08:05 831047                     /usr/lib/jvm/java-6-openjdk/jre/lib/amd64/libjawt.so
7f78cdc5f000-7f78cdc60000 rw-p 00001000 08:05 831047                     /usr/lib/jvm/java-6-openjdk/jre/lib/amd64/libjawt.so
7f78cdc60000-7f78cdc63000 ---p 00000000 00:00 0 
7f78cdc63000-7f78cdd61000 rw-p 00000000 00:00 0 
7f78cdd61000-7f78cdd64000 ---p 00000000 00:00 0 
7f78cdd64000-7f78cde62000 rw-p 00000000 00:00 0 
7f78cde62000-7f78cde67000 r-xp 00000000 08:05 788228                     /usr/lib/x86_64-linux-gnu/libXfixes.so.3.1.0
7f78cde67000-7f78ce066000 ---p 00005000 08:05 788228                     /usr/lib/x86_64-linux-gnu/libXfixes.so.3.1.0
7f78ce066000-7f78ce067000 r--p 00004000 08:05 788228                     /usr/lib/x86_64-linux-gnu/libXfixes.so.3.1.0
7f78ce067000-7f78ce068000 rw-p 00005000 08:05 788228                     /usr/lib/x86_64-linux-gnu/libXfixes.so.3.1.0
7f78ce068000-7f78ce069000 r--s 00000000 08:05 408205                     /var/cache/fontconfig/c05880de57d1f5e948fdfacc138775d9-le64.cache-3
7f78ce069000-7f78ce072000 r--s 00000000 08:05 391263                     /var/cache/fontconfig/945677eb7aeaf62f1d50efc3fb3ec7d8-le64.cache-3
7f78ce072000-7f78ce074000 r--s 00000000 08:05 391046                     /var/cache/fontconfig/99e8ed0e538f840c565b6ed5dad60d56-le64.cache-3
7f78ce074000-7f78ce077000 r--s 00000000 08:05 391624                     /var/cache/fontconfig/e383d7ea5fbe662a33d9b44caf393297-le64.cache-3
7f78ce077000-7f78ce07b000 r--s 00000000 08:05 408203                     /var/cache/fontconfig/2cd17615ca594fa2959ae173292e504c-le64.cache-3
7f78ce07b000-7f78ce07c000 r--s 00000000 08:05 391470                     /var/cache/fontconfig/e7071f4a29fa870f4323321c154eba04-le64.cache-3
7f78ce07c000-7f78ce081000 r--s 00000000 08:05 408202                     /var/cache/fontconfig/6eb3985aa4124903f6ff08ba781cd364-le64.cache-3
7f78ce081000-7f78ce082000 r--s 00000000 08:05 406414                     /var/cache/fontconfig/4c73fe0c47614734b17d736dbde7580a-le64.cache-3
7f78ce082000-7f78ce083000 r--s 00000000 08:05 406413                     /var/cache/fontconfig/0d8c3b2ac0904cb8a57a757ad11a4a08-le64.cache-3
7f78ce083000-7f78ce084000 r--s 00000000 08:05 406412                     /var/cache/fontconfig/6a53c69dea097a2d716e069445527da8-le64.cache-3
7f78ce084000-7f78ce08a000 r--s 00000000 08:05 401859                     /var/cache/fontconfig/a755afe4a08bf5b97852ceb7400b47bc-le64.cache-3
7f78ce08a000-7f78ce090000 r--s 00000000 08:05 409105                     /var/cache/fontconfig/515ca1ebc4b18308bea979be5704f9db-le64.cache-3
7f78ce090000-7f78ce099000 r--s 00000000 08:05 392133                     /var/cache/fontconfig/6d41288fd70b0be22e8c3a91e032eec0-le64.cache-3
7f78ce099000-7f78ce0a9000 r--s 00000000 08:05 401858                     /var/cache/fontconfig/0f34bcd4b6ee430af32735b75db7f02b-le64.cache-3
7f78ce0a9000-7f78ce0ac000 r--s 00000000 08:05 391081                     /var/cache/fontconfig/d60319d88cac85ba9e1a07bd06cfbb8c-le64.cache-3
7f78ce0ac000-7f78ce0da000 r--s 00000000 08:05 409148                     /var/cache/fontconfig/365b55f210c0a22e9a19e35191240f32-le64.cache-3
7f78ce0da000-7f78ce0ea000 r--s 00000000 08:05 401856                     /var/cache/fontconfig/d52a8644073d54c13679302ca1180695-le64.cache-3
7f78ce0ea000-7f78ce0f2000 r--s 00000000 08:05 409104                     /var/cache/fontconfig/153bb866d4d26e7cd19eee2129f8d8d2-le64.cache-3
7f78ce0f2000-7f78ce0fd000 r--s 00000000 08:05 415954                     /var/cache/fontconfig/e13b20fdb08344e0e664864cc2ede53d-le64.cache-3
7f78ce0fd000-7f78ce0ff000 r--s 00000000 08:06 1101681                    /home/jan/.fontconfig/fdd828a2a2357ac8b98d53d4cb73097a-le64.cache-3
7f78ce0ff000-7f78ce106000 r--s 00000000 08:06 1101680                    /home/jan/.fontconfig/c58ff9086ba60478c195bf0f61b530df-le64.cache-3
7f78ce106000-7f78ce110000 r--s 00000000 08:06 1101674                    /home/jan/.fontconfig/a0bf83b7801ad605140a17cf4b414547-le64.cache-3
7f78ce110000-7f78ce116000 r--s 00000000 08:06 1101679                    /home/jan/.fontconfig/7d1d196625a4c3b5318df9a7bec9bc41-le64.cache-3
7f78ce116000-7f78ce118000 r--s 00000000 08:06 1101678                    /home/jan/.fontconfig/790146cae801f5c845d56d242e982308-le64.cache-3
7f78ce118000-7f78ce11d000 r--s 00000000 08:06 1101677                    /home/jan/.fontconfig/2c10c25a20897452413a494958b84a05-le64.cache-3
7f78ce11d000-7f78ce11f000 r--s 00000000 08:06 1101676                    /home/jan/.fontconfig/01b316c23635a1c7ad41860d9ab7ba59-le64.cache-3
7f78ce11f000-7f78ce121000 r--s 00000000 08:06 1101675                    /home/jan/.fontconfig/e252e6067bf5dc9e40fb95b17b621584-le64.cache-3
7f78ce121000-7f78ce130000 r--s 00000000 08:06 1101673                    /home/jan/.fontconfig/51d0fb7e55acffd31d6a8c7c8c7f60fb-le64.cache-3
7f78ce130000-7f78ce135000 r--s 00000000 08:06 1101672                    /home/jan/.fontconfig/6302c9f5be1e12898d22d23c35392af9-le64.cache-3
7f78ce135000-7f78ce137000 r--s 00000000 08:06 1101671                    /home/jan/.fontconfig/954bf4103e945093a32831c95ead4df7-le64.cache-3
7f78ce137000-7f78ce139000 r--s 00000000 08:06 1101670                    /home/jan/.fontconfig/6c2573209480b8f33065f885e21aa27e-le64.cache-3
7f78ce139000-7f78ce13b000 r--s 00000000 08:06 1101669                    /home/jan/.fontconfig/2ce2f901d9e1b21e31b84cb10642e71d-le64.cache-3
7f78ce13b000-7f78ce13e000 r--s 00000000 08:06 1101668                    /home/jan/.fontconfig/e1de9b0e4af91a7731cd98de6ce2d572-le64.cache-3
7f78ce13e000-7f78ce148000 r--s 00000000 08:06 1101667                    /home/jan/.fontconfig/2bcd93200fc0f5d4f6eeced75af2d533-le64.cache-3
7f78ce148000-7f78ce14b000 r--s 00000000 08:06 1101666                    /home/jan/.fontconfig/8adc0da6e22e3e72a145efb7377d06bd-le64.cache-3
7f78ce14b000-7f78ce15c000 r--s 00000000 08:06 1101665                    /home/jan/.fontconfig/edd89c71be7950017624cf56be471bae-le64.cache-3
7f78ce15c000-7f78ce168000 r--s 00000000 08:06 1101664                    /home/jan/.fontconfig/39d620b8dfbf4bd2ea5f64f511994d5f-le64.cache-3
7f78ce16c000-7f78ce16f000 ---p 00000000 00:00 0 
7f78ce16f000-7f78ce26d000 rw-p 00000000 00:00 0 
7f78ce26d000-7f78ce26e000 r--s 00000000 08:05 408205                     /var/cache/fontconfig/c05880de57d1f5e948fdfacc138775d9-le64.cache-3
7f78ce26e000-7f78ce277000 r--s 00000000 08:05 391263                     /var/cache/fontconfig/945677eb7aeaf62f1d50efc3fb3ec7d8-le64.cache-3
7f78ce277000-7f78ce279000 r--s 00000000 08:05 391046                     /var/cache/fontconfig/99e8ed0e538f840c565b6ed5dad60d56-le64.cache-3
7f78ce279000-7f78ce27c000 r--s 00000000 08:05 391624                     /var/cache/fontconfig/e383d7ea5fbe662a33d9b44caf393297-le64.cache-3
7f78ce27c000-7f78ce280000 r--s 00000000 08:05 408203                     /var/cache/fontconfig/2cd17615ca594fa2959ae173292e504c-le64.cache-3
7f78ce280000-7f78ce281000 r--s 00000000 08:05 391470                     /var/cache/fontconfig/e7071f4a29fa870f4323321c154eba04-le64.cache-3
7f78ce281000-7f78ce286000 r--s 00000000 08:05 408202                     /var/cache/fontconfig/6eb3985aa4124903f6ff08ba781cd364-le64.cache-3
7f78ce286000-7f78ce287000 r--s 00000000 08:05 406414                     /var/cache/fontconfig/4c73fe0c47614734b17d736dbde7580a-le64.cache-3
7f78ce287000-7f78ce288000 r--s 00000000 08:05 406413                     /var/cache/fontconfig/0d8c3b2ac0904cb8a57a757ad11a4a08-le64.cache-3
7f78ce288000-7f78ce289000 r--s 00000000 08:05 406412                     /var/cache/fontconfig/6a53c69dea097a2d716e069445527da8-le64.cache-3
7f78ce289000-7f78ce28f000 r--s 00000000 08:05 401859                     /var/cache/fontconfig/a755afe4a08bf5b97852ceb7400b47bc-le64.cache-3
7f78ce28f000-7f78ce295000 r--s 00000000 08:05 409105                     /var/cache/fontconfig/515ca1ebc4b18308bea979be5704f9db-le64.cache-3
7f78ce295000-7f78ce29e000 r--s 00000000 08:05 392133                     /var/cache/fontconfig/6d41288fd70b0be22e8c3a91e032eec0-le64.cache-3
7f78ce29e000-7f78ce2ae000 r--s 00000000 08:05 401858                     /var/cache/fontconfig/0f34bcd4b6ee430af32735b75db7f02b-le64.cache-3
7f78ce2ae000-7f78ce2b1000 r--s 00000000 08:05 391081                     /var/cache/fontconfig/d60319d88cac85ba9e1a07bd06cfbb8c-le64.cache-3
7f78ce2b1000-7f78ce2df000 r--s 00000000 08:05 409148                     /var/cache/fontconfig/365b55f210c0a22e9a19e35191240f32-le64.cache-3
7f78ce2df000-7f78ce2ef000 r--s 00000000 08:05 401856                     /var/cache/fontconfig/d52a8644073d54c13679302ca1180695-le64.cache-3
7f78ce2ef000-7f78ce2f7000 r--s 00000000 08:05 409104                     /var/cache/fontconfig/153bb866d4d26e7cd19eee2129f8d8d2-le64.cache-3
7f78ce2f7000-7f78ce302000 r--s 00000000 08:05 415954                     /var/cache/fontconfig/e13b20fdb08344e0e664864cc2ede53d-le64.cache-3
7f78ce302000-7f78ce304000 r--s 00000000 08:06 1101681                    /home/jan/.fontconfig/fdd828a2a2357ac8b98d53d4cb73097a-le64.cache-3
7f78ce304000-7f78ce30b000 r--s 00000000 08:06 1101680                    /home/jan/.fontconfig/c58ff9086ba60478c195bf0f61b530df-le64.cache-3
7f78ce30b000-7f78ce315000 r--s 00000000 08:06 1101674                    /home/jan/.fontconfig/a0bf83b7801ad605140a17cf4b414547-le64.cache-3
7f78ce315000-7f78ce31b000 r--s 00000000 08:06 1101679                    /home/jan/.fontconfig/7d1d196625a4c3b5318df9a7bec9bc41-le64.cache-3
7f78ce31b000-7f78ce31d000 r--s 00000000 08:06 1101678                    /home/jan/.fontconfig/790146cae801f5c845d56d242e982308-le64.cache-3
7f78ce31d000-7f78ce322000 r--s 00000000 08:06 1101677                    /home/jan/.fontconfig/2c10c25a20897452413a494958b84a05-le64.cache-3
7f78ce322000-7f78ce324000 r--s 00000000 08:06 1101676                    /home/jan/.fontconfig/01b316c23635a1c7ad41860d9ab7ba59-le64.cache-3
7f78ce324000-7f78ce326000 r--s 00000000 08:06 1101675                    /home/jan/.fontconfig/e252e6067bf5dc9e40fb95b17b621584-le64.cache-3
7f78ce326000-7f78ce335000 r--s 00000000 08:06 1101673                    /home/jan/.fontconfig/51d0fb7e55acffd31d6a8c7c8c7f60fb-le64.cache-3
7f78ce335000-7f78ce33a000 r--s 00000000 08:06 1101672                    /home/jan/.fontconfig/6302c9f5be1e12898d22d23c35392af9-le64.cache-3
7f78ce33a000-7f78ce33c000 r--s 00000000 08:06 1101671                    /home/jan/.fontconfig/954bf4103e945093a32831c95ead4df7-le64.cache-3
7f78ce33c000-7f78ce33e000 r--s 00000000 08:06 1101670                    /home/jan/.fontconfig/6c2573209480b8f33065f885e21aa27e-le64.cache-3
7f78ce33e000-7f78ce340000 r--s 00000000 08:06 1101669                    /home/jan/.fontconfig/2ce2f901d9e1b21e31b84cb10642e71d-le64.cache-3
7f78ce340000-7f78ce343000 r--s 00000000 08:06 1101668                    /home/jan/.fontconfig/e1de9b0e4af91a7731cd98de6ce2d572-le64.cache-3
7f78ce343000-7f78ce34d000 r--s 00000000 08:06 1101667                    /home/jan/.fontconfig/2bcd93200fc0f5d4f6eeced75af2d533-le64.cache-3
7f78ce34d000-7f78ce350000 r--s 00000000 08:06 1101666                    /home/jan/.fontconfig/8adc0da6e22e3e72a145efb7377d06bd-le64.cache-3
7f78ce350000-7f78ce361000 r--s 00000000 08:06 1101665                    /home/jan/.fontconfig/edd89c71be7950017624cf56be471bae-le64.cache-3
7f78ce361000-7f78ce36d000 r--s 00000000 08:06 1101664                    /home/jan/.fontconfig/39d620b8dfbf4bd2ea5f64f511994d5f-le64.cache-3
7f78ce36e000-7f78ce377000 r-xp 00000000 08:05 787710                     /usr/lib/x86_64-linux-gnu/libXcursor.so.1.0.2
7f78ce377000-7f78ce576000 ---p 00009000 08:05 787710                     /usr/lib/x86_64-linux-gnu/libXcursor.so.1.0.2
7f78ce576000-7f78ce577000 r--p 00008000 08:05 787710                     /usr/lib/x86_64-linux-gnu/libXcursor.so.1.0.2
7f78ce577000-7f78ce578000 rw-p 00009000 08:05 787710                     /usr/lib/x86_64-linux-gnu/libXcursor.so.1.0.2
7f78ce579000-7f78ce585000 r--s 00000000 08:06 1101662                    /home/jan/.fontconfig/eb6d1a21532c7d5178ca66d9443d4aef-le64.cache-3
7f78ce585000-7f78ce589000 r--s 00000000 08:05 409147                     /var/cache/fontconfig/7ef2298fde41cc6eeb7af42e48b7d293-le64.cache-3
7f78ce589000-7f78ce59d000 r--s 00000000 08:05 415953                     /var/cache/fontconfig/865f88548240fee46819705c6468c165-le64.cache-3
7f78ce59d000-7f78ce5a4000 r--s 000fb000 08:05 831009                     /usr/lib/jvm/java-6-openjdk/jre/lib/resources.jar
7f78ce5a4000-7f78ce5b0000 r--s 00000000 08:06 1101662                    /home/jan/.fontconfig/eb6d1a21532c7d5178ca66d9443d4aef-le64.cache-3
7f78ce5b0000-7f78ce5b4000 r--s 00000000 08:05 409147                     /var/cache/fontconfig/7ef2298fde41cc6eeb7af42e48b7d293-le64.cache-3
7f78ce5b4000-7f78ce5c8000 r--s 00000000 08:05 415953                     /var/cache/fontconfig/865f88548240fee46819705c6468c165-le64.cache-3
7f78ce5c8000-7f78ce5cb000 ---p 00000000 00:00 0 
7f78ce5cb000-7f78ce6c9000 rw-p 00000000 00:00 0 
7f78ce6c9000-7f78ce75b000 r-xp 00000000 08:05 785496                     /usr/lib/x86_64-linux-gnu/libfreetype.so.6.6.2
7f78ce75b000-7f78ce95a000 ---p 00092000 08:05 785496                     /usr/lib/x86_64-linux-gnu/libfreetype.so.6.6.2
7f78ce95a000-7f78ce960000 r--p 00091000 08:05 785496                     /usr/lib/x86_64-linux-gnu/libfreetype.so.6.6.2
7f78ce960000-7f78ce961000 rw-p 00097000 08:05 785496                     /usr/lib/x86_64-linux-gnu/libfreetype.so.6.6.2
7f78ce961000-7f78ce99a000 r-xp 00000000 08:05 831037                     /usr/lib/jvm/java-6-openjdk/jre/lib/amd64/libfontmanager.so
7f78ce99a000-7f78ceb9a000 ---p 00039000 08:05 831037                     /usr/lib/jvm/java-6-openjdk/jre/lib/amd64/libfontmanager.so
7f78ceb9a000-7f78ceb9c000 r--p 00039000 08:05 831037                     /usr/lib/jvm/java-6-openjdk/jre/lib/amd64/libfontmanager.so
7f78ceb9c000-7f78ceb9d000 rw-p 0003b000 08:05 831037                     /usr/lib/jvm/java-6-openjdk/jre/lib/amd64/libfontmanager.so
7f78ceb9d000-7f78cebac000 r-xp 00000000 08:05 786739                     /usr/lib/x86_64-linux-gnu/libXi.so.6.1.0
7f78cebac000-7f78cedab000 ---p 0000f000 08:05 786739                     /usr/lib/x86_64-linux-gnu/libXi.so.6.1.0
7f78cedab000-7f78cedac000 r--p 0000e000 08:05 786739                     /usr/lib/x86_64-linux-gnu/libXi.so.6.1.0
7f78cedac000-7f78cedad000 rw-p 0000f000 08:05 786739                     /usr/lib/x86_64-linux-gnu/libXi.so.6.1.0
7f78cedad000-7f78cedb2000 r-xp 00000000 08:05 787919                     /usr/lib/libXtst.so.6.1.0
7f78cedb2000-7f78cefb1000 ---p 00005000 08:05 787919                     /usr/lib/libXtst.so.6.1.0
7f78cefb1000-7f78cefb2000 r--p 00004000 08:05 787919                     /usr/lib/libXtst.so.6.1.0
7f78cefb2000-7f78cefb3000 rw-p 00005000 08:05 787919                     /usr/lib/libXtst.so.6.1.0
7f78cefb3000-7f78cefbc000 r-xp 00000000 08:05 787047                     /usr/lib/x86_64-linux-gnu/libXrender.so.1.3.0
7f78cefbc000-7f78cf1bc000 ---p 00009000 08:05 787047                     /usr/lib/x86_64-linux-gnu/libXrender.so.1.3.0
7f78cf1bc000-7f78cf1bd000 r--p 00009000 08:05 787047                     /usr/lib/x86_64-linux-gnu/libXrender.so.1.3.0
7f78cf1bd000-7f78cf1be000 rw-p 0000a000 08:05 787047                     /usr/lib/x86_64-linux-gnu/libXrender.so.1.3.0
7f78cf1be000-7f78cf209000 r-xp 00000000 08:05 787706                     /usr/lib/jvm/java-6-openjdk/jre/lib/amd64/xawt/libmawt.so
7f78cf209000-7f78cf409000 ---p 0004b000 08:05 787706                     /usr/lib/jvm/java-6-openjdk/jre/lib/amd64/xawt/libmawt.so
7f78cf409000-7f78cf40a000 r--p 0004b000 08:05 787706                     /usr/lib/jvm/java-6-openjdk/jre/lib/amd64/xawt/libmawt.so
7f78cf40a000-7f78cf40d000 rw-p 0004c000 08:05 787706                     /usr/lib/jvm/java-6-openjdk/jre/lib/amd64/xawt/libmawt.so
7f78cf40d000-7f78cf40e000 rw-p 00000000 00:00 0 
7f78cf40e000-7f78cf4ba000 r-xp 00000000 08:05 831046                     /usr/lib/jvm/java-6-openjdk/jre/lib/amd64/libawt.so
7f78cf4ba000-7f78cf6b9000 ---p 000ac000 08:05 831046                     /usr/lib/jvm/java-6-openjdk/jre/lib/amd64/libawt.so
7f78cf6b9000-7f78cf6ba000 r--p 000ab000 08:05 831046                     /usr/lib/jvm/java-6-openjdk/jre/lib/amd64/libawt.so
7f78cf6ba000-7f78cf6c5000 rw-p 000ac000 08:05 831046                     /usr/lib/jvm/java-6-openjdk/jre/lib/amd64/libawt.so
7f78cf6c5000-7f78cf6ea000 rw-p 00000000 00:00 0 
7f78cf6ea000-7f78cf6ef000 r-xp 00000000 08:05 787913                     /usr/lib/x86_64-linux-gnu/libXdmcp.so.6.0.0
7f78cf6ef000-7f78cf8ee000 ---p 00005000 08:05 787913                     /usr/lib/x86_64-linux-gnu/libXdmcp.so.6.0.0
7f78cf8ee000-7f78cf8ef000 r--p 00004000 08:05 787913                     /usr/lib/x86_64-linux-gnu/libXdmcp.so.6.0.0
7f78cf8ef000-7f78cf8f0000 rw-p 00005000 08:05 787913                     /usr/lib/x86_64-linux-gnu/libXdmcp.so.6.0.0
7f78cf8f0000-7f78cf8f2000 r-xp 00000000 08:05 787911                     /usr/lib/x86_64-linux-gnu/libXau.so.6.0.0
7f78cf8f2000-7f78cfaf1000 ---p 00002000 08:05 787911                     /usr/lib/x86_64-linux-gnu/libXau.so.6.0.0
7f78cfaf1000-7f78cfaf2000 r--p 00001000 08:05 787911                     /usr/lib/x86_64-linux-gnu/libXau.so.6.0.0
7f78cfaf2000-7f78cfaf3000 rw-p 00002000 08:05 787911                     /usr/lib/x86_64-linux-gnu/libXau.so.6.0.0
7f78cfaf3000-7f78cfb05000 r-xp 00000000 08:05 787917                     /usr/lib/x86_64-linux-gnu/libXext.so.6.4.0
7f78cfb05000-7f78cfd04000 ---p 00012000 08:05 787917                     /usr/lib/x86_64-linux-gnu/libXext.so.6.4.0
7f78cfd04000-7f78cfd05000 r--p 00011000 08:05 787917                     /usr/lib/x86_64-linux-gnu/libXext.so.6.4.0
7f78cfd05000-7f78cfd06000 rw-p 00012000 08:05 787917                     /usr/lib/x86_64-linux-gnu/libXext.so.6.4.0
7f78cfd06000-7f78cfd21000 r-xp 00000000 08:05 787915                     /usr/lib/x86_64-linux-gnu/libxcb.so.1.1.0
7f78cfd21000-7f78cff20000 ---p 0001b000 08:05 787915                     /usr/lib/x86_64-linux-gnu/libxcb.so.1.1.0
7f78cff20000-7f78cff21000 r--p 0001a000 08:05 787915                     /usr/lib/x86_64-linux-gnu/libxcb.so.1.1.0
7f78cff21000-7f78cff22000 rw-p 0001b000 08:05 787915                     /usr/lib/x86_64-linux-gnu/libxcb.so.1.1.0
7f78cff22000-7f78cff24000 r-xp 00000000 08:05 788461                     /usr/lib/x86_64-linux-gnu/libXinerama.so.1.0.0
7f78cff24000-7f78d0123000 ---p 00002000 08:05 788461                     /usr/lib/x86_64-linux-gnu/libXinerama.so.1.0.0
7f78d0123000-7f78d0124000 r--p 00001000 08:05 788461                     /usr/lib/x86_64-linux-gnu/libXinerama.so.1.0.0
7f78d0124000-7f78d0125000 rw-p 00002000 08:05 788461                     /usr/lib/x86_64-linux-gnu/libXinerama.so.1.0.0
7f78d0125000-7f78d012a000 r-xp 00000000 08:05 788230                     /usr/lib/x86_64-linux-gnu/libXxf86vm.so.1.0.0
7f78d012a000-7f78d0329000 ---p 00005000 08:05 788230                     /usr/lib/x86_64-linux-gnu/libXxf86vm.so.1.0.0
7f78d0329000-7f78d032a000 r--p 00004000 08:05 788230                     /usr/lib/x86_64-linux-gnu/libXxf86vm.so.1.0.0
7f78d032a000-7f78d032b000 rw-p 00005000 08:05 788230                     /usr/lib/x86_64-linux-gnu/libXxf86vm.so.1.0.0
7f78d032b000-7f78d045e000 r-xp 00000000 08:05 785324                     /usr/lib/x86_64-linux-gnu/libX11.so.6.3.0
7f78d045e000-7f78d065e000 ---p 00133000 08:05 785324                     /usr/lib/x86_64-linux-gnu/libX11.so.6.3.0
7f78d065e000-7f78d065f000 r--p 00133000 08:05 785324                     /usr/lib/x86_64-linux-gnu/libX11.so.6.3.0
7f78d065f000-7f78d0663000 rw-p 00134000 08:05 785324                     /usr/lib/x86_64-linux-gnu/libX11.so.6.3.0
7f78d0664000-7f78d0670000 r--s 00000000 08:06 1101662                    /home/jan/.fontconfig/eb6d1a21532c7d5178ca66d9443d4aef-le64.cache-3
7f78d0670000-7f78d0674000 r--s 00000000 08:05 409147                     /var/cache/fontconfig/7ef2298fde41cc6eeb7af42e48b7d293-le64.cache-3
7f78d0674000-7f78d0688000 r--s 00000000 08:05 415953                     /var/cache/fontconfig/865f88548240fee46819705c6468c165-le64.cache-3
7f78d0688000-7f78d068d000 r-xp 00000000 08:06 267447                     /home/jan/development/projects/YogularmInfinite/desktop/lib/jogl/linux-amd64/libnativewindow_x11.so
7f78d068d000-7f78d088c000 ---p 00005000 08:06 267447                     /home/jan/development/projects/YogularmInfinite/desktop/lib/jogl/linux-amd64/libnativewindow_x11.so
7f78d088c000-7f78d088d000 r--p 00004000 08:06 267447                     /home/jan/development/projects/YogularmInfinite/desktop/lib/jogl/linux-amd64/libnativewindow_x11.so
7f78d088d000-7f78d088e000 rw-p 00005000 08:06 267447                     /home/jan/development/projects/YogularmInfinite/desktop/lib/jogl/linux-amd64/libnativewindow_x11.so
7f78d088e000-7f78d088f000 r-xp 00000000 08:06 267442                     /home/jan/development/projects/YogularmInfinite/desktop/lib/jogl/linux-amd64/libgluegen-rt.so
7f78d088f000-7f78d0a8f000 ---p 00001000 08:06 267442                     /home/jan/development/projects/YogularmInfinite/desktop/lib/jogl/linux-amd64/libgluegen-rt.so
7f78d0a8f000-7f78d0a90000 r--p 00001000 08:06 267442                     /home/jan/development/projects/YogularmInfinite/desktop/lib/jogl/linux-amd64/libgluegen-rt.so
7f78d0a90000-7f78d0a91000 rw-p 00002000 08:06 267442                     /home/jan/development/projects/YogularmInfinite/desktop/lib/jogl/linux-amd64/libgluegen-rt.so
7f78d0a91000-7f78d0a94000 r--s 00018000 08:06 267422                     /home/jan/development/projects/YogularmInfinite/desktop/lib/jogl/jar/gluegen-rt.jar
7f78d0a94000-7f78d0a98000 r--s 00028000 08:06 267440                     /home/jan/development/projects/YogularmInfinite/desktop/lib/jogl/jar/newt.all.jar
7f78d0a98000-7f78d0a9c000 r--s 0001c000 08:06 267434                     /home/jan/development/projects/YogularmInfinite/desktop/lib/jogl/jar/nativewindow.all.jar
7f78d0a9c000-7f78d0a9d000 ---p 00000000 00:00 0 
7f78d0a9d000-7f78d0b9d000 rw-p 00000000 00:00 0 
7f78d0b9d000-7f78d0ba0000 ---p 00000000 00:00 0 
7f78d0ba0000-7f78d0c9e000 rw-p 00000000 00:00 0 
7f78d0c9e000-7f78d0ca1000 ---p 00000000 00:00 0 
7f78d0ca1000-7f78d0d9f000 rw-p 00000000 00:00 0 
7f78d0d9f000-7f78d0da2000 ---p 00000000 00:00 0 
7f78d0da2000-7f78d0ea0000 rw-p 00000000 00:00 0 
7f78d0ea0000-7f78d0ea3000 ---p 00000000 00:00 0 
7f78d0ea3000-7f78d0fa1000 rw-p 00000000 00:00 0 
7f78d0fa1000-7f78d0fa4000 ---p 00000000 00:00 0 
7f78d0fa4000-7f78d10a2000 rw-p 00000000 00:00 0 
7f78d10a2000-7f78d10a5000 ---p 00000000 00:00 0 
7f78d10a5000-7f78d11a3000 rw-p 00000000 00:00 0 
7f78d11a3000-7f78d11a7000 r-xp 00000000 08:05 831018                     /usr/lib/jvm/java-6-openjdk/jre/lib/amd64/libdt_socket.so
7f78d11a7000-7f78d13a6000 ---p 00004000 08:05 831018                     /usr/lib/jvm/java-6-openjdk/jre/lib/amd64/libdt_socket.so
7f78d13a6000-7f78d13a7000 r--p 00003000 08:05 831018                     /usr/lib/jvm/java-6-openjdk/jre/lib/amd64/libdt_socket.so
7f78d13a7000-7f78d13a8000 rw-p 00004000 08:05 831018                     /usr/lib/jvm/java-6-openjdk/jre/lib/amd64/libdt_socket.so
7f78d13a8000-7f78d13ab000 ---p 00000000 00:00 0 
7f78d13ab000-7f78d14a9000 rw-p 00000000 00:00 0 
7f78d14a9000-7f78d14ac000 ---p 00000000 00:00 0 
7f78d14ac000-7f78d15aa000 rw-p 00000000 00:00 0 
7f78d15aa000-7f78d15ad000 ---p 00000000 00:00 0 
7f78d15ad000-7f78d16ab000 rw-p 00000000 00:00 0 
7f78d16ab000-7f78d16ac000 ---p 00000000 00:00 0 
7f78d16ac000-7f78d1ae2000 rw-p 00000000 00:00 0 
7f78d1ae2000-7f78d1c72000 r--s 037ba000 08:05 831054                     /usr/lib/jvm/java-6-openjdk/jre/lib/rt.jar
7f78d1c72000-7f78d1c9a000 rw-p 00000000 00:00 0 
7f78d1c9a000-7f78d1c9b000 ---p 00000000 00:00 0 
7f78d1c9b000-7f78d1d9b000 rw-p 00000000 00:00 0 
7f78d1d9b000-7f78d1d9c000 ---p 00000000 00:00 0 
7f78d1d9c000-7f78d1ea9000 rw-p 00000000 00:00 0 
7f78d1ea9000-7f78d1eef000 rw-p 00000000 00:00 0 
7f78d1eef000-7f78d1f0f000 rw-p 00000000 00:00 0 
7f78d1f0f000-7f78d20e2000 rw-p 00000000 00:00 0 
7f78d20e2000-7f78d20ef000 rw-p 00000000 00:00 0 
7f78d20ef000-7f78d2135000 rw-p 00000000 00:00 0 
7f78d2135000-7f78d2155000 rw-p 00000000 00:00 0 
7f78d2155000-7f78d2327000 rw-p 00000000 00:00 0 
7f78d2327000-7f78d232e000 rw-p 00000000 00:00 0 
7f78d232e000-7f78d233a000 ---p 00000000 00:00 0 
7f78d233a000-7f78d2421000 rw-p 00000000 00:00 0 
7f78d2421000-7f78d2422000 rw-p 00000000 00:00 0 
7f78d2422000-7f78d2692000 rwxp 00000000 00:00 0 
7f78d2692000-7f78d5422000 rw-p 00000000 00:00 0 
7f78d5422000-7f78d5429000 r-xp 00000000 08:05 831041                     /usr/lib/jvm/java-6-openjdk/jre/lib/amd64/libzip.so
7f78d5429000-7f78d5628000 ---p 00007000 08:05 831041                     /usr/lib/jvm/java-6-openjdk/jre/lib/amd64/libzip.so
7f78d5628000-7f78d5629000 r--p 00006000 08:05 831041                     /usr/lib/jvm/java-6-openjdk/jre/lib/amd64/libzip.so
7f78d5629000-7f78d562a000 rw-p 00007000 08:05 831041                     /usr/lib/jvm/java-6-openjdk/jre/lib/amd64/libzip.so
7f78d562a000-7f78d5636000 r-xp 00000000 08:05 651983                     /lib/x86_64-linux-gnu/libnss_files-2.13.so
7f78d5636000-7f78d5835000 ---p 0000c000 08:05 651983                     /lib/x86_64-linux-gnu/libnss_files-2.13.so
7f78d5835000-7f78d5836000 r--p 0000b000 08:05 651983                     /lib/x86_64-linux-gnu/libnss_files-2.13.so
7f78d5836000-7f78d5837000 rw-p 0000c000 08:05 651983                     /lib/x86_64-linux-gnu/libnss_files-2.13.so
7f78d5837000-7f78d5841000 r-xp 00000000 08:05 651985                     /lib/x86_64-linux-gnu/libnss_nis-2.13.so
7f78d5841000-7f78d5a41000 ---p 0000a000 08:05 651985                     /lib/x86_64-linux-gnu/libnss_nis-2.13.so
7f78d5a41000-7f78d5a42000 r--p 0000a000 08:05 651985                     /lib/x86_64-linux-gnu/libnss_nis-2.13.so
7f78d5a42000-7f78d5a43000 rw-p 0000b000 08:05 651985                     /lib/x86_64-linux-gnu/libnss_nis-2.13.so
7f78d5a43000-7f78d5a5a000 r-xp 00000000 08:05 651980                     /lib/x86_64-linux-gnu/libnsl-2.13.so
7f78d5a5a000-7f78d5c59000 ---p 00017000 08:05 651980                     /lib/x86_64-linux-gnu/libnsl-2.13.so
7f78d5c59000-7f78d5c5a000 r--p 00016000 08:05 651980                     /lib/x86_64-linux-gnu/libnsl-2.13.so
7f78d5c5a000-7f78d5c5b000 rw-p 00017000 08:05 651980                     /lib/x86_64-linux-gnu/libnsl-2.13.so
7f78d5c5b000-7f78d5c5d000 rw-p 00000000 00:00 0 
7f78d5c5d000-7f78d5c65000 r-xp 00000000 08:05 651981                     /lib/x86_64-linux-gnu/libnss_compat-2.13.so
7f78d5c65000-7f78d5e64000 ---p 00008000 08:05 651981                     /lib/x86_64-linux-gnu/libnss_compat-2.13.so
7f78d5e64000-7f78d5e65000 r--p 00007000 08:05 651981                     /lib/x86_64-linux-gnu/libnss_compat-2.13.so
7f78d5e65000-7f78d5e66000 rw-p 00008000 08:05 651981                     /lib/x86_64-linux-gnu/libnss_compat-2.13.so
7f78d5e66000-7f78d650f000 r--p 00000000 08:05 790710                     /usr/lib/locale/locale-archive
7f78d650f000-7f78d6512000 r-xp 00000000 08:05 831033                     /usr/lib/jvm/java-6-openjdk/jre/lib/amd64/libnpt.so
7f78d6512000-7f78d6711000 ---p 00003000 08:05 831033                     /usr/lib/jvm/java-6-openjdk/jre/lib/amd64/libnpt.so
7f78d6711000-7f78d6712000 r--p 00002000 08:05 831033                     /usr/lib/jvm/java-6-openjdk/jre/lib/amd64/libnpt.so
7f78d6712000-7f78d6713000 rw-p 00003000 08:05 831033                     /usr/lib/jvm/java-6-openjdk/jre/lib/amd64/libnpt.so
7f78d6713000-7f78d674d000 r-xp 00000000 08:05 831032                     /usr/lib/jvm/java-6-openjdk/jre/lib/amd64/libjdwp.so
7f78d674d000-7f78d694c000 ---p 0003a000 08:05 831032                     /usr/lib/jvm/java-6-openjdk/jre/lib/amd64/libjdwp.so
7f78d694c000-7f78d694d000 r--p 00039000 08:05 831032                     /usr/lib/jvm/java-6-openjdk/jre/lib/amd64/libjdwp.so
7f78d694d000-7f78d694e000 rw-p 0003a000 08:05 831032                     /usr/lib/jvm/java-6-openjdk/jre/lib/amd64/libjdwp.so
7f78d694e000-7f78d697a000 r-xp 00000000 08:05 831040                     /usr/lib/jvm/java-6-openjdk/jre/lib/amd64/libjava.so
7f78d697a000-7f78d6b79000 ---p 0002c000 08:05 831040                     /usr/lib/jvm/java-6-openjdk/jre/lib/amd64/libjava.so
7f78d6b79000-7f78d6b7a000 r--p 0002b000 08:05 831040                     /usr/lib/jvm/java-6-openjdk/jre/lib/amd64/libjava.so
7f78d6b7a000-7f78d6b7d000 rw-p 0002c000 08:05 831040                     /usr/lib/jvm/java-6-openjdk/jre/lib/amd64/libjava.so
7f78d6b7d000-7f78d6b8b000 r-xp 00000000 08:05 831026                     /usr/lib/jvm/java-6-openjdk/jre/lib/amd64/libverify.so
7f78d6b8b000-7f78d6d8a000 ---p 0000e000 08:05 831026                     /usr/lib/jvm/java-6-openjdk/jre/lib/amd64/libverify.so
7f78d6d8a000-7f78d6d8c000 r--p 0000d000 08:05 831026                     /usr/lib/jvm/java-6-openjdk/jre/lib/amd64/libverify.so
7f78d6d8c000-7f78d6d8d000 rw-p 0000f000 08:05 831026                     /usr/lib/jvm/java-6-openjdk/jre/lib/amd64/libverify.so
7f78d6d8d000-7f78d6d94000 r-xp 00000000 08:05 651990                     /lib/x86_64-linux-gnu/librt-2.13.so
7f78d6d94000-7f78d6f93000 ---p 00007000 08:05 651990                     /lib/x86_64-linux-gnu/librt-2.13.so
7f78d6f93000-7f78d6f94000 r--p 00006000 08:05 651990                     /lib/x86_64-linux-gnu/librt-2.13.so
7f78d6f94000-7f78d6f95000 rw-p 00007000 08:05 651990                     /lib/x86_64-linux-gnu/librt-2.13.so
7f78d6f95000-7f78d6faa000 r-xp 00000000 08:05 655924                     /lib/x86_64-linux-gnu/libgcc_s.so.1
7f78d6faa000-7f78d71a9000 ---p 00015000 08:05 655924                     /lib/x86_64-linux-gnu/libgcc_s.so.1
7f78d71a9000-7f78d71aa000 r--p 00014000 08:05 655924                     /lib/x86_64-linux-gnu/libgcc_s.so.1
7f78d71aa000-7f78d71ab000 rw-p 00015000 08:05 655924                     /lib/x86_64-linux-gnu/libgcc_s.so.1
7f78d71ab000-7f78d722e000 r-xp 00000000 08:05 651978                     /lib/x86_64-linux-gnu/libm-2.13.so
7f78d722e000-7f78d742d000 ---p 00083000 08:05 651978                     /lib/x86_64-linux-gnu/libm-2.13.so
7f78d742d000-7f78d742e000 r--p 00082000 08:05 651978                     /lib/x86_64-linux-gnu/libm-2.13.so
7f78d742e000-7f78d742f000 rw-p 00083000 08:05 651978                     /lib/x86_64-linux-gnu/libm-2.13.so
7f78d742f000-7f78d7517000 r-xp 00000000 08:05 784919                     /usr/lib/x86_64-linux-gnu/libstdc++.so.6.0.16
7f78d7517000-7f78d7717000 ---p 000e8000 08:05 784919                     /usr/lib/x86_64-linux-gnu/libstdc++.so.6.0.16
7f78d7717000-7f78d771f000 r--p 000e8000 08:05 784919                     /usr/lib/x86_64-linux-gnu/libstdc++.so.6.0.16
7f78d771f000-7f78d7721000 rw-p 000f0000 08:05 784919                     /usr/lib/x86_64-linux-gnu/libstdc++.so.6.0.16
7f78d7721000-7f78d7736000 rw-p 00000000 00:00 0 
7f78d7736000-7f78d8039000 r-xp 00000000 08:05 831043                     /usr/lib/jvm/java-6-openjdk/jre/lib/amd64/server/libjvm.so
7f78d8039000-7f78d8238000 ---p 00903000 08:05 831043                     /usr/lib/jvm/java-6-openjdk/jre/lib/amd64/server/libjvm.so
7f78d8238000-7f78d82b9000 r--p 00902000 08:05 831043                     /usr/lib/jvm/java-6-openjdk/jre/lib/amd64/server/libjvm.so
7f78d82b9000-7f78d82d4000 rw-p 00983000 08:05 831043                     /usr/lib/jvm/java-6-openjdk/jre/lib/amd64/server/libjvm.so
7f78d82d4000-7f78d82fd000 rw-p 00000000 00:00 0 
7f78d82fd000-7f78d8314000 r-xp 00000000 08:05 656017                     /lib/x86_64-linux-gnu/libz.so.1.2.3.4
7f78d8314000-7f78d8513000 ---p 00017000 08:05 656017                     /lib/x86_64-linux-gnu/libz.so.1.2.3.4
7f78d8513000-7f78d8514000 r--p 00016000 08:05 656017                     /lib/x86_64-linux-gnu/libz.so.1.2.3.4
7f78d8514000-7f78d8515000 rw-p 00017000 08:05 656017                     /lib/x86_64-linux-gnu/libz.so.1.2.3.4
7f78d8515000-7f78d86ac000 r-xp 00000000 08:05 651974                     /lib/x86_64-linux-gnu/libc-2.13.so
7f78d86ac000-7f78d88ab000 ---p 00197000 08:05 651974                     /lib/x86_64-linux-gnu/libc-2.13.so
7f78d88ab000-7f78d88af000 r--p 00196000 08:05 651974                     /lib/x86_64-linux-gnu/libc-2.13.so
7f78d88af000-7f78d88b0000 rw-p 0019a000 08:05 651974                     /lib/x86_64-linux-gnu/libc-2.13.so
7f78d88b0000-7f78d88b6000 rw-p 00000000 00:00 0 
7f78d88b6000-7f78d88b8000 r-xp 00000000 08:05 651977                     /lib/x86_64-linux-gnu/libdl-2.13.so
7f78d88b8000-7f78d8ab8000 ---p 00002000 08:05 651977                     /lib/x86_64-linux-gnu/libdl-2.13.so
7f78d8ab8000-7f78d8ab9000 r--p 00002000 08:05 651977                     /lib/x86_64-linux-gnu/libdl-2.13.so
7f78d8ab9000-7f78d8aba000 rw-p 00003000 08:05 651977                     /lib/x86_64-linux-gnu/libdl-2.13.so
7f78d8aba000-7f78d8abe000 r-xp 00000000 08:05 831024                     /usr/lib/jvm/java-6-openjdk/jre/lib/amd64/jli/libjli.so
7f78d8abe000-7f78d8cbd000 ---p 00004000 08:05 831024                     /usr/lib/jvm/java-6-openjdk/jre/lib/amd64/jli/libjli.so
7f78d8cbd000-7f78d8cbe000 r--p 00003000 08:05 831024                     /usr/lib/jvm/java-6-openjdk/jre/lib/amd64/jli/libjli.so
7f78d8cbe000-7f78d8cbf000 rw-p 00004000 08:05 831024                     /usr/lib/jvm/java-6-openjdk/jre/lib/amd64/jli/libjli.so
7f78d8cbf000-7f78d8cd7000 r-xp 00000000 08:05 651988                     /lib/x86_64-linux-gnu/libpthread-2.13.so
7f78d8cd7000-7f78d8ed6000 ---p 00018000 08:05 651988                     /lib/x86_64-linux-gnu/libpthread-2.13.so
7f78d8ed6000-7f78d8ed7000 r--p 00017000 08:05 651988                     /lib/x86_64-linux-gnu/libpthread-2.13.so
7f78d8ed7000-7f78d8ed8000 rw-p 00018000 08:05 651988                     /lib/x86_64-linux-gnu/libpthread-2.13.so
7f78d8ed8000-7f78d8edc000 rw-p 00000000 00:00 0 
7f78d8edc000-7f78d8efd000 r-xp 00000000 08:05 651969                     /lib/x86_64-linux-gnu/ld-2.13.so
7f78d8efd000-7f78d8efe000 rw-s fd060000 00:05 8138                       /dev/nvidia0
7f78d8efe000-7f78d8eff000 r--p 00000000 00:00 0 
7f78d8eff000-7f78d8f02000 r--s 0007d000 08:05 831005                     /usr/lib/jvm/java-6-openjdk/jre/lib/jsse.jar
7f78d8f02000-7f78d8f0f000 r--s 00242000 08:06 267428                     /home/jan/development/projects/YogularmInfinite/desktop/lib/jogl/jar/jogl.all.jar
7f78d8f0f000-7f78d8f19000 rw-p 00000000 00:00 0 
7f78d8f19000-7f78d8fcf000 rw-p 00000000 00:00 0 
7f78d8fcf000-7f78d8fd2000 ---p 00000000 00:00 0 
7f78d8fd2000-7f78d90d5000 rw-p 00000000 00:00 0 
7f78d90d5000-7f78d90d6000 r--s 00000000 08:05 396779                     /var/cache/fontconfig/4794a0821666d79190d59a36cb4f44b5-le64.cache-3
7f78d90d6000-7f78d90d7000 r--s 00000000 08:05 396779                     /var/cache/fontconfig/4794a0821666d79190d59a36cb4f44b5-le64.cache-3
7f78d90d7000-7f78d90db000 r--s 00028000 08:06 917705                     /home/jan/development/projects/YogularmInfinite/common/lib/gson/gson-2.1.jar
7f78d90db000-7f78d90dd000 r--s 00007000 08:05 931157                     /usr/share/java/hamcrest-core-1.1.jar
7f78d90dd000-7f78d90df000 r--s 00007000 08:05 931157                     /usr/share/java/hamcrest-core-1.1.jar
7f78d90df000-7f78d90e6000 r--s 00030000 08:05 931165                     /usr/share/java/junit4-4.8.2.jar
7f78d90e6000-7f78d90e8000 r--s 0000f000 08:05 830994                     /usr/lib/jvm/java-6-openjdk/jre/lib/ext/pulse-java.jar
7f78d90e8000-7f78d90f0000 r--s 00066000 08:05 930814                     /usr/share/java/gnome-java-bridge.jar
7f78d90f0000-7f78d90f8000 rw-s 00000000 08:05 669173                     /tmp/hsperfdata_jan/17169
7f78d90f8000-7f78d90f9000 rw-p 00000000 00:00 0 
7f78d90f9000-7f78d90fa000 r--p 00000000 00:00 0 
7f78d90fa000-7f78d90fc000 rw-p 00000000 00:00 0 
7f78d90fc000-7f78d90fd000 r--p 00020000 08:05 651969                     /lib/x86_64-linux-gnu/ld-2.13.so
7f78d90fd000-7f78d90ff000 rw-p 00021000 08:05 651969                     /lib/x86_64-linux-gnu/ld-2.13.so
7fff1b5ea000-7fff1b60b000 rw-p 00000000 00:00 0                          [stack]
7fff1b60f000-7fff1b610000 r-xp 00000000 00:00 0                          [vdso]
ffffffffff600000-ffffffffff601000 r-xp 00000000 00:00 0                  [vsyscall]

VM Arguments:
jvm_args: -agentlib:jdwp=transport=dt_socket,suspend=y,address=localhost:36312 -Djava.library.path=/home/jan/development/projects/YogularmInfinite/desktop/lib/jogl/windows-amd64:/home/jan/development/projects/YogularmInfinite/desktop/lib/jogl/linux-amd64 -Dfile.encoding=UTF-8 
java_command: de.yogularm.desktop.SwingLauncher
Launcher Type: SUN_STANDARD

Environment Variables:
JAVA_HOME=/usr/lib/jvm/java-6-openjdk
CLASSPATH=.:/usr/lib/jvm/java-6-openjdk/bin:/usr/share/tomcat7/lib/servlet-api.jar:/usr/share/tomcat7/lib/tomcat-coyote.jar:/usr/share/tomcat7/lib/tomcat-util.jar:/usr/share/tomcat7/bin/tomcat-juli.jar
PATH=/usr/local/sbin:/usr/local/bin:/usr/sbin:/usr/bin:/sbin:/bin:/usr/games
LD_LIBRARY_PATH=/usr/lib/jvm/java-6-openjdk/jre/lib/amd64/server:/usr/lib/jvm/java-6-openjdk/jre/lib/amd64:/usr/lib/jvm/java-6-openjdk/jre/../lib/amd64
SHELL=/bin/bash
DISPLAY=:0

Signal Handlers:
SIGSEGV: [libjvm.so+0x783e60], sa_mask[0]=0x7ffbfeff, sa_flags=0x10000004
SIGBUS: [libjvm.so+0x783e60], sa_mask[0]=0x7ffbfeff, sa_flags=0x10000004
SIGFPE: [libjvm.so+0x6485c0], sa_mask[0]=0x7ffbfeff, sa_flags=0x10000004
SIGPIPE: [libjvm.so+0x6485c0], sa_mask[0]=0x7ffbfeff, sa_flags=0x10000004
SIGXFSZ: [libjvm.so+0x6485c0], sa_mask[0]=0x7ffbfeff, sa_flags=0x10000004
SIGILL: [libjvm.so+0x6485c0], sa_mask[0]=0x7ffbfeff, sa_flags=0x10000004
SIGUSR1: SIG_DFL, sa_mask[0]=0x00000000, sa_flags=0x00000000
SIGUSR2: [libjvm.so+0x648770], sa_mask[0]=0x00000004, sa_flags=0x10000004
SIGHUP: [libjvm.so+0x64b280], sa_mask[0]=0x7ffbfeff, sa_flags=0x10000004
SIGINT: [libjvm.so+0x64b280], sa_mask[0]=0x7ffbfeff, sa_flags=0x10000004
SIGTERM: [libjvm.so+0x64b280], sa_mask[0]=0x7ffbfeff, sa_flags=0x10000004
SIGQUIT: [libjvm.so+0x64b280], sa_mask[0]=0x7ffbfeff, sa_flags=0x10000004


---------------  S Y S T E M  ---------------

OS:Ubuntu 11.10 (oneiric)
uname:Linux 3.0.0-17-generic #30-Ubuntu SMP Thu Mar 8 20:45:39 UTC 2012 x86_64
libc:glibc 2.13 NPTL 2.13 
rlimit: STACK 8192k, CORE 0k, NPROC 47157, NOFILE 4096, AS infinity
load average:0.61 0.24 0.21

/proc/meminfo:
MemTotal:        6125608 kB
MemFree:          568016 kB
Buffers:         1262444 kB
Cached:          1389224 kB
SwapCached:            0 kB
Active:          3451896 kB
Inactive:        1571016 kB
Active(anon):    2372012 kB
Inactive(anon):    47768 kB
Active(file):    1079884 kB
Inactive(file):  1523248 kB
Unevictable:           0 kB
Mlocked:               0 kB
SwapTotal:       8396796 kB
SwapFree:        8396796 kB
Dirty:               252 kB
Writeback:             0 kB
AnonPages:       2371220 kB
Mapped:           283268 kB
Shmem:             48544 kB
Slab:             353244 kB
SReclaimable:     216480 kB
SUnreclaim:       136764 kB
KernelStack:        4328 kB
PageTables:        40292 kB
NFS_Unstable:          0 kB
Bounce:                0 kB
WritebackTmp:          0 kB
CommitLimit:    11459600 kB
Committed_AS:    5170696 kB
VmallocTotal:   34359738367 kB
VmallocUsed:      341552 kB
VmallocChunk:   34359393780 kB
HardwareCorrupted:     0 kB
AnonHugePages:         0 kB
HugePages_Total:       0
HugePages_Free:        0
HugePages_Rsvd:        0
HugePages_Surp:        0
Hugepagesize:       2048 kB
DirectMap4k:      141056 kB
DirectMap2M:     6150144 kB


CPU:total 2 (2 cores per cpu, 1 threads per core) family 15 model 107 stepping 2, cmov, cx8, fxsr, mmx, sse, sse2, sse3, mmxext, 3dnow, 3dnowext

Memory: 4k page, physical 6125608k(568016k free), swap 8396796k(8396796k free)

vm_info: OpenJDK 64-Bit Server VM (20.0-b11) for linux-amd64 JRE (1.6.0_23-b23), built on Feb 23 2012 05:39:46 by "buildd" with gcc 4.6.1

time: Mon Apr  2 00:01:07 2012
elapsed time: 61 seconds

