#
# A fatal error has been detected by the Java Runtime Environment:
#
#  SIGSEGV (0xb) at pc=0x00007f127fd46dfa, pid=9533, tid=139717506127616
#
# JRE version: 6.0_23-b23
# Java VM: OpenJDK 64-Bit Server VM (20.0-b11 mixed mode linux-amd64 compressed oops)
# Derivative: IcedTea6 1.11pre
# Distribution: Ubuntu 11.10, package 6b23~pre11-0ubuntu1.11.10.2
# Problematic frame:
# C  [libGL.so.1+0x7cdfa]  glXCreateWindow+0xb5ea
#
# If you would like to submit a bug report, please include
# instructions how to reproduce the bug and visit:
#   https://bugs.launchpad.net/ubuntu/+source/openjdk-6/
# The crash happened outside the Java Virtual Machine in native code.
# See problematic frame for where to report the bug.
#

---------------  T H R E A D  ---------------

Current thread (0x00007f127825f000):  JavaThread "AWT-EventQueue-0" [_thread_in_native, id=9569, stack(0x00007f1284425000,0x00007f1284526000)]

siginfo:si_signo=SIGSEGV: si_errno=0, si_code=1 (SEGV_MAPERR), si_addr=0x000000004126b000

Registers:
RAX=0x000000004126b000, RBX=0x0000000000000000, RCX=0x0000000000000001, RDX=0x00007f12780d9201
RSP=0x00007f1284523e80, RBP=0x00007f12782e39b8, RSI=0x00007f127ffc43e0, RDI=0x00007f127ffa8020
R8 =0x00007f127ffc51a0, R9 =0x0000000000002561, R10=0x00007f1288db466e, R11=0x0000000000000206
R12=0x00007f127ffa8020, R13=0x00000000027c45d0, R14=0x00007f127fd45250, R15=0x0000000004a00011
RIP=0x00007f127fd46dfa, EFLAGS=0x0000000000010202, CSGSFS=0x0000000000000033, ERR=0x0000000000000004
  TRAPNO=0x000000000000000e

Top of Stack: (sp=0x00007f1284523e80)
0x00007f1284523e80:   00007f127825f000 0000000100000018
0x00007f1284523e90:   0000000004a00011 00007f1284523ea0
0x00007f1284523ea0:   0000000100000001 0000000000000000
0x00007f1284523eb0:   000000000000015a 00007f1286b11d8c
0x00007f1284523ec0:   0000000000000030 00000000a32fd9f0
0x00007f1284523ed0:   00007f1284523f00 00007f1286e5255f
0x00007f1284523ee0:   0000000004a00010 00007f127825f1d0
0x00007f1284523ef0:   0000000184523f30 0000000004a00011
0x00007f1284523f00:   00007f1284523f80 0000000000000000
0x00007f1284523f10:   0000000000000001 00007f1284523fc8
0x00007f1284523f20:   00007f127825f000 00007f127d85f3c1
0x00007f1284523f30:   00007f12782e39b8 0000000004a00011
0x00007f1284523f40:   0000000004a00011 00000000027c45d0
0x00007f1284523f50:   00007f1284523fc8 00007f127825f1d0
0x00007f1284523f60:   00007f127fd386d0 00007f127fd34920
0x00007f1284523f70:   00007f1284523fd0 00000000a32fd9f0
0x00007f1284523f80:   00007f1284523fe0 00007f1288db46e8
0x00007f1284523f90:   00007f127fd386d0 00007f1288dd8dd1
0x00007f1284523fa0:   0000000098610828 00007f1288d8ed1c
0x00007f1284523fb0:   00000001a283dc60 00000000a283dc60
0x00007f1284523fc0:   0000000400000001 0000000098ca9678
0x00007f1284523fd0:   0000000000000001 00007f12a32fe2e0
0x00007f1284523fe0:   00000000982392d0 00007f1288dfef9c
0x00007f1284523ff0:   00000000a32fda18 00007f1200000000
0x00007f1284524000:   00000000a32fda18 00000000027c45d0
0x00007f1284524010:   00000000a32fdf68 00000000a32fdfd8
0x00007f1284524020:   0000000000000003 00007f12782e39b8
0x00007f1284524030:   00007f127fd386d0 0000000004a00011
0x00007f1284524040:   0000000004a00011 00000000982086d8
0x00007f1284524050:   0000000000000031 00007f127825f000
0x00007f1284524060:   0000000000000003 00007f1288e17d50
0x00007f1284524070:   00000000a32fd9c8 00000000a32fd9f0 

Instructions: (pc=0x00007f127fd46dfa)
0x00007f127fd46dda:   8b 8d 7c 09 00 00 85 c9 0f 95 c2 4d 85 ff 0f 95
0x00007f127fd46dea:   c0 84 c2 74 21 48 8b 85 c0 09 00 00 48 8b 40 40
0x00007f127fd46dfa:   48 8b 00 f7 80 54 f7 03 00 00 00 01 5e 0f 85 92
0x00007f127fd46e0a:   04 00 00 0f 1f 00 4d 85 f6 0f 84 67 01 00 00 31 

Register to memory mapping:

RAX=0x000000004126b000 is an unknown value
RBX=0x0000000000000000 is an unknown value
RCX=0x0000000000000001 is an unknown value
RDX=0x00007f12780d9201 is an unknown value
RSP=0x00007f1284523e80 is pointing into the stack for thread: 0x00007f127825f000
RBP=0x00007f12782e39b8 is an unknown value
RSI=0x00007f127ffc43e0: <offset 0x2fa3e0> in /usr/lib/nvidia-current/libGL.so.1 at 0x00007f127fcca000
RDI=0x00007f127ffa8020: <offset 0x2de020> in /usr/lib/nvidia-current/libGL.so.1 at 0x00007f127fcca000
R8 =0x00007f127ffc51a0: <offset 0x2fb1a0> in /usr/lib/nvidia-current/libGL.so.1 at 0x00007f127fcca000
R9 =0x0000000000002561 is an unknown value
R10=0x00007f1288db4490 [CodeBlob (0x00007f1288db4490)]
Framesize: 12
R11=0x0000000000000206 is an unknown value
R12=0x00007f127ffa8020: <offset 0x2de020> in /usr/lib/nvidia-current/libGL.so.1 at 0x00007f127fcca000
R13=0x00000000027c45d0 is an unknown value
R14=0x00007f127fd45250: <offset 0x7b250> in /usr/lib/nvidia-current/libGL.so.1 at 0x00007f127fcca000
R15=0x0000000004a00011 is an unknown value


Stack: [0x00007f1284425000,0x00007f1284526000],  sp=0x00007f1284523e80,  free space=1019k
Native frames: (J=compiled Java code, j=interpreted, Vv=VM code, C=native code)
C  [libGL.so.1+0x7cdfa]  glXCreateWindow+0xb5ea

Java frames: (J=compiled Java code, j=interpreted, Vv=VM code)
J  jogamp.opengl.x11.glx.GLX.dispatch_glXMakeContextCurrent1(JJJJJ)Z
J  jogamp.opengl.x11.glx.X11GLXContext.makeCurrentImpl(Z)V
J  jogamp.opengl.GLDrawableHelper.invokeGL(Ljavax/media/opengl/GLDrawable;Ljavax/media/opengl/GLContext;Ljava/lang/Runnable;Ljava/lang/Runnable;)V
J  java.awt.EventQueue$1.run()Ljava/lang/Object;
v  ~StubRoutines::call_stub
J  java.security.AccessController.doPrivileged(Ljava/security/PrivilegedAction;Ljava/security/AccessControlContext;)Ljava/lang/Object;
J  java.awt.EventDispatchThread.pumpOneEventForFilters(I)Z
J  java.awt.EventDispatchThread.pumpEventsForFilter(ILjava/awt/Conditional;Ljava/awt/EventFilter;)V
j  java.awt.EventDispatchThread.pumpEventsForHierarchy(ILjava/awt/Conditional;Ljava/awt/Component;)V+11
j  java.awt.EventDispatchThread.pumpEvents(ILjava/awt/Conditional;)V+4
j  java.awt.EventDispatchThread.pumpEvents(Ljava/awt/Conditional;)V+3
j  java.awt.EventDispatchThread.run()V+9
v  ~StubRoutines::call_stub

---------------  P R O C E S S  ---------------

Java Threads: ( => current thread )
  0x0000000002ade000 JavaThread "Thread-1" [_thread_blocked, id=9626, stack(0x00007f127cd2c000,0x00007f127ce2d000)]
  0x00000000024d5000 JavaThread "SIGTERM handler" daemon [_thread_blocked, id=9624, stack(0x00007f1287661000,0x00007f1287762000)]
  0x00007f1278720000 JavaThread "TimerQueue" daemon [_thread_blocked, id=9575, stack(0x00007f127cc2b000,0x00007f127cd2c000)]
  0x00007f12782bd800 JavaThread "DestroyJavaVM" [_thread_blocked, id=9535, stack(0x00007f128f790000,0x00007f128f891000)]
  0x00007f12782bb000 JavaThread "Timer-0" [_thread_blocked, id=9574, stack(0x00007f127ce74000,0x00007f127cf75000)]
=>0x00007f127825f000 JavaThread "AWT-EventQueue-0" [_thread_in_native, id=9569, stack(0x00007f1284425000,0x00007f1284526000)]
  0x00007f1278091800 JavaThread "AWT-Shutdown" [_thread_blocked, id=9568, stack(0x00007f1284526000,0x00007f1284627000)]
  0x00007f12780c1800 JavaThread "main-SharedResourceRunner" daemon [_thread_in_native, id=9567, stack(0x00007f127fbc9000,0x00007f127fcca000)]
  0x00007f1278078800 JavaThread "AWT-XAWT" daemon [_thread_blocked, id=9560, stack(0x00007f1284907000,0x00007f1284a08000)]
  0x0000000002678800 JavaThread "Java2D Disposer" daemon [_thread_blocked, id=9559, stack(0x00007f1284d64000,0x00007f1284e65000)]
  0x00000000024ea800 JavaThread "Low Memory Detector" daemon [_thread_blocked, id=9556, stack(0x00007f128735e000,0x00007f128745f000)]
  0x00000000024e5800 JavaThread "C2 CompilerThread1" daemon [_thread_blocked, id=9555, stack(0x00007f128745f000,0x00007f1287560000)]
  0x00000000024e2000 JavaThread "C2 CompilerThread0" daemon [_thread_blocked, id=9554, stack(0x00007f1287560000,0x00007f1287661000)]
  0x00000000024d2800 JavaThread "JDWP Event Helper Thread" daemon [_thread_blocked, id=9549, stack(0x00007f1287762000,0x00007f1287863000)]
  0x00000000024cf000 JavaThread "JDWP Transport Listener: dt_socket" daemon [_thread_in_native, id=9548, stack(0x00007f1287863000,0x00007f1287964000)]
  0x00000000024c3800 JavaThread "Signal Dispatcher" daemon [_thread_blocked, id=9545, stack(0x00007f1287b69000,0x00007f1287c6a000)]
  0x00000000024a0000 JavaThread "Finalizer" daemon [_thread_blocked, id=9544, stack(0x00007f1287c6a000,0x00007f1287d6b000)]
  0x000000000249e000 JavaThread "Reference Handler" daemon [_thread_blocked, id=9543, stack(0x00007f1287d6b000,0x00007f1287e6c000)]

Other Threads:
  0x0000000002497000 VMThread [stack: 0x00007f1287e6c000,0x00007f1287f6d000] [id=9542]
  0x00000000024ed000 WatcherThread [stack: 0x00007f128725d000,0x00007f128735e000] [id=9557]

VM state:not at safepoint (normal execution)

VM Mutex/Monitor currently owned by a thread: None

Heap
 PSYoungGen      total 26240K, used 15787K [0x00000000e0d60000, 0x00000000e2ed0000, 0x0000000100000000)
  eden space 26176K, 60% used [0x00000000e0d60000,0x00000000e1cbaec8,0x00000000e26f0000)
  from space 64K, 100% used [0x00000000e27a0000,0x00000000e27b0000,0x00000000e27b0000)
  to   space 4032K, 0% used [0x00000000e2ae0000,0x00000000e2ae0000,0x00000000e2ed0000)
 PSOldGen        total 63872K, used 14936K [0x00000000a2800000, 0x00000000a6660000, 0x00000000e0d60000)
  object space 63872K, 23% used [0x00000000a2800000,0x00000000a3696350,0x00000000a6660000)
 PSPermGen       total 26560K, used 23803K [0x0000000098200000, 0x0000000099bf0000, 0x00000000a2800000)
  object space 26560K, 89% used [0x0000000098200000,0x000000009993ecd0,0x0000000099bf0000)

Code Cache  [0x00007f1288be3000, 0x00007f1288e93000, 0x00007f128bbe3000)
 total_blobs=1450 nmethods=652 adapters=760 free_code_cache=47604800 largest_free_block=21760

Dynamic libraries:
00400000-00409000 r-xp 00000000 08:05 821807                             /usr/lib/jvm/java-6-openjdk/jre/bin/java
00608000-00609000 r--p 00008000 08:05 821807                             /usr/lib/jvm/java-6-openjdk/jre/bin/java
00609000-0060a000 rw-p 00009000 08:05 821807                             /usr/lib/jvm/java-6-openjdk/jre/bin/java
02426000-033c8000 rw-p 00000000 00:00 0                                  [heap]
98200000-99bf0000 rw-p 00000000 00:00 0 
99bf0000-a2800000 rw-p 00000000 00:00 0 
a2800000-a6660000 rw-p 00000000 00:00 0 
a6660000-e0d60000 rw-p 00000000 00:00 0 
e0d60000-e2ed0000 rw-p 00000000 00:00 0 
e2ed0000-e46e0000 ---p 00000000 00:00 0 
e46e0000-100000000 rw-p 00000000 00:00 0 
7f1276fd4000-7f1276fef000 r--s 00000000 08:05 9473                       /usr/share/fonts/type1/gsfonts/p052004l.pfb
7f1277054000-7f1277068000 r--s 00000000 08:05 9422                       /usr/share/fonts/type1/gsfonts/n019003l.pfb
7f1277078000-7f1277089000 r--s 00000000 08:05 9392                       /usr/share/fonts/type1/gsfonts/a010035l.pfb
7f12770a4000-7f12770c0000 r--s 00000000 08:05 9479                       /usr/share/fonts/type1/gsfonts/p052024l.pfb
7f1277104000-7f127711d000 r--s 00000000 08:05 9449                       /usr/share/fonts/type1/gsfonts/n021004l.pfb
7f12771f9000-7f1277205000 r--s 00000000 08:05 9419                       /usr/share/fonts/type1/gsfonts/d050000l.pfb
7f127722b000-7f127723c000 r--s 00000000 08:05 9431                       /usr/share/fonts/type1/gsfonts/n019024l.pfb
7f127723c000-7f1277257000 r--s 00000000 08:05 9476                       /usr/share/fonts/type1/gsfonts/p052023l.pfb
7f1277257000-7f127726f000 r--s 00000000 08:05 9416                       /usr/share/fonts/type1/gsfonts/c059036l.pfb
7f127728b000-7f1277295000 r--s 00000000 08:05 920233                     /usr/share/fonts/X11/Type1/c0582bt_.pfb
7f1277295000-7f127729f000 r--s 00000000 08:05 920231                     /usr/share/fonts/X11/Type1/c0419bt_.pfb
7f1277323000-7f127733e000 r--s 00000000 08:05 834803                     /usr/share/texmf/fonts/type1/public/lm/lmsso8.pfb
7f127733e000-7f1277356000 r--s 00000000 08:05 834795                     /usr/share/texmf/fonts/type1/public/lm/lmss9.pfb
7f12773bf000-7f12773da000 r--s 00000000 08:05 834820                     /usr/share/texmf/fonts/type1/public/lm/lmtlc10.pfb
7f127743a000-7f1277459000 r--s 00000000 08:05 834752                     /usr/share/texmf/fonts/type1/public/lm/lmbx6.pfb
7f1277459000-7f1277461000 r--s 00000000 08:05 834767                     /usr/share/texmf/fonts/type1/public/lm/lmmi7.pfb
7f1277468000-7f1277483000 r--s 00000000 08:05 834785                     /usr/share/texmf/fonts/type1/public/lm/lmri9.pfb
7f127750b000-7f127752a000 r--s 00000000 08:05 834830                     /usr/share/texmf/fonts/type1/public/lm/lmvtk10.pfb
7f1277566000-7f1277581000 r--s 00000000 08:05 834802                     /usr/share/texmf/fonts/type1/public/lm/lmsso17.pfb
7f1277599000-7f12775b8000 r--s 00000000 08:05 834806                     /usr/share/texmf/fonts/type1/public/lm/lmssqbo8.pfb
7f12775b8000-7f12775d5000 r--s 00000000 08:05 834807                     /usr/share/texmf/fonts/type1/public/lm/lmssqbx8.pfb
7f12775d5000-7f12775f1000 r--s 00000000 08:05 834829                     /usr/share/texmf/fonts/type1/public/lm/lmu10.pfb
7f12775f1000-7f1277616000 r--s 00000000 08:05 834831                     /usr/share/texmf/fonts/type1/public/lm/lmvtko10.pfb
7f1277616000-7f127761e000 r--s 00000000 08:05 834763                     /usr/share/texmf/fonts/type1/public/lm/lmmi10.pfb
7f127763a000-7f1277641000 r--s 00000000 08:05 834811                     /usr/share/texmf/fonts/type1/public/lm/lmsy6.pfb
7f127765d000-7f127767f000 r--s 00000000 08:05 834745                     /usr/share/texmf/fonts/type1/public/lm/lmbo10.pfb
7f12776e5000-7f1277700000 r--s 00000000 08:05 834824                     /usr/share/texmf/fonts/type1/public/lm/lmtt12.pfb
7f1277700000-7f1277707000 r--s 00000000 08:05 834809                     /usr/share/texmf/fonts/type1/public/lm/lmsy10.pfb
7f1277707000-7f1277726000 r--s 00000000 08:05 834754                     /usr/share/texmf/fonts/type1/public/lm/lmbx8.pfb
7f1277726000-7f1277742000 r--s 00000000 08:05 834756                     /usr/share/texmf/fonts/type1/public/lm/lmbxi10.pfb
7f1277742000-7f127775f000 r--s 00000000 08:05 834825                     /usr/share/texmf/fonts/type1/public/lm/lmtt8.pfb
7f127775f000-7f1277766000 r--s 00000000 08:05 834814                     /usr/share/texmf/fonts/type1/public/lm/lmsy9.pfb
7f1277766000-7f1277788000 r--s 00000000 08:05 834821                     /usr/share/texmf/fonts/type1/public/lm/lmtlco10.pfb
7f12777a6000-7f12777c3000 r--s 00000000 08:05 834817                     /usr/share/texmf/fonts/type1/public/lm/lmtk10.pfb
7f12777e2000-7f12777fe000 r--s 00000000 08:05 834774                     /usr/share/texmf/fonts/type1/public/lm/lmr12.pfb
7f1277856000-7f127787a000 r--s 00000000 08:05 834761                     /usr/share/texmf/fonts/type1/public/lm/lmduno10.pfb
7f127787a000-7f1277899000 r--s 00000000 08:05 834760                     /usr/share/texmf/fonts/type1/public/lm/lmdunh10.pfb
7f1277899000-7f12778b4000 r--s 00000000 08:05 834826                     /usr/share/texmf/fonts/type1/public/lm/lmtt9.pfb
7f12778d5000-7f12778f3000 r--s 00000000 08:05 834776                     /usr/share/texmf/fonts/type1/public/lm/lmr5.pfb
7f127791a000-7f1277922000 r--s 00000000 08:05 834771                     /usr/share/texmf/fonts/type1/public/lm/lmmib5.pfb
7f1277922000-7f1277941000 r--s 00000000 08:05 834744                     /usr/share/texmf/fonts/type1/public/lm/lmb10.pfb
7f1277941000-7f1277947000 r--s 00000000 08:05 834762                     /usr/share/texmf/fonts/type1/public/lm/lmex10.pfb
7f1277947000-7f1277965000 r--s 00000000 08:05 834749                     /usr/share/texmf/fonts/type1/public/lm/lmbx10.pfb
7f12779a1000-7f12779be000 r--s 00000000 08:05 834805                     /usr/share/texmf/fonts/type1/public/lm/lmssq8.pfb
7f12779be000-7f12779dc000 r--s 00000000 08:05 834779                     /usr/share/texmf/fonts/type1/public/lm/lmr8.pfb
7f12779dc000-7f12779f7000 r--s 00000000 08:05 834801                     /usr/share/texmf/fonts/type1/public/lm/lmsso12.pfb
7f12779f7000-7f1277a18000 r--s 00000000 08:05 834835                     /usr/share/texmf/fonts/type1/public/lm/lmvtto10.pfb
7f1277a18000-7f1277a39000 r--s 00000000 08:05 834788                     /usr/share/texmf/fonts/type1/public/lm/lmro17.pfb
7f1277a7a000-7f1277a9c000 r--s 00000000 08:05 834833                     /usr/share/texmf/fonts/type1/public/lm/lmvtlo10.pfb
7f1277ae1000-7f1277ae9000 r-xp 00000000 08:05 831019                     /usr/lib/jvm/java-6-openjdk/jre/lib/amd64/libnio.so
7f1277ae9000-7f1277ce8000 ---p 00008000 08:05 831019                     /usr/lib/jvm/java-6-openjdk/jre/lib/amd64/libnio.so
7f1277ce8000-7f1277ce9000 r--p 00007000 08:05 831019                     /usr/lib/jvm/java-6-openjdk/jre/lib/amd64/libnio.so
7f1277ce9000-7f1277cea000 rw-p 00008000 08:05 831019                     /usr/lib/jvm/java-6-openjdk/jre/lib/amd64/libnio.so
7f1277cea000-7f1277cff000 r-xp 00000000 08:05 831027                     /usr/lib/jvm/java-6-openjdk/jre/lib/amd64/libnet.so
7f1277cff000-7f1277efe000 ---p 00015000 08:05 831027                     /usr/lib/jvm/java-6-openjdk/jre/lib/amd64/libnet.so
7f1277efe000-7f1277eff000 r--p 00014000 08:05 831027                     /usr/lib/jvm/java-6-openjdk/jre/lib/amd64/libnet.so
7f1277eff000-7f1277f00000 rw-p 00015000 08:05 831027                     /usr/lib/jvm/java-6-openjdk/jre/lib/amd64/libnet.so
7f1277f00000-7f1278000000 rw-s bd708000 00:05 9294                       /dev/nvidia0
7f1278000000-7f127886a000 rw-p 00000000 00:00 0 
7f127886a000-7f127c000000 ---p 00000000 00:00 0 
7f127c004000-7f127c00c000 r--s 00000000 08:05 834772                     /usr/share/texmf/fonts/type1/public/lm/lmmib7.pfb
7f127c1be000-7f127c2be000 rw-s b9332000 00:05 9294                       /dev/nvidia0
7f127c2be000-7f127c2c1000 ---p 00000000 00:00 0 
7f127c2c1000-7f127c3bf000 rw-p 00000000 00:00 0 
7f127c3bf000-7f127c3c9000 r-xp 00000000 08:05 831045                     /usr/lib/jvm/java-6-openjdk/jre/lib/amd64/libjpeg.so
7f127c3c9000-7f127c5c8000 ---p 0000a000 08:05 831045                     /usr/lib/jvm/java-6-openjdk/jre/lib/amd64/libjpeg.so
7f127c5c8000-7f127c5c9000 r--p 00009000 08:05 831045                     /usr/lib/jvm/java-6-openjdk/jre/lib/amd64/libjpeg.so
7f127c5c9000-7f127c5ca000 rw-p 0000a000 08:05 831045                     /usr/lib/jvm/java-6-openjdk/jre/lib/amd64/libjpeg.so
7f127c5ca000-7f127c5fc000 r-xp 00000000 08:05 831030                     /usr/lib/jvm/java-6-openjdk/jre/lib/amd64/liblcms.so
7f127c5fc000-7f127c7fb000 ---p 00032000 08:05 831030                     /usr/lib/jvm/java-6-openjdk/jre/lib/amd64/liblcms.so
7f127c7fb000-7f127c7fc000 r--p 00031000 08:05 831030                     /usr/lib/jvm/java-6-openjdk/jre/lib/amd64/liblcms.so
7f127c7fc000-7f127c7fd000 rw-p 00032000 08:05 831030                     /usr/lib/jvm/java-6-openjdk/jre/lib/amd64/liblcms.so
7f127c7fd000-7f127c7ff000 rw-p 00000000 00:00 0 
7f127c7ff000-7f127c8ff000 rw-s b9320000 00:05 9294                       /dev/nvidia0
7f127c93f000-7f127cc2b000 rw-s 00000000 00:04 12714042                   /SYSV00000000 (deleted)
7f127cc2b000-7f127cc2e000 ---p 00000000 00:00 0 
7f127cc2e000-7f127cd2c000 rw-p 00000000 00:00 0 
7f127cd2c000-7f127cd2f000 ---p 00000000 00:00 0 
7f127cd2f000-7f127ce2d000 rw-p 00000000 00:00 0 
7f127ce74000-7f127ce77000 ---p 00000000 00:00 0 
7f127ce77000-7f127cf75000 rw-p 00000000 00:00 0 
7f127cf75000-7f127cf78000 ---p 00000000 00:00 0 
7f127cf78000-7f127d076000 rw-p 00000000 00:00 0 
7f127d076000-7f127d276000 rw-s c1210000 00:05 9294                       /dev/nvidia0
7f127d276000-7f127d376000 rw-s b9549000 00:05 9294                       /dev/nvidia0
7f127d3b6000-7f127d3ce000 r-xp 00000000 08:06 267445                     /home/jan/development/projects/YogularmInfinite/desktop/lib/jogl/linux-amd64/libjogl_es2.so
7f127d3ce000-7f127d5cd000 ---p 00018000 08:06 267445                     /home/jan/development/projects/YogularmInfinite/desktop/lib/jogl/linux-amd64/libjogl_es2.so
7f127d5cd000-7f127d5ce000 r--p 00017000 08:06 267445                     /home/jan/development/projects/YogularmInfinite/desktop/lib/jogl/linux-amd64/libjogl_es2.so
7f127d5ce000-7f127d5cf000 rw-p 00018000 08:06 267445                     /home/jan/development/projects/YogularmInfinite/desktop/lib/jogl/linux-amd64/libjogl_es2.so
7f127d5cf000-7f127d5e7000 r-xp 00000000 08:06 267444                     /home/jan/development/projects/YogularmInfinite/desktop/lib/jogl/linux-amd64/libjogl_es1.so
7f127d5e7000-7f127d7e6000 ---p 00018000 08:06 267444                     /home/jan/development/projects/YogularmInfinite/desktop/lib/jogl/linux-amd64/libjogl_es1.so
7f127d7e6000-7f127d7e7000 r--p 00017000 08:06 267444                     /home/jan/development/projects/YogularmInfinite/desktop/lib/jogl/linux-amd64/libjogl_es1.so
7f127d7e7000-7f127d7e8000 rw-p 00018000 08:06 267444                     /home/jan/development/projects/YogularmInfinite/desktop/lib/jogl/linux-amd64/libjogl_es1.so
7f127d7e8000-7f127d872000 r-xp 00000000 08:06 267443                     /home/jan/development/projects/YogularmInfinite/desktop/lib/jogl/linux-amd64/libjogl_desktop.so
7f127d872000-7f127da72000 ---p 0008a000 08:06 267443                     /home/jan/development/projects/YogularmInfinite/desktop/lib/jogl/linux-amd64/libjogl_desktop.so
7f127da72000-7f127da73000 r--p 0008a000 08:06 267443                     /home/jan/development/projects/YogularmInfinite/desktop/lib/jogl/linux-amd64/libjogl_desktop.so
7f127da73000-7f127da74000 rw-p 0008b000 08:06 267443                     /home/jan/development/projects/YogularmInfinite/desktop/lib/jogl/linux-amd64/libjogl_desktop.so
7f127da74000-7f127f068000 r-xp 00000000 08:05 793109                     /usr/lib/nvidia-current/libnvidia-glcore.so.280.13
7f127f068000-7f127f267000 ---p 015f4000 08:05 793109                     /usr/lib/nvidia-current/libnvidia-glcore.so.280.13
7f127f267000-7f127f8a6000 rwxp 015f3000 08:05 793109                     /usr/lib/nvidia-current/libnvidia-glcore.so.280.13
7f127f8a6000-7f127f8c0000 rwxp 00000000 00:00 0 
7f127f8c0000-7f127f8c3000 r-xp 00000000 08:05 793125                     /usr/lib/nvidia-current/tls/libnvidia-tls.so.280.13
7f127f8c3000-7f127fac2000 ---p 00003000 08:05 793125                     /usr/lib/nvidia-current/tls/libnvidia-tls.so.280.13
7f127fac2000-7f127fac3000 rw-p 00002000 08:05 793125                     /usr/lib/nvidia-current/tls/libnvidia-tls.so.280.13
7f127fac3000-7f127fac4000 r--s 00000000 08:05 408205                     /var/cache/fontconfig/c05880de57d1f5e948fdfacc138775d9-le64.cache-3
7f127fac4000-7f127facd000 r--s 00000000 08:05 391263                     /var/cache/fontconfig/945677eb7aeaf62f1d50efc3fb3ec7d8-le64.cache-3
7f127facd000-7f127facf000 r--s 00000000 08:05 391046                     /var/cache/fontconfig/99e8ed0e538f840c565b6ed5dad60d56-le64.cache-3
7f127facf000-7f127fad2000 r--s 00000000 08:05 391624                     /var/cache/fontconfig/e383d7ea5fbe662a33d9b44caf393297-le64.cache-3
7f127fad2000-7f127fad6000 r--s 00000000 08:05 408203                     /var/cache/fontconfig/2cd17615ca594fa2959ae173292e504c-le64.cache-3
7f127fad6000-7f127fad7000 r--s 00000000 08:05 391470                     /var/cache/fontconfig/e7071f4a29fa870f4323321c154eba04-le64.cache-3
7f127fad7000-7f127fadc000 r--s 00000000 08:05 408202                     /var/cache/fontconfig/6eb3985aa4124903f6ff08ba781cd364-le64.cache-3
7f127fadc000-7f127fadd000 r--s 00000000 08:05 406414                     /var/cache/fontconfig/4c73fe0c47614734b17d736dbde7580a-le64.cache-3
7f127fadd000-7f127fade000 r--s 00000000 08:05 406413                     /var/cache/fontconfig/0d8c3b2ac0904cb8a57a757ad11a4a08-le64.cache-3
7f127fade000-7f127fadf000 r--s 00000000 08:05 406412                     /var/cache/fontconfig/6a53c69dea097a2d716e069445527da8-le64.cache-3
7f127fadf000-7f127fae5000 r--s 00000000 08:05 401859                     /var/cache/fontconfig/a755afe4a08bf5b97852ceb7400b47bc-le64.cache-3
7f127fae5000-7f127faeb000 r--s 00000000 08:05 409105                     /var/cache/fontconfig/515ca1ebc4b18308bea979be5704f9db-le64.cache-3
7f127faeb000-7f127faf4000 r--s 00000000 08:05 392133                     /var/cache/fontconfig/6d41288fd70b0be22e8c3a91e032eec0-le64.cache-3
7f127faf4000-7f127fb04000 r--s 00000000 08:05 401858                     /var/cache/fontconfig/0f34bcd4b6ee430af32735b75db7f02b-le64.cache-3
7f127fb04000-7f127fb32000 r--s 00000000 08:05 409148                     /var/cache/fontconfig/365b55f210c0a22e9a19e35191240f32-le64.cache-3
7f127fb32000-7f127fb42000 r--s 00000000 08:05 401856                     /var/cache/fontconfig/d52a8644073d54c13679302ca1180695-le64.cache-3
7f127fb42000-7f127fb4a000 r--s 00000000 08:05 409104                     /var/cache/fontconfig/153bb866d4d26e7cd19eee2129f8d8d2-le64.cache-3
7f127fb4a000-7f127fb55000 r--s 00000000 08:05 415954                     /var/cache/fontconfig/e13b20fdb08344e0e664864cc2ede53d-le64.cache-3
7f127fb55000-7f127fb57000 r--s 00000000 08:06 1101681                    /home/jan/.fontconfig/fdd828a2a2357ac8b98d53d4cb73097a-le64.cache-3
7f127fb57000-7f127fb5e000 r--s 00000000 08:06 1101680                    /home/jan/.fontconfig/c58ff9086ba60478c195bf0f61b530df-le64.cache-3
7f127fb5e000-7f127fb68000 r--s 00000000 08:06 1101674                    /home/jan/.fontconfig/a0bf83b7801ad605140a17cf4b414547-le64.cache-3
7f127fb68000-7f127fb6e000 r--s 00000000 08:06 1101679                    /home/jan/.fontconfig/7d1d196625a4c3b5318df9a7bec9bc41-le64.cache-3
7f127fb6e000-7f127fb70000 r--s 00000000 08:06 1101678                    /home/jan/.fontconfig/790146cae801f5c845d56d242e982308-le64.cache-3
7f127fb70000-7f127fb75000 r--s 00000000 08:06 1101677                    /home/jan/.fontconfig/2c10c25a20897452413a494958b84a05-le64.cache-3
7f127fb75000-7f127fb77000 r--s 00000000 08:06 1101676                    /home/jan/.fontconfig/01b316c23635a1c7ad41860d9ab7ba59-le64.cache-3
7f127fb77000-7f127fb79000 r--s 00000000 08:06 1101675                    /home/jan/.fontconfig/e252e6067bf5dc9e40fb95b17b621584-le64.cache-3
7f127fb79000-7f127fb88000 r--s 00000000 08:06 1101673                    /home/jan/.fontconfig/51d0fb7e55acffd31d6a8c7c8c7f60fb-le64.cache-3
7f127fb88000-7f127fb8d000 r--s 00000000 08:06 1101672                    /home/jan/.fontconfig/6302c9f5be1e12898d22d23c35392af9-le64.cache-3
7f127fb8d000-7f127fb8f000 r--s 00000000 08:06 1101671                    /home/jan/.fontconfig/954bf4103e945093a32831c95ead4df7-le64.cache-3
7f127fb8f000-7f127fb91000 r--s 00000000 08:06 1101670                    /home/jan/.fontconfig/6c2573209480b8f33065f885e21aa27e-le64.cache-3
7f127fb91000-7f127fb93000 r--s 00000000 08:06 1101669                    /home/jan/.fontconfig/2ce2f901d9e1b21e31b84cb10642e71d-le64.cache-3
7f127fb93000-7f127fb96000 r--s 00000000 08:06 1101668                    /home/jan/.fontconfig/e1de9b0e4af91a7731cd98de6ce2d572-le64.cache-3
7f127fb96000-7f127fba0000 r--s 00000000 08:06 1101667                    /home/jan/.fontconfig/2bcd93200fc0f5d4f6eeced75af2d533-le64.cache-3
7f127fbc9000-7f127fbcc000 ---p 00000000 00:00 0 
7f127fbcc000-7f127fcca000 rw-p 00000000 00:00 0 
7f127fcca000-7f127fd8b000 r-xp 00000000 08:05 793112                     /usr/lib/nvidia-current/libGL.so.280.13
7f127fd8b000-7f127ff8a000 ---p 000c1000 08:05 793112                     /usr/lib/nvidia-current/libGL.so.280.13
7f127ff8a000-7f127ffc5000 rwxp 000c0000 08:05 793112                     /usr/lib/nvidia-current/libGL.so.280.13
7f127ffc5000-7f127ffdb000 rwxp 00000000 00:00 0 
7f127ffde000-7f127ffe2000 rw-s c3240000 00:05 9294                       /dev/nvidia0
7f127ffe5000-7f1280000000 rw-s 1a1e20000 00:05 9294                      /dev/nvidia0
7f1280000000-7f1281f5d000 rw-p 00000000 00:00 0 
7f1281f5d000-7f1284000000 ---p 00000000 00:00 0 
7f1284000000-7f1284003000 r--s 00000000 08:05 391081                     /var/cache/fontconfig/d60319d88cac85ba9e1a07bd06cfbb8c-le64.cache-3
7f1284003000-7f1284014000 r--s 00000000 08:06 1101665                    /home/jan/.fontconfig/edd89c71be7950017624cf56be471bae-le64.cache-3
7f1284014000-7f1284020000 r--s 00000000 08:06 1101664                    /home/jan/.fontconfig/39d620b8dfbf4bd2ea5f64f511994d5f-le64.cache-3
7f1284020000-7f1284022000 r-xp 00000000 08:06 267446                     /home/jan/development/projects/YogularmInfinite/desktop/lib/jogl/linux-amd64/libnativewindow_awt.so
7f1284022000-7f1284221000 ---p 00002000 08:06 267446                     /home/jan/development/projects/YogularmInfinite/desktop/lib/jogl/linux-amd64/libnativewindow_awt.so
7f1284221000-7f1284222000 r--p 00001000 08:06 267446                     /home/jan/development/projects/YogularmInfinite/desktop/lib/jogl/linux-amd64/libnativewindow_awt.so
7f1284222000-7f1284223000 rw-p 00002000 08:06 267446                     /home/jan/development/projects/YogularmInfinite/desktop/lib/jogl/linux-amd64/libnativewindow_awt.so
7f1284223000-7f1284224000 r-xp 00000000 08:05 831047                     /usr/lib/jvm/java-6-openjdk/jre/lib/amd64/libjawt.so
7f1284224000-7f1284423000 ---p 00001000 08:05 831047                     /usr/lib/jvm/java-6-openjdk/jre/lib/amd64/libjawt.so
7f1284423000-7f1284424000 r--p 00000000 08:05 831047                     /usr/lib/jvm/java-6-openjdk/jre/lib/amd64/libjawt.so
7f1284424000-7f1284425000 rw-p 00001000 08:05 831047                     /usr/lib/jvm/java-6-openjdk/jre/lib/amd64/libjawt.so
7f1284425000-7f1284428000 ---p 00000000 00:00 0 
7f1284428000-7f1284526000 rw-p 00000000 00:00 0 
7f1284526000-7f1284529000 ---p 00000000 00:00 0 
7f1284529000-7f1284627000 rw-p 00000000 00:00 0 
7f1284627000-7f128462c000 r-xp 00000000 08:05 788228                     /usr/lib/x86_64-linux-gnu/libXfixes.so.3.1.0
7f128462c000-7f128482b000 ---p 00005000 08:05 788228                     /usr/lib/x86_64-linux-gnu/libXfixes.so.3.1.0
7f128482b000-7f128482c000 r--p 00004000 08:05 788228                     /usr/lib/x86_64-linux-gnu/libXfixes.so.3.1.0
7f128482c000-7f128482d000 rw-p 00005000 08:05 788228                     /usr/lib/x86_64-linux-gnu/libXfixes.so.3.1.0
7f128482d000-7f128482e000 r--s 00000000 08:05 408205                     /var/cache/fontconfig/c05880de57d1f5e948fdfacc138775d9-le64.cache-3
7f128482e000-7f1284837000 r--s 00000000 08:05 391263                     /var/cache/fontconfig/945677eb7aeaf62f1d50efc3fb3ec7d8-le64.cache-3
7f1284837000-7f1284839000 r--s 00000000 08:05 391046                     /var/cache/fontconfig/99e8ed0e538f840c565b6ed5dad60d56-le64.cache-3
7f1284839000-7f128483c000 r--s 00000000 08:05 391624                     /var/cache/fontconfig/e383d7ea5fbe662a33d9b44caf393297-le64.cache-3
7f128483c000-7f1284840000 r--s 00000000 08:05 408203                     /var/cache/fontconfig/2cd17615ca594fa2959ae173292e504c-le64.cache-3
7f1284840000-7f1284841000 r--s 00000000 08:05 391470                     /var/cache/fontconfig/e7071f4a29fa870f4323321c154eba04-le64.cache-3
7f1284841000-7f1284846000 r--s 00000000 08:05 408202                     /var/cache/fontconfig/6eb3985aa4124903f6ff08ba781cd364-le64.cache-3
7f1284846000-7f1284847000 r--s 00000000 08:05 406414                     /var/cache/fontconfig/4c73fe0c47614734b17d736dbde7580a-le64.cache-3
7f1284847000-7f1284848000 r--s 00000000 08:05 406413                     /var/cache/fontconfig/0d8c3b2ac0904cb8a57a757ad11a4a08-le64.cache-3
7f1284848000-7f1284849000 r--s 00000000 08:05 406412                     /var/cache/fontconfig/6a53c69dea097a2d716e069445527da8-le64.cache-3
7f1284849000-7f128484f000 r--s 00000000 08:05 401859                     /var/cache/fontconfig/a755afe4a08bf5b97852ceb7400b47bc-le64.cache-3
7f128484f000-7f1284855000 r--s 00000000 08:05 409105                     /var/cache/fontconfig/515ca1ebc4b18308bea979be5704f9db-le64.cache-3
7f1284855000-7f128485e000 r--s 00000000 08:05 392133                     /var/cache/fontconfig/6d41288fd70b0be22e8c3a91e032eec0-le64.cache-3
7f128485e000-7f128486e000 r--s 00000000 08:05 401858                     /var/cache/fontconfig/0f34bcd4b6ee430af32735b75db7f02b-le64.cache-3
7f128486e000-7f1284871000 r--s 00000000 08:05 391081                     /var/cache/fontconfig/d60319d88cac85ba9e1a07bd06cfbb8c-le64.cache-3
7f1284871000-7f1284872000 r--s 00000000 08:05 396779                     /var/cache/fontconfig/4794a0821666d79190d59a36cb4f44b5-le64.cache-3
7f1284872000-7f12848a0000 r--s 00000000 08:05 409148                     /var/cache/fontconfig/365b55f210c0a22e9a19e35191240f32-le64.cache-3
7f12848a0000-7f12848b0000 r--s 00000000 08:05 401856                     /var/cache/fontconfig/d52a8644073d54c13679302ca1180695-le64.cache-3
7f12848b0000-7f12848b8000 r--s 00000000 08:05 409104                     /var/cache/fontconfig/153bb866d4d26e7cd19eee2129f8d8d2-le64.cache-3
7f12848b8000-7f12848c3000 r--s 00000000 08:05 415954                     /var/cache/fontconfig/e13b20fdb08344e0e664864cc2ede53d-le64.cache-3
7f12848c3000-7f12848c5000 r--s 00000000 08:06 1101681                    /home/jan/.fontconfig/fdd828a2a2357ac8b98d53d4cb73097a-le64.cache-3
7f12848c5000-7f12848cc000 r--s 00000000 08:06 1101680                    /home/jan/.fontconfig/c58ff9086ba60478c195bf0f61b530df-le64.cache-3
7f12848cc000-7f12848d6000 r--s 00000000 08:06 1101674                    /home/jan/.fontconfig/a0bf83b7801ad605140a17cf4b414547-le64.cache-3
7f12848d6000-7f12848dc000 r--s 00000000 08:06 1101679                    /home/jan/.fontconfig/7d1d196625a4c3b5318df9a7bec9bc41-le64.cache-3
7f12848dc000-7f12848de000 r--s 00000000 08:06 1101678                    /home/jan/.fontconfig/790146cae801f5c845d56d242e982308-le64.cache-3
7f12848de000-7f12848e3000 r--s 00000000 08:06 1101677                    /home/jan/.fontconfig/2c10c25a20897452413a494958b84a05-le64.cache-3
7f12848e3000-7f12848e5000 r--s 00000000 08:06 1101676                    /home/jan/.fontconfig/01b316c23635a1c7ad41860d9ab7ba59-le64.cache-3
7f12848e5000-7f12848e7000 r--s 00000000 08:06 1101675                    /home/jan/.fontconfig/e252e6067bf5dc9e40fb95b17b621584-le64.cache-3
7f12848e7000-7f12848f6000 r--s 00000000 08:06 1101673                    /home/jan/.fontconfig/51d0fb7e55acffd31d6a8c7c8c7f60fb-le64.cache-3
7f12848f6000-7f12848fb000 r--s 00000000 08:06 1101672                    /home/jan/.fontconfig/6302c9f5be1e12898d22d23c35392af9-le64.cache-3
7f12848fb000-7f12848fd000 r--s 00000000 08:06 1101671                    /home/jan/.fontconfig/954bf4103e945093a32831c95ead4df7-le64.cache-3
7f12848fd000-7f12848ff000 r--s 00000000 08:06 1101670                    /home/jan/.fontconfig/6c2573209480b8f33065f885e21aa27e-le64.cache-3
7f12848ff000-7f1284901000 r--s 00000000 08:06 1101669                    /home/jan/.fontconfig/2ce2f901d9e1b21e31b84cb10642e71d-le64.cache-3
7f1284901000-7f1284904000 r--s 00000000 08:06 1101668                    /home/jan/.fontconfig/e1de9b0e4af91a7731cd98de6ce2d572-le64.cache-3
7f1284904000-7f1284907000 r--s 00000000 08:06 1101666                    /home/jan/.fontconfig/8adc0da6e22e3e72a145efb7377d06bd-le64.cache-3
7f1284907000-7f128490a000 ---p 00000000 00:00 0 
7f128490a000-7f1284a08000 rw-p 00000000 00:00 0 
7f1284a08000-7f1284a09000 r--s 00000000 08:05 408205                     /var/cache/fontconfig/c05880de57d1f5e948fdfacc138775d9-le64.cache-3
7f1284a09000-7f1284a12000 r--s 00000000 08:05 391263                     /var/cache/fontconfig/945677eb7aeaf62f1d50efc3fb3ec7d8-le64.cache-3
7f1284a12000-7f1284a14000 r--s 00000000 08:05 391046                     /var/cache/fontconfig/99e8ed0e538f840c565b6ed5dad60d56-le64.cache-3
7f1284a14000-7f1284a17000 r--s 00000000 08:05 391624                     /var/cache/fontconfig/e383d7ea5fbe662a33d9b44caf393297-le64.cache-3
7f1284a17000-7f1284a1b000 r--s 00000000 08:05 408203                     /var/cache/fontconfig/2cd17615ca594fa2959ae173292e504c-le64.cache-3
7f1284a1b000-7f1284a1c000 r--s 00000000 08:05 391470                     /var/cache/fontconfig/e7071f4a29fa870f4323321c154eba04-le64.cache-3
7f1284a1c000-7f1284a21000 r--s 00000000 08:05 408202                     /var/cache/fontconfig/6eb3985aa4124903f6ff08ba781cd364-le64.cache-3
7f1284a21000-7f1284a22000 r--s 00000000 08:05 406414                     /var/cache/fontconfig/4c73fe0c47614734b17d736dbde7580a-le64.cache-3
7f1284a22000-7f1284a23000 r--s 00000000 08:05 406413                     /var/cache/fontconfig/0d8c3b2ac0904cb8a57a757ad11a4a08-le64.cache-3
7f1284a23000-7f1284a24000 r--s 00000000 08:05 406412                     /var/cache/fontconfig/6a53c69dea097a2d716e069445527da8-le64.cache-3
7f1284a24000-7f1284a2a000 r--s 00000000 08:05 401859                     /var/cache/fontconfig/a755afe4a08bf5b97852ceb7400b47bc-le64.cache-3
7f1284a2a000-7f1284a30000 r--s 00000000 08:05 409105                     /var/cache/fontconfig/515ca1ebc4b18308bea979be5704f9db-le64.cache-3
7f1284a30000-7f1284a39000 r--s 00000000 08:05 392133                     /var/cache/fontconfig/6d41288fd70b0be22e8c3a91e032eec0-le64.cache-3
7f1284a39000-7f1284a49000 r--s 00000000 08:05 401858                     /var/cache/fontconfig/0f34bcd4b6ee430af32735b75db7f02b-le64.cache-3
7f1284a49000-7f1284a4c000 r--s 00000000 08:05 391081                     /var/cache/fontconfig/d60319d88cac85ba9e1a07bd06cfbb8c-le64.cache-3
7f1284a4c000-7f1284a4d000 r--s 00000000 08:05 396779                     /var/cache/fontconfig/4794a0821666d79190d59a36cb4f44b5-le64.cache-3
7f1284a4d000-7f1284a7b000 r--s 00000000 08:05 409148                     /var/cache/fontconfig/365b55f210c0a22e9a19e35191240f32-le64.cache-3
7f1284a7b000-7f1284a8b000 r--s 00000000 08:05 401856                     /var/cache/fontconfig/d52a8644073d54c13679302ca1180695-le64.cache-3
7f1284a8b000-7f1284a93000 r--s 00000000 08:05 409104                     /var/cache/fontconfig/153bb866d4d26e7cd19eee2129f8d8d2-le64.cache-3
7f1284a93000-7f1284a9e000 r--s 00000000 08:05 415954                     /var/cache/fontconfig/e13b20fdb08344e0e664864cc2ede53d-le64.cache-3
7f1284a9e000-7f1284aa0000 r--s 00000000 08:06 1101681                    /home/jan/.fontconfig/fdd828a2a2357ac8b98d53d4cb73097a-le64.cache-3
7f1284aa0000-7f1284aa7000 r--s 00000000 08:06 1101680                    /home/jan/.fontconfig/c58ff9086ba60478c195bf0f61b530df-le64.cache-3
7f1284aa7000-7f1284ab1000 r--s 00000000 08:06 1101674                    /home/jan/.fontconfig/a0bf83b7801ad605140a17cf4b414547-le64.cache-3
7f1284ab1000-7f1284ab7000 r--s 00000000 08:06 1101679                    /home/jan/.fontconfig/7d1d196625a4c3b5318df9a7bec9bc41-le64.cache-3
7f1284ab7000-7f1284ab9000 r--s 00000000 08:06 1101678                    /home/jan/.fontconfig/790146cae801f5c845d56d242e982308-le64.cache-3
7f1284ab9000-7f1284abe000 r--s 00000000 08:06 1101677                    /home/jan/.fontconfig/2c10c25a20897452413a494958b84a05-le64.cache-3
7f1284abe000-7f1284ac0000 r--s 00000000 08:06 1101676                    /home/jan/.fontconfig/01b316c23635a1c7ad41860d9ab7ba59-le64.cache-3
7f1284ac0000-7f1284ac2000 r--s 00000000 08:06 1101675                    /home/jan/.fontconfig/e252e6067bf5dc9e40fb95b17b621584-le64.cache-3
7f1284ac2000-7f1284ad1000 r--s 00000000 08:06 1101673                    /home/jan/.fontconfig/51d0fb7e55acffd31d6a8c7c8c7f60fb-le64.cache-3
7f1284ad1000-7f1284ad6000 r--s 00000000 08:06 1101672                    /home/jan/.fontconfig/6302c9f5be1e12898d22d23c35392af9-le64.cache-3
7f1284ad6000-7f1284ad8000 r--s 00000000 08:06 1101671                    /home/jan/.fontconfig/954bf4103e945093a32831c95ead4df7-le64.cache-3
7f1284ad8000-7f1284ada000 r--s 00000000 08:06 1101670                    /home/jan/.fontconfig/6c2573209480b8f33065f885e21aa27e-le64.cache-3
7f1284ada000-7f1284adc000 r--s 00000000 08:06 1101669                    /home/jan/.fontconfig/2ce2f901d9e1b21e31b84cb10642e71d-le64.cache-3
7f1284adc000-7f1284adf000 r--s 00000000 08:06 1101668                    /home/jan/.fontconfig/e1de9b0e4af91a7731cd98de6ce2d572-le64.cache-3
7f1284adf000-7f1284ae9000 r--s 00000000 08:06 1101667                    /home/jan/.fontconfig/2bcd93200fc0f5d4f6eeced75af2d533-le64.cache-3
7f1284ae9000-7f1284aec000 r--s 00000000 08:06 1101666                    /home/jan/.fontconfig/8adc0da6e22e3e72a145efb7377d06bd-le64.cache-3
7f1284aec000-7f1284afd000 r--s 00000000 08:06 1101665                    /home/jan/.fontconfig/edd89c71be7950017624cf56be471bae-le64.cache-3
7f1284afd000-7f1284b09000 r--s 00000000 08:06 1101664                    /home/jan/.fontconfig/39d620b8dfbf4bd2ea5f64f511994d5f-le64.cache-3
7f1284b0a000-7f1284b13000 r-xp 00000000 08:05 787710                     /usr/lib/x86_64-linux-gnu/libXcursor.so.1.0.2
7f1284b13000-7f1284d12000 ---p 00009000 08:05 787710                     /usr/lib/x86_64-linux-gnu/libXcursor.so.1.0.2
7f1284d12000-7f1284d13000 r--p 00008000 08:05 787710                     /usr/lib/x86_64-linux-gnu/libXcursor.so.1.0.2
7f1284d13000-7f1284d14000 rw-p 00009000 08:05 787710                     /usr/lib/x86_64-linux-gnu/libXcursor.so.1.0.2
7f1284d15000-7f1284d21000 r--s 00000000 08:06 1101662                    /home/jan/.fontconfig/eb6d1a21532c7d5178ca66d9443d4aef-le64.cache-3
7f1284d21000-7f1284d25000 r--s 00000000 08:05 409147                     /var/cache/fontconfig/7ef2298fde41cc6eeb7af42e48b7d293-le64.cache-3
7f1284d25000-7f1284d39000 r--s 00000000 08:05 415953                     /var/cache/fontconfig/865f88548240fee46819705c6468c165-le64.cache-3
7f1284d39000-7f1284d40000 r--s 000fb000 08:05 831009                     /usr/lib/jvm/java-6-openjdk/jre/lib/resources.jar
7f1284d40000-7f1284d4c000 r--s 00000000 08:06 1101662                    /home/jan/.fontconfig/eb6d1a21532c7d5178ca66d9443d4aef-le64.cache-3
7f1284d4c000-7f1284d50000 r--s 00000000 08:05 409147                     /var/cache/fontconfig/7ef2298fde41cc6eeb7af42e48b7d293-le64.cache-3
7f1284d50000-7f1284d64000 r--s 00000000 08:05 415953                     /var/cache/fontconfig/865f88548240fee46819705c6468c165-le64.cache-3
7f1284d64000-7f1284d67000 ---p 00000000 00:00 0 
7f1284d67000-7f1284e65000 rw-p 00000000 00:00 0 
7f1284e65000-7f1284ef7000 r-xp 00000000 08:05 785496                     /usr/lib/x86_64-linux-gnu/libfreetype.so.6.6.2
7f1284ef7000-7f12850f6000 ---p 00092000 08:05 785496                     /usr/lib/x86_64-linux-gnu/libfreetype.so.6.6.2
7f12850f6000-7f12850fc000 r--p 00091000 08:05 785496                     /usr/lib/x86_64-linux-gnu/libfreetype.so.6.6.2
7f12850fc000-7f12850fd000 rw-p 00097000 08:05 785496                     /usr/lib/x86_64-linux-gnu/libfreetype.so.6.6.2
7f12850fd000-7f1285136000 r-xp 00000000 08:05 831037                     /usr/lib/jvm/java-6-openjdk/jre/lib/amd64/libfontmanager.so
7f1285136000-7f1285336000 ---p 00039000 08:05 831037                     /usr/lib/jvm/java-6-openjdk/jre/lib/amd64/libfontmanager.so
7f1285336000-7f1285338000 r--p 00039000 08:05 831037                     /usr/lib/jvm/java-6-openjdk/jre/lib/amd64/libfontmanager.so
7f1285338000-7f1285339000 rw-p 0003b000 08:05 831037                     /usr/lib/jvm/java-6-openjdk/jre/lib/amd64/libfontmanager.so
7f1285339000-7f1285348000 r-xp 00000000 08:05 786739                     /usr/lib/x86_64-linux-gnu/libXi.so.6.1.0
7f1285348000-7f1285547000 ---p 0000f000 08:05 786739                     /usr/lib/x86_64-linux-gnu/libXi.so.6.1.0
7f1285547000-7f1285548000 r--p 0000e000 08:05 786739                     /usr/lib/x86_64-linux-gnu/libXi.so.6.1.0
7f1285548000-7f1285549000 rw-p 0000f000 08:05 786739                     /usr/lib/x86_64-linux-gnu/libXi.so.6.1.0
7f1285549000-7f128554e000 r-xp 00000000 08:05 787919                     /usr/lib/libXtst.so.6.1.0
7f128554e000-7f128574d000 ---p 00005000 08:05 787919                     /usr/lib/libXtst.so.6.1.0
7f128574d000-7f128574e000 r--p 00004000 08:05 787919                     /usr/lib/libXtst.so.6.1.0
7f128574e000-7f128574f000 rw-p 00005000 08:05 787919                     /usr/lib/libXtst.so.6.1.0
7f128574f000-7f1285758000 r-xp 00000000 08:05 787047                     /usr/lib/x86_64-linux-gnu/libXrender.so.1.3.0
7f1285758000-7f1285958000 ---p 00009000 08:05 787047                     /usr/lib/x86_64-linux-gnu/libXrender.so.1.3.0
7f1285958000-7f1285959000 r--p 00009000 08:05 787047                     /usr/lib/x86_64-linux-gnu/libXrender.so.1.3.0
7f1285959000-7f128595a000 rw-p 0000a000 08:05 787047                     /usr/lib/x86_64-linux-gnu/libXrender.so.1.3.0
7f128595a000-7f12859a5000 r-xp 00000000 08:05 787706                     /usr/lib/jvm/java-6-openjdk/jre/lib/amd64/xawt/libmawt.so
7f12859a5000-7f1285ba5000 ---p 0004b000 08:05 787706                     /usr/lib/jvm/java-6-openjdk/jre/lib/amd64/xawt/libmawt.so
7f1285ba5000-7f1285ba6000 r--p 0004b000 08:05 787706                     /usr/lib/jvm/java-6-openjdk/jre/lib/amd64/xawt/libmawt.so
7f1285ba6000-7f1285ba9000 rw-p 0004c000 08:05 787706                     /usr/lib/jvm/java-6-openjdk/jre/lib/amd64/xawt/libmawt.so
7f1285ba9000-7f1285baa000 rw-p 00000000 00:00 0 
7f1285bab000-7f1285bac000 rw-s fd060000 00:05 9294                       /dev/nvidia0
7f1285bac000-7f1285bb6000 r--s 00000000 08:06 1101667                    /home/jan/.fontconfig/2bcd93200fc0f5d4f6eeced75af2d533-le64.cache-3
7f1285bb6000-7f1285bb9000 r--s 00000000 08:06 1101666                    /home/jan/.fontconfig/8adc0da6e22e3e72a145efb7377d06bd-le64.cache-3
7f1285bb9000-7f1285bca000 r--s 00000000 08:06 1101665                    /home/jan/.fontconfig/edd89c71be7950017624cf56be471bae-le64.cache-3
7f1285bca000-7f1285bd6000 r--s 00000000 08:06 1101664                    /home/jan/.fontconfig/39d620b8dfbf4bd2ea5f64f511994d5f-le64.cache-3
7f1285bd6000-7f1285c82000 r-xp 00000000 08:05 831046                     /usr/lib/jvm/java-6-openjdk/jre/lib/amd64/libawt.so
7f1285c82000-7f1285e81000 ---p 000ac000 08:05 831046                     /usr/lib/jvm/java-6-openjdk/jre/lib/amd64/libawt.so
7f1285e81000-7f1285e82000 r--p 000ab000 08:05 831046                     /usr/lib/jvm/java-6-openjdk/jre/lib/amd64/libawt.so
7f1285e82000-7f1285e8d000 rw-p 000ac000 08:05 831046                     /usr/lib/jvm/java-6-openjdk/jre/lib/amd64/libawt.so
7f1285e8d000-7f1285eb2000 rw-p 00000000 00:00 0 
7f1285eb2000-7f1285eb7000 r-xp 00000000 08:05 787913                     /usr/lib/x86_64-linux-gnu/libXdmcp.so.6.0.0
7f1285eb7000-7f12860b6000 ---p 00005000 08:05 787913                     /usr/lib/x86_64-linux-gnu/libXdmcp.so.6.0.0
7f12860b6000-7f12860b7000 r--p 00004000 08:05 787913                     /usr/lib/x86_64-linux-gnu/libXdmcp.so.6.0.0
7f12860b7000-7f12860b8000 rw-p 00005000 08:05 787913                     /usr/lib/x86_64-linux-gnu/libXdmcp.so.6.0.0
7f12860b8000-7f12860ba000 r-xp 00000000 08:05 787911                     /usr/lib/x86_64-linux-gnu/libXau.so.6.0.0
7f12860ba000-7f12862b9000 ---p 00002000 08:05 787911                     /usr/lib/x86_64-linux-gnu/libXau.so.6.0.0
7f12862b9000-7f12862ba000 r--p 00001000 08:05 787911                     /usr/lib/x86_64-linux-gnu/libXau.so.6.0.0
7f12862ba000-7f12862bb000 rw-p 00002000 08:05 787911                     /usr/lib/x86_64-linux-gnu/libXau.so.6.0.0
7f12862bb000-7f12862cd000 r-xp 00000000 08:05 787917                     /usr/lib/x86_64-linux-gnu/libXext.so.6.4.0
7f12862cd000-7f12864cc000 ---p 00012000 08:05 787917                     /usr/lib/x86_64-linux-gnu/libXext.so.6.4.0
7f12864cc000-7f12864cd000 r--p 00011000 08:05 787917                     /usr/lib/x86_64-linux-gnu/libXext.so.6.4.0
7f12864cd000-7f12864ce000 rw-p 00012000 08:05 787917                     /usr/lib/x86_64-linux-gnu/libXext.so.6.4.0
7f12864ce000-7f12864e9000 r-xp 00000000 08:05 787915                     /usr/lib/x86_64-linux-gnu/libxcb.so.1.1.0
7f12864e9000-7f12866e8000 ---p 0001b000 08:05 787915                     /usr/lib/x86_64-linux-gnu/libxcb.so.1.1.0
7f12866e8000-7f12866e9000 r--p 0001a000 08:05 787915                     /usr/lib/x86_64-linux-gnu/libxcb.so.1.1.0
7f12866e9000-7f12866ea000 rw-p 0001b000 08:05 787915                     /usr/lib/x86_64-linux-gnu/libxcb.so.1.1.0
7f12866ea000-7f12866ec000 r-xp 00000000 08:05 788461                     /usr/lib/x86_64-linux-gnu/libXinerama.so.1.0.0
7f12866ec000-7f12868eb000 ---p 00002000 08:05 788461                     /usr/lib/x86_64-linux-gnu/libXinerama.so.1.0.0
7f12868eb000-7f12868ec000 r--p 00001000 08:05 788461                     /usr/lib/x86_64-linux-gnu/libXinerama.so.1.0.0
7f12868ec000-7f12868ed000 rw-p 00002000 08:05 788461                     /usr/lib/x86_64-linux-gnu/libXinerama.so.1.0.0
7f12868ed000-7f12868f2000 r-xp 00000000 08:05 788230                     /usr/lib/x86_64-linux-gnu/libXxf86vm.so.1.0.0
7f12868f2000-7f1286af1000 ---p 00005000 08:05 788230                     /usr/lib/x86_64-linux-gnu/libXxf86vm.so.1.0.0
7f1286af1000-7f1286af2000 r--p 00004000 08:05 788230                     /usr/lib/x86_64-linux-gnu/libXxf86vm.so.1.0.0
7f1286af2000-7f1286af3000 rw-p 00005000 08:05 788230                     /usr/lib/x86_64-linux-gnu/libXxf86vm.so.1.0.0
7f1286af3000-7f1286c26000 r-xp 00000000 08:05 785324                     /usr/lib/x86_64-linux-gnu/libX11.so.6.3.0
7f1286c26000-7f1286e26000 ---p 00133000 08:05 785324                     /usr/lib/x86_64-linux-gnu/libX11.so.6.3.0
7f1286e26000-7f1286e27000 r--p 00133000 08:05 785324                     /usr/lib/x86_64-linux-gnu/libX11.so.6.3.0
7f1286e27000-7f1286e2b000 rw-p 00134000 08:05 785324                     /usr/lib/x86_64-linux-gnu/libX11.so.6.3.0
7f1286e2b000-7f1286e2c000 r--s 00000000 08:05 396779                     /var/cache/fontconfig/4794a0821666d79190d59a36cb4f44b5-le64.cache-3
7f1286e2c000-7f1286e38000 r--s 00000000 08:06 1101662                    /home/jan/.fontconfig/eb6d1a21532c7d5178ca66d9443d4aef-le64.cache-3
7f1286e38000-7f1286e3c000 r--s 00000000 08:05 409147                     /var/cache/fontconfig/7ef2298fde41cc6eeb7af42e48b7d293-le64.cache-3
7f1286e3c000-7f1286e50000 r--s 00000000 08:05 415953                     /var/cache/fontconfig/865f88548240fee46819705c6468c165-le64.cache-3
7f1286e50000-7f1286e55000 r-xp 00000000 08:06 267447                     /home/jan/development/projects/YogularmInfinite/desktop/lib/jogl/linux-amd64/libnativewindow_x11.so
7f1286e55000-7f1287054000 ---p 00005000 08:06 267447                     /home/jan/development/projects/YogularmInfinite/desktop/lib/jogl/linux-amd64/libnativewindow_x11.so
7f1287054000-7f1287055000 r--p 00004000 08:06 267447                     /home/jan/development/projects/YogularmInfinite/desktop/lib/jogl/linux-amd64/libnativewindow_x11.so
7f1287055000-7f1287056000 rw-p 00005000 08:06 267447                     /home/jan/development/projects/YogularmInfinite/desktop/lib/jogl/linux-amd64/libnativewindow_x11.so
7f1287056000-7f1287057000 r-xp 00000000 08:06 267442                     /home/jan/development/projects/YogularmInfinite/desktop/lib/jogl/linux-amd64/libgluegen-rt.so
7f1287057000-7f1287257000 ---p 00001000 08:06 267442                     /home/jan/development/projects/YogularmInfinite/desktop/lib/jogl/linux-amd64/libgluegen-rt.so
7f1287257000-7f1287258000 r--p 00001000 08:06 267442                     /home/jan/development/projects/YogularmInfinite/desktop/lib/jogl/linux-amd64/libgluegen-rt.so
7f1287258000-7f1287259000 rw-p 00002000 08:06 267442                     /home/jan/development/projects/YogularmInfinite/desktop/lib/jogl/linux-amd64/libgluegen-rt.so
7f1287259000-7f128725d000 r--s 00028000 08:06 267440                     /home/jan/development/projects/YogularmInfinite/desktop/lib/jogl/jar/newt.all.jar
7f128725d000-7f128725e000 ---p 00000000 00:00 0 
7f128725e000-7f128735e000 rw-p 00000000 00:00 0 
7f128735e000-7f1287361000 ---p 00000000 00:00 0 
7f1287361000-7f128745f000 rw-p 00000000 00:00 0 
7f128745f000-7f1287462000 ---p 00000000 00:00 0 
7f1287462000-7f1287560000 rw-p 00000000 00:00 0 
7f1287560000-7f1287563000 ---p 00000000 00:00 0 
7f1287563000-7f1287661000 rw-p 00000000 00:00 0 
7f1287661000-7f1287664000 ---p 00000000 00:00 0 
7f1287664000-7f1287762000 rw-p 00000000 00:00 0 
7f1287762000-7f1287765000 ---p 00000000 00:00 0 
7f1287765000-7f1287863000 rw-p 00000000 00:00 0 
7f1287863000-7f1287866000 ---p 00000000 00:00 0 
7f1287866000-7f1287964000 rw-p 00000000 00:00 0 
7f1287964000-7f1287968000 r-xp 00000000 08:05 831018                     /usr/lib/jvm/java-6-openjdk/jre/lib/amd64/libdt_socket.so
7f1287968000-7f1287b67000 ---p 00004000 08:05 831018                     /usr/lib/jvm/java-6-openjdk/jre/lib/amd64/libdt_socket.so
7f1287b67000-7f1287b68000 r--p 00003000 08:05 831018                     /usr/lib/jvm/java-6-openjdk/jre/lib/amd64/libdt_socket.so
7f1287b68000-7f1287b69000 rw-p 00004000 08:05 831018                     /usr/lib/jvm/java-6-openjdk/jre/lib/amd64/libdt_socket.so
7f1287b69000-7f1287b6c000 ---p 00000000 00:00 0 
7f1287b6c000-7f1287c6a000 rw-p 00000000 00:00 0 
7f1287c6a000-7f1287c6d000 ---p 00000000 00:00 0 
7f1287c6d000-7f1287d6b000 rw-p 00000000 00:00 0 
7f1287d6b000-7f1287d6e000 ---p 00000000 00:00 0 
7f1287d6e000-7f1287e6c000 rw-p 00000000 00:00 0 
7f1287e6c000-7f1287e6d000 ---p 00000000 00:00 0 
7f1287e6d000-7f12882a3000 rw-p 00000000 00:00 0 
7f12882a3000-7f1288433000 r--s 037ba000 08:05 831054                     /usr/lib/jvm/java-6-openjdk/jre/lib/rt.jar
7f1288433000-7f128845b000 rw-p 00000000 00:00 0 
7f128845b000-7f128845c000 ---p 00000000 00:00 0 
7f128845c000-7f128855c000 rw-p 00000000 00:00 0 
7f128855c000-7f128855d000 ---p 00000000 00:00 0 
7f128855d000-7f128866a000 rw-p 00000000 00:00 0 
7f128866a000-7f12886b0000 rw-p 00000000 00:00 0 
7f12886b0000-7f12886d0000 rw-p 00000000 00:00 0 
7f12886d0000-7f12888a3000 rw-p 00000000 00:00 0 
7f12888a3000-7f12888b0000 rw-p 00000000 00:00 0 
7f12888b0000-7f12888f6000 rw-p 00000000 00:00 0 
7f12888f6000-7f1288916000 rw-p 00000000 00:00 0 
7f1288916000-7f1288ae8000 rw-p 00000000 00:00 0 
7f1288ae8000-7f1288afa000 rw-p 00000000 00:00 0 
7f1288afa000-7f1288b06000 ---p 00000000 00:00 0 
7f1288b06000-7f1288be2000 rw-p 00000000 00:00 0 
7f1288be2000-7f1288be3000 rw-p 00000000 00:00 0 
7f1288be3000-7f1288e93000 rwxp 00000000 00:00 0 
7f1288e93000-7f128bbe3000 rw-p 00000000 00:00 0 
7f128bbe3000-7f128bbea000 r-xp 00000000 08:05 831041                     /usr/lib/jvm/java-6-openjdk/jre/lib/amd64/libzip.so
7f128bbea000-7f128bde9000 ---p 00007000 08:05 831041                     /usr/lib/jvm/java-6-openjdk/jre/lib/amd64/libzip.so
7f128bde9000-7f128bdea000 r--p 00006000 08:05 831041                     /usr/lib/jvm/java-6-openjdk/jre/lib/amd64/libzip.so
7f128bdea000-7f128bdeb000 rw-p 00007000 08:05 831041                     /usr/lib/jvm/java-6-openjdk/jre/lib/amd64/libzip.so
7f128bdeb000-7f128bdf7000 r-xp 00000000 08:05 651983                     /lib/x86_64-linux-gnu/libnss_files-2.13.so
7f128bdf7000-7f128bff6000 ---p 0000c000 08:05 651983                     /lib/x86_64-linux-gnu/libnss_files-2.13.so
7f128bff6000-7f128bff7000 r--p 0000b000 08:05 651983                     /lib/x86_64-linux-gnu/libnss_files-2.13.so
7f128bff7000-7f128bff8000 rw-p 0000c000 08:05 651983                     /lib/x86_64-linux-gnu/libnss_files-2.13.so
7f128bff8000-7f128c002000 r-xp 00000000 08:05 651985                     /lib/x86_64-linux-gnu/libnss_nis-2.13.so
7f128c002000-7f128c202000 ---p 0000a000 08:05 651985                     /lib/x86_64-linux-gnu/libnss_nis-2.13.so
7f128c202000-7f128c203000 r--p 0000a000 08:05 651985                     /lib/x86_64-linux-gnu/libnss_nis-2.13.so
7f128c203000-7f128c204000 rw-p 0000b000 08:05 651985                     /lib/x86_64-linux-gnu/libnss_nis-2.13.so
7f128c204000-7f128c21b000 r-xp 00000000 08:05 651980                     /lib/x86_64-linux-gnu/libnsl-2.13.so
7f128c21b000-7f128c41a000 ---p 00017000 08:05 651980                     /lib/x86_64-linux-gnu/libnsl-2.13.so
7f128c41a000-7f128c41b000 r--p 00016000 08:05 651980                     /lib/x86_64-linux-gnu/libnsl-2.13.so
7f128c41b000-7f128c41c000 rw-p 00017000 08:05 651980                     /lib/x86_64-linux-gnu/libnsl-2.13.so
7f128c41c000-7f128c41e000 rw-p 00000000 00:00 0 
7f128c41e000-7f128c426000 r-xp 00000000 08:05 651981                     /lib/x86_64-linux-gnu/libnss_compat-2.13.so
7f128c426000-7f128c625000 ---p 00008000 08:05 651981                     /lib/x86_64-linux-gnu/libnss_compat-2.13.so
7f128c625000-7f128c626000 r--p 00007000 08:05 651981                     /lib/x86_64-linux-gnu/libnss_compat-2.13.so
7f128c626000-7f128c627000 rw-p 00008000 08:05 651981                     /lib/x86_64-linux-gnu/libnss_compat-2.13.so
7f128c627000-7f128ccd0000 r--p 00000000 08:05 790710                     /usr/lib/locale/locale-archive
7f128ccd0000-7f128ccd3000 r-xp 00000000 08:05 831033                     /usr/lib/jvm/java-6-openjdk/jre/lib/amd64/libnpt.so
7f128ccd3000-7f128ced2000 ---p 00003000 08:05 831033                     /usr/lib/jvm/java-6-openjdk/jre/lib/amd64/libnpt.so
7f128ced2000-7f128ced3000 r--p 00002000 08:05 831033                     /usr/lib/jvm/java-6-openjdk/jre/lib/amd64/libnpt.so
7f128ced3000-7f128ced4000 rw-p 00003000 08:05 831033                     /usr/lib/jvm/java-6-openjdk/jre/lib/amd64/libnpt.so
7f128ced4000-7f128cf0e000 r-xp 00000000 08:05 831032                     /usr/lib/jvm/java-6-openjdk/jre/lib/amd64/libjdwp.so
7f128cf0e000-7f128d10d000 ---p 0003a000 08:05 831032                     /usr/lib/jvm/java-6-openjdk/jre/lib/amd64/libjdwp.so
7f128d10d000-7f128d10e000 r--p 00039000 08:05 831032                     /usr/lib/jvm/java-6-openjdk/jre/lib/amd64/libjdwp.so
7f128d10e000-7f128d10f000 rw-p 0003a000 08:05 831032                     /usr/lib/jvm/java-6-openjdk/jre/lib/amd64/libjdwp.so
7f128d10f000-7f128d13b000 r-xp 00000000 08:05 831040                     /usr/lib/jvm/java-6-openjdk/jre/lib/amd64/libjava.so
7f128d13b000-7f128d33a000 ---p 0002c000 08:05 831040                     /usr/lib/jvm/java-6-openjdk/jre/lib/amd64/libjava.so
7f128d33a000-7f128d33b000 r--p 0002b000 08:05 831040                     /usr/lib/jvm/java-6-openjdk/jre/lib/amd64/libjava.so
7f128d33b000-7f128d33e000 rw-p 0002c000 08:05 831040                     /usr/lib/jvm/java-6-openjdk/jre/lib/amd64/libjava.so
7f128d33e000-7f128d34c000 r-xp 00000000 08:05 831026                     /usr/lib/jvm/java-6-openjdk/jre/lib/amd64/libverify.so
7f128d34c000-7f128d54b000 ---p 0000e000 08:05 831026                     /usr/lib/jvm/java-6-openjdk/jre/lib/amd64/libverify.so
7f128d54b000-7f128d54d000 r--p 0000d000 08:05 831026                     /usr/lib/jvm/java-6-openjdk/jre/lib/amd64/libverify.so
7f128d54d000-7f128d54e000 rw-p 0000f000 08:05 831026                     /usr/lib/jvm/java-6-openjdk/jre/lib/amd64/libverify.so
7f128d54e000-7f128d555000 r-xp 00000000 08:05 651990                     /lib/x86_64-linux-gnu/librt-2.13.so
7f128d555000-7f128d754000 ---p 00007000 08:05 651990                     /lib/x86_64-linux-gnu/librt-2.13.so
7f128d754000-7f128d755000 r--p 00006000 08:05 651990                     /lib/x86_64-linux-gnu/librt-2.13.so
7f128d755000-7f128d756000 rw-p 00007000 08:05 651990                     /lib/x86_64-linux-gnu/librt-2.13.so
7f128d756000-7f128d76b000 r-xp 00000000 08:05 655924                     /lib/x86_64-linux-gnu/libgcc_s.so.1
7f128d76b000-7f128d96a000 ---p 00015000 08:05 655924                     /lib/x86_64-linux-gnu/libgcc_s.so.1
7f128d96a000-7f128d96b000 r--p 00014000 08:05 655924                     /lib/x86_64-linux-gnu/libgcc_s.so.1
7f128d96b000-7f128d96c000 rw-p 00015000 08:05 655924                     /lib/x86_64-linux-gnu/libgcc_s.so.1
7f128d96c000-7f128d9ef000 r-xp 00000000 08:05 651978                     /lib/x86_64-linux-gnu/libm-2.13.so
7f128d9ef000-7f128dbee000 ---p 00083000 08:05 651978                     /lib/x86_64-linux-gnu/libm-2.13.so
7f128dbee000-7f128dbef000 r--p 00082000 08:05 651978                     /lib/x86_64-linux-gnu/libm-2.13.so
7f128dbef000-7f128dbf0000 rw-p 00083000 08:05 651978                     /lib/x86_64-linux-gnu/libm-2.13.so
7f128dbf0000-7f128dcd8000 r-xp 00000000 08:05 784919                     /usr/lib/x86_64-linux-gnu/libstdc++.so.6.0.16
7f128dcd8000-7f128ded8000 ---p 000e8000 08:05 784919                     /usr/lib/x86_64-linux-gnu/libstdc++.so.6.0.16
7f128ded8000-7f128dee0000 r--p 000e8000 08:05 784919                     /usr/lib/x86_64-linux-gnu/libstdc++.so.6.0.16
7f128dee0000-7f128dee2000 rw-p 000f0000 08:05 784919                     /usr/lib/x86_64-linux-gnu/libstdc++.so.6.0.16
7f128dee2000-7f128def7000 rw-p 00000000 00:00 0 
7f128def7000-7f128e7fa000 r-xp 00000000 08:05 831043                     /usr/lib/jvm/java-6-openjdk/jre/lib/amd64/server/libjvm.so
7f128e7fa000-7f128e9f9000 ---p 00903000 08:05 831043                     /usr/lib/jvm/java-6-openjdk/jre/lib/amd64/server/libjvm.so
7f128e9f9000-7f128ea7a000 r--p 00902000 08:05 831043                     /usr/lib/jvm/java-6-openjdk/jre/lib/amd64/server/libjvm.so
7f128ea7a000-7f128ea95000 rw-p 00983000 08:05 831043                     /usr/lib/jvm/java-6-openjdk/jre/lib/amd64/server/libjvm.so
7f128ea95000-7f128eabe000 rw-p 00000000 00:00 0 
7f128eabe000-7f128ead5000 r-xp 00000000 08:05 656017                     /lib/x86_64-linux-gnu/libz.so.1.2.3.4
7f128ead5000-7f128ecd4000 ---p 00017000 08:05 656017                     /lib/x86_64-linux-gnu/libz.so.1.2.3.4
7f128ecd4000-7f128ecd5000 r--p 00016000 08:05 656017                     /lib/x86_64-linux-gnu/libz.so.1.2.3.4
7f128ecd5000-7f128ecd6000 rw-p 00017000 08:05 656017                     /lib/x86_64-linux-gnu/libz.so.1.2.3.4
7f128ecd6000-7f128ee6d000 r-xp 00000000 08:05 651974                     /lib/x86_64-linux-gnu/libc-2.13.so
7f128ee6d000-7f128f06c000 ---p 00197000 08:05 651974                     /lib/x86_64-linux-gnu/libc-2.13.so
7f128f06c000-7f128f070000 r--p 00196000 08:05 651974                     /lib/x86_64-linux-gnu/libc-2.13.so
7f128f070000-7f128f071000 rw-p 0019a000 08:05 651974                     /lib/x86_64-linux-gnu/libc-2.13.so
7f128f071000-7f128f077000 rw-p 00000000 00:00 0 
7f128f077000-7f128f079000 r-xp 00000000 08:05 651977                     /lib/x86_64-linux-gnu/libdl-2.13.so
7f128f079000-7f128f279000 ---p 00002000 08:05 651977                     /lib/x86_64-linux-gnu/libdl-2.13.so
7f128f279000-7f128f27a000 r--p 00002000 08:05 651977                     /lib/x86_64-linux-gnu/libdl-2.13.so
7f128f27a000-7f128f27b000 rw-p 00003000 08:05 651977                     /lib/x86_64-linux-gnu/libdl-2.13.so
7f128f27b000-7f128f27f000 r-xp 00000000 08:05 831024                     /usr/lib/jvm/java-6-openjdk/jre/lib/amd64/jli/libjli.so
7f128f27f000-7f128f47e000 ---p 00004000 08:05 831024                     /usr/lib/jvm/java-6-openjdk/jre/lib/amd64/jli/libjli.so
7f128f47e000-7f128f47f000 r--p 00003000 08:05 831024                     /usr/lib/jvm/java-6-openjdk/jre/lib/amd64/jli/libjli.so
7f128f47f000-7f128f480000 rw-p 00004000 08:05 831024                     /usr/lib/jvm/java-6-openjdk/jre/lib/amd64/jli/libjli.so
7f128f480000-7f128f498000 r-xp 00000000 08:05 651988                     /lib/x86_64-linux-gnu/libpthread-2.13.so
7f128f498000-7f128f697000 ---p 00018000 08:05 651988                     /lib/x86_64-linux-gnu/libpthread-2.13.so
7f128f697000-7f128f698000 r--p 00017000 08:05 651988                     /lib/x86_64-linux-gnu/libpthread-2.13.so
7f128f698000-7f128f699000 rw-p 00018000 08:05 651988                     /lib/x86_64-linux-gnu/libpthread-2.13.so
7f128f699000-7f128f69d000 rw-p 00000000 00:00 0 
7f128f69d000-7f128f6be000 r-xp 00000000 08:05 651969                     /lib/x86_64-linux-gnu/ld-2.13.so
7f128f6be000-7f128f6bf000 r--p 00000000 00:00 0 
7f128f6bf000-7f128f6c3000 r--s 0001c000 08:06 267434                     /home/jan/development/projects/YogularmInfinite/desktop/lib/jogl/jar/nativewindow.all.jar
7f128f6c3000-7f128f6d0000 r--s 00242000 08:06 267428                     /home/jan/development/projects/YogularmInfinite/desktop/lib/jogl/jar/jogl.all.jar
7f128f6d0000-7f128f6db000 rw-p 00000000 00:00 0 
7f128f6db000-7f128f790000 rw-p 00000000 00:00 0 
7f128f790000-7f128f793000 ---p 00000000 00:00 0 
7f128f793000-7f128f896000 rw-p 00000000 00:00 0 
7f128f896000-7f128f899000 r--s 00018000 08:06 267422                     /home/jan/development/projects/YogularmInfinite/desktop/lib/jogl/jar/gluegen-rt.jar
7f128f899000-7f128f89c000 r--s 0007d000 08:05 831005                     /usr/lib/jvm/java-6-openjdk/jre/lib/jsse.jar
7f128f89c000-7f128f89e000 r--s 00007000 08:05 931157                     /usr/share/java/hamcrest-core-1.1.jar
7f128f89e000-7f128f8a0000 r--s 00007000 08:05 931157                     /usr/share/java/hamcrest-core-1.1.jar
7f128f8a0000-7f128f8a7000 r--s 00030000 08:05 931165                     /usr/share/java/junit4-4.8.2.jar
7f128f8a7000-7f128f8a9000 r--s 0000f000 08:05 830994                     /usr/lib/jvm/java-6-openjdk/jre/lib/ext/pulse-java.jar
7f128f8a9000-7f128f8b1000 r--s 00066000 08:05 930814                     /usr/share/java/gnome-java-bridge.jar
7f128f8b1000-7f128f8b9000 rw-s 00000000 08:05 669156                     /tmp/hsperfdata_jan/9533
7f128f8b9000-7f128f8ba000 rw-p 00000000 00:00 0 
7f128f8ba000-7f128f8bb000 r--p 00000000 00:00 0 
7f128f8bb000-7f128f8bd000 rw-p 00000000 00:00 0 
7f128f8bd000-7f128f8be000 r--p 00020000 08:05 651969                     /lib/x86_64-linux-gnu/ld-2.13.so
7f128f8be000-7f128f8c0000 rw-p 00021000 08:05 651969                     /lib/x86_64-linux-gnu/ld-2.13.so
7fff40565000-7fff40586000 rw-p 00000000 00:00 0                          [stack]
7fff405d7000-7fff405d8000 r-xp 00000000 00:00 0                          [vdso]
ffffffffff600000-ffffffffff601000 r-xp 00000000 00:00 0                  [vsyscall]

VM Arguments:
jvm_args: -agentlib:jdwp=transport=dt_socket,suspend=y,address=localhost:36017 -Djava.library.path=/home/jan/development/projects/YogularmInfinite/desktop/lib/jogl/windows-amd64:/home/jan/development/projects/YogularmInfinite/desktop/lib/jogl/linux-amd64 -Dfile.encoding=UTF-8 
java_command: de.yogularm.desktop.SwingLauncher
Launcher Type: SUN_STANDARD

Environment Variables:
JAVA_HOME=/usr/lib/jvm/java-6-openjdk
CLASSPATH=.:/usr/lib/jvm/java-6-openjdk/bin:/usr/share/tomcat7/lib/servlet-api.jar:/usr/share/tomcat7/lib/tomcat-coyote.jar:/usr/share/tomcat7/lib/tomcat-util.jar:/usr/share/tomcat7/bin/tomcat-juli.jar
PATH=/usr/local/sbin:/usr/local/bin:/usr/sbin:/usr/bin:/sbin:/bin:/usr/games
LD_LIBRARY_PATH=/usr/lib/jvm/java-6-openjdk/jre/lib/amd64/server:/usr/lib/jvm/java-6-openjdk/jre/lib/amd64:/usr/lib/jvm/java-6-openjdk/jre/../lib/amd64
SHELL=/bin/bash
DISPLAY=:0

Signal Handlers:
SIGSEGV: [libjvm.so+0x783e60], sa_mask[0]=0x7ffbfeff, sa_flags=0x10000004
SIGBUS: [libjvm.so+0x783e60], sa_mask[0]=0x7ffbfeff, sa_flags=0x10000004
SIGFPE: [libjvm.so+0x6485c0], sa_mask[0]=0x7ffbfeff, sa_flags=0x10000004
SIGPIPE: [libjvm.so+0x6485c0], sa_mask[0]=0x7ffbfeff, sa_flags=0x10000004
SIGXFSZ: [libjvm.so+0x6485c0], sa_mask[0]=0x7ffbfeff, sa_flags=0x10000004
SIGILL: [libjvm.so+0x6485c0], sa_mask[0]=0x7ffbfeff, sa_flags=0x10000004
SIGUSR1: SIG_DFL, sa_mask[0]=0x00000000, sa_flags=0x00000000
SIGUSR2: [libjvm.so+0x648770], sa_mask[0]=0x00000004, sa_flags=0x10000004
SIGHUP: [libjvm.so+0x64b280], sa_mask[0]=0x7ffbfeff, sa_flags=0x10000004
SIGINT: [libjvm.so+0x64b280], sa_mask[0]=0x7ffbfeff, sa_flags=0x10000004
SIGTERM: [libjvm.so+0x64b280], sa_mask[0]=0x7ffbfeff, sa_flags=0x10000004
SIGQUIT: [libjvm.so+0x64b280], sa_mask[0]=0x7ffbfeff, sa_flags=0x10000004


---------------  S Y S T E M  ---------------

OS:Ubuntu 11.10 (oneiric)
uname:Linux 3.0.0-17-generic #30-Ubuntu SMP Thu Mar 8 20:45:39 UTC 2012 x86_64
libc:glibc 2.13 NPTL 2.13 
rlimit: STACK 8192k, CORE 0k, NPROC 47157, NOFILE 4096, AS infinity
load average:0.10 0.19 0.31

/proc/meminfo:
MemTotal:        6125608 kB
MemFree:          165992 kB
Buffers:         1111628 kB
Cached:          1448240 kB
SwapCached:            0 kB
Active:          4068216 kB
Inactive:        1383956 kB
Active(anon):    2892364 kB
Inactive(anon):    28176 kB
Active(file):    1175852 kB
Inactive(file):  1355780 kB
Unevictable:           0 kB
Mlocked:               0 kB
SwapTotal:             0 kB
SwapFree:              0 kB
Dirty:               324 kB
Writeback:             0 kB
AnonPages:       2892340 kB
Mapped:           266424 kB
Shmem:             28192 kB
Slab:             334808 kB
SReclaimable:     212552 kB
SUnreclaim:       122256 kB
KernelStack:        3992 kB
PageTables:        38568 kB
NFS_Unstable:          0 kB
Bounce:                0 kB
WritebackTmp:          0 kB
CommitLimit:     3062804 kB
Committed_AS:    5271564 kB
VmallocTotal:   34359738367 kB
VmallocUsed:      338248 kB
VmallocChunk:   34359397372 kB
HardwareCorrupted:     0 kB
AnonHugePages:         0 kB
HugePages_Total:       0
HugePages_Free:        0
HugePages_Rsvd:        0
HugePages_Surp:        0
Hugepagesize:       2048 kB
DirectMap4k:      321280 kB
DirectMap2M:     5969920 kB


CPU:total 2 (2 cores per cpu, 1 threads per core) family 15 model 107 stepping 2, cmov, cx8, fxsr, mmx, sse, sse2, sse3, mmxext, 3dnow, 3dnowext

Memory: 4k page, physical 6125608k(165992k free), swap 0k(0k free)

vm_info: OpenJDK 64-Bit Server VM (20.0-b11) for linux-amd64 JRE (1.6.0_23-b23), built on Feb 23 2012 05:39:46 by "buildd" with gcc 4.6.1

time: Sat Mar 31 22:41:34 2012
elapsed time: 134 seconds

