#
# A fatal error has been detected by the Java Runtime Environment:
#
#  SIGSEGV (0xb) at pc=0x00007f2fc640ddfa, pid=22102, tid=139843175503616
#
# JRE version: 6.0_23-b23
# Java VM: OpenJDK 64-Bit Server VM (20.0-b11 mixed mode linux-amd64 compressed oops)
# Derivative: IcedTea6 1.11pre
# Distribution: Ubuntu 11.10, package 6b23~pre11-0ubuntu1.11.10.2
# Problematic frame:
# C  [libGL.so.1+0x7cdfa]  glXCreateWindow+0xb5ea
#
# If you would like to submit a bug report, please include
# instructions how to reproduce the bug and visit:
#   https://bugs.launchpad.net/ubuntu/+source/openjdk-6/
# The crash happened outside the Java Virtual Machine in native code.
# See problematic frame for where to report the bug.
#

---------------  T H R E A D  ---------------

Current thread (0x00007f2fc8345000):  JavaThread "AWT-EventQueue-0" [_thread_in_native, id=22138, stack(0x00007f2fc6bcd000,0x00007f2fc6cce000)]

siginfo:si_signo=SIGSEGV: si_errno=0, si_code=1 (SEGV_MAPERR), si_addr=0x0000000041f12000

Registers:
RAX=0x0000000041f12000, RBX=0x0000000000000000, RCX=0x0000000000000001, RDX=0x00007f2fc81a1501
RSP=0x00007f2fc6ccbc70, RBP=0x0000000000ddcc98, RSI=0x00007f2fc668b3e0, RDI=0x00007f2fc666f020
R8 =0x00007f2fc668c1a0, R9 =0x000000000000567a, R10=0x00007f2fcf47caee, R11=0x0000000000000206
R12=0x00007f2fc666f020, R13=0x00007f2fc80894d0, R14=0x00007f2fc640c250, R15=0x0000000005a00010
RIP=0x00007f2fc640ddfa, EFLAGS=0x0000000000010202, CSGSFS=0x0000000000000033, ERR=0x0000000000000004
  TRAPNO=0x000000000000000e

Top of Stack: (sp=0x00007f2fc6ccbc70)
0x00007f2fc6ccbc70:   00007f2fc6ccbd40 00000001c6ccbc80
0x00007f2fc6ccbc80:   0000000005a00010 00007f2fc8093a58
0x00007f2fc6ccbc90:   0000000100000001 0000000000000000
0x00007f2fc6ccbca0:   0000000000000030 00007f2fcd1b3d8c
0x00007f2fc6ccbcb0:   00000000a2f6dd10 00000000e0db5648
0x00007f2fc6ccbcc0:   00007f2fc6ccbcf0 00007f2fcd4f455f
0x00007f2fc6ccbcd0:   00007f2fc6ccbd10 00007f2fc83451d0
0x00007f2fc6ccbce0:   00000001c8345000 0000000005a00010
0x00007f2fc6ccbcf0:   00007f2fc6ccbd70 0000000000000000
0x00007f2fc6ccbd00:   0000000000000001 00007f2fc6ccbdb8
0x00007f2fc6ccbd10:   00007f2fc8345000 00007f2fc3f023c1
0x00007f2fc6ccbd20:   0000000000ddcc98 0000000005a00010
0x00007f2fc6ccbd30:   0000000005a00010 00007f2fc80894d0
0x00007f2fc6ccbd40:   00007f2fc6ccbdb8 00007f2fc83451d0
0x00007f2fc6ccbd50:   00007f2fc63ff6d0 00007f2fc63fb920
0x00007f2fc6ccbd60:   00007f2fc6ccbdc0 00000000e0db5648
0x00007f2fc6ccbd70:   00007f2fc6ccbdd0 00007f2fcf47cb68
0x00007f2fc6ccbd80:   00007f2fc63ff6d0 00007f2fcf496a91
0x00007f2fc6ccbd90:   00000000986109c8 00007f2fcf45a25c
0x00007f2fc6ccbda0:   00000001a283e460 00000000a283e460
0x00007f2fc6ccbdb0:   0000000000000001 0000000098ca9678
0x00007f2fc6ccbdc0:   0000000000000001 00000000a2cbdbc0
0x00007f2fc6ccbdd0:   00000000982392d0 00007f2fcf4b97dc
0x00007f2fc6ccbde0:   00000000a2cc9b58 0000000000000000
0x00007f2fc6ccbdf0:   00000000a2cc9b58 00007f2fc80894d0
0x00007f2fc6ccbe00:   0000000000000003 00000000e0db5480
0x00007f2fc6ccbe10:   0000000000000002 0000000000ddcc98
0x00007f2fc6ccbe20:   00007f2fc63ff6d0 0000000005a00010
0x00007f2fc6ccbe30:   0000000005a00010 00007f2fc8345828
0x00007f2fc6ccbe40:   0000000000000009 00007f2fd5b342a4
0x00007f2fc6ccbe50:   0000000000000003 00007f2fcf4d2250
0x00007f2fc6ccbe60:   00007f2f00000000 00007f2fc8345000 

Instructions: (pc=0x00007f2fc640ddfa)
0x00007f2fc640ddda:   8b 8d 7c 09 00 00 85 c9 0f 95 c2 4d 85 ff 0f 95
0x00007f2fc640ddea:   c0 84 c2 74 21 48 8b 85 c0 09 00 00 48 8b 40 40
0x00007f2fc640ddfa:   48 8b 00 f7 80 54 f7 03 00 00 00 01 5e 0f 85 92
0x00007f2fc640de0a:   04 00 00 0f 1f 00 4d 85 f6 0f 84 67 01 00 00 31 

Register to memory mapping:

RAX=0x0000000041f12000 is an unknown value
RBX=0x0000000000000000 is an unknown value
RCX=0x0000000000000001 is an unknown value
RDX=0x00007f2fc81a1501 is an unknown value
RSP=0x00007f2fc6ccbc70 is pointing into the stack for thread: 0x00007f2fc8345000
RBP=0x0000000000ddcc98 is an unknown value
RSI=0x00007f2fc668b3e0: <offset 0x2fa3e0> in /usr/lib/nvidia-current/libGL.so.1 at 0x00007f2fc6391000
RDI=0x00007f2fc666f020: <offset 0x2de020> in /usr/lib/nvidia-current/libGL.so.1 at 0x00007f2fc6391000
R8 =0x00007f2fc668c1a0: <offset 0x2fb1a0> in /usr/lib/nvidia-current/libGL.so.1 at 0x00007f2fc6391000
R9 =0x000000000000567a is an unknown value
R10=0x00007f2fcf47c910 [CodeBlob (0x00007f2fcf47c910)]
Framesize: 12
R11=0x0000000000000206 is an unknown value
R12=0x00007f2fc666f020: <offset 0x2de020> in /usr/lib/nvidia-current/libGL.so.1 at 0x00007f2fc6391000
R13=0x00007f2fc80894d0 is an unknown value
R14=0x00007f2fc640c250: <offset 0x7b250> in /usr/lib/nvidia-current/libGL.so.1 at 0x00007f2fc6391000
R15=0x0000000005a00010 is an unknown value


Stack: [0x00007f2fc6bcd000,0x00007f2fc6cce000],  sp=0x00007f2fc6ccbc70,  free space=1019k
Native frames: (J=compiled Java code, j=interpreted, Vv=VM code, C=native code)
C  [libGL.so.1+0x7cdfa]  glXCreateWindow+0xb5ea

Java frames: (J=compiled Java code, j=interpreted, Vv=VM code)
J  jogamp.opengl.x11.glx.GLX.dispatch_glXMakeContextCurrent1(JJJJJ)Z
J  jogamp.opengl.x11.glx.X11GLXContext.makeCurrentImpl(Z)V
J  jogamp.opengl.GLDrawableHelper.invokeGL(Ljavax/media/opengl/GLDrawable;Ljavax/media/opengl/GLContext;Ljava/lang/Runnable;Ljava/lang/Runnable;)V
J  java.awt.event.InvocationEvent.dispatch()V
J  java.awt.EventQueue.access$000(Ljava/awt/EventQueue;Ljava/awt/AWTEvent;Ljava/lang/Object;)V
J  java.awt.EventQueue$1.run()Ljava/lang/Object;
v  ~StubRoutines::call_stub
J  java.security.AccessController.doPrivileged(Ljava/security/PrivilegedAction;Ljava/security/AccessControlContext;)Ljava/lang/Object;
J  java.awt.EventDispatchThread.pumpOneEventForFilters(I)Z
J  java.awt.EventDispatchThread.pumpEventsForFilter(ILjava/awt/Conditional;Ljava/awt/EventFilter;)V
j  java.awt.EventDispatchThread.pumpEventsForHierarchy(ILjava/awt/Conditional;Ljava/awt/Component;)V+11
j  java.awt.EventDispatchThread.pumpEvents(ILjava/awt/Conditional;)V+4
j  java.awt.EventDispatchThread.pumpEvents(Ljava/awt/Conditional;)V+3
j  java.awt.EventDispatchThread.run()V+9
v  ~StubRoutines::call_stub

---------------  P R O C E S S  ---------------

Java Threads: ( => current thread )
  0x0000000000ddd000 JavaThread "Thread-1" [_thread_blocked, id=22419, stack(0x00007f2fc1739000,0x00007f2fc183a000)]
  0x00000000006ef000 JavaThread "SIGTERM handler" daemon [_thread_blocked, id=22416, stack(0x00007f2fcdd0a000,0x00007f2fcde0b000)]
  0x00000000009b3000 JavaThread "TimerQueue" daemon [_thread_blocked, id=22142, stack(0x00007f2fc183a000,0x00007f2fc193b000)]
  0x00007f2fc83bf000 JavaThread "DestroyJavaVM" [_thread_blocked, id=22108, stack(0x00007f2fd5e39000,0x00007f2fd5f3a000)]
  0x00007f2fc83be800 JavaThread "Timer-0" [_thread_blocked, id=22141, stack(0x00007f2fc32ce000,0x00007f2fc33cf000)]
=>0x00007f2fc8345000 JavaThread "AWT-EventQueue-0" [_thread_in_native, id=22138, stack(0x00007f2fc6bcd000,0x00007f2fc6cce000)]
  0x00007f2fc8369800 JavaThread "AWT-Shutdown" [_thread_blocked, id=22137, stack(0x00007f2fc66c7000,0x00007f2fc67c8000)]
  0x00007f2fc8259800 JavaThread "main-SharedResourceRunner" daemon [_thread_in_native, id=22136, stack(0x00007f2fc6290000,0x00007f2fc6391000)]
  0x000000000084c800 JavaThread "AWT-XAWT" daemon [_thread_blocked, id=22129, stack(0x00007f2fc6fad000,0x00007f2fc70ae000)]
  0x00007f2fc80bf000 JavaThread "Java2D Disposer" daemon [_thread_blocked, id=22128, stack(0x00007f2fc740a000,0x00007f2fc750b000)]
  0x0000000000705000 JavaThread "Low Memory Detector" daemon [_thread_blocked, id=22124, stack(0x00007f2fcda07000,0x00007f2fcdb08000)]
  0x0000000000700000 JavaThread "C2 CompilerThread1" daemon [_thread_blocked, id=22123, stack(0x00007f2fcdb08000,0x00007f2fcdc09000)]
  0x00000000006fc800 JavaThread "C2 CompilerThread0" daemon [_thread_blocked, id=22122, stack(0x00007f2fcdc09000,0x00007f2fcdd0a000)]
  0x00000000006ec800 JavaThread "JDWP Event Helper Thread" daemon [_thread_blocked, id=22119, stack(0x00007f2fcde0b000,0x00007f2fcdf0c000)]
  0x00000000006e9000 JavaThread "JDWP Transport Listener: dt_socket" daemon [_thread_in_native, id=22116, stack(0x00007f2fcdf0c000,0x00007f2fce00d000)]
  0x00000000006dd800 JavaThread "Signal Dispatcher" daemon [_thread_blocked, id=22114, stack(0x00007f2fce212000,0x00007f2fce313000)]
  0x00000000006ba000 JavaThread "Finalizer" daemon [_thread_blocked, id=22113, stack(0x00007f2fce313000,0x00007f2fce414000)]
  0x00000000006b8000 JavaThread "Reference Handler" daemon [_thread_blocked, id=22112, stack(0x00007f2fce414000,0x00007f2fce515000)]

Other Threads:
  0x00000000006b1000 VMThread [stack: 0x00007f2fce515000,0x00007f2fce616000] [id=22111]
  0x0000000000707800 WatcherThread [stack: 0x00007f2fcd906000,0x00007f2fcda07000] [id=22125]

VM state:not at safepoint (normal execution)

VM Mutex/Monitor currently owned by a thread: None

Heap
 PSYoungGen      total 22080K, used 1266K [0x00000000e0d60000, 0x00000000e2a20000, 0x0000000100000000)
  eden space 22016K, 5% used [0x00000000e0d60000,0x00000000e0e8cbf0,0x00000000e22e0000)
  from space 64K, 100% used [0x00000000e2360000,0x00000000e2370000,0x00000000e2370000)
  to   space 3712K, 0% used [0x00000000e2680000,0x00000000e2680000,0x00000000e2a20000)
 PSOldGen        total 63872K, used 29955K [0x00000000a2800000, 0x00000000a6660000, 0x00000000e0d60000)
  object space 63872K, 46% used [0x00000000a2800000,0x00000000a4540d40,0x00000000a6660000)
 PSPermGen       total 26560K, used 26257K [0x0000000098200000, 0x0000000099bf0000, 0x00000000a2800000)
  object space 26560K, 98% used [0x0000000098200000,0x0000000099ba4770,0x0000000099bf0000)

Code Cache  [0x00007f2fcf28c000, 0x00007f2fcf5dc000, 0x00007f2fd228c000)
 total_blobs=1593 nmethods=787 adapters=768 free_code_cache=46965120 largest_free_block=21888

Dynamic libraries:
00400000-00409000 r-xp 00000000 08:05 821807                             /usr/lib/jvm/java-6-openjdk/jre/bin/java
00608000-00609000 r--p 00008000 08:05 821807                             /usr/lib/jvm/java-6-openjdk/jre/bin/java
00609000-0060a000 rw-p 00009000 08:05 821807                             /usr/lib/jvm/java-6-openjdk/jre/bin/java
00640000-023d1000 rw-p 00000000 00:00 0                                  [heap]
98200000-99bf0000 rw-p 00000000 00:00 0 
99bf0000-a2800000 rw-p 00000000 00:00 0 
a2800000-a6660000 rw-p 00000000 00:00 0 
a6660000-e0d60000 rw-p 00000000 00:00 0 
e0d60000-e2a20000 rw-p 00000000 00:00 0 
e2a20000-e72a0000 ---p 00000000 00:00 0 
e72a0000-100000000 rw-p 00000000 00:00 0 
7f2fc1537000-7f2fc153a000 ---p 00000000 00:00 0 
7f2fc153a000-7f2fc1638000 rw-p 00000000 00:00 0 
7f2fc1638000-7f2fc163b000 ---p 00000000 00:00 0 
7f2fc163b000-7f2fc1739000 rw-p 00000000 00:00 0 
7f2fc1739000-7f2fc173c000 ---p 00000000 00:00 0 
7f2fc173c000-7f2fc183a000 rw-p 00000000 00:00 0 
7f2fc183a000-7f2fc183d000 ---p 00000000 00:00 0 
7f2fc183d000-7f2fc193b000 rw-p 00000000 00:00 0 
7f2fc193b000-7f2fc1952000 r--s 00000000 08:05 9452                       /usr/share/fonts/type1/gsfonts/n021023l.pfb
7f2fc1952000-7f2fc196b000 r--s 00000000 08:05 9446                       /usr/share/fonts/type1/gsfonts/n021003l.pfb
7f2fc196b000-7f2fc197e000 r--s 00000000 08:05 9443                       /usr/share/fonts/type1/gsfonts/n019064l.pfb
7f2fc197e000-7f2fc1999000 r--s 00000000 08:05 9473                       /usr/share/fonts/type1/gsfonts/p052004l.pfb
7f2fc1999000-7f2fc19b4000 r--s 00000000 08:05 9470                       /usr/share/fonts/type1/gsfonts/p052003l.pfb
7f2fc19b4000-7f2fc19bd000 r--s 00000000 08:05 9482                       /usr/share/fonts/type1/gsfonts/s050000l.pfb
7f2fc19bd000-7f2fc19cf000 r--s 00000000 08:05 9434                       /usr/share/fonts/type1/gsfonts/n019043l.pfb
7f2fc19cf000-7f2fc19e6000 r--s 00000000 08:05 9485                       /usr/share/fonts/type1/gsfonts/z003034l.pfb
7f2fc19e6000-7f2fc19fe000 r--s 00000000 08:05 9458                       /usr/share/fonts/type1/gsfonts/n022003l.pfb
7f2fc19fe000-7f2fc1a12000 r--s 00000000 08:05 9422                       /usr/share/fonts/type1/gsfonts/n019003l.pfb
7f2fc1a12000-7f2fc1a22000 r--s 00000000 08:05 9386                       /usr/share/fonts/type1/gsfonts/a010015l.pfb
7f2fc1a22000-7f2fc1a33000 r--s 00000000 08:05 9392                       /usr/share/fonts/type1/gsfonts/a010035l.pfb
7f2fc1a33000-7f2fc1a4e000 r--s 00000000 08:05 9410                       /usr/share/fonts/type1/gsfonts/c059016l.pfb
7f2fc1a4e000-7f2fc1a6a000 r--s 00000000 08:05 9479                       /usr/share/fonts/type1/gsfonts/p052024l.pfb
7f2fc1a6a000-7f2fc1a80000 r--s 00000000 08:05 9467                       /usr/share/fonts/type1/gsfonts/n022024l.pfb
7f2fc1a80000-7f2fc1a99000 r--s 00000000 08:05 9461                       /usr/share/fonts/type1/gsfonts/n022004l.pfb
7f2fc1a99000-7f2fc1aae000 r--s 00000000 08:05 9401                       /usr/share/fonts/type1/gsfonts/b018032l.pfb
7f2fc1aae000-7f2fc1ac7000 r--s 00000000 08:05 9449                       /usr/share/fonts/type1/gsfonts/n021004l.pfb
7f2fc1ac7000-7f2fc1add000 r--s 00000000 08:05 9455                       /usr/share/fonts/type1/gsfonts/n021024l.pfb
7f2fc1add000-7f2fc1aee000 r--s 00000000 08:05 9440                       /usr/share/fonts/type1/gsfonts/n019063l.pfb
7f2fc1aee000-7f2fc1b00000 r--s 00000000 08:05 9404                       /usr/share/fonts/type1/gsfonts/b018035l.pfb
7f2fc1b00000-7f2fc1b19000 r--s 00000000 08:05 9395                       /usr/share/fonts/type1/gsfonts/b018012l.pfb
7f2fc1b19000-7f2fc1b2a000 r--s 00000000 08:05 9428                       /usr/share/fonts/type1/gsfonts/n019023l.pfb
7f2fc1b2a000-7f2fc1b3c000 r--s 00000000 08:05 9437                       /usr/share/fonts/type1/gsfonts/n019044l.pfb
7f2fc1b3c000-7f2fc1b4c000 r--s 00000000 08:05 9383                       /usr/share/fonts/type1/gsfonts/a010013l.pfb
7f2fc1b4c000-7f2fc1b66000 r--s 00000000 08:05 9407                       /usr/share/fonts/type1/gsfonts/c059013l.pfb
7f2fc1b66000-7f2fc1b7e000 r--s 00000000 08:05 9413                       /usr/share/fonts/type1/gsfonts/c059033l.pfb
7f2fc1b7e000-7f2fc1b91000 r--s 00000000 08:05 9398                       /usr/share/fonts/type1/gsfonts/b018015l.pfb
7f2fc1b91000-7f2fc1ba3000 r--s 00000000 08:05 9425                       /usr/share/fonts/type1/gsfonts/n019004l.pfb
7f2fc1ba3000-7f2fc1baf000 r--s 00000000 08:05 9419                       /usr/share/fonts/type1/gsfonts/d050000l.pfb
7f2fc1baf000-7f2fc1bbf000 r--s 00000000 08:05 9389                       /usr/share/fonts/type1/gsfonts/a010033l.pfb
7f2fc1bbf000-7f2fc1bd5000 r--s 00000000 08:05 9464                       /usr/share/fonts/type1/gsfonts/n022023l.pfb
7f2fc1bd5000-7f2fc1be6000 r--s 00000000 08:05 9431                       /usr/share/fonts/type1/gsfonts/n019024l.pfb
7f2fc1be6000-7f2fc1c01000 r--s 00000000 08:05 9476                       /usr/share/fonts/type1/gsfonts/p052023l.pfb
7f2fc1c01000-7f2fc1c19000 r--s 00000000 08:05 9416                       /usr/share/fonts/type1/gsfonts/c059036l.pfb
7f2fc1c19000-7f2fc1c22000 r--s 00000000 08:05 920243                     /usr/share/fonts/X11/Type1/c0648bt_.pfb
7f2fc1c22000-7f2fc1c2b000 r--s 00000000 08:05 920245                     /usr/share/fonts/X11/Type1/c0649bt_.pfb
7f2fc1c2b000-7f2fc1c35000 r--s 00000000 08:05 920235                     /usr/share/fonts/X11/Type1/c0583bt_.pfb
7f2fc1c35000-7f2fc1c3f000 r--s 00000000 08:05 920233                     /usr/share/fonts/X11/Type1/c0582bt_.pfb
7f2fc1c3f000-7f2fc1c49000 r--s 00000000 08:05 920231                     /usr/share/fonts/X11/Type1/c0419bt_.pfb
7f2fc1c49000-7f2fc1c52000 r--s 00000000 08:05 920241                     /usr/share/fonts/X11/Type1/c0633bt_.pfb
7f2fc1c52000-7f2fc1c5b000 r--s 00000000 08:05 920239                     /usr/share/fonts/X11/Type1/c0632bt_.pfb
7f2fc1c5b000-7f2fc1c65000 r--s 00000000 08:05 920237                     /usr/share/fonts/X11/Type1/c0611bt_.pfb
7f2fc1c65000-7f2fc1c6f000 r--s 00000000 08:05 9488                       /usr/share/fonts/type1/mathml/Symbol.pfb
7f2fc1c6f000-7f2fc1c87000 r--s 00000000 08:05 834794                     /usr/share/texmf/fonts/type1/public/lm/lmss8.pfb
7f2fc1c87000-7f2fc1c8e000 r--s 00000000 08:05 834812                     /usr/share/texmf/fonts/type1/public/lm/lmsy7.pfb
7f2fc1c8e000-7f2fc1caf000 r--s 00000000 08:05 834759                     /usr/share/texmf/fonts/type1/public/lm/lmcsco10.pfb
7f2fc1caf000-7f2fc1ccd000 r--s 00000000 08:05 834832                     /usr/share/texmf/fonts/type1/public/lm/lmvtl10.pfb
7f2fc1ccd000-7f2fc1ce8000 r--s 00000000 08:05 834803                     /usr/share/texmf/fonts/type1/public/lm/lmsso8.pfb
7f2fc1ce8000-7f2fc1d00000 r--s 00000000 08:05 834795                     /usr/share/texmf/fonts/type1/public/lm/lmss9.pfb
7f2fc1d00000-7f2fc1d1d000 r--s 00000000 08:05 834758                     /usr/share/texmf/fonts/type1/public/lm/lmcsc10.pfb
7f2fc1d1d000-7f2fc1d3f000 r--s 00000000 08:05 834757                     /usr/share/texmf/fonts/type1/public/lm/lmbxo10.pfb
7f2fc1d3f000-7f2fc1d59000 r--s 00000000 08:05 834819                     /usr/share/texmf/fonts/type1/public/lm/lmtl10.pfb
7f2fc1d59000-7f2fc1d61000 r--s 00000000 08:05 834769                     /usr/share/texmf/fonts/type1/public/lm/lmmi9.pfb
7f2fc1d61000-7f2fc1d69000 r--s 00000000 08:05 834768                     /usr/share/texmf/fonts/type1/public/lm/lmmi8.pfb
7f2fc1d69000-7f2fc1d84000 r--s 00000000 08:05 834820                     /usr/share/texmf/fonts/type1/public/lm/lmtlc10.pfb
7f2fc1d84000-7f2fc1da1000 r--s 00000000 08:05 834798                     /usr/share/texmf/fonts/type1/public/lm/lmssdc10.pfb
7f2fc1da1000-7f2fc1dc2000 r--s 00000000 08:05 834786                     /usr/share/texmf/fonts/type1/public/lm/lmro10.pfb
7f2fc1dc2000-7f2fc1de4000 r--s 00000000 08:05 834790                     /usr/share/texmf/fonts/type1/public/lm/lmro9.pfb
7f2fc1de4000-7f2fc1e03000 r--s 00000000 08:05 834752                     /usr/share/texmf/fonts/type1/public/lm/lmbx6.pfb
7f2fc1e03000-7f2fc1e0b000 r--s 00000000 08:05 834767                     /usr/share/texmf/fonts/type1/public/lm/lmmi7.pfb
7f2fc1e0b000-7f2fc1e12000 r--s 00000000 08:05 834810                     /usr/share/texmf/fonts/type1/public/lm/lmsy5.pfb
7f2fc1e12000-7f2fc1e2d000 r--s 00000000 08:05 834785                     /usr/share/texmf/fonts/type1/public/lm/lmri9.pfb
7f2fc1e2d000-7f2fc1e48000 r--s 00000000 08:05 834804                     /usr/share/texmf/fonts/type1/public/lm/lmsso9.pfb
7f2fc1e48000-7f2fc1e67000 r--s 00000000 08:05 834755                     /usr/share/texmf/fonts/type1/public/lm/lmbx9.pfb
7f2fc1e67000-7f2fc1e6f000 r--s 00000000 08:05 834765                     /usr/share/texmf/fonts/type1/public/lm/lmmi5.pfb
7f2fc1e6f000-7f2fc1e77000 r--s 00000000 08:05 834764                     /usr/share/texmf/fonts/type1/public/lm/lmmi12.pfb
7f2fc1e77000-7f2fc1e8f000 r--s 00000000 08:05 834791                     /usr/share/texmf/fonts/type1/public/lm/lmss10.pfb
7f2fc1e8f000-7f2fc1e96000 r--s 00000000 08:05 834813                     /usr/share/texmf/fonts/type1/public/lm/lmsy8.pfb
7f2fc1e96000-7f2fc1eb5000 r--s 00000000 08:05 834822                     /usr/share/texmf/fonts/type1/public/lm/lmtlo10.pfb
7f2fc1eb5000-7f2fc1ed4000 r--s 00000000 08:05 834830                     /usr/share/texmf/fonts/type1/public/lm/lmvtk10.pfb
7f2fc1ed4000-7f2fc1ef0000 r--s 00000000 08:05 834783                     /usr/share/texmf/fonts/type1/public/lm/lmri7.pfb
7f2fc1ef0000-7f2fc1f10000 r--s 00000000 08:05 834816                     /usr/share/texmf/fonts/type1/public/lm/lmtcso10.pfb
7f2fc1f10000-7f2fc1f2b000 r--s 00000000 08:05 834802                     /usr/share/texmf/fonts/type1/public/lm/lmsso17.pfb
7f2fc1f2b000-7f2fc1f43000 r--s 00000000 08:05 834793                     /usr/share/texmf/fonts/type1/public/lm/lmss17.pfb
7f2fc1f43000-7f2fc1f62000 r--s 00000000 08:05 834806                     /usr/share/texmf/fonts/type1/public/lm/lmssqbo8.pfb
7f2fc1f62000-7f2fc1f7f000 r--s 00000000 08:05 834807                     /usr/share/texmf/fonts/type1/public/lm/lmssqbx8.pfb
7f2fc1f7f000-7f2fc1f9b000 r--s 00000000 08:05 834829                     /usr/share/texmf/fonts/type1/public/lm/lmu10.pfb
7f2fc1f9b000-7f2fc1fc0000 r--s 00000000 08:05 834831                     /usr/share/texmf/fonts/type1/public/lm/lmvtko10.pfb
7f2fc1fc0000-7f2fc1fc8000 r--s 00000000 08:05 834763                     /usr/share/texmf/fonts/type1/public/lm/lmmi10.pfb
7f2fc1fc8000-7f2fc1fe4000 r--s 00000000 08:05 834781                     /usr/share/texmf/fonts/type1/public/lm/lmri10.pfb
7f2fc1fe4000-7f2fc1feb000 r--s 00000000 08:05 834811                     /usr/share/texmf/fonts/type1/public/lm/lmsy6.pfb
7f2fc1feb000-7f2fc2007000 r--s 00000000 08:05 834823                     /usr/share/texmf/fonts/type1/public/lm/lmtt10.pfb
7f2fc2007000-7f2fc2029000 r--s 00000000 08:05 834745                     /usr/share/texmf/fonts/type1/public/lm/lmbo10.pfb
7f2fc2029000-7f2fc2031000 r--s 00000000 08:05 834747                     /usr/share/texmf/fonts/type1/public/lm/lmbsy5.pfb
7f2fc2031000-7f2fc204f000 r--s 00000000 08:05 834775                     /usr/share/texmf/fonts/type1/public/lm/lmr17.pfb
7f2fc204f000-7f2fc206c000 r--s 00000000 08:05 834750                     /usr/share/texmf/fonts/type1/public/lm/lmbx12.pfb
7f2fc206c000-7f2fc2087000 r--s 00000000 08:05 834815                     /usr/share/texmf/fonts/type1/public/lm/lmtcsc10.pfb
7f2fc2087000-7f2fc208f000 r--s 00000000 08:05 834748                     /usr/share/texmf/fonts/type1/public/lm/lmbsy7.pfb
7f2fc208f000-7f2fc20aa000 r--s 00000000 08:05 834824                     /usr/share/texmf/fonts/type1/public/lm/lmtt12.pfb
7f2fc20aa000-7f2fc20b1000 r--s 00000000 08:05 834809                     /usr/share/texmf/fonts/type1/public/lm/lmsy10.pfb
7f2fc20b1000-7f2fc20d0000 r--s 00000000 08:05 834754                     /usr/share/texmf/fonts/type1/public/lm/lmbx8.pfb
7f2fc20d0000-7f2fc20ec000 r--s 00000000 08:05 834756                     /usr/share/texmf/fonts/type1/public/lm/lmbxi10.pfb
7f2fc20ec000-7f2fc2109000 r--s 00000000 08:05 834825                     /usr/share/texmf/fonts/type1/public/lm/lmtt8.pfb
7f2fc2109000-7f2fc2110000 r--s 00000000 08:05 834814                     /usr/share/texmf/fonts/type1/public/lm/lmsy9.pfb
7f2fc2110000-7f2fc2132000 r--s 00000000 08:05 834821                     /usr/share/texmf/fonts/type1/public/lm/lmtlco10.pfb
7f2fc2132000-7f2fc2150000 r--s 00000000 08:05 834780                     /usr/share/texmf/fonts/type1/public/lm/lmr9.pfb
7f2fc2150000-7f2fc216d000 r--s 00000000 08:05 834817                     /usr/share/texmf/fonts/type1/public/lm/lmtk10.pfb
7f2fc216d000-7f2fc218c000 r--s 00000000 08:05 834787                     /usr/share/texmf/fonts/type1/public/lm/lmro12.pfb
7f2fc218c000-7f2fc21a8000 r--s 00000000 08:05 834774                     /usr/share/texmf/fonts/type1/public/lm/lmr12.pfb
7f2fc21a8000-7f2fc21ca000 r--s 00000000 08:05 834796                     /usr/share/texmf/fonts/type1/public/lm/lmssbo10.pfb
7f2fc21ca000-7f2fc21e5000 r--s 00000000 08:05 834800                     /usr/share/texmf/fonts/type1/public/lm/lmsso10.pfb
7f2fc21e5000-7f2fc2200000 r--s 00000000 08:05 834782                     /usr/share/texmf/fonts/type1/public/lm/lmri12.pfb
7f2fc2200000-7f2fc2224000 r--s 00000000 08:05 834761                     /usr/share/texmf/fonts/type1/public/lm/lmduno10.pfb
7f2fc2224000-7f2fc2243000 r--s 00000000 08:05 834760                     /usr/share/texmf/fonts/type1/public/lm/lmdunh10.pfb
7f2fc2243000-7f2fc225e000 r--s 00000000 08:05 834826                     /usr/share/texmf/fonts/type1/public/lm/lmtt9.pfb
7f2fc225e000-7f2fc227f000 r--s 00000000 08:05 834789                     /usr/share/texmf/fonts/type1/public/lm/lmro8.pfb
7f2fc227f000-7f2fc229d000 r--s 00000000 08:05 834776                     /usr/share/texmf/fonts/type1/public/lm/lmr5.pfb
7f2fc229d000-7f2fc22a4000 r--s 00000000 08:05 834746                     /usr/share/texmf/fonts/type1/public/lm/lmbsy10.pfb
7f2fc22a4000-7f2fc22c4000 r--s 00000000 08:05 834808                     /usr/share/texmf/fonts/type1/public/lm/lmssqo8.pfb
7f2fc22c4000-7f2fc22cc000 r--s 00000000 08:05 834771                     /usr/share/texmf/fonts/type1/public/lm/lmmib5.pfb
7f2fc22cc000-7f2fc22eb000 r--s 00000000 08:05 834744                     /usr/share/texmf/fonts/type1/public/lm/lmb10.pfb
7f2fc22eb000-7f2fc22f1000 r--s 00000000 08:05 834762                     /usr/share/texmf/fonts/type1/public/lm/lmex10.pfb
7f2fc22f1000-7f2fc230f000 r--s 00000000 08:05 834749                     /usr/share/texmf/fonts/type1/public/lm/lmbx10.pfb
7f2fc230f000-7f2fc232c000 r--s 00000000 08:05 834751                     /usr/share/texmf/fonts/type1/public/lm/lmbx5.pfb
7f2fc232c000-7f2fc234b000 r--s 00000000 08:05 834777                     /usr/share/texmf/fonts/type1/public/lm/lmr6.pfb
7f2fc234b000-7f2fc2368000 r--s 00000000 08:05 834805                     /usr/share/texmf/fonts/type1/public/lm/lmssq8.pfb
7f2fc2368000-7f2fc2386000 r--s 00000000 08:05 834779                     /usr/share/texmf/fonts/type1/public/lm/lmr8.pfb
7f2fc2386000-7f2fc23a1000 r--s 00000000 08:05 834801                     /usr/share/texmf/fonts/type1/public/lm/lmsso12.pfb
7f2fc23a1000-7f2fc23c2000 r--s 00000000 08:05 834835                     /usr/share/texmf/fonts/type1/public/lm/lmvtto10.pfb
7f2fc23c2000-7f2fc23e3000 r--s 00000000 08:05 834788                     /usr/share/texmf/fonts/type1/public/lm/lmro17.pfb
7f2fc23e3000-7f2fc23fe000 r--s 00000000 08:05 834784                     /usr/share/texmf/fonts/type1/public/lm/lmri8.pfb
7f2fc23fe000-7f2fc2406000 r--s 00000000 08:05 834770                     /usr/share/texmf/fonts/type1/public/lm/lmmib10.pfb
7f2fc2406000-7f2fc2424000 r--s 00000000 08:05 834773                     /usr/share/texmf/fonts/type1/public/lm/lmr10.pfb
7f2fc2424000-7f2fc2446000 r--s 00000000 08:05 834833                     /usr/share/texmf/fonts/type1/public/lm/lmvtlo10.pfb
7f2fc2446000-7f2fc2464000 r--s 00000000 08:05 834753                     /usr/share/texmf/fonts/type1/public/lm/lmbx7.pfb
7f2fc2464000-7f2fc2483000 r--s 00000000 08:05 834828                     /usr/share/texmf/fonts/type1/public/lm/lmtto10.pfb
7f2fc2483000-7f2fc248b000 r-xp 00000000 08:05 831019                     /usr/lib/jvm/java-6-openjdk/jre/lib/amd64/libnio.so
7f2fc248b000-7f2fc268a000 ---p 00008000 08:05 831019                     /usr/lib/jvm/java-6-openjdk/jre/lib/amd64/libnio.so
7f2fc268a000-7f2fc268b000 r--p 00007000 08:05 831019                     /usr/lib/jvm/java-6-openjdk/jre/lib/amd64/libnio.so
7f2fc268b000-7f2fc268c000 rw-p 00008000 08:05 831019                     /usr/lib/jvm/java-6-openjdk/jre/lib/amd64/libnio.so
7f2fc268c000-7f2fc26a1000 r-xp 00000000 08:05 831027                     /usr/lib/jvm/java-6-openjdk/jre/lib/amd64/libnet.so
7f2fc26a1000-7f2fc28a0000 ---p 00015000 08:05 831027                     /usr/lib/jvm/java-6-openjdk/jre/lib/amd64/libnet.so
7f2fc28a0000-7f2fc28a1000 r--p 00014000 08:05 831027                     /usr/lib/jvm/java-6-openjdk/jre/lib/amd64/libnet.so
7f2fc28a1000-7f2fc28a2000 rw-p 00015000 08:05 831027                     /usr/lib/jvm/java-6-openjdk/jre/lib/amd64/libnet.so
7f2fc28a2000-7f2fc29a2000 rw-s 2f5fa000 00:05 8138                       /dev/nvidia0
7f2fc29a2000-7f2fc2aa2000 rw-s 5865c000 00:05 8138                       /dev/nvidia0
7f2fc2aa2000-7f2fc2aac000 r-xp 00000000 08:05 831045                     /usr/lib/jvm/java-6-openjdk/jre/lib/amd64/libjpeg.so
7f2fc2aac000-7f2fc2cab000 ---p 0000a000 08:05 831045                     /usr/lib/jvm/java-6-openjdk/jre/lib/amd64/libjpeg.so
7f2fc2cab000-7f2fc2cac000 r--p 00009000 08:05 831045                     /usr/lib/jvm/java-6-openjdk/jre/lib/amd64/libjpeg.so
7f2fc2cac000-7f2fc2cad000 rw-p 0000a000 08:05 831045                     /usr/lib/jvm/java-6-openjdk/jre/lib/amd64/libjpeg.so
7f2fc2cad000-7f2fc2cdf000 r-xp 00000000 08:05 831030                     /usr/lib/jvm/java-6-openjdk/jre/lib/amd64/liblcms.so
7f2fc2cdf000-7f2fc2ede000 ---p 00032000 08:05 831030                     /usr/lib/jvm/java-6-openjdk/jre/lib/amd64/liblcms.so
7f2fc2ede000-7f2fc2edf000 r--p 00031000 08:05 831030                     /usr/lib/jvm/java-6-openjdk/jre/lib/amd64/liblcms.so
7f2fc2edf000-7f2fc2ee0000 rw-p 00032000 08:05 831030                     /usr/lib/jvm/java-6-openjdk/jre/lib/amd64/liblcms.so
7f2fc2ee0000-7f2fc2ee2000 rw-p 00000000 00:00 0 
7f2fc2ee2000-7f2fc2fe2000 rw-s 2c92a000 00:05 8138                       /dev/nvidia0
7f2fc2fe2000-7f2fc32ce000 rw-s 00000000 00:04 18677834                   /SYSV00000000 (deleted)
7f2fc32ce000-7f2fc32d1000 ---p 00000000 00:00 0 
7f2fc32d1000-7f2fc33cf000 rw-p 00000000 00:00 0 
7f2fc33cf000-7f2fc33d2000 ---p 00000000 00:00 0 
7f2fc33d2000-7f2fc34d0000 rw-p 00000000 00:00 0 
7f2fc34d3000-7f2fc34db000 r--s 00000000 08:05 834766                     /usr/share/texmf/fonts/type1/public/lm/lmmi6.pfb
7f2fc34db000-7f2fc34e3000 r--s 00000000 08:05 834772                     /usr/share/texmf/fonts/type1/public/lm/lmmib7.pfb
7f2fc34e3000-7f2fc3505000 r--s 00000000 08:05 834799                     /usr/share/texmf/fonts/type1/public/lm/lmssdo10.pfb
7f2fc3505000-7f2fc351d000 r--s 00000000 08:05 834792                     /usr/share/texmf/fonts/type1/public/lm/lmss12.pfb
7f2fc351d000-7f2fc3536000 r--s 00000000 08:05 834827                     /usr/share/texmf/fonts/type1/public/lm/lmtti10.pfb
7f2fc3536000-7f2fc3554000 r--s 00000000 08:05 834797                     /usr/share/texmf/fonts/type1/public/lm/lmssbx10.pfb
7f2fc3554000-7f2fc3577000 r--s 00000000 08:05 834818                     /usr/share/texmf/fonts/type1/public/lm/lmtko10.pfb
7f2fc3577000-7f2fc3594000 r--s 00000000 08:05 834834                     /usr/share/texmf/fonts/type1/public/lm/lmvtt10.pfb
7f2fc3594000-7f2fc35b2000 r--s 00000000 08:05 834778                     /usr/share/texmf/fonts/type1/public/lm/lmr7.pfb
7f2fc3618000-7f2fc361b000 ---p 00000000 00:00 0 
7f2fc361b000-7f2fc3719000 rw-p 00000000 00:00 0 
7f2fc3719000-7f2fc3919000 rw-s 2c9f5000 00:05 8138                       /dev/nvidia0
7f2fc3919000-7f2fc3a19000 rw-s 2fe4e000 00:05 8138                       /dev/nvidia0
7f2fc3a59000-7f2fc3a71000 r-xp 00000000 08:06 267445                     /home/jan/development/projects/YogularmInfinite/desktop/lib/jogl/linux-amd64/libjogl_es2.so
7f2fc3a71000-7f2fc3c70000 ---p 00018000 08:06 267445                     /home/jan/development/projects/YogularmInfinite/desktop/lib/jogl/linux-amd64/libjogl_es2.so
7f2fc3c70000-7f2fc3c71000 r--p 00017000 08:06 267445                     /home/jan/development/projects/YogularmInfinite/desktop/lib/jogl/linux-amd64/libjogl_es2.so
7f2fc3c71000-7f2fc3c72000 rw-p 00018000 08:06 267445                     /home/jan/development/projects/YogularmInfinite/desktop/lib/jogl/linux-amd64/libjogl_es2.so
7f2fc3c72000-7f2fc3c8a000 r-xp 00000000 08:06 267444                     /home/jan/development/projects/YogularmInfinite/desktop/lib/jogl/linux-amd64/libjogl_es1.so
7f2fc3c8a000-7f2fc3e89000 ---p 00018000 08:06 267444                     /home/jan/development/projects/YogularmInfinite/desktop/lib/jogl/linux-amd64/libjogl_es1.so
7f2fc3e89000-7f2fc3e8a000 r--p 00017000 08:06 267444                     /home/jan/development/projects/YogularmInfinite/desktop/lib/jogl/linux-amd64/libjogl_es1.so
7f2fc3e8a000-7f2fc3e8b000 rw-p 00018000 08:06 267444                     /home/jan/development/projects/YogularmInfinite/desktop/lib/jogl/linux-amd64/libjogl_es1.so
7f2fc3e8b000-7f2fc3f15000 r-xp 00000000 08:06 267443                     /home/jan/development/projects/YogularmInfinite/desktop/lib/jogl/linux-amd64/libjogl_desktop.so
7f2fc3f15000-7f2fc4115000 ---p 0008a000 08:06 267443                     /home/jan/development/projects/YogularmInfinite/desktop/lib/jogl/linux-amd64/libjogl_desktop.so
7f2fc4115000-7f2fc4116000 r--p 0008a000 08:06 267443                     /home/jan/development/projects/YogularmInfinite/desktop/lib/jogl/linux-amd64/libjogl_desktop.so
7f2fc4116000-7f2fc4117000 rw-p 0008b000 08:06 267443                     /home/jan/development/projects/YogularmInfinite/desktop/lib/jogl/linux-amd64/libjogl_desktop.so
7f2fc4117000-7f2fc570b000 r-xp 00000000 08:05 793109                     /usr/lib/nvidia-current/libnvidia-glcore.so.280.13
7f2fc570b000-7f2fc590a000 ---p 015f4000 08:05 793109                     /usr/lib/nvidia-current/libnvidia-glcore.so.280.13
7f2fc590a000-7f2fc5f49000 rwxp 015f3000 08:05 793109                     /usr/lib/nvidia-current/libnvidia-glcore.so.280.13
7f2fc5f49000-7f2fc5f63000 rwxp 00000000 00:00 0 
7f2fc5f63000-7f2fc5f66000 r-xp 00000000 08:05 793125                     /usr/lib/nvidia-current/tls/libnvidia-tls.so.280.13
7f2fc5f66000-7f2fc6165000 ---p 00003000 08:05 793125                     /usr/lib/nvidia-current/tls/libnvidia-tls.so.280.13
7f2fc6165000-7f2fc6166000 rw-p 00002000 08:05 793125                     /usr/lib/nvidia-current/tls/libnvidia-tls.so.280.13
7f2fc6166000-7f2fc6167000 r--s 00000000 08:05 408205                     /var/cache/fontconfig/c05880de57d1f5e948fdfacc138775d9-le64.cache-3
7f2fc6167000-7f2fc6170000 r--s 00000000 08:05 391263                     /var/cache/fontconfig/945677eb7aeaf62f1d50efc3fb3ec7d8-le64.cache-3
7f2fc6170000-7f2fc6172000 r--s 00000000 08:05 391046                     /var/cache/fontconfig/99e8ed0e538f840c565b6ed5dad60d56-le64.cache-3
7f2fc6172000-7f2fc6175000 r--s 00000000 08:05 391624                     /var/cache/fontconfig/e383d7ea5fbe662a33d9b44caf393297-le64.cache-3
7f2fc6175000-7f2fc6179000 r--s 00000000 08:05 408203                     /var/cache/fontconfig/2cd17615ca594fa2959ae173292e504c-le64.cache-3
7f2fc6179000-7f2fc617a000 r--s 00000000 08:05 391470                     /var/cache/fontconfig/e7071f4a29fa870f4323321c154eba04-le64.cache-3
7f2fc617a000-7f2fc617f000 r--s 00000000 08:05 408202                     /var/cache/fontconfig/6eb3985aa4124903f6ff08ba781cd364-le64.cache-3
7f2fc617f000-7f2fc6180000 r--s 00000000 08:05 406414                     /var/cache/fontconfig/4c73fe0c47614734b17d736dbde7580a-le64.cache-3
7f2fc6180000-7f2fc6181000 r--s 00000000 08:05 406413                     /var/cache/fontconfig/0d8c3b2ac0904cb8a57a757ad11a4a08-le64.cache-3
7f2fc6181000-7f2fc6182000 r--s 00000000 08:05 406412                     /var/cache/fontconfig/6a53c69dea097a2d716e069445527da8-le64.cache-3
7f2fc6182000-7f2fc6188000 r--s 00000000 08:05 401859                     /var/cache/fontconfig/a755afe4a08bf5b97852ceb7400b47bc-le64.cache-3
7f2fc6188000-7f2fc618e000 r--s 00000000 08:05 409105                     /var/cache/fontconfig/515ca1ebc4b18308bea979be5704f9db-le64.cache-3
7f2fc618e000-7f2fc6197000 r--s 00000000 08:05 392133                     /var/cache/fontconfig/6d41288fd70b0be22e8c3a91e032eec0-le64.cache-3
7f2fc6197000-7f2fc61a7000 r--s 00000000 08:05 401858                     /var/cache/fontconfig/0f34bcd4b6ee430af32735b75db7f02b-le64.cache-3
7f2fc61a7000-7f2fc61aa000 r--s 00000000 08:05 391081                     /var/cache/fontconfig/d60319d88cac85ba9e1a07bd06cfbb8c-le64.cache-3
7f2fc61aa000-7f2fc61ab000 r--s 00000000 08:05 396779                     /var/cache/fontconfig/4794a0821666d79190d59a36cb4f44b5-le64.cache-3
7f2fc61ab000-7f2fc61d9000 r--s 00000000 08:05 409148                     /var/cache/fontconfig/365b55f210c0a22e9a19e35191240f32-le64.cache-3
7f2fc61d9000-7f2fc61e9000 r--s 00000000 08:05 401856                     /var/cache/fontconfig/d52a8644073d54c13679302ca1180695-le64.cache-3
7f2fc61e9000-7f2fc61f1000 r--s 00000000 08:05 409104                     /var/cache/fontconfig/153bb866d4d26e7cd19eee2129f8d8d2-le64.cache-3
7f2fc61f1000-7f2fc61fc000 r--s 00000000 08:05 415954                     /var/cache/fontconfig/e13b20fdb08344e0e664864cc2ede53d-le64.cache-3
7f2fc61fc000-7f2fc61fe000 r--s 00000000 08:06 1101681                    /home/jan/.fontconfig/fdd828a2a2357ac8b98d53d4cb73097a-le64.cache-3
7f2fc61fe000-7f2fc6205000 r--s 00000000 08:06 1101680                    /home/jan/.fontconfig/c58ff9086ba60478c195bf0f61b530df-le64.cache-3
7f2fc6205000-7f2fc620f000 r--s 00000000 08:06 1101674                    /home/jan/.fontconfig/a0bf83b7801ad605140a17cf4b414547-le64.cache-3
7f2fc620f000-7f2fc6215000 r--s 00000000 08:06 1101679                    /home/jan/.fontconfig/7d1d196625a4c3b5318df9a7bec9bc41-le64.cache-3
7f2fc6215000-7f2fc6217000 r--s 00000000 08:06 1101678                    /home/jan/.fontconfig/790146cae801f5c845d56d242e982308-le64.cache-3
7f2fc6217000-7f2fc621c000 r--s 00000000 08:06 1101677                    /home/jan/.fontconfig/2c10c25a20897452413a494958b84a05-le64.cache-3
7f2fc621c000-7f2fc621e000 r--s 00000000 08:06 1101676                    /home/jan/.fontconfig/01b316c23635a1c7ad41860d9ab7ba59-le64.cache-3
7f2fc621e000-7f2fc6220000 r--s 00000000 08:06 1101675                    /home/jan/.fontconfig/e252e6067bf5dc9e40fb95b17b621584-le64.cache-3
7f2fc6220000-7f2fc622f000 r--s 00000000 08:06 1101673                    /home/jan/.fontconfig/51d0fb7e55acffd31d6a8c7c8c7f60fb-le64.cache-3
7f2fc622f000-7f2fc6234000 r--s 00000000 08:06 1101672                    /home/jan/.fontconfig/6302c9f5be1e12898d22d23c35392af9-le64.cache-3
7f2fc6234000-7f2fc6236000 r--s 00000000 08:06 1101671                    /home/jan/.fontconfig/954bf4103e945093a32831c95ead4df7-le64.cache-3
7f2fc6236000-7f2fc6238000 r--s 00000000 08:06 1101670                    /home/jan/.fontconfig/6c2573209480b8f33065f885e21aa27e-le64.cache-3
7f2fc6238000-7f2fc623a000 r--s 00000000 08:06 1101669                    /home/jan/.fontconfig/2ce2f901d9e1b21e31b84cb10642e71d-le64.cache-3
7f2fc623a000-7f2fc623d000 r--s 00000000 08:06 1101668                    /home/jan/.fontconfig/e1de9b0e4af91a7731cd98de6ce2d572-le64.cache-3
7f2fc623d000-7f2fc6247000 r--s 00000000 08:06 1101667                    /home/jan/.fontconfig/2bcd93200fc0f5d4f6eeced75af2d533-le64.cache-3
7f2fc6247000-7f2fc624a000 r--s 00000000 08:06 1101666                    /home/jan/.fontconfig/8adc0da6e22e3e72a145efb7377d06bd-le64.cache-3
7f2fc624a000-7f2fc625b000 r--s 00000000 08:06 1101665                    /home/jan/.fontconfig/edd89c71be7950017624cf56be471bae-le64.cache-3
7f2fc625b000-7f2fc6267000 r--s 00000000 08:06 1101664                    /home/jan/.fontconfig/39d620b8dfbf4bd2ea5f64f511994d5f-le64.cache-3
7f2fc6290000-7f2fc6293000 ---p 00000000 00:00 0 
7f2fc6293000-7f2fc6391000 rw-p 00000000 00:00 0 
7f2fc6391000-7f2fc6452000 r-xp 00000000 08:05 793112                     /usr/lib/nvidia-current/libGL.so.280.13
7f2fc6452000-7f2fc6651000 ---p 000c1000 08:05 793112                     /usr/lib/nvidia-current/libGL.so.280.13
7f2fc6651000-7f2fc668c000 rwxp 000c0000 08:05 793112                     /usr/lib/nvidia-current/libGL.so.280.13
7f2fc668c000-7f2fc66a2000 rwxp 00000000 00:00 0 
7f2fc66a7000-7f2fc66ab000 rw-s 2ca08000 00:05 8138                       /dev/nvidia0
7f2fc66ac000-7f2fc66c7000 rw-s 18a2c0000 00:05 8138                      /dev/nvidia0
7f2fc66c7000-7f2fc66ca000 ---p 00000000 00:00 0 
7f2fc66ca000-7f2fc67c8000 rw-p 00000000 00:00 0 
7f2fc67c8000-7f2fc67ca000 r-xp 00000000 08:06 267446                     /home/jan/development/projects/YogularmInfinite/desktop/lib/jogl/linux-amd64/libnativewindow_awt.so
7f2fc67ca000-7f2fc69c9000 ---p 00002000 08:06 267446                     /home/jan/development/projects/YogularmInfinite/desktop/lib/jogl/linux-amd64/libnativewindow_awt.so
7f2fc69c9000-7f2fc69ca000 r--p 00001000 08:06 267446                     /home/jan/development/projects/YogularmInfinite/desktop/lib/jogl/linux-amd64/libnativewindow_awt.so
7f2fc69ca000-7f2fc69cb000 rw-p 00002000 08:06 267446                     /home/jan/development/projects/YogularmInfinite/desktop/lib/jogl/linux-amd64/libnativewindow_awt.so
7f2fc69cb000-7f2fc69cc000 r-xp 00000000 08:05 831047                     /usr/lib/jvm/java-6-openjdk/jre/lib/amd64/libjawt.so
7f2fc69cc000-7f2fc6bcb000 ---p 00001000 08:05 831047                     /usr/lib/jvm/java-6-openjdk/jre/lib/amd64/libjawt.so
7f2fc6bcb000-7f2fc6bcc000 r--p 00000000 08:05 831047                     /usr/lib/jvm/java-6-openjdk/jre/lib/amd64/libjawt.so
7f2fc6bcc000-7f2fc6bcd000 rw-p 00001000 08:05 831047                     /usr/lib/jvm/java-6-openjdk/jre/lib/amd64/libjawt.so
7f2fc6bcd000-7f2fc6bd0000 ---p 00000000 00:00 0 
7f2fc6bd0000-7f2fc6cce000 rw-p 00000000 00:00 0 
7f2fc6cce000-7f2fc6cd3000 r-xp 00000000 08:05 788228                     /usr/lib/x86_64-linux-gnu/libXfixes.so.3.1.0
7f2fc6cd3000-7f2fc6ed2000 ---p 00005000 08:05 788228                     /usr/lib/x86_64-linux-gnu/libXfixes.so.3.1.0
7f2fc6ed2000-7f2fc6ed3000 r--p 00004000 08:05 788228                     /usr/lib/x86_64-linux-gnu/libXfixes.so.3.1.0
7f2fc6ed3000-7f2fc6ed4000 rw-p 00005000 08:05 788228                     /usr/lib/x86_64-linux-gnu/libXfixes.so.3.1.0
7f2fc6ed4000-7f2fc6ed5000 r--s 00000000 08:05 408205                     /var/cache/fontconfig/c05880de57d1f5e948fdfacc138775d9-le64.cache-3
7f2fc6ed5000-7f2fc6ede000 r--s 00000000 08:05 391263                     /var/cache/fontconfig/945677eb7aeaf62f1d50efc3fb3ec7d8-le64.cache-3
7f2fc6ede000-7f2fc6ee0000 r--s 00000000 08:05 391046                     /var/cache/fontconfig/99e8ed0e538f840c565b6ed5dad60d56-le64.cache-3
7f2fc6ee0000-7f2fc6ee3000 r--s 00000000 08:05 391624                     /var/cache/fontconfig/e383d7ea5fbe662a33d9b44caf393297-le64.cache-3
7f2fc6ee3000-7f2fc6ee7000 r--s 00000000 08:05 408203                     /var/cache/fontconfig/2cd17615ca594fa2959ae173292e504c-le64.cache-3
7f2fc6ee7000-7f2fc6ee8000 r--s 00000000 08:05 391470                     /var/cache/fontconfig/e7071f4a29fa870f4323321c154eba04-le64.cache-3
7f2fc6ee8000-7f2fc6eed000 r--s 00000000 08:05 408202                     /var/cache/fontconfig/6eb3985aa4124903f6ff08ba781cd364-le64.cache-3
7f2fc6eed000-7f2fc6eee000 r--s 00000000 08:05 406414                     /var/cache/fontconfig/4c73fe0c47614734b17d736dbde7580a-le64.cache-3
7f2fc6eee000-7f2fc6eef000 r--s 00000000 08:05 406413                     /var/cache/fontconfig/0d8c3b2ac0904cb8a57a757ad11a4a08-le64.cache-3
7f2fc6eef000-7f2fc6ef0000 r--s 00000000 08:05 406412                     /var/cache/fontconfig/6a53c69dea097a2d716e069445527da8-le64.cache-3
7f2fc6ef0000-7f2fc6ef6000 r--s 00000000 08:05 401859                     /var/cache/fontconfig/a755afe4a08bf5b97852ceb7400b47bc-le64.cache-3
7f2fc6ef6000-7f2fc6efc000 r--s 00000000 08:05 409105                     /var/cache/fontconfig/515ca1ebc4b18308bea979be5704f9db-le64.cache-3
7f2fc6efc000-7f2fc6f05000 r--s 00000000 08:05 392133                     /var/cache/fontconfig/6d41288fd70b0be22e8c3a91e032eec0-le64.cache-3
7f2fc6f05000-7f2fc6f15000 r--s 00000000 08:05 401858                     /var/cache/fontconfig/0f34bcd4b6ee430af32735b75db7f02b-le64.cache-3
7f2fc6f15000-7f2fc6f18000 r--s 00000000 08:05 391081                     /var/cache/fontconfig/d60319d88cac85ba9e1a07bd06cfbb8c-le64.cache-3
7f2fc6f18000-7f2fc6f19000 r--s 00000000 08:05 396779                     /var/cache/fontconfig/4794a0821666d79190d59a36cb4f44b5-le64.cache-3
7f2fc6f19000-7f2fc6f47000 r--s 00000000 08:05 409148                     /var/cache/fontconfig/365b55f210c0a22e9a19e35191240f32-le64.cache-3
7f2fc6f47000-7f2fc6f57000 r--s 00000000 08:05 401856                     /var/cache/fontconfig/d52a8644073d54c13679302ca1180695-le64.cache-3
7f2fc6f57000-7f2fc6f5f000 r--s 00000000 08:05 409104                     /var/cache/fontconfig/153bb866d4d26e7cd19eee2129f8d8d2-le64.cache-3
7f2fc6f5f000-7f2fc6f6a000 r--s 00000000 08:05 415954                     /var/cache/fontconfig/e13b20fdb08344e0e664864cc2ede53d-le64.cache-3
7f2fc6f6a000-7f2fc6f6c000 r--s 00000000 08:06 1101681                    /home/jan/.fontconfig/fdd828a2a2357ac8b98d53d4cb73097a-le64.cache-3
7f2fc6f6c000-7f2fc6f73000 r--s 00000000 08:06 1101680                    /home/jan/.fontconfig/c58ff9086ba60478c195bf0f61b530df-le64.cache-3
7f2fc6f73000-7f2fc6f7d000 r--s 00000000 08:06 1101674                    /home/jan/.fontconfig/a0bf83b7801ad605140a17cf4b414547-le64.cache-3
7f2fc6f7d000-7f2fc6f83000 r--s 00000000 08:06 1101679                    /home/jan/.fontconfig/7d1d196625a4c3b5318df9a7bec9bc41-le64.cache-3
7f2fc6f83000-7f2fc6f85000 r--s 00000000 08:06 1101678                    /home/jan/.fontconfig/790146cae801f5c845d56d242e982308-le64.cache-3
7f2fc6f85000-7f2fc6f8a000 r--s 00000000 08:06 1101677                    /home/jan/.fontconfig/2c10c25a20897452413a494958b84a05-le64.cache-3
7f2fc6f8a000-7f2fc6f8c000 r--s 00000000 08:06 1101676                    /home/jan/.fontconfig/01b316c23635a1c7ad41860d9ab7ba59-le64.cache-3
7f2fc6f8c000-7f2fc6f9b000 r--s 00000000 08:06 1101673                    /home/jan/.fontconfig/51d0fb7e55acffd31d6a8c7c8c7f60fb-le64.cache-3
7f2fc6f9b000-7f2fc6fa0000 r--s 00000000 08:06 1101672                    /home/jan/.fontconfig/6302c9f5be1e12898d22d23c35392af9-le64.cache-3
7f2fc6fa0000-7f2fc6faa000 r--s 00000000 08:06 1101667                    /home/jan/.fontconfig/2bcd93200fc0f5d4f6eeced75af2d533-le64.cache-3
7f2fc6fad000-7f2fc6fb0000 ---p 00000000 00:00 0 
7f2fc6fb0000-7f2fc70ae000 rw-p 00000000 00:00 0 
7f2fc70ae000-7f2fc70af000 r--s 00000000 08:05 408205                     /var/cache/fontconfig/c05880de57d1f5e948fdfacc138775d9-le64.cache-3
7f2fc70af000-7f2fc70b8000 r--s 00000000 08:05 391263                     /var/cache/fontconfig/945677eb7aeaf62f1d50efc3fb3ec7d8-le64.cache-3
7f2fc70b8000-7f2fc70ba000 r--s 00000000 08:05 391046                     /var/cache/fontconfig/99e8ed0e538f840c565b6ed5dad60d56-le64.cache-3
7f2fc70ba000-7f2fc70bd000 r--s 00000000 08:05 391624                     /var/cache/fontconfig/e383d7ea5fbe662a33d9b44caf393297-le64.cache-3
7f2fc70bd000-7f2fc70c1000 r--s 00000000 08:05 408203                     /var/cache/fontconfig/2cd17615ca594fa2959ae173292e504c-le64.cache-3
7f2fc70c1000-7f2fc70c2000 r--s 00000000 08:05 391470                     /var/cache/fontconfig/e7071f4a29fa870f4323321c154eba04-le64.cache-3
7f2fc70c2000-7f2fc70c7000 r--s 00000000 08:05 408202                     /var/cache/fontconfig/6eb3985aa4124903f6ff08ba781cd364-le64.cache-3
7f2fc70c7000-7f2fc70c8000 r--s 00000000 08:05 406414                     /var/cache/fontconfig/4c73fe0c47614734b17d736dbde7580a-le64.cache-3
7f2fc70c8000-7f2fc70c9000 r--s 00000000 08:05 406413                     /var/cache/fontconfig/0d8c3b2ac0904cb8a57a757ad11a4a08-le64.cache-3
7f2fc70c9000-7f2fc70ca000 r--s 00000000 08:05 406412                     /var/cache/fontconfig/6a53c69dea097a2d716e069445527da8-le64.cache-3
7f2fc70ca000-7f2fc70d0000 r--s 00000000 08:05 401859                     /var/cache/fontconfig/a755afe4a08bf5b97852ceb7400b47bc-le64.cache-3
7f2fc70d0000-7f2fc70d6000 r--s 00000000 08:05 409105                     /var/cache/fontconfig/515ca1ebc4b18308bea979be5704f9db-le64.cache-3
7f2fc70d6000-7f2fc70df000 r--s 00000000 08:05 392133                     /var/cache/fontconfig/6d41288fd70b0be22e8c3a91e032eec0-le64.cache-3
7f2fc70df000-7f2fc70ef000 r--s 00000000 08:05 401858                     /var/cache/fontconfig/0f34bcd4b6ee430af32735b75db7f02b-le64.cache-3
7f2fc70ef000-7f2fc70f2000 r--s 00000000 08:05 391081                     /var/cache/fontconfig/d60319d88cac85ba9e1a07bd06cfbb8c-le64.cache-3
7f2fc70f2000-7f2fc70f3000 r--s 00000000 08:05 396779                     /var/cache/fontconfig/4794a0821666d79190d59a36cb4f44b5-le64.cache-3
7f2fc70f3000-7f2fc7121000 r--s 00000000 08:05 409148                     /var/cache/fontconfig/365b55f210c0a22e9a19e35191240f32-le64.cache-3
7f2fc7121000-7f2fc7131000 r--s 00000000 08:05 401856                     /var/cache/fontconfig/d52a8644073d54c13679302ca1180695-le64.cache-3
7f2fc7131000-7f2fc7139000 r--s 00000000 08:05 409104                     /var/cache/fontconfig/153bb866d4d26e7cd19eee2129f8d8d2-le64.cache-3
7f2fc7139000-7f2fc7144000 r--s 00000000 08:05 415954                     /var/cache/fontconfig/e13b20fdb08344e0e664864cc2ede53d-le64.cache-3
7f2fc7144000-7f2fc7146000 r--s 00000000 08:06 1101681                    /home/jan/.fontconfig/fdd828a2a2357ac8b98d53d4cb73097a-le64.cache-3
7f2fc7146000-7f2fc714d000 r--s 00000000 08:06 1101680                    /home/jan/.fontconfig/c58ff9086ba60478c195bf0f61b530df-le64.cache-3
7f2fc714d000-7f2fc7157000 r--s 00000000 08:06 1101674                    /home/jan/.fontconfig/a0bf83b7801ad605140a17cf4b414547-le64.cache-3
7f2fc7157000-7f2fc715d000 r--s 00000000 08:06 1101679                    /home/jan/.fontconfig/7d1d196625a4c3b5318df9a7bec9bc41-le64.cache-3
7f2fc715d000-7f2fc715f000 r--s 00000000 08:06 1101678                    /home/jan/.fontconfig/790146cae801f5c845d56d242e982308-le64.cache-3
7f2fc715f000-7f2fc7164000 r--s 00000000 08:06 1101677                    /home/jan/.fontconfig/2c10c25a20897452413a494958b84a05-le64.cache-3
7f2fc7164000-7f2fc7166000 r--s 00000000 08:06 1101676                    /home/jan/.fontconfig/01b316c23635a1c7ad41860d9ab7ba59-le64.cache-3
7f2fc7166000-7f2fc7168000 r--s 00000000 08:06 1101675                    /home/jan/.fontconfig/e252e6067bf5dc9e40fb95b17b621584-le64.cache-3
7f2fc7168000-7f2fc7177000 r--s 00000000 08:06 1101673                    /home/jan/.fontconfig/51d0fb7e55acffd31d6a8c7c8c7f60fb-le64.cache-3
7f2fc7177000-7f2fc717c000 r--s 00000000 08:06 1101672                    /home/jan/.fontconfig/6302c9f5be1e12898d22d23c35392af9-le64.cache-3
7f2fc717c000-7f2fc717e000 r--s 00000000 08:06 1101671                    /home/jan/.fontconfig/954bf4103e945093a32831c95ead4df7-le64.cache-3
7f2fc717e000-7f2fc7180000 r--s 00000000 08:06 1101670                    /home/jan/.fontconfig/6c2573209480b8f33065f885e21aa27e-le64.cache-3
7f2fc7180000-7f2fc7182000 r--s 00000000 08:06 1101669                    /home/jan/.fontconfig/2ce2f901d9e1b21e31b84cb10642e71d-le64.cache-3
7f2fc7182000-7f2fc7185000 r--s 00000000 08:06 1101668                    /home/jan/.fontconfig/e1de9b0e4af91a7731cd98de6ce2d572-le64.cache-3
7f2fc7185000-7f2fc718f000 r--s 00000000 08:06 1101667                    /home/jan/.fontconfig/2bcd93200fc0f5d4f6eeced75af2d533-le64.cache-3
7f2fc718f000-7f2fc7192000 r--s 00000000 08:06 1101666                    /home/jan/.fontconfig/8adc0da6e22e3e72a145efb7377d06bd-le64.cache-3
7f2fc7192000-7f2fc71a3000 r--s 00000000 08:06 1101665                    /home/jan/.fontconfig/edd89c71be7950017624cf56be471bae-le64.cache-3
7f2fc71a3000-7f2fc71af000 r--s 00000000 08:06 1101664                    /home/jan/.fontconfig/39d620b8dfbf4bd2ea5f64f511994d5f-le64.cache-3
7f2fc71b0000-7f2fc71b9000 r-xp 00000000 08:05 787710                     /usr/lib/x86_64-linux-gnu/libXcursor.so.1.0.2
7f2fc71b9000-7f2fc73b8000 ---p 00009000 08:05 787710                     /usr/lib/x86_64-linux-gnu/libXcursor.so.1.0.2
7f2fc73b8000-7f2fc73b9000 r--p 00008000 08:05 787710                     /usr/lib/x86_64-linux-gnu/libXcursor.so.1.0.2
7f2fc73b9000-7f2fc73ba000 rw-p 00009000 08:05 787710                     /usr/lib/x86_64-linux-gnu/libXcursor.so.1.0.2
7f2fc73bb000-7f2fc73c7000 r--s 00000000 08:06 1101662                    /home/jan/.fontconfig/eb6d1a21532c7d5178ca66d9443d4aef-le64.cache-3
7f2fc73c7000-7f2fc73cb000 r--s 00000000 08:05 409147                     /var/cache/fontconfig/7ef2298fde41cc6eeb7af42e48b7d293-le64.cache-3
7f2fc73cb000-7f2fc73df000 r--s 00000000 08:05 415953                     /var/cache/fontconfig/865f88548240fee46819705c6468c165-le64.cache-3
7f2fc73df000-7f2fc73e6000 r--s 000fb000 08:05 831009                     /usr/lib/jvm/java-6-openjdk/jre/lib/resources.jar
7f2fc73e6000-7f2fc73f2000 r--s 00000000 08:06 1101662                    /home/jan/.fontconfig/eb6d1a21532c7d5178ca66d9443d4aef-le64.cache-3
7f2fc73f2000-7f2fc73f6000 r--s 00000000 08:05 409147                     /var/cache/fontconfig/7ef2298fde41cc6eeb7af42e48b7d293-le64.cache-3
7f2fc73f6000-7f2fc740a000 r--s 00000000 08:05 415953                     /var/cache/fontconfig/865f88548240fee46819705c6468c165-le64.cache-3
7f2fc740a000-7f2fc740d000 ---p 00000000 00:00 0 
7f2fc740d000-7f2fc750b000 rw-p 00000000 00:00 0 
7f2fc750b000-7f2fc759d000 r-xp 00000000 08:05 785496                     /usr/lib/x86_64-linux-gnu/libfreetype.so.6.6.2
7f2fc759d000-7f2fc779c000 ---p 00092000 08:05 785496                     /usr/lib/x86_64-linux-gnu/libfreetype.so.6.6.2
7f2fc779c000-7f2fc77a2000 r--p 00091000 08:05 785496                     /usr/lib/x86_64-linux-gnu/libfreetype.so.6.6.2
7f2fc77a2000-7f2fc77a3000 rw-p 00097000 08:05 785496                     /usr/lib/x86_64-linux-gnu/libfreetype.so.6.6.2
7f2fc77a3000-7f2fc77dc000 r-xp 00000000 08:05 831037                     /usr/lib/jvm/java-6-openjdk/jre/lib/amd64/libfontmanager.so
7f2fc77dc000-7f2fc79dc000 ---p 00039000 08:05 831037                     /usr/lib/jvm/java-6-openjdk/jre/lib/amd64/libfontmanager.so
7f2fc79dc000-7f2fc79de000 r--p 00039000 08:05 831037                     /usr/lib/jvm/java-6-openjdk/jre/lib/amd64/libfontmanager.so
7f2fc79de000-7f2fc79df000 rw-p 0003b000 08:05 831037                     /usr/lib/jvm/java-6-openjdk/jre/lib/amd64/libfontmanager.so
7f2fc79df000-7f2fc79ee000 r-xp 00000000 08:05 786739                     /usr/lib/x86_64-linux-gnu/libXi.so.6.1.0
7f2fc79ee000-7f2fc7bed000 ---p 0000f000 08:05 786739                     /usr/lib/x86_64-linux-gnu/libXi.so.6.1.0
7f2fc7bed000-7f2fc7bee000 r--p 0000e000 08:05 786739                     /usr/lib/x86_64-linux-gnu/libXi.so.6.1.0
7f2fc7bee000-7f2fc7bef000 rw-p 0000f000 08:05 786739                     /usr/lib/x86_64-linux-gnu/libXi.so.6.1.0
7f2fc7bef000-7f2fc7bf4000 r-xp 00000000 08:05 787919                     /usr/lib/libXtst.so.6.1.0
7f2fc7bf4000-7f2fc7df3000 ---p 00005000 08:05 787919                     /usr/lib/libXtst.so.6.1.0
7f2fc7df3000-7f2fc7df4000 r--p 00004000 08:05 787919                     /usr/lib/libXtst.so.6.1.0
7f2fc7df4000-7f2fc7df5000 rw-p 00005000 08:05 787919                     /usr/lib/libXtst.so.6.1.0
7f2fc7df5000-7f2fc7dfe000 r-xp 00000000 08:05 787047                     /usr/lib/x86_64-linux-gnu/libXrender.so.1.3.0
7f2fc7dfe000-7f2fc7ffe000 ---p 00009000 08:05 787047                     /usr/lib/x86_64-linux-gnu/libXrender.so.1.3.0
7f2fc7ffe000-7f2fc7fff000 r--p 00009000 08:05 787047                     /usr/lib/x86_64-linux-gnu/libXrender.so.1.3.0
7f2fc7fff000-7f2fc8000000 rw-p 0000a000 08:05 787047                     /usr/lib/x86_64-linux-gnu/libXrender.so.1.3.0
7f2fc8000000-7f2fc9a54000 rw-p 00000000 00:00 0 
7f2fc9a54000-7f2fcc000000 ---p 00000000 00:00 0 
7f2fcc000000-7f2fcc001000 rw-s fd060000 00:05 8138                       /dev/nvidia0
7f2fcc001000-7f2fcc003000 r--s 00000000 08:06 1101670                    /home/jan/.fontconfig/6c2573209480b8f33065f885e21aa27e-le64.cache-3
7f2fcc003000-7f2fcc005000 r--s 00000000 08:06 1101669                    /home/jan/.fontconfig/2ce2f901d9e1b21e31b84cb10642e71d-le64.cache-3
7f2fcc005000-7f2fcc008000 r--s 00000000 08:06 1101668                    /home/jan/.fontconfig/e1de9b0e4af91a7731cd98de6ce2d572-le64.cache-3
7f2fcc008000-7f2fcc00b000 r--s 00000000 08:06 1101666                    /home/jan/.fontconfig/8adc0da6e22e3e72a145efb7377d06bd-le64.cache-3
7f2fcc00b000-7f2fcc01c000 r--s 00000000 08:06 1101665                    /home/jan/.fontconfig/edd89c71be7950017624cf56be471bae-le64.cache-3
7f2fcc01c000-7f2fcc028000 r--s 00000000 08:06 1101664                    /home/jan/.fontconfig/39d620b8dfbf4bd2ea5f64f511994d5f-le64.cache-3
7f2fcc028000-7f2fcc073000 r-xp 00000000 08:05 787706                     /usr/lib/jvm/java-6-openjdk/jre/lib/amd64/xawt/libmawt.so
7f2fcc073000-7f2fcc273000 ---p 0004b000 08:05 787706                     /usr/lib/jvm/java-6-openjdk/jre/lib/amd64/xawt/libmawt.so
7f2fcc273000-7f2fcc274000 r--p 0004b000 08:05 787706                     /usr/lib/jvm/java-6-openjdk/jre/lib/amd64/xawt/libmawt.so
7f2fcc274000-7f2fcc277000 rw-p 0004c000 08:05 787706                     /usr/lib/jvm/java-6-openjdk/jre/lib/amd64/xawt/libmawt.so
7f2fcc277000-7f2fcc278000 rw-p 00000000 00:00 0 
7f2fcc278000-7f2fcc324000 r-xp 00000000 08:05 831046                     /usr/lib/jvm/java-6-openjdk/jre/lib/amd64/libawt.so
7f2fcc324000-7f2fcc523000 ---p 000ac000 08:05 831046                     /usr/lib/jvm/java-6-openjdk/jre/lib/amd64/libawt.so
7f2fcc523000-7f2fcc524000 r--p 000ab000 08:05 831046                     /usr/lib/jvm/java-6-openjdk/jre/lib/amd64/libawt.so
7f2fcc524000-7f2fcc52f000 rw-p 000ac000 08:05 831046                     /usr/lib/jvm/java-6-openjdk/jre/lib/amd64/libawt.so
7f2fcc52f000-7f2fcc554000 rw-p 00000000 00:00 0 
7f2fcc554000-7f2fcc559000 r-xp 00000000 08:05 787913                     /usr/lib/x86_64-linux-gnu/libXdmcp.so.6.0.0
7f2fcc559000-7f2fcc758000 ---p 00005000 08:05 787913                     /usr/lib/x86_64-linux-gnu/libXdmcp.so.6.0.0
7f2fcc758000-7f2fcc759000 r--p 00004000 08:05 787913                     /usr/lib/x86_64-linux-gnu/libXdmcp.so.6.0.0
7f2fcc759000-7f2fcc75a000 rw-p 00005000 08:05 787913                     /usr/lib/x86_64-linux-gnu/libXdmcp.so.6.0.0
7f2fcc75a000-7f2fcc75c000 r-xp 00000000 08:05 787911                     /usr/lib/x86_64-linux-gnu/libXau.so.6.0.0
7f2fcc75c000-7f2fcc95b000 ---p 00002000 08:05 787911                     /usr/lib/x86_64-linux-gnu/libXau.so.6.0.0
7f2fcc95b000-7f2fcc95c000 r--p 00001000 08:05 787911                     /usr/lib/x86_64-linux-gnu/libXau.so.6.0.0
7f2fcc95c000-7f2fcc95d000 rw-p 00002000 08:05 787911                     /usr/lib/x86_64-linux-gnu/libXau.so.6.0.0
7f2fcc95d000-7f2fcc96f000 r-xp 00000000 08:05 787917                     /usr/lib/x86_64-linux-gnu/libXext.so.6.4.0
7f2fcc96f000-7f2fccb6e000 ---p 00012000 08:05 787917                     /usr/lib/x86_64-linux-gnu/libXext.so.6.4.0
7f2fccb6e000-7f2fccb6f000 r--p 00011000 08:05 787917                     /usr/lib/x86_64-linux-gnu/libXext.so.6.4.0
7f2fccb6f000-7f2fccb70000 rw-p 00012000 08:05 787917                     /usr/lib/x86_64-linux-gnu/libXext.so.6.4.0
7f2fccb70000-7f2fccb8b000 r-xp 00000000 08:05 787915                     /usr/lib/x86_64-linux-gnu/libxcb.so.1.1.0
7f2fccb8b000-7f2fccd8a000 ---p 0001b000 08:05 787915                     /usr/lib/x86_64-linux-gnu/libxcb.so.1.1.0
7f2fccd8a000-7f2fccd8b000 r--p 0001a000 08:05 787915                     /usr/lib/x86_64-linux-gnu/libxcb.so.1.1.0
7f2fccd8b000-7f2fccd8c000 rw-p 0001b000 08:05 787915                     /usr/lib/x86_64-linux-gnu/libxcb.so.1.1.0
7f2fccd8c000-7f2fccd8e000 r-xp 00000000 08:05 788461                     /usr/lib/x86_64-linux-gnu/libXinerama.so.1.0.0
7f2fccd8e000-7f2fccf8d000 ---p 00002000 08:05 788461                     /usr/lib/x86_64-linux-gnu/libXinerama.so.1.0.0
7f2fccf8d000-7f2fccf8e000 r--p 00001000 08:05 788461                     /usr/lib/x86_64-linux-gnu/libXinerama.so.1.0.0
7f2fccf8e000-7f2fccf8f000 rw-p 00002000 08:05 788461                     /usr/lib/x86_64-linux-gnu/libXinerama.so.1.0.0
7f2fccf8f000-7f2fccf94000 r-xp 00000000 08:05 788230                     /usr/lib/x86_64-linux-gnu/libXxf86vm.so.1.0.0
7f2fccf94000-7f2fcd193000 ---p 00005000 08:05 788230                     /usr/lib/x86_64-linux-gnu/libXxf86vm.so.1.0.0
7f2fcd193000-7f2fcd194000 r--p 00004000 08:05 788230                     /usr/lib/x86_64-linux-gnu/libXxf86vm.so.1.0.0
7f2fcd194000-7f2fcd195000 rw-p 00005000 08:05 788230                     /usr/lib/x86_64-linux-gnu/libXxf86vm.so.1.0.0
7f2fcd195000-7f2fcd2c8000 r-xp 00000000 08:05 785324                     /usr/lib/x86_64-linux-gnu/libX11.so.6.3.0
7f2fcd2c8000-7f2fcd4c8000 ---p 00133000 08:05 785324                     /usr/lib/x86_64-linux-gnu/libX11.so.6.3.0
7f2fcd4c8000-7f2fcd4c9000 r--p 00133000 08:05 785324                     /usr/lib/x86_64-linux-gnu/libX11.so.6.3.0
7f2fcd4c9000-7f2fcd4cd000 rw-p 00134000 08:05 785324                     /usr/lib/x86_64-linux-gnu/libX11.so.6.3.0
7f2fcd4cd000-7f2fcd4ce000 r--p 00000000 00:00 0 
7f2fcd4ce000-7f2fcd4da000 r--s 00000000 08:06 1101662                    /home/jan/.fontconfig/eb6d1a21532c7d5178ca66d9443d4aef-le64.cache-3
7f2fcd4da000-7f2fcd4de000 r--s 00000000 08:05 409147                     /var/cache/fontconfig/7ef2298fde41cc6eeb7af42e48b7d293-le64.cache-3
7f2fcd4de000-7f2fcd4f2000 r--s 00000000 08:05 415953                     /var/cache/fontconfig/865f88548240fee46819705c6468c165-le64.cache-3
7f2fcd4f2000-7f2fcd4f7000 r-xp 00000000 08:06 267447                     /home/jan/development/projects/YogularmInfinite/desktop/lib/jogl/linux-amd64/libnativewindow_x11.so
7f2fcd4f7000-7f2fcd6f6000 ---p 00005000 08:06 267447                     /home/jan/development/projects/YogularmInfinite/desktop/lib/jogl/linux-amd64/libnativewindow_x11.so
7f2fcd6f6000-7f2fcd6f7000 r--p 00004000 08:06 267447                     /home/jan/development/projects/YogularmInfinite/desktop/lib/jogl/linux-amd64/libnativewindow_x11.so
7f2fcd6f7000-7f2fcd6f8000 rw-p 00005000 08:06 267447                     /home/jan/development/projects/YogularmInfinite/desktop/lib/jogl/linux-amd64/libnativewindow_x11.so
7f2fcd6f8000-7f2fcd6f9000 r-xp 00000000 08:06 267442                     /home/jan/development/projects/YogularmInfinite/desktop/lib/jogl/linux-amd64/libgluegen-rt.so
7f2fcd6f9000-7f2fcd8f9000 ---p 00001000 08:06 267442                     /home/jan/development/projects/YogularmInfinite/desktop/lib/jogl/linux-amd64/libgluegen-rt.so
7f2fcd8f9000-7f2fcd8fa000 r--p 00001000 08:06 267442                     /home/jan/development/projects/YogularmInfinite/desktop/lib/jogl/linux-amd64/libgluegen-rt.so
7f2fcd8fa000-7f2fcd8fb000 rw-p 00002000 08:06 267442                     /home/jan/development/projects/YogularmInfinite/desktop/lib/jogl/linux-amd64/libgluegen-rt.so
7f2fcd8fb000-7f2fcd8fe000 r--s 00018000 08:06 267422                     /home/jan/development/projects/YogularmInfinite/desktop/lib/jogl/jar/gluegen-rt.jar
7f2fcd8fe000-7f2fcd902000 r--s 00028000 08:06 267440                     /home/jan/development/projects/YogularmInfinite/desktop/lib/jogl/jar/newt.all.jar
7f2fcd902000-7f2fcd906000 r--s 0001c000 08:06 267434                     /home/jan/development/projects/YogularmInfinite/desktop/lib/jogl/jar/nativewindow.all.jar
7f2fcd906000-7f2fcd907000 ---p 00000000 00:00 0 
7f2fcd907000-7f2fcda07000 rw-p 00000000 00:00 0 
7f2fcda07000-7f2fcda0a000 ---p 00000000 00:00 0 
7f2fcda0a000-7f2fcdb08000 rw-p 00000000 00:00 0 
7f2fcdb08000-7f2fcdb0b000 ---p 00000000 00:00 0 
7f2fcdb0b000-7f2fcdc09000 rw-p 00000000 00:00 0 
7f2fcdc09000-7f2fcdc0c000 ---p 00000000 00:00 0 
7f2fcdc0c000-7f2fcdd0a000 rw-p 00000000 00:00 0 
7f2fcdd0a000-7f2fcdd0d000 ---p 00000000 00:00 0 
7f2fcdd0d000-7f2fcde0b000 rw-p 00000000 00:00 0 
7f2fcde0b000-7f2fcde0e000 ---p 00000000 00:00 0 
7f2fcde0e000-7f2fcdf0c000 rw-p 00000000 00:00 0 
7f2fcdf0c000-7f2fcdf0f000 ---p 00000000 00:00 0 
7f2fcdf0f000-7f2fce00d000 rw-p 00000000 00:00 0 
7f2fce00d000-7f2fce011000 r-xp 00000000 08:05 831018                     /usr/lib/jvm/java-6-openjdk/jre/lib/amd64/libdt_socket.so
7f2fce011000-7f2fce210000 ---p 00004000 08:05 831018                     /usr/lib/jvm/java-6-openjdk/jre/lib/amd64/libdt_socket.so
7f2fce210000-7f2fce211000 r--p 00003000 08:05 831018                     /usr/lib/jvm/java-6-openjdk/jre/lib/amd64/libdt_socket.so
7f2fce211000-7f2fce212000 rw-p 00004000 08:05 831018                     /usr/lib/jvm/java-6-openjdk/jre/lib/amd64/libdt_socket.so
7f2fce212000-7f2fce215000 ---p 00000000 00:00 0 
7f2fce215000-7f2fce313000 rw-p 00000000 00:00 0 
7f2fce313000-7f2fce316000 ---p 00000000 00:00 0 
7f2fce316000-7f2fce414000 rw-p 00000000 00:00 0 
7f2fce414000-7f2fce417000 ---p 00000000 00:00 0 
7f2fce417000-7f2fce515000 rw-p 00000000 00:00 0 
7f2fce515000-7f2fce516000 ---p 00000000 00:00 0 
7f2fce516000-7f2fce94c000 rw-p 00000000 00:00 0 
7f2fce94c000-7f2fceadc000 r--s 037ba000 08:05 831054                     /usr/lib/jvm/java-6-openjdk/jre/lib/rt.jar
7f2fceadc000-7f2fceb04000 rw-p 00000000 00:00 0 
7f2fceb04000-7f2fceb05000 ---p 00000000 00:00 0 
7f2fceb05000-7f2fcec05000 rw-p 00000000 00:00 0 
7f2fcec05000-7f2fcec06000 ---p 00000000 00:00 0 
7f2fcec06000-7f2fced13000 rw-p 00000000 00:00 0 
7f2fced13000-7f2fced59000 rw-p 00000000 00:00 0 
7f2fced59000-7f2fced79000 rw-p 00000000 00:00 0 
7f2fced79000-7f2fcef4c000 rw-p 00000000 00:00 0 
7f2fcef4c000-7f2fcef59000 rw-p 00000000 00:00 0 
7f2fcef59000-7f2fcef9f000 rw-p 00000000 00:00 0 
7f2fcef9f000-7f2fcefbf000 rw-p 00000000 00:00 0 
7f2fcefbf000-7f2fcf191000 rw-p 00000000 00:00 0 
7f2fcf191000-7f2fcf1a1000 rw-p 00000000 00:00 0 
7f2fcf1a1000-7f2fcf1c5000 ---p 00000000 00:00 0 
7f2fcf1c5000-7f2fcf28b000 rw-p 00000000 00:00 0 
7f2fcf28b000-7f2fcf28c000 rw-p 00000000 00:00 0 
7f2fcf28c000-7f2fcf5dc000 rwxp 00000000 00:00 0 
7f2fcf5dc000-7f2fd228c000 rw-p 00000000 00:00 0 
7f2fd228c000-7f2fd2293000 r-xp 00000000 08:05 831041                     /usr/lib/jvm/java-6-openjdk/jre/lib/amd64/libzip.so
7f2fd2293000-7f2fd2492000 ---p 00007000 08:05 831041                     /usr/lib/jvm/java-6-openjdk/jre/lib/amd64/libzip.so
7f2fd2492000-7f2fd2493000 r--p 00006000 08:05 831041                     /usr/lib/jvm/java-6-openjdk/jre/lib/amd64/libzip.so
7f2fd2493000-7f2fd2494000 rw-p 00007000 08:05 831041                     /usr/lib/jvm/java-6-openjdk/jre/lib/amd64/libzip.so
7f2fd2494000-7f2fd24a0000 r-xp 00000000 08:05 651983                     /lib/x86_64-linux-gnu/libnss_files-2.13.so
7f2fd24a0000-7f2fd269f000 ---p 0000c000 08:05 651983                     /lib/x86_64-linux-gnu/libnss_files-2.13.so
7f2fd269f000-7f2fd26a0000 r--p 0000b000 08:05 651983                     /lib/x86_64-linux-gnu/libnss_files-2.13.so
7f2fd26a0000-7f2fd26a1000 rw-p 0000c000 08:05 651983                     /lib/x86_64-linux-gnu/libnss_files-2.13.so
7f2fd26a1000-7f2fd26ab000 r-xp 00000000 08:05 651985                     /lib/x86_64-linux-gnu/libnss_nis-2.13.so
7f2fd26ab000-7f2fd28ab000 ---p 0000a000 08:05 651985                     /lib/x86_64-linux-gnu/libnss_nis-2.13.so
7f2fd28ab000-7f2fd28ac000 r--p 0000a000 08:05 651985                     /lib/x86_64-linux-gnu/libnss_nis-2.13.so
7f2fd28ac000-7f2fd28ad000 rw-p 0000b000 08:05 651985                     /lib/x86_64-linux-gnu/libnss_nis-2.13.so
7f2fd28ad000-7f2fd28c4000 r-xp 00000000 08:05 651980                     /lib/x86_64-linux-gnu/libnsl-2.13.so
7f2fd28c4000-7f2fd2ac3000 ---p 00017000 08:05 651980                     /lib/x86_64-linux-gnu/libnsl-2.13.so
7f2fd2ac3000-7f2fd2ac4000 r--p 00016000 08:05 651980                     /lib/x86_64-linux-gnu/libnsl-2.13.so
7f2fd2ac4000-7f2fd2ac5000 rw-p 00017000 08:05 651980                     /lib/x86_64-linux-gnu/libnsl-2.13.so
7f2fd2ac5000-7f2fd2ac7000 rw-p 00000000 00:00 0 
7f2fd2ac7000-7f2fd2acf000 r-xp 00000000 08:05 651981                     /lib/x86_64-linux-gnu/libnss_compat-2.13.so
7f2fd2acf000-7f2fd2cce000 ---p 00008000 08:05 651981                     /lib/x86_64-linux-gnu/libnss_compat-2.13.so
7f2fd2cce000-7f2fd2ccf000 r--p 00007000 08:05 651981                     /lib/x86_64-linux-gnu/libnss_compat-2.13.so
7f2fd2ccf000-7f2fd2cd0000 rw-p 00008000 08:05 651981                     /lib/x86_64-linux-gnu/libnss_compat-2.13.so
7f2fd2cd0000-7f2fd3379000 r--p 00000000 08:05 790710                     /usr/lib/locale/locale-archive
7f2fd3379000-7f2fd337c000 r-xp 00000000 08:05 831033                     /usr/lib/jvm/java-6-openjdk/jre/lib/amd64/libnpt.so
7f2fd337c000-7f2fd357b000 ---p 00003000 08:05 831033                     /usr/lib/jvm/java-6-openjdk/jre/lib/amd64/libnpt.so
7f2fd357b000-7f2fd357c000 r--p 00002000 08:05 831033                     /usr/lib/jvm/java-6-openjdk/jre/lib/amd64/libnpt.so
7f2fd357c000-7f2fd357d000 rw-p 00003000 08:05 831033                     /usr/lib/jvm/java-6-openjdk/jre/lib/amd64/libnpt.so
7f2fd357d000-7f2fd35b7000 r-xp 00000000 08:05 831032                     /usr/lib/jvm/java-6-openjdk/jre/lib/amd64/libjdwp.so
7f2fd35b7000-7f2fd37b6000 ---p 0003a000 08:05 831032                     /usr/lib/jvm/java-6-openjdk/jre/lib/amd64/libjdwp.so
7f2fd37b6000-7f2fd37b7000 r--p 00039000 08:05 831032                     /usr/lib/jvm/java-6-openjdk/jre/lib/amd64/libjdwp.so
7f2fd37b7000-7f2fd37b8000 rw-p 0003a000 08:05 831032                     /usr/lib/jvm/java-6-openjdk/jre/lib/amd64/libjdwp.so
7f2fd37b8000-7f2fd37e4000 r-xp 00000000 08:05 831040                     /usr/lib/jvm/java-6-openjdk/jre/lib/amd64/libjava.so
7f2fd37e4000-7f2fd39e3000 ---p 0002c000 08:05 831040                     /usr/lib/jvm/java-6-openjdk/jre/lib/amd64/libjava.so
7f2fd39e3000-7f2fd39e4000 r--p 0002b000 08:05 831040                     /usr/lib/jvm/java-6-openjdk/jre/lib/amd64/libjava.so
7f2fd39e4000-7f2fd39e7000 rw-p 0002c000 08:05 831040                     /usr/lib/jvm/java-6-openjdk/jre/lib/amd64/libjava.so
7f2fd39e7000-7f2fd39f5000 r-xp 00000000 08:05 831026                     /usr/lib/jvm/java-6-openjdk/jre/lib/amd64/libverify.so
7f2fd39f5000-7f2fd3bf4000 ---p 0000e000 08:05 831026                     /usr/lib/jvm/java-6-openjdk/jre/lib/amd64/libverify.so
7f2fd3bf4000-7f2fd3bf6000 r--p 0000d000 08:05 831026                     /usr/lib/jvm/java-6-openjdk/jre/lib/amd64/libverify.so
7f2fd3bf6000-7f2fd3bf7000 rw-p 0000f000 08:05 831026                     /usr/lib/jvm/java-6-openjdk/jre/lib/amd64/libverify.so
7f2fd3bf7000-7f2fd3bfe000 r-xp 00000000 08:05 651990                     /lib/x86_64-linux-gnu/librt-2.13.so
7f2fd3bfe000-7f2fd3dfd000 ---p 00007000 08:05 651990                     /lib/x86_64-linux-gnu/librt-2.13.so
7f2fd3dfd000-7f2fd3dfe000 r--p 00006000 08:05 651990                     /lib/x86_64-linux-gnu/librt-2.13.so
7f2fd3dfe000-7f2fd3dff000 rw-p 00007000 08:05 651990                     /lib/x86_64-linux-gnu/librt-2.13.so
7f2fd3dff000-7f2fd3e14000 r-xp 00000000 08:05 655924                     /lib/x86_64-linux-gnu/libgcc_s.so.1
7f2fd3e14000-7f2fd4013000 ---p 00015000 08:05 655924                     /lib/x86_64-linux-gnu/libgcc_s.so.1
7f2fd4013000-7f2fd4014000 r--p 00014000 08:05 655924                     /lib/x86_64-linux-gnu/libgcc_s.so.1
7f2fd4014000-7f2fd4015000 rw-p 00015000 08:05 655924                     /lib/x86_64-linux-gnu/libgcc_s.so.1
7f2fd4015000-7f2fd4098000 r-xp 00000000 08:05 651978                     /lib/x86_64-linux-gnu/libm-2.13.so
7f2fd4098000-7f2fd4297000 ---p 00083000 08:05 651978                     /lib/x86_64-linux-gnu/libm-2.13.so
7f2fd4297000-7f2fd4298000 r--p 00082000 08:05 651978                     /lib/x86_64-linux-gnu/libm-2.13.so
7f2fd4298000-7f2fd4299000 rw-p 00083000 08:05 651978                     /lib/x86_64-linux-gnu/libm-2.13.so
7f2fd4299000-7f2fd4381000 r-xp 00000000 08:05 784919                     /usr/lib/x86_64-linux-gnu/libstdc++.so.6.0.16
7f2fd4381000-7f2fd4581000 ---p 000e8000 08:05 784919                     /usr/lib/x86_64-linux-gnu/libstdc++.so.6.0.16
7f2fd4581000-7f2fd4589000 r--p 000e8000 08:05 784919                     /usr/lib/x86_64-linux-gnu/libstdc++.so.6.0.16
7f2fd4589000-7f2fd458b000 rw-p 000f0000 08:05 784919                     /usr/lib/x86_64-linux-gnu/libstdc++.so.6.0.16
7f2fd458b000-7f2fd45a0000 rw-p 00000000 00:00 0 
7f2fd45a0000-7f2fd4ea3000 r-xp 00000000 08:05 831043                     /usr/lib/jvm/java-6-openjdk/jre/lib/amd64/server/libjvm.so
7f2fd4ea3000-7f2fd50a2000 ---p 00903000 08:05 831043                     /usr/lib/jvm/java-6-openjdk/jre/lib/amd64/server/libjvm.so
7f2fd50a2000-7f2fd5123000 r--p 00902000 08:05 831043                     /usr/lib/jvm/java-6-openjdk/jre/lib/amd64/server/libjvm.so
7f2fd5123000-7f2fd513e000 rw-p 00983000 08:05 831043                     /usr/lib/jvm/java-6-openjdk/jre/lib/amd64/server/libjvm.so
7f2fd513e000-7f2fd5167000 rw-p 00000000 00:00 0 
7f2fd5167000-7f2fd517e000 r-xp 00000000 08:05 656017                     /lib/x86_64-linux-gnu/libz.so.1.2.3.4
7f2fd517e000-7f2fd537d000 ---p 00017000 08:05 656017                     /lib/x86_64-linux-gnu/libz.so.1.2.3.4
7f2fd537d000-7f2fd537e000 r--p 00016000 08:05 656017                     /lib/x86_64-linux-gnu/libz.so.1.2.3.4
7f2fd537e000-7f2fd537f000 rw-p 00017000 08:05 656017                     /lib/x86_64-linux-gnu/libz.so.1.2.3.4
7f2fd537f000-7f2fd5516000 r-xp 00000000 08:05 651974                     /lib/x86_64-linux-gnu/libc-2.13.so
7f2fd5516000-7f2fd5715000 ---p 00197000 08:05 651974                     /lib/x86_64-linux-gnu/libc-2.13.so
7f2fd5715000-7f2fd5719000 r--p 00196000 08:05 651974                     /lib/x86_64-linux-gnu/libc-2.13.so
7f2fd5719000-7f2fd571a000 rw-p 0019a000 08:05 651974                     /lib/x86_64-linux-gnu/libc-2.13.so
7f2fd571a000-7f2fd5720000 rw-p 00000000 00:00 0 
7f2fd5720000-7f2fd5722000 r-xp 00000000 08:05 651977                     /lib/x86_64-linux-gnu/libdl-2.13.so
7f2fd5722000-7f2fd5922000 ---p 00002000 08:05 651977                     /lib/x86_64-linux-gnu/libdl-2.13.so
7f2fd5922000-7f2fd5923000 r--p 00002000 08:05 651977                     /lib/x86_64-linux-gnu/libdl-2.13.so
7f2fd5923000-7f2fd5924000 rw-p 00003000 08:05 651977                     /lib/x86_64-linux-gnu/libdl-2.13.so
7f2fd5924000-7f2fd5928000 r-xp 00000000 08:05 831024                     /usr/lib/jvm/java-6-openjdk/jre/lib/amd64/jli/libjli.so
7f2fd5928000-7f2fd5b27000 ---p 00004000 08:05 831024                     /usr/lib/jvm/java-6-openjdk/jre/lib/amd64/jli/libjli.so
7f2fd5b27000-7f2fd5b28000 r--p 00003000 08:05 831024                     /usr/lib/jvm/java-6-openjdk/jre/lib/amd64/jli/libjli.so
7f2fd5b28000-7f2fd5b29000 rw-p 00004000 08:05 831024                     /usr/lib/jvm/java-6-openjdk/jre/lib/amd64/jli/libjli.so
7f2fd5b29000-7f2fd5b41000 r-xp 00000000 08:05 651988                     /lib/x86_64-linux-gnu/libpthread-2.13.so
7f2fd5b41000-7f2fd5d40000 ---p 00018000 08:05 651988                     /lib/x86_64-linux-gnu/libpthread-2.13.so
7f2fd5d40000-7f2fd5d41000 r--p 00017000 08:05 651988                     /lib/x86_64-linux-gnu/libpthread-2.13.so
7f2fd5d41000-7f2fd5d42000 rw-p 00018000 08:05 651988                     /lib/x86_64-linux-gnu/libpthread-2.13.so
7f2fd5d42000-7f2fd5d46000 rw-p 00000000 00:00 0 
7f2fd5d46000-7f2fd5d67000 r-xp 00000000 08:05 651969                     /lib/x86_64-linux-gnu/ld-2.13.so
7f2fd5d67000-7f2fd5d69000 r--s 00000000 08:06 1101675                    /home/jan/.fontconfig/e252e6067bf5dc9e40fb95b17b621584-le64.cache-3
7f2fd5d69000-7f2fd5d6c000 r--s 0007d000 08:05 831005                     /usr/lib/jvm/java-6-openjdk/jre/lib/jsse.jar
7f2fd5d6c000-7f2fd5d79000 r--s 00242000 08:06 267428                     /home/jan/development/projects/YogularmInfinite/desktop/lib/jogl/jar/jogl.all.jar
7f2fd5d79000-7f2fd5d87000 rw-p 00000000 00:00 0 
7f2fd5d87000-7f2fd5e39000 rw-p 00000000 00:00 0 
7f2fd5e39000-7f2fd5e3c000 ---p 00000000 00:00 0 
7f2fd5e3c000-7f2fd5f3f000 rw-p 00000000 00:00 0 
7f2fd5f3f000-7f2fd5f41000 r--s 00000000 08:06 1101671                    /home/jan/.fontconfig/954bf4103e945093a32831c95ead4df7-le64.cache-3
7f2fd5f41000-7f2fd5f45000 r--s 00028000 08:06 917705                     /home/jan/development/projects/YogularmInfinite/common/lib/gson/gson-2.1.jar
7f2fd5f45000-7f2fd5f47000 r--s 00007000 08:05 931157                     /usr/share/java/hamcrest-core-1.1.jar
7f2fd5f47000-7f2fd5f49000 r--s 00007000 08:05 931157                     /usr/share/java/hamcrest-core-1.1.jar
7f2fd5f49000-7f2fd5f50000 r--s 00030000 08:05 931165                     /usr/share/java/junit4-4.8.2.jar
7f2fd5f50000-7f2fd5f52000 r--s 0000f000 08:05 830994                     /usr/lib/jvm/java-6-openjdk/jre/lib/ext/pulse-java.jar
7f2fd5f52000-7f2fd5f5a000 r--s 00066000 08:05 930814                     /usr/share/java/gnome-java-bridge.jar
7f2fd5f5a000-7f2fd5f62000 rw-s 00000000 08:05 669172                     /tmp/hsperfdata_jan/22102
7f2fd5f62000-7f2fd5f63000 rw-p 00000000 00:00 0 
7f2fd5f63000-7f2fd5f64000 r--p 00000000 00:00 0 
7f2fd5f64000-7f2fd5f66000 rw-p 00000000 00:00 0 
7f2fd5f66000-7f2fd5f67000 r--p 00020000 08:05 651969                     /lib/x86_64-linux-gnu/ld-2.13.so
7f2fd5f67000-7f2fd5f69000 rw-p 00021000 08:05 651969                     /lib/x86_64-linux-gnu/ld-2.13.so
7fffe46b7000-7fffe46d8000 rw-p 00000000 00:00 0                          [stack]
7fffe474c000-7fffe474d000 r-xp 00000000 00:00 0                          [vdso]
ffffffffff600000-ffffffffff601000 r-xp 00000000 00:00 0                  [vsyscall]

VM Arguments:
jvm_args: -agentlib:jdwp=transport=dt_socket,suspend=y,address=localhost:47492 -Djava.library.path=/home/jan/development/projects/YogularmInfinite/desktop/lib/jogl/windows-amd64:/home/jan/development/projects/YogularmInfinite/desktop/lib/jogl/linux-amd64 -Dfile.encoding=UTF-8 
java_command: de.yogularm.desktop.SwingLauncher
Launcher Type: SUN_STANDARD

Environment Variables:
JAVA_HOME=/usr/lib/jvm/java-6-openjdk
CLASSPATH=.:/usr/lib/jvm/java-6-openjdk/bin:/usr/share/tomcat7/lib/servlet-api.jar:/usr/share/tomcat7/lib/tomcat-coyote.jar:/usr/share/tomcat7/lib/tomcat-util.jar:/usr/share/tomcat7/bin/tomcat-juli.jar
PATH=/usr/local/sbin:/usr/local/bin:/usr/sbin:/usr/bin:/sbin:/bin:/usr/games
LD_LIBRARY_PATH=/usr/lib/jvm/java-6-openjdk/jre/lib/amd64/server:/usr/lib/jvm/java-6-openjdk/jre/lib/amd64:/usr/lib/jvm/java-6-openjdk/jre/../lib/amd64
SHELL=/bin/bash
DISPLAY=:0

Signal Handlers:
SIGSEGV: [libjvm.so+0x783e60], sa_mask[0]=0x7ffbfeff, sa_flags=0x10000004
SIGBUS: [libjvm.so+0x783e60], sa_mask[0]=0x7ffbfeff, sa_flags=0x10000004
SIGFPE: [libjvm.so+0x6485c0], sa_mask[0]=0x7ffbfeff, sa_flags=0x10000004
SIGPIPE: [libjvm.so+0x6485c0], sa_mask[0]=0x7ffbfeff, sa_flags=0x10000004
SIGXFSZ: [libjvm.so+0x6485c0], sa_mask[0]=0x7ffbfeff, sa_flags=0x10000004
SIGILL: [libjvm.so+0x6485c0], sa_mask[0]=0x7ffbfeff, sa_flags=0x10000004
SIGUSR1: SIG_DFL, sa_mask[0]=0x00000000, sa_flags=0x00000000
SIGUSR2: [libjvm.so+0x648770], sa_mask[0]=0x00000004, sa_flags=0x10000004
SIGHUP: [libjvm.so+0x64b280], sa_mask[0]=0x7ffbfeff, sa_flags=0x10000004
SIGINT: [libjvm.so+0x64b280], sa_mask[0]=0x7ffbfeff, sa_flags=0x10000004
SIGTERM: [libjvm.so+0x64b280], sa_mask[0]=0x7ffbfeff, sa_flags=0x10000004
SIGQUIT: [libjvm.so+0x64b280], sa_mask[0]=0x7ffbfeff, sa_flags=0x10000004


---------------  S Y S T E M  ---------------

OS:Ubuntu 11.10 (oneiric)
uname:Linux 3.0.0-17-generic #30-Ubuntu SMP Thu Mar 8 20:45:39 UTC 2012 x86_64
libc:glibc 2.13 NPTL 2.13 
rlimit: STACK 8192k, CORE 0k, NPROC 47157, NOFILE 4096, AS infinity
load average:0.18 0.20 0.25

/proc/meminfo:
MemTotal:        6125608 kB
MemFree:          349560 kB
Buffers:         1275044 kB
Cached:          1434556 kB
SwapCached:            0 kB
Active:          3643996 kB
Inactive:        1596672 kB
Active(anon):    2531836 kB
Inactive(anon):    49484 kB
Active(file):    1112160 kB
Inactive(file):  1547188 kB
Unevictable:           0 kB
Mlocked:               0 kB
SwapTotal:       8396796 kB
SwapFree:        8396796 kB
Dirty:               172 kB
Writeback:             0 kB
AnonPages:       2531136 kB
Mapped:           287316 kB
Shmem:             50260 kB
Slab:             355092 kB
SReclaimable:     218168 kB
SUnreclaim:       136924 kB
KernelStack:        4248 kB
PageTables:        39848 kB
NFS_Unstable:          0 kB
Bounce:                0 kB
WritebackTmp:          0 kB
CommitLimit:    11459600 kB
Committed_AS:    5142228 kB
VmallocTotal:   34359738367 kB
VmallocUsed:      341552 kB
VmallocChunk:   34359393780 kB
HardwareCorrupted:     0 kB
AnonHugePages:         0 kB
HugePages_Total:       0
HugePages_Free:        0
HugePages_Rsvd:        0
HugePages_Surp:        0
Hugepagesize:       2048 kB
DirectMap4k:      145152 kB
DirectMap2M:     6146048 kB


CPU:total 2 (2 cores per cpu, 1 threads per core) family 15 model 107 stepping 2, cmov, cx8, fxsr, mmx, sse, sse2, sse3, mmxext, 3dnow, 3dnowext

Memory: 4k page, physical 6125608k(349560k free), swap 8396796k(8396796k free)

vm_info: OpenJDK 64-Bit Server VM (20.0-b11) for linux-amd64 JRE (1.6.0_23-b23), built on Feb 23 2012 05:39:46 by "buildd" with gcc 4.6.1

time: Mon Apr  2 01:41:45 2012
elapsed time: 412 seconds

