#
# A fatal error has been detected by the Java Runtime Environment:
#
#  SIGSEGV (0xb) at pc=0x00007fefc20aedfa, pid=18665, tid=140667737528064
#
# JRE version: 6.0_23-b23
# Java VM: OpenJDK 64-Bit Server VM (20.0-b11 mixed mode linux-amd64 compressed oops)
# Derivative: IcedTea6 1.11pre
# Distribution: Ubuntu 11.10, package 6b23~pre11-0ubuntu1.11.10.2
# Problematic frame:
# C  [libGL.so.1+0x7cdfa]  glXCreateWindow+0xb5ea
#
# If you would like to submit a bug report, please include
# instructions how to reproduce the bug and visit:
#   https://bugs.launchpad.net/ubuntu/+source/openjdk-6/
# The crash happened outside the Java Virtual Machine in native code.
# See problematic frame for where to report the bug.
#

---------------  T H R E A D  ---------------

Current thread (0x00007fefc42bf000):  JavaThread "AWT-EventQueue-0" [_thread_in_native, id=18702, stack(0x00007fefc276d000,0x00007fefc286e000)]

siginfo:si_signo=SIGSEGV: si_errno=0, si_code=1 (SEGV_MAPERR), si_addr=0x0000000041345000

Registers:
RAX=0x0000000041345000, RBX=0x0000000000000000, RCX=0x0000000000000001, RDX=0x00007fefc4140201
RSP=0x00007fefc286bbd0, RBP=0x00007fefc4311298, RSI=0x00007fefc232c3e0, RDI=0x00007fefc2310020
R8 =0x00007fefc232d1a0, R9 =0x000000000000490e, R10=0x00007fefcb0e8aee, R11=0x0000000000000206
R12=0x00007fefc2310020, R13=0x00007fefc4011f00, R14=0x00007fefc20ad250, R15=0x0000000005a00011
RIP=0x00007fefc20aedfa, EFLAGS=0x0000000000010202, CSGSFS=0x0000000000000033, ERR=0x0000000000000004
  TRAPNO=0x000000000000000e

Top of Stack: (sp=0x00007fefc286bbd0)
0x00007fefc286bbd0:   0000000000000004 0000000100000000
0x00007fefc286bbe0:   0000000005a00011 00000000e124f858
0x00007fefc286bbf0:   0000000100000001 0000000000000000
0x00007fefc286bc00:   00007fefc286bc70 00007fefc8e5ad8c
0x00007fefc286bc10:   0000000099b58118 00000000e124f830
0x00007fefc286bc20:   00007fefc286bc50 00007fefc919b55f
0x00007fefc286bc30:   00007fefc286bcb8 00007fefc42bf1d0
0x00007fefc286bc40:   0000000100000000 0000000005a00011
0x00007fefc286bc50:   00007fefc286bcd0 0000000000000000
0x00007fefc286bc60:   00007fefcb1a291c 00007fefc286bd18
0x00007fefc286bc70:   00007fefc42bf000 00007fefbfbad3c1
0x00007fefc286bc80:   00007fefc4311298 0000000005a00011
0x00007fefc286bc90:   0000000005a00011 00007fefc4011f00
0x00007fefc286bca0:   00007fefc286bd18 00007fefc42bf1d0
0x00007fefc286bcb0:   00007fefc20a06d0 00007fefc209c920
0x00007fefc286bcc0:   00007fefc286bd20 00000000e124f830
0x00007fefc286bcd0:   00007fefc286bd30 00007fefcb0e8b68
0x00007fefc286bce0:   00007fefc20a06d0 00007fefcb10ed51
0x00007fefc286bcf0:   00000000986109c8 00007fefcb0c981c
0x00007fefc286bd00:   00000001a2857c80 00000000a2857c80
0x00007fefc286bd10:   0000001000000001 0000000098ca9678
0x00007fefc286bd20:   0000000000000001 00000000e124f858
0x00007fefc286bd30:   00000000982392d0 00007fefcb128fdc
0x00007fefc286bd40:   00000000a33afef8 00007fef00000000
0x00007fefc286bd50:   00000000a33afef8 00007fefc4011f00
0x00007fefc286bd60:   00000000a33b0568 00000000a33b05d8
0x00007fefc286bd70:   0000000000000003 00007fefc4311298
0x00007fefc286bd80:   00007fefc20a06d0 0000000005a00011
0x00007fefc286bd90:   0000000005a00011 00000000a33b00a0
0x00007fefc286bda0:   0000000000000031 00007fefd088643e
0x00007fefc286bdb0:   0000000000000003 00007fefcb159a20
0x00007fefc286bdc0:   00000000a33afef8 0000000000000000 

Instructions: (pc=0x00007fefc20aedfa)
0x00007fefc20aedda:   8b 8d 7c 09 00 00 85 c9 0f 95 c2 4d 85 ff 0f 95
0x00007fefc20aedea:   c0 84 c2 74 21 48 8b 85 c0 09 00 00 48 8b 40 40
0x00007fefc20aedfa:   48 8b 00 f7 80 54 f7 03 00 00 00 01 5e 0f 85 92
0x00007fefc20aee0a:   04 00 00 0f 1f 00 4d 85 f6 0f 84 67 01 00 00 31 

Register to memory mapping:

RAX=0x0000000041345000 is an unknown value
RBX=0x0000000000000000 is an unknown value
RCX=0x0000000000000001 is an unknown value
RDX=0x00007fefc4140201 is an unknown value
RSP=0x00007fefc286bbd0 is pointing into the stack for thread: 0x00007fefc42bf000
RBP=0x00007fefc4311298 is an unknown value
RSI=0x00007fefc232c3e0: <offset 0x2fa3e0> in /usr/lib/nvidia-current/libGL.so.1 at 0x00007fefc2032000
RDI=0x00007fefc2310020: <offset 0x2de020> in /usr/lib/nvidia-current/libGL.so.1 at 0x00007fefc2032000
R8 =0x00007fefc232d1a0: <offset 0x2fb1a0> in /usr/lib/nvidia-current/libGL.so.1 at 0x00007fefc2032000
R9 =0x000000000000490e is an unknown value
R10=0x00007fefcb0e8910 [CodeBlob (0x00007fefcb0e8910)]
Framesize: 12
R11=0x0000000000000206 is an unknown value
R12=0x00007fefc2310020: <offset 0x2de020> in /usr/lib/nvidia-current/libGL.so.1 at 0x00007fefc2032000
R13=0x00007fefc4011f00 is an unknown value
R14=0x00007fefc20ad250: <offset 0x7b250> in /usr/lib/nvidia-current/libGL.so.1 at 0x00007fefc2032000
R15=0x0000000005a00011 is an unknown value


Stack: [0x00007fefc276d000,0x00007fefc286e000],  sp=0x00007fefc286bbd0,  free space=1018k
Native frames: (J=compiled Java code, j=interpreted, Vv=VM code, C=native code)
C  [libGL.so.1+0x7cdfa]  glXCreateWindow+0xb5ea

Java frames: (J=compiled Java code, j=interpreted, Vv=VM code)
J  jogamp.opengl.x11.glx.GLX.dispatch_glXMakeContextCurrent1(JJJJJ)Z
J  jogamp.opengl.x11.glx.X11GLXContext.makeCurrentImpl(Z)V
J  jogamp.opengl.GLContextImpl.makeCurrent()I
J  jogamp.opengl.GLDrawableHelper.invokeGL(Ljavax/media/opengl/GLDrawable;Ljavax/media/opengl/GLContext;Ljava/lang/Runnable;Ljava/lang/Runnable;)V
J  java.awt.EventQueue$1.run()Ljava/lang/Object;
v  ~StubRoutines::call_stub
j  java.security.AccessController.doPrivileged(Ljava/security/PrivilegedAction;Ljava/security/AccessControlContext;)Ljava/lang/Object;+0
J  java.awt.EventDispatchThread.pumpOneEventForFilters(I)Z
J  java.awt.EventDispatchThread.pumpEventsForFilter(ILjava/awt/Conditional;Ljava/awt/EventFilter;)V
j  java.awt.EventDispatchThread.pumpEventsForHierarchy(ILjava/awt/Conditional;Ljava/awt/Component;)V+11
j  java.awt.EventDispatchThread.pumpEvents(ILjava/awt/Conditional;)V+4
j  java.awt.EventDispatchThread.pumpEvents(Ljava/awt/Conditional;)V+3
j  java.awt.EventDispatchThread.run()V+9
v  ~StubRoutines::call_stub

---------------  P R O C E S S  ---------------

Java Threads: ( => current thread )
  0x0000000001071800 JavaThread "Thread-1" [_thread_in_vm, id=18962, stack(0x00007fefbe54b000,0x00007fefbe64c000)]
  0x0000000000fa9000 JavaThread "SIGTERM handler" daemon [_thread_in_vm, id=18961, stack(0x00007fefc99b1000,0x00007fefc9ab2000)]
  0x0000000001540800 JavaThread "Thread-5" [_thread_in_native, id=18715, stack(0x00007fefbf07a000,0x00007fefbf17b000)]
  0x00007fefc4c6d800 JavaThread "Thread-4" [_thread_blocked, id=18709, stack(0x00007fefbf17b000,0x00007fefbf27c000)]
  0x0000000001226000 JavaThread "TimerQueue" daemon [_thread_blocked, id=18707, stack(0x00007fefbef79000,0x00007fefbf07a000)]
  0x0000000000f07800 JavaThread "DestroyJavaVM" [_thread_blocked, id=18668, stack(0x00007fefd1ae0000,0x00007fefd1be1000)]
  0x0000000001517000 JavaThread "Timer-0" [_thread_blocked, id=18706, stack(0x00007fefbee78000,0x00007fefbef79000)]
=>0x00007fefc42bf000 JavaThread "AWT-EventQueue-0" [_thread_in_native, id=18702, stack(0x00007fefc276d000,0x00007fefc286e000)]
  0x00007fefc4296000 JavaThread "AWT-Shutdown" [_thread_blocked, id=18701, stack(0x00007fefc286e000,0x00007fefc296f000)]
  0x00007fefc4128800 JavaThread "main-SharedResourceRunner" daemon [_thread_in_native, id=18700, stack(0x00007fefc1f31000,0x00007fefc2032000)]
  0x00007fefc40da000 JavaThread "AWT-XAWT" daemon [_thread_blocked, id=18692, stack(0x00007fefc2b89000,0x00007fefc2c8a000)]
  0x00007fefc4048000 JavaThread "Java2D Disposer" daemon [_thread_blocked, id=18691, stack(0x00007fefc80fa000,0x00007fefc81fb000)]
  0x0000000000fbf000 JavaThread "Low Memory Detector" daemon [_thread_blocked, id=18687, stack(0x00007fefc96ae000,0x00007fefc97af000)]
  0x0000000000fba800 JavaThread "C2 CompilerThread1" daemon [_thread_blocked, id=18686, stack(0x00007fefc97af000,0x00007fefc98b0000)]
  0x0000000000fb8000 JavaThread "C2 CompilerThread0" daemon [_thread_blocked, id=18685, stack(0x00007fefc98b0000,0x00007fefc99b1000)]
  0x0000000000fa6800 JavaThread "JDWP Event Helper Thread" daemon [_thread_blocked, id=18682, stack(0x00007fefc9ab2000,0x00007fefc9bb3000)]
  0x0000000000fa3000 JavaThread "JDWP Transport Listener: dt_socket" daemon [_thread_in_native, id=18679, stack(0x00007fefc9bb3000,0x00007fefc9cb4000)]
  0x0000000000f97800 JavaThread "Signal Dispatcher" daemon [_thread_blocked, id=18677, stack(0x00007fefc9eb9000,0x00007fefc9fba000)]
  0x0000000000f74000 JavaThread "Finalizer" daemon [_thread_blocked, id=18676, stack(0x00007fefc9fba000,0x00007fefca0bb000)]
  0x0000000000f72000 JavaThread "Reference Handler" daemon [_thread_blocked, id=18675, stack(0x00007fefca0bb000,0x00007fefca1bc000)]

Other Threads:
  0x0000000000f6b000 VMThread [stack: 0x00007fefca1bc000,0x00007fefca2bd000] [id=18674]
  0x0000000000fc1800 WatcherThread [stack: 0x00007fefc95ad000,0x00007fefc96ae000] [id=18688]

VM state:not at safepoint (normal execution)

VM Mutex/Monitor currently owned by a thread:  ([mutex/lock_event])
[0x0000000000f04130] Threads_lock - owner thread: 0x0000000000fa9000

Heap
 PSYoungGen      total 6272K, used 5357K [0x00000000e0d60000, 0x00000000e1720000, 0x0000000100000000)
  eden space 6208K, 85% used [0x00000000e0d60000,0x00000000e128b5c8,0x00000000e1370000)
  from space 64K, 100% used [0x00000000e1710000,0x00000000e1720000,0x00000000e1720000)
  to   space 128K, 0% used [0x00000000e16e0000,0x00000000e16e0000,0x00000000e1700000)
 PSOldGen        total 63872K, used 30291K [0x00000000a2800000, 0x00000000a6660000, 0x00000000e0d60000)
  object space 63872K, 47% used [0x00000000a2800000,0x00000000a4594d60,0x00000000a6660000)
 PSPermGen       total 26560K, used 26050K [0x0000000098200000, 0x0000000099bf0000, 0x00000000a2800000)
  object space 26560K, 98% used [0x0000000098200000,0x0000000099b70970,0x0000000099bf0000)

Code Cache  [0x00007fefcaf33000, 0x00007fefcb1c3000, 0x00007fefcdf33000)
 total_blobs=1473 nmethods=669 adapters=766 free_code_cache=47708032 largest_free_block=6272

Dynamic libraries:
00400000-00409000 r-xp 00000000 08:05 821807                             /usr/lib/jvm/java-6-openjdk/jre/bin/java
00608000-00609000 r--p 00008000 08:05 821807                             /usr/lib/jvm/java-6-openjdk/jre/bin/java
00609000-0060a000 rw-p 00009000 08:05 821807                             /usr/lib/jvm/java-6-openjdk/jre/bin/java
00efa000-021bc000 rw-p 00000000 00:00 0                                  [heap]
98200000-99bf0000 rw-p 00000000 00:00 0 
99bf0000-a2800000 rw-p 00000000 00:00 0 
a2800000-a6660000 rw-p 00000000 00:00 0 
a6660000-e0d60000 rw-p 00000000 00:00 0 
e0d60000-e1720000 rw-p 00000000 00:00 0 
e1720000-e43e0000 ---p 00000000 00:00 0 
e43e0000-100000000 rw-p 00000000 00:00 0 
7fefbd20a000-7fefbd21d000 r--s 00000000 08:05 9443                       /usr/share/fonts/type1/gsfonts/n019064l.pfb
7fefbd21d000-7fefbd238000 r--s 00000000 08:05 9473                       /usr/share/fonts/type1/gsfonts/p052004l.pfb
7fefbd238000-7fefbd253000 r--s 00000000 08:05 9470                       /usr/share/fonts/type1/gsfonts/p052003l.pfb
7fefbd253000-7fefbd25c000 r--s 00000000 08:05 9482                       /usr/share/fonts/type1/gsfonts/s050000l.pfb
7fefbd25c000-7fefbd26e000 r--s 00000000 08:05 9434                       /usr/share/fonts/type1/gsfonts/n019043l.pfb
7fefbd26e000-7fefbd285000 r--s 00000000 08:05 9485                       /usr/share/fonts/type1/gsfonts/z003034l.pfb
7fefbd285000-7fefbd29d000 r--s 00000000 08:05 9458                       /usr/share/fonts/type1/gsfonts/n022003l.pfb
7fefbd29d000-7fefbd2b1000 r--s 00000000 08:05 9422                       /usr/share/fonts/type1/gsfonts/n019003l.pfb
7fefbd2b1000-7fefbd2c1000 r--s 00000000 08:05 9386                       /usr/share/fonts/type1/gsfonts/a010015l.pfb
7fefbd2c1000-7fefbd2d2000 r--s 00000000 08:05 9392                       /usr/share/fonts/type1/gsfonts/a010035l.pfb
7fefbd2ed000-7fefbd309000 r--s 00000000 08:05 9479                       /usr/share/fonts/type1/gsfonts/p052024l.pfb
7fefbd309000-7fefbd31f000 r--s 00000000 08:05 9467                       /usr/share/fonts/type1/gsfonts/n022024l.pfb
7fefbd31f000-7fefbd338000 r--s 00000000 08:05 9461                       /usr/share/fonts/type1/gsfonts/n022004l.pfb
7fefbd338000-7fefbd34d000 r--s 00000000 08:05 9401                       /usr/share/fonts/type1/gsfonts/b018032l.pfb
7fefbd34d000-7fefbd366000 r--s 00000000 08:05 9449                       /usr/share/fonts/type1/gsfonts/n021004l.pfb
7fefbd366000-7fefbd37c000 r--s 00000000 08:05 9455                       /usr/share/fonts/type1/gsfonts/n021024l.pfb
7fefbd37c000-7fefbd38d000 r--s 00000000 08:05 9440                       /usr/share/fonts/type1/gsfonts/n019063l.pfb
7fefbd38d000-7fefbd39f000 r--s 00000000 08:05 9404                       /usr/share/fonts/type1/gsfonts/b018035l.pfb
7fefbd39f000-7fefbd3b8000 r--s 00000000 08:05 9395                       /usr/share/fonts/type1/gsfonts/b018012l.pfb
7fefbd3b8000-7fefbd3c9000 r--s 00000000 08:05 9428                       /usr/share/fonts/type1/gsfonts/n019023l.pfb
7fefbd3c9000-7fefbd3db000 r--s 00000000 08:05 9437                       /usr/share/fonts/type1/gsfonts/n019044l.pfb
7fefbd3db000-7fefbd3eb000 r--s 00000000 08:05 9383                       /usr/share/fonts/type1/gsfonts/a010013l.pfb
7fefbd41d000-7fefbd430000 r--s 00000000 08:05 9398                       /usr/share/fonts/type1/gsfonts/b018015l.pfb
7fefbd430000-7fefbd442000 r--s 00000000 08:05 9425                       /usr/share/fonts/type1/gsfonts/n019004l.pfb
7fefbd44e000-7fefbd45e000 r--s 00000000 08:05 9389                       /usr/share/fonts/type1/gsfonts/a010033l.pfb
7fefbd45e000-7fefbd474000 r--s 00000000 08:05 9464                       /usr/share/fonts/type1/gsfonts/n022023l.pfb
7fefbd474000-7fefbd485000 r--s 00000000 08:05 9431                       /usr/share/fonts/type1/gsfonts/n019024l.pfb
7fefbd485000-7fefbd4a0000 r--s 00000000 08:05 9476                       /usr/share/fonts/type1/gsfonts/p052023l.pfb
7fefbd4b8000-7fefbd4c1000 r--s 00000000 08:05 920243                     /usr/share/fonts/X11/Type1/c0648bt_.pfb
7fefbd4c1000-7fefbd4ca000 r--s 00000000 08:05 920245                     /usr/share/fonts/X11/Type1/c0649bt_.pfb
7fefbd4e8000-7fefbd4f1000 r--s 00000000 08:05 920241                     /usr/share/fonts/X11/Type1/c0633bt_.pfb
7fefbd4f1000-7fefbd4fa000 r--s 00000000 08:05 920239                     /usr/share/fonts/X11/Type1/c0632bt_.pfb
7fefbd504000-7fefbd50e000 r--s 00000000 08:05 9488                       /usr/share/fonts/type1/mathml/Symbol.pfb
7fefbd50e000-7fefbd526000 r--s 00000000 08:05 834794                     /usr/share/texmf/fonts/type1/public/lm/lmss8.pfb
7fefbd526000-7fefbd52d000 r--s 00000000 08:05 834812                     /usr/share/texmf/fonts/type1/public/lm/lmsy7.pfb
7fefbd54e000-7fefbd56c000 r--s 00000000 08:05 834832                     /usr/share/texmf/fonts/type1/public/lm/lmvtl10.pfb
7fefbd56c000-7fefbd587000 r--s 00000000 08:05 834803                     /usr/share/texmf/fonts/type1/public/lm/lmsso8.pfb
7fefbd587000-7fefbd59f000 r--s 00000000 08:05 834795                     /usr/share/texmf/fonts/type1/public/lm/lmss9.pfb
7fefbd5bc000-7fefbd5de000 r--s 00000000 08:05 834757                     /usr/share/texmf/fonts/type1/public/lm/lmbxo10.pfb
7fefbd5f8000-7fefbd600000 r--s 00000000 08:05 834769                     /usr/share/texmf/fonts/type1/public/lm/lmmi9.pfb
7fefbd640000-7fefbd661000 r--s 00000000 08:05 834786                     /usr/share/texmf/fonts/type1/public/lm/lmro10.pfb
7fefbd661000-7fefbd683000 r--s 00000000 08:05 834790                     /usr/share/texmf/fonts/type1/public/lm/lmro9.pfb
7fefbd683000-7fefbd6a2000 r--s 00000000 08:05 834752                     /usr/share/texmf/fonts/type1/public/lm/lmbx6.pfb
7fefbd6a2000-7fefbd6aa000 r--s 00000000 08:05 834767                     /usr/share/texmf/fonts/type1/public/lm/lmmi7.pfb
7fefbd6aa000-7fefbd6b1000 r--s 00000000 08:05 834810                     /usr/share/texmf/fonts/type1/public/lm/lmsy5.pfb
7fefbd6cc000-7fefbd6e7000 r--s 00000000 08:05 834804                     /usr/share/texmf/fonts/type1/public/lm/lmsso9.pfb
7fefbd706000-7fefbd70e000 r--s 00000000 08:05 834765                     /usr/share/texmf/fonts/type1/public/lm/lmmi5.pfb
7fefbd716000-7fefbd72e000 r--s 00000000 08:05 834791                     /usr/share/texmf/fonts/type1/public/lm/lmss10.pfb
7fefbd72e000-7fefbd735000 r--s 00000000 08:05 834813                     /usr/share/texmf/fonts/type1/public/lm/lmsy8.pfb
7fefbd754000-7fefbd773000 r--s 00000000 08:05 834830                     /usr/share/texmf/fonts/type1/public/lm/lmvtk10.pfb
7fefbd773000-7fefbd78f000 r--s 00000000 08:05 834783                     /usr/share/texmf/fonts/type1/public/lm/lmri7.pfb
7fefbd78f000-7fefbd7af000 r--s 00000000 08:05 834816                     /usr/share/texmf/fonts/type1/public/lm/lmtcso10.pfb
7fefbd7af000-7fefbd7ca000 r--s 00000000 08:05 834802                     /usr/share/texmf/fonts/type1/public/lm/lmsso17.pfb
7fefbd7ca000-7fefbd7e2000 r--s 00000000 08:05 834793                     /usr/share/texmf/fonts/type1/public/lm/lmss17.pfb
7fefbd7e2000-7fefbd801000 r--s 00000000 08:05 834806                     /usr/share/texmf/fonts/type1/public/lm/lmssqbo8.pfb
7fefbd801000-7fefbd81e000 r--s 00000000 08:05 834807                     /usr/share/texmf/fonts/type1/public/lm/lmssqbx8.pfb
7fefbd83a000-7fefbd85f000 r--s 00000000 08:05 834831                     /usr/share/texmf/fonts/type1/public/lm/lmvtko10.pfb
7fefbd85f000-7fefbd867000 r--s 00000000 08:05 834763                     /usr/share/texmf/fonts/type1/public/lm/lmmi10.pfb
7fefbd867000-7fefbd883000 r--s 00000000 08:05 834781                     /usr/share/texmf/fonts/type1/public/lm/lmri10.pfb
7fefbd88a000-7fefbd8a6000 r--s 00000000 08:05 834823                     /usr/share/texmf/fonts/type1/public/lm/lmtt10.pfb
7fefbd8a6000-7fefbd8c8000 r--s 00000000 08:05 834745                     /usr/share/texmf/fonts/type1/public/lm/lmbo10.pfb
7fefbd8c8000-7fefbd8d0000 r--s 00000000 08:05 834747                     /usr/share/texmf/fonts/type1/public/lm/lmbsy5.pfb
7fefbd8d0000-7fefbd8ee000 r--s 00000000 08:05 834775                     /usr/share/texmf/fonts/type1/public/lm/lmr17.pfb
7fefbd8ee000-7fefbd90b000 r--s 00000000 08:05 834750                     /usr/share/texmf/fonts/type1/public/lm/lmbx12.pfb
7fefbd90b000-7fefbd926000 r--s 00000000 08:05 834815                     /usr/share/texmf/fonts/type1/public/lm/lmtcsc10.pfb
7fefbd926000-7fefbd92e000 r--s 00000000 08:05 834748                     /usr/share/texmf/fonts/type1/public/lm/lmbsy7.pfb
7fefbd92e000-7fefbd949000 r--s 00000000 08:05 834824                     /usr/share/texmf/fonts/type1/public/lm/lmtt12.pfb
7fefbd949000-7fefbd950000 r--s 00000000 08:05 834809                     /usr/share/texmf/fonts/type1/public/lm/lmsy10.pfb
7fefbd96f000-7fefbd98b000 r--s 00000000 08:05 834756                     /usr/share/texmf/fonts/type1/public/lm/lmbxi10.pfb
7fefbda0c000-7fefbda2b000 r--s 00000000 08:05 834787                     /usr/share/texmf/fonts/type1/public/lm/lmro12.pfb
7fefbda2b000-7fefbda47000 r--s 00000000 08:05 834774                     /usr/share/texmf/fonts/type1/public/lm/lmr12.pfb
7fefbda47000-7fefbda69000 r--s 00000000 08:05 834796                     /usr/share/texmf/fonts/type1/public/lm/lmssbo10.pfb
7fefbda69000-7fefbda84000 r--s 00000000 08:05 834800                     /usr/share/texmf/fonts/type1/public/lm/lmsso10.pfb
7fefbda84000-7fefbda9f000 r--s 00000000 08:05 834782                     /usr/share/texmf/fonts/type1/public/lm/lmri12.pfb
7fefbda9f000-7fefbdac3000 r--s 00000000 08:05 834761                     /usr/share/texmf/fonts/type1/public/lm/lmduno10.pfb
7fefbdac3000-7fefbdae2000 r--s 00000000 08:05 834760                     /usr/share/texmf/fonts/type1/public/lm/lmdunh10.pfb
7fefbdae2000-7fefbdafd000 r--s 00000000 08:05 834826                     /usr/share/texmf/fonts/type1/public/lm/lmtt9.pfb
7fefbdafd000-7fefbdb1e000 r--s 00000000 08:05 834789                     /usr/share/texmf/fonts/type1/public/lm/lmro8.pfb
7fefbdb1e000-7fefbdb3c000 r--s 00000000 08:05 834776                     /usr/share/texmf/fonts/type1/public/lm/lmr5.pfb
7fefbdb3c000-7fefbdb43000 r--s 00000000 08:05 834746                     /usr/share/texmf/fonts/type1/public/lm/lmbsy10.pfb
7fefbdb43000-7fefbdb63000 r--s 00000000 08:05 834808                     /usr/share/texmf/fonts/type1/public/lm/lmssqo8.pfb
7fefbdb63000-7fefbdb6b000 r--s 00000000 08:05 834771                     /usr/share/texmf/fonts/type1/public/lm/lmmib5.pfb
7fefbdb6b000-7fefbdb8a000 r--s 00000000 08:05 834744                     /usr/share/texmf/fonts/type1/public/lm/lmb10.pfb
7fefbdb8a000-7fefbdb90000 r--s 00000000 08:05 834762                     /usr/share/texmf/fonts/type1/public/lm/lmex10.pfb
7fefbdb90000-7fefbdbae000 r--s 00000000 08:05 834749                     /usr/share/texmf/fonts/type1/public/lm/lmbx10.pfb
7fefbdbae000-7fefbdbcb000 r--s 00000000 08:05 834751                     /usr/share/texmf/fonts/type1/public/lm/lmbx5.pfb
7fefbdbcb000-7fefbdbea000 r--s 00000000 08:05 834777                     /usr/share/texmf/fonts/type1/public/lm/lmr6.pfb
7fefbdbea000-7fefbdc07000 r--s 00000000 08:05 834805                     /usr/share/texmf/fonts/type1/public/lm/lmssq8.pfb
7fefbdc25000-7fefbdc40000 r--s 00000000 08:05 834801                     /usr/share/texmf/fonts/type1/public/lm/lmsso12.pfb
7fefbdc40000-7fefbdc61000 r--s 00000000 08:05 834835                     /usr/share/texmf/fonts/type1/public/lm/lmvtto10.pfb
7fefbdc9d000-7fefbdca5000 r--s 00000000 08:05 834770                     /usr/share/texmf/fonts/type1/public/lm/lmmib10.pfb
7fefbdca5000-7fefbdcc3000 r--s 00000000 08:05 834773                     /usr/share/texmf/fonts/type1/public/lm/lmr10.pfb
7fefbdcc3000-7fefbdce5000 r--s 00000000 08:05 834833                     /usr/share/texmf/fonts/type1/public/lm/lmvtlo10.pfb
7fefbdce5000-7fefbdced000 r--s 00000000 08:05 834766                     /usr/share/texmf/fonts/type1/public/lm/lmmi6.pfb
7fefbdced000-7fefbdd0b000 r--s 00000000 08:05 834753                     /usr/share/texmf/fonts/type1/public/lm/lmbx7.pfb
7fefbdd2a000-7fefbdd32000 r-xp 00000000 08:05 831019                     /usr/lib/jvm/java-6-openjdk/jre/lib/amd64/libnio.so
7fefbdd32000-7fefbdf31000 ---p 00008000 08:05 831019                     /usr/lib/jvm/java-6-openjdk/jre/lib/amd64/libnio.so
7fefbdf31000-7fefbdf32000 r--p 00007000 08:05 831019                     /usr/lib/jvm/java-6-openjdk/jre/lib/amd64/libnio.so
7fefbdf32000-7fefbdf33000 rw-p 00008000 08:05 831019                     /usr/lib/jvm/java-6-openjdk/jre/lib/amd64/libnio.so
7fefbdf33000-7fefbdf48000 r-xp 00000000 08:05 831027                     /usr/lib/jvm/java-6-openjdk/jre/lib/amd64/libnet.so
7fefbdf48000-7fefbe147000 ---p 00015000 08:05 831027                     /usr/lib/jvm/java-6-openjdk/jre/lib/amd64/libnet.so
7fefbe147000-7fefbe148000 r--p 00014000 08:05 831027                     /usr/lib/jvm/java-6-openjdk/jre/lib/amd64/libnet.so
7fefbe148000-7fefbe149000 rw-p 00015000 08:05 831027                     /usr/lib/jvm/java-6-openjdk/jre/lib/amd64/libnet.so
7fefbe24a000-7fefbe34a000 rw-s 2cb99000 00:05 8138                       /dev/nvidia0
7fefbe34a000-7fefbe44b000 rw-p 00000000 00:00 0 
7fefbe44b000-7fefbe54b000 rw-s 2c89f000 00:05 8138                       /dev/nvidia0
7fefbe54b000-7fefbe54e000 ---p 00000000 00:00 0 
7fefbe54e000-7fefbe64c000 rw-p 00000000 00:00 0 
7fefbe64c000-7fefbe656000 r-xp 00000000 08:05 831045                     /usr/lib/jvm/java-6-openjdk/jre/lib/amd64/libjpeg.so
7fefbe656000-7fefbe855000 ---p 0000a000 08:05 831045                     /usr/lib/jvm/java-6-openjdk/jre/lib/amd64/libjpeg.so
7fefbe855000-7fefbe856000 r--p 00009000 08:05 831045                     /usr/lib/jvm/java-6-openjdk/jre/lib/amd64/libjpeg.so
7fefbe856000-7fefbe857000 rw-p 0000a000 08:05 831045                     /usr/lib/jvm/java-6-openjdk/jre/lib/amd64/libjpeg.so
7fefbe857000-7fefbe889000 r-xp 00000000 08:05 831030                     /usr/lib/jvm/java-6-openjdk/jre/lib/amd64/liblcms.so
7fefbe889000-7fefbea88000 ---p 00032000 08:05 831030                     /usr/lib/jvm/java-6-openjdk/jre/lib/amd64/liblcms.so
7fefbea88000-7fefbea89000 r--p 00031000 08:05 831030                     /usr/lib/jvm/java-6-openjdk/jre/lib/amd64/liblcms.so
7fefbea89000-7fefbea8a000 rw-p 00032000 08:05 831030                     /usr/lib/jvm/java-6-openjdk/jre/lib/amd64/liblcms.so
7fefbea8a000-7fefbea8c000 rw-p 00000000 00:00 0 
7fefbea8c000-7fefbeb8c000 rw-s 2ca01000 00:05 8138                       /dev/nvidia0
7fefbeb8c000-7fefbee78000 rw-s 00000000 00:04 15466569                   /SYSV00000000 (deleted)
7fefbee78000-7fefbee7b000 ---p 00000000 00:00 0 
7fefbee7b000-7fefbef79000 rw-p 00000000 00:00 0 
7fefbef79000-7fefbef7c000 ---p 00000000 00:00 0 
7fefbef7c000-7fefbf07a000 rw-p 00000000 00:00 0 
7fefbf07a000-7fefbf07d000 ---p 00000000 00:00 0 
7fefbf07d000-7fefbf17b000 rw-p 00000000 00:00 0 
7fefbf17b000-7fefbf17e000 ---p 00000000 00:00 0 
7fefbf17e000-7fefbf27c000 rw-p 00000000 00:00 0 
7fefbf283000-7fefbf28b000 r--s 00000000 08:05 834772                     /usr/share/texmf/fonts/type1/public/lm/lmmib7.pfb
7fefbf2ad000-7fefbf2c5000 r--s 00000000 08:05 834792                     /usr/share/texmf/fonts/type1/public/lm/lmss12.pfb
7fefbf2c5000-7fefbf2de000 r--s 00000000 08:05 834827                     /usr/share/texmf/fonts/type1/public/lm/lmtti10.pfb
7fefbf2de000-7fefbf2fc000 r--s 00000000 08:05 834797                     /usr/share/texmf/fonts/type1/public/lm/lmssbx10.pfb
7fefbf31f000-7fefbf33c000 r--s 00000000 08:05 834834                     /usr/share/texmf/fonts/type1/public/lm/lmvtt10.pfb
7fefbf33c000-7fefbf35a000 r--s 00000000 08:05 834778                     /usr/share/texmf/fonts/type1/public/lm/lmr7.pfb
7fefbf3be000-7fefbf3c1000 r--s 00077000 08:05 830991                     /usr/lib/jvm/java-6-openjdk/jre/lib/ext/localedata.jar
7fefbf3c4000-7fefbf5c4000 rw-s 2c85f000 00:05 8138                       /dev/nvidia0
7fefbf5c4000-7fefbf6c4000 rw-s 2fc81000 00:05 8138                       /dev/nvidia0
7fefbf704000-7fefbf71c000 r-xp 00000000 08:06 267445                     /home/jan/development/projects/YogularmInfinite/desktop/lib/jogl/linux-amd64/libjogl_es2.so
7fefbf71c000-7fefbf91b000 ---p 00018000 08:06 267445                     /home/jan/development/projects/YogularmInfinite/desktop/lib/jogl/linux-amd64/libjogl_es2.so
7fefbf91b000-7fefbf91c000 r--p 00017000 08:06 267445                     /home/jan/development/projects/YogularmInfinite/desktop/lib/jogl/linux-amd64/libjogl_es2.so
7fefbf91c000-7fefbf91d000 rw-p 00018000 08:06 267445                     /home/jan/development/projects/YogularmInfinite/desktop/lib/jogl/linux-amd64/libjogl_es2.so
7fefbf91d000-7fefbf935000 r-xp 00000000 08:06 267444                     /home/jan/development/projects/YogularmInfinite/desktop/lib/jogl/linux-amd64/libjogl_es1.so
7fefbf935000-7fefbfb34000 ---p 00018000 08:06 267444                     /home/jan/development/projects/YogularmInfinite/desktop/lib/jogl/linux-amd64/libjogl_es1.so
7fefbfb34000-7fefbfb35000 r--p 00017000 08:06 267444                     /home/jan/development/projects/YogularmInfinite/desktop/lib/jogl/linux-amd64/libjogl_es1.so
7fefbfb35000-7fefbfb36000 rw-p 00018000 08:06 267444                     /home/jan/development/projects/YogularmInfinite/desktop/lib/jogl/linux-amd64/libjogl_es1.so
7fefbfb36000-7fefbfbc0000 r-xp 00000000 08:06 267443                     /home/jan/development/projects/YogularmInfinite/desktop/lib/jogl/linux-amd64/libjogl_desktop.so
7fefbfbc0000-7fefbfdc0000 ---p 0008a000 08:06 267443                     /home/jan/development/projects/YogularmInfinite/desktop/lib/jogl/linux-amd64/libjogl_desktop.so
7fefbfdc0000-7fefbfdc1000 r--p 0008a000 08:06 267443                     /home/jan/development/projects/YogularmInfinite/desktop/lib/jogl/linux-amd64/libjogl_desktop.so
7fefbfdc1000-7fefbfdc2000 rw-p 0008b000 08:06 267443                     /home/jan/development/projects/YogularmInfinite/desktop/lib/jogl/linux-amd64/libjogl_desktop.so
7fefbfdc2000-7fefc13b6000 r-xp 00000000 08:05 793109                     /usr/lib/nvidia-current/libnvidia-glcore.so.280.13
7fefc13b6000-7fefc15b5000 ---p 015f4000 08:05 793109                     /usr/lib/nvidia-current/libnvidia-glcore.so.280.13
7fefc15b5000-7fefc1bf4000 rwxp 015f3000 08:05 793109                     /usr/lib/nvidia-current/libnvidia-glcore.so.280.13
7fefc1bf4000-7fefc1c0e000 rwxp 00000000 00:00 0 
7fefc1c0e000-7fefc1c11000 r-xp 00000000 08:05 793125                     /usr/lib/nvidia-current/tls/libnvidia-tls.so.280.13
7fefc1c11000-7fefc1e10000 ---p 00003000 08:05 793125                     /usr/lib/nvidia-current/tls/libnvidia-tls.so.280.13
7fefc1e10000-7fefc1e11000 rw-p 00002000 08:05 793125                     /usr/lib/nvidia-current/tls/libnvidia-tls.so.280.13
7fefc1e11000-7fefc1e12000 r--s 00000000 08:05 408205                     /var/cache/fontconfig/c05880de57d1f5e948fdfacc138775d9-le64.cache-3
7fefc1e12000-7fefc1e1b000 r--s 00000000 08:05 391263                     /var/cache/fontconfig/945677eb7aeaf62f1d50efc3fb3ec7d8-le64.cache-3
7fefc1e1b000-7fefc1e1d000 r--s 00000000 08:05 391046                     /var/cache/fontconfig/99e8ed0e538f840c565b6ed5dad60d56-le64.cache-3
7fefc1e1d000-7fefc1e20000 r--s 00000000 08:05 391624                     /var/cache/fontconfig/e383d7ea5fbe662a33d9b44caf393297-le64.cache-3
7fefc1e20000-7fefc1e24000 r--s 00000000 08:05 408203                     /var/cache/fontconfig/2cd17615ca594fa2959ae173292e504c-le64.cache-3
7fefc1e24000-7fefc1e25000 r--s 00000000 08:05 391470                     /var/cache/fontconfig/e7071f4a29fa870f4323321c154eba04-le64.cache-3
7fefc1e25000-7fefc1e2a000 r--s 00000000 08:05 408202                     /var/cache/fontconfig/6eb3985aa4124903f6ff08ba781cd364-le64.cache-3
7fefc1e2a000-7fefc1e2b000 r--s 00000000 08:05 406414                     /var/cache/fontconfig/4c73fe0c47614734b17d736dbde7580a-le64.cache-3
7fefc1e2b000-7fefc1e2c000 r--s 00000000 08:05 406413                     /var/cache/fontconfig/0d8c3b2ac0904cb8a57a757ad11a4a08-le64.cache-3
7fefc1e2c000-7fefc1e2d000 r--s 00000000 08:05 406412                     /var/cache/fontconfig/6a53c69dea097a2d716e069445527da8-le64.cache-3
7fefc1e2d000-7fefc1e33000 r--s 00000000 08:05 401859                     /var/cache/fontconfig/a755afe4a08bf5b97852ceb7400b47bc-le64.cache-3
7fefc1e33000-7fefc1e39000 r--s 00000000 08:05 409105                     /var/cache/fontconfig/515ca1ebc4b18308bea979be5704f9db-le64.cache-3
7fefc1e39000-7fefc1e42000 r--s 00000000 08:05 392133                     /var/cache/fontconfig/6d41288fd70b0be22e8c3a91e032eec0-le64.cache-3
7fefc1e42000-7fefc1e52000 r--s 00000000 08:05 401858                     /var/cache/fontconfig/0f34bcd4b6ee430af32735b75db7f02b-le64.cache-3
7fefc1e52000-7fefc1e55000 r--s 00000000 08:05 391081                     /var/cache/fontconfig/d60319d88cac85ba9e1a07bd06cfbb8c-le64.cache-3
7fefc1e55000-7fefc1e56000 r--s 00000000 08:05 396779                     /var/cache/fontconfig/4794a0821666d79190d59a36cb4f44b5-le64.cache-3
7fefc1e56000-7fefc1e84000 r--s 00000000 08:05 409148                     /var/cache/fontconfig/365b55f210c0a22e9a19e35191240f32-le64.cache-3
7fefc1e84000-7fefc1e94000 r--s 00000000 08:05 401856                     /var/cache/fontconfig/d52a8644073d54c13679302ca1180695-le64.cache-3
7fefc1e94000-7fefc1e9c000 r--s 00000000 08:05 409104                     /var/cache/fontconfig/153bb866d4d26e7cd19eee2129f8d8d2-le64.cache-3
7fefc1e9c000-7fefc1ea7000 r--s 00000000 08:05 415954                     /var/cache/fontconfig/e13b20fdb08344e0e664864cc2ede53d-le64.cache-3
7fefc1ea7000-7fefc1ea9000 r--s 00000000 08:06 1101681                    /home/jan/.fontconfig/fdd828a2a2357ac8b98d53d4cb73097a-le64.cache-3
7fefc1ea9000-7fefc1eb0000 r--s 00000000 08:06 1101680                    /home/jan/.fontconfig/c58ff9086ba60478c195bf0f61b530df-le64.cache-3
7fefc1eb0000-7fefc1eba000 r--s 00000000 08:06 1101674                    /home/jan/.fontconfig/a0bf83b7801ad605140a17cf4b414547-le64.cache-3
7fefc1eba000-7fefc1ec0000 r--s 00000000 08:06 1101679                    /home/jan/.fontconfig/7d1d196625a4c3b5318df9a7bec9bc41-le64.cache-3
7fefc1ec0000-7fefc1ec2000 r--s 00000000 08:06 1101678                    /home/jan/.fontconfig/790146cae801f5c845d56d242e982308-le64.cache-3
7fefc1ec2000-7fefc1ec7000 r--s 00000000 08:06 1101677                    /home/jan/.fontconfig/2c10c25a20897452413a494958b84a05-le64.cache-3
7fefc1ec7000-7fefc1ec9000 r--s 00000000 08:06 1101676                    /home/jan/.fontconfig/01b316c23635a1c7ad41860d9ab7ba59-le64.cache-3
7fefc1ec9000-7fefc1ecb000 r--s 00000000 08:06 1101675                    /home/jan/.fontconfig/e252e6067bf5dc9e40fb95b17b621584-le64.cache-3
7fefc1ecb000-7fefc1eda000 r--s 00000000 08:06 1101673                    /home/jan/.fontconfig/51d0fb7e55acffd31d6a8c7c8c7f60fb-le64.cache-3
7fefc1eda000-7fefc1edf000 r--s 00000000 08:06 1101672                    /home/jan/.fontconfig/6302c9f5be1e12898d22d23c35392af9-le64.cache-3
7fefc1edf000-7fefc1ee1000 r--s 00000000 08:06 1101671                    /home/jan/.fontconfig/954bf4103e945093a32831c95ead4df7-le64.cache-3
7fefc1ee1000-7fefc1eeb000 r--s 00000000 08:06 1101667                    /home/jan/.fontconfig/2bcd93200fc0f5d4f6eeced75af2d533-le64.cache-3
7fefc1eeb000-7fefc1efc000 r--s 00000000 08:06 1101665                    /home/jan/.fontconfig/edd89c71be7950017624cf56be471bae-le64.cache-3
7fefc1efc000-7fefc1f08000 r--s 00000000 08:06 1101664                    /home/jan/.fontconfig/39d620b8dfbf4bd2ea5f64f511994d5f-le64.cache-3
7fefc1f31000-7fefc1f34000 ---p 00000000 00:00 0 
7fefc1f34000-7fefc2032000 rw-p 00000000 00:00 0 
7fefc2032000-7fefc20f3000 r-xp 00000000 08:05 793112                     /usr/lib/nvidia-current/libGL.so.280.13
7fefc20f3000-7fefc22f2000 ---p 000c1000 08:05 793112                     /usr/lib/nvidia-current/libGL.so.280.13
7fefc22f2000-7fefc232d000 rwxp 000c0000 08:05 793112                     /usr/lib/nvidia-current/libGL.so.280.13
7fefc232d000-7fefc2343000 rwxp 00000000 00:00 0 
7fefc2344000-7fefc2348000 rw-s 58591000 00:05 8138                       /dev/nvidia0
7fefc234d000-7fefc2368000 rw-s 18a2c0000 00:05 8138                      /dev/nvidia0
7fefc2368000-7fefc236a000 r-xp 00000000 08:06 267446                     /home/jan/development/projects/YogularmInfinite/desktop/lib/jogl/linux-amd64/libnativewindow_awt.so
7fefc236a000-7fefc2569000 ---p 00002000 08:06 267446                     /home/jan/development/projects/YogularmInfinite/desktop/lib/jogl/linux-amd64/libnativewindow_awt.so
7fefc2569000-7fefc256a000 r--p 00001000 08:06 267446                     /home/jan/development/projects/YogularmInfinite/desktop/lib/jogl/linux-amd64/libnativewindow_awt.so
7fefc256a000-7fefc256b000 rw-p 00002000 08:06 267446                     /home/jan/development/projects/YogularmInfinite/desktop/lib/jogl/linux-amd64/libnativewindow_awt.so
7fefc256b000-7fefc256c000 r-xp 00000000 08:05 831047                     /usr/lib/jvm/java-6-openjdk/jre/lib/amd64/libjawt.so
7fefc256c000-7fefc276b000 ---p 00001000 08:05 831047                     /usr/lib/jvm/java-6-openjdk/jre/lib/amd64/libjawt.so
7fefc276b000-7fefc276c000 r--p 00000000 08:05 831047                     /usr/lib/jvm/java-6-openjdk/jre/lib/amd64/libjawt.so
7fefc276c000-7fefc276d000 rw-p 00001000 08:05 831047                     /usr/lib/jvm/java-6-openjdk/jre/lib/amd64/libjawt.so
7fefc276d000-7fefc2770000 ---p 00000000 00:00 0 
7fefc2770000-7fefc286e000 rw-p 00000000 00:00 0 
7fefc286e000-7fefc2871000 ---p 00000000 00:00 0 
7fefc2871000-7fefc296f000 rw-p 00000000 00:00 0 
7fefc296f000-7fefc2974000 r-xp 00000000 08:05 788228                     /usr/lib/x86_64-linux-gnu/libXfixes.so.3.1.0
7fefc2974000-7fefc2b73000 ---p 00005000 08:05 788228                     /usr/lib/x86_64-linux-gnu/libXfixes.so.3.1.0
7fefc2b73000-7fefc2b74000 r--p 00004000 08:05 788228                     /usr/lib/x86_64-linux-gnu/libXfixes.so.3.1.0
7fefc2b74000-7fefc2b75000 rw-p 00005000 08:05 788228                     /usr/lib/x86_64-linux-gnu/libXfixes.so.3.1.0
7fefc2b75000-7fefc2b76000 r--s 00000000 08:05 408205                     /var/cache/fontconfig/c05880de57d1f5e948fdfacc138775d9-le64.cache-3
7fefc2b76000-7fefc2b7f000 r--s 00000000 08:05 391263                     /var/cache/fontconfig/945677eb7aeaf62f1d50efc3fb3ec7d8-le64.cache-3
7fefc2b7f000-7fefc2b81000 r--s 00000000 08:06 1101670                    /home/jan/.fontconfig/6c2573209480b8f33065f885e21aa27e-le64.cache-3
7fefc2b81000-7fefc2b83000 r--s 00000000 08:06 1101669                    /home/jan/.fontconfig/2ce2f901d9e1b21e31b84cb10642e71d-le64.cache-3
7fefc2b83000-7fefc2b86000 r--s 00000000 08:06 1101668                    /home/jan/.fontconfig/e1de9b0e4af91a7731cd98de6ce2d572-le64.cache-3
7fefc2b86000-7fefc2b89000 r--s 00000000 08:06 1101666                    /home/jan/.fontconfig/8adc0da6e22e3e72a145efb7377d06bd-le64.cache-3
7fefc2b89000-7fefc2b8c000 ---p 00000000 00:00 0 
7fefc2b8c000-7fefc2c8a000 rw-p 00000000 00:00 0 
7fefc2c8a000-7fefc2c8b000 r--s 00000000 08:05 408205                     /var/cache/fontconfig/c05880de57d1f5e948fdfacc138775d9-le64.cache-3
7fefc2c8b000-7fefc2c94000 r--s 00000000 08:05 391263                     /var/cache/fontconfig/945677eb7aeaf62f1d50efc3fb3ec7d8-le64.cache-3
7fefc2c94000-7fefc2c96000 r--s 00000000 08:05 391046                     /var/cache/fontconfig/99e8ed0e538f840c565b6ed5dad60d56-le64.cache-3
7fefc2c96000-7fefc2c99000 r--s 00000000 08:05 391624                     /var/cache/fontconfig/e383d7ea5fbe662a33d9b44caf393297-le64.cache-3
7fefc2c99000-7fefc2c9d000 r--s 00000000 08:05 408203                     /var/cache/fontconfig/2cd17615ca594fa2959ae173292e504c-le64.cache-3
7fefc2c9d000-7fefc2c9e000 r--s 00000000 08:05 391470                     /var/cache/fontconfig/e7071f4a29fa870f4323321c154eba04-le64.cache-3
7fefc2c9e000-7fefc2ca3000 r--s 00000000 08:05 408202                     /var/cache/fontconfig/6eb3985aa4124903f6ff08ba781cd364-le64.cache-3
7fefc2ca3000-7fefc2ca4000 r--s 00000000 08:05 406414                     /var/cache/fontconfig/4c73fe0c47614734b17d736dbde7580a-le64.cache-3
7fefc2ca4000-7fefc2ca5000 r--s 00000000 08:05 406413                     /var/cache/fontconfig/0d8c3b2ac0904cb8a57a757ad11a4a08-le64.cache-3
7fefc2ca5000-7fefc2ca6000 r--s 00000000 08:05 406412                     /var/cache/fontconfig/6a53c69dea097a2d716e069445527da8-le64.cache-3
7fefc2ca6000-7fefc2cac000 r--s 00000000 08:05 401859                     /var/cache/fontconfig/a755afe4a08bf5b97852ceb7400b47bc-le64.cache-3
7fefc2cac000-7fefc2cb2000 r--s 00000000 08:05 409105                     /var/cache/fontconfig/515ca1ebc4b18308bea979be5704f9db-le64.cache-3
7fefc2cb2000-7fefc2cbb000 r--s 00000000 08:05 392133                     /var/cache/fontconfig/6d41288fd70b0be22e8c3a91e032eec0-le64.cache-3
7fefc2cbb000-7fefc2ccb000 r--s 00000000 08:05 401858                     /var/cache/fontconfig/0f34bcd4b6ee430af32735b75db7f02b-le64.cache-3
7fefc2ccb000-7fefc2cce000 r--s 00000000 08:05 391081                     /var/cache/fontconfig/d60319d88cac85ba9e1a07bd06cfbb8c-le64.cache-3
7fefc2cce000-7fefc2cfc000 r--s 00000000 08:05 409148                     /var/cache/fontconfig/365b55f210c0a22e9a19e35191240f32-le64.cache-3
7fefc2cfc000-7fefc2d0c000 r--s 00000000 08:05 401856                     /var/cache/fontconfig/d52a8644073d54c13679302ca1180695-le64.cache-3
7fefc2d0c000-7fefc2d14000 r--s 00000000 08:05 409104                     /var/cache/fontconfig/153bb866d4d26e7cd19eee2129f8d8d2-le64.cache-3
7fefc2d14000-7fefc2d1f000 r--s 00000000 08:05 415954                     /var/cache/fontconfig/e13b20fdb08344e0e664864cc2ede53d-le64.cache-3
7fefc2d1f000-7fefc2d21000 r--s 00000000 08:06 1101681                    /home/jan/.fontconfig/fdd828a2a2357ac8b98d53d4cb73097a-le64.cache-3
7fefc2d21000-7fefc2d28000 r--s 00000000 08:06 1101680                    /home/jan/.fontconfig/c58ff9086ba60478c195bf0f61b530df-le64.cache-3
7fefc2d28000-7fefc2d32000 r--s 00000000 08:06 1101674                    /home/jan/.fontconfig/a0bf83b7801ad605140a17cf4b414547-le64.cache-3
7fefc2d32000-7fefc2d38000 r--s 00000000 08:06 1101679                    /home/jan/.fontconfig/7d1d196625a4c3b5318df9a7bec9bc41-le64.cache-3
7fefc2d38000-7fefc2d3a000 r--s 00000000 08:06 1101678                    /home/jan/.fontconfig/790146cae801f5c845d56d242e982308-le64.cache-3
7fefc2d3a000-7fefc2d3f000 r--s 00000000 08:06 1101677                    /home/jan/.fontconfig/2c10c25a20897452413a494958b84a05-le64.cache-3
7fefc2d3f000-7fefc2d41000 r--s 00000000 08:06 1101676                    /home/jan/.fontconfig/01b316c23635a1c7ad41860d9ab7ba59-le64.cache-3
7fefc2d41000-7fefc2d43000 r--s 00000000 08:06 1101675                    /home/jan/.fontconfig/e252e6067bf5dc9e40fb95b17b621584-le64.cache-3
7fefc2d43000-7fefc2d52000 r--s 00000000 08:06 1101673                    /home/jan/.fontconfig/51d0fb7e55acffd31d6a8c7c8c7f60fb-le64.cache-3
7fefc2d52000-7fefc2d57000 r--s 00000000 08:06 1101672                    /home/jan/.fontconfig/6302c9f5be1e12898d22d23c35392af9-le64.cache-3
7fefc2d57000-7fefc2d5a000 r--s 00000000 08:06 1101668                    /home/jan/.fontconfig/e1de9b0e4af91a7731cd98de6ce2d572-le64.cache-3
7fefc2d5a000-7fefc2d64000 r--s 00000000 08:06 1101667                    /home/jan/.fontconfig/2bcd93200fc0f5d4f6eeced75af2d533-le64.cache-3
7fefc2d64000-7fefc2d67000 r--s 00000000 08:06 1101666                    /home/jan/.fontconfig/8adc0da6e22e3e72a145efb7377d06bd-le64.cache-3
7fefc2d67000-7fefc2d78000 r--s 00000000 08:06 1101665                    /home/jan/.fontconfig/edd89c71be7950017624cf56be471bae-le64.cache-3
7fefc2d78000-7fefc2d84000 r--s 00000000 08:06 1101664                    /home/jan/.fontconfig/39d620b8dfbf4bd2ea5f64f511994d5f-le64.cache-3
7fefc2d85000-7fefc2d8e000 r-xp 00000000 08:05 787710                     /usr/lib/x86_64-linux-gnu/libXcursor.so.1.0.2
7fefc2d8e000-7fefc2f8d000 ---p 00009000 08:05 787710                     /usr/lib/x86_64-linux-gnu/libXcursor.so.1.0.2
7fefc2f8d000-7fefc2f8e000 r--p 00008000 08:05 787710                     /usr/lib/x86_64-linux-gnu/libXcursor.so.1.0.2
7fefc2f8e000-7fefc2f8f000 rw-p 00009000 08:05 787710                     /usr/lib/x86_64-linux-gnu/libXcursor.so.1.0.2
7fefc2f8f000-7fefc2f90000 rw-s fd060000 00:05 8138                       /dev/nvidia0
7fefc2f90000-7fefc2f9c000 r--s 00000000 08:06 1101662                    /home/jan/.fontconfig/eb6d1a21532c7d5178ca66d9443d4aef-le64.cache-3
7fefc2f9c000-7fefc2fa0000 r--s 00000000 08:05 409147                     /var/cache/fontconfig/7ef2298fde41cc6eeb7af42e48b7d293-le64.cache-3
7fefc2fa0000-7fefc2fb4000 r--s 00000000 08:05 415953                     /var/cache/fontconfig/865f88548240fee46819705c6468c165-le64.cache-3
7fefc2fb4000-7fefc2fbb000 r--s 000fb000 08:05 831009                     /usr/lib/jvm/java-6-openjdk/jre/lib/resources.jar
7fefc2fbb000-7fefc2fc7000 r--s 00000000 08:06 1101662                    /home/jan/.fontconfig/eb6d1a21532c7d5178ca66d9443d4aef-le64.cache-3
7fefc2fc7000-7fefc2fcb000 r--s 00000000 08:05 409147                     /var/cache/fontconfig/7ef2298fde41cc6eeb7af42e48b7d293-le64.cache-3
7fefc2fcb000-7fefc2fdf000 r--s 00000000 08:05 415953                     /var/cache/fontconfig/865f88548240fee46819705c6468c165-le64.cache-3
7fefc2fdf000-7fefc3071000 r-xp 00000000 08:05 785496                     /usr/lib/x86_64-linux-gnu/libfreetype.so.6.6.2
7fefc3071000-7fefc3270000 ---p 00092000 08:05 785496                     /usr/lib/x86_64-linux-gnu/libfreetype.so.6.6.2
7fefc3270000-7fefc3276000 r--p 00091000 08:05 785496                     /usr/lib/x86_64-linux-gnu/libfreetype.so.6.6.2
7fefc3276000-7fefc3277000 rw-p 00097000 08:05 785496                     /usr/lib/x86_64-linux-gnu/libfreetype.so.6.6.2
7fefc3277000-7fefc32b0000 r-xp 00000000 08:05 831037                     /usr/lib/jvm/java-6-openjdk/jre/lib/amd64/libfontmanager.so
7fefc32b0000-7fefc34b0000 ---p 00039000 08:05 831037                     /usr/lib/jvm/java-6-openjdk/jre/lib/amd64/libfontmanager.so
7fefc34b0000-7fefc34b2000 r--p 00039000 08:05 831037                     /usr/lib/jvm/java-6-openjdk/jre/lib/amd64/libfontmanager.so
7fefc34b2000-7fefc34b3000 rw-p 0003b000 08:05 831037                     /usr/lib/jvm/java-6-openjdk/jre/lib/amd64/libfontmanager.so
7fefc34b3000-7fefc34c2000 r-xp 00000000 08:05 786739                     /usr/lib/x86_64-linux-gnu/libXi.so.6.1.0
7fefc34c2000-7fefc36c1000 ---p 0000f000 08:05 786739                     /usr/lib/x86_64-linux-gnu/libXi.so.6.1.0
7fefc36c1000-7fefc36c2000 r--p 0000e000 08:05 786739                     /usr/lib/x86_64-linux-gnu/libXi.so.6.1.0
7fefc36c2000-7fefc36c3000 rw-p 0000f000 08:05 786739                     /usr/lib/x86_64-linux-gnu/libXi.so.6.1.0
7fefc36c3000-7fefc36c8000 r-xp 00000000 08:05 787919                     /usr/lib/libXtst.so.6.1.0
7fefc36c8000-7fefc38c7000 ---p 00005000 08:05 787919                     /usr/lib/libXtst.so.6.1.0
7fefc38c7000-7fefc38c8000 r--p 00004000 08:05 787919                     /usr/lib/libXtst.so.6.1.0
7fefc38c8000-7fefc38c9000 rw-p 00005000 08:05 787919                     /usr/lib/libXtst.so.6.1.0
7fefc38c9000-7fefc38d2000 r-xp 00000000 08:05 787047                     /usr/lib/x86_64-linux-gnu/libXrender.so.1.3.0
7fefc38d2000-7fefc3ad2000 ---p 00009000 08:05 787047                     /usr/lib/x86_64-linux-gnu/libXrender.so.1.3.0
7fefc3ad2000-7fefc3ad3000 r--p 00009000 08:05 787047                     /usr/lib/x86_64-linux-gnu/libXrender.so.1.3.0
7fefc3ad3000-7fefc3ad4000 rw-p 0000a000 08:05 787047                     /usr/lib/x86_64-linux-gnu/libXrender.so.1.3.0
7fefc3ad4000-7fefc3b1f000 r-xp 00000000 08:05 787706                     /usr/lib/jvm/java-6-openjdk/jre/lib/amd64/xawt/libmawt.so
7fefc3b1f000-7fefc3d1f000 ---p 0004b000 08:05 787706                     /usr/lib/jvm/java-6-openjdk/jre/lib/amd64/xawt/libmawt.so
7fefc3d1f000-7fefc3d20000 r--p 0004b000 08:05 787706                     /usr/lib/jvm/java-6-openjdk/jre/lib/amd64/xawt/libmawt.so
7fefc3d20000-7fefc3d23000 rw-p 0004c000 08:05 787706                     /usr/lib/jvm/java-6-openjdk/jre/lib/amd64/xawt/libmawt.so
7fefc3d23000-7fefc3d24000 rw-p 00000000 00:00 0 
7fefc3d24000-7fefc3dd0000 r-xp 00000000 08:05 831046                     /usr/lib/jvm/java-6-openjdk/jre/lib/amd64/libawt.so
7fefc3dd0000-7fefc3fcf000 ---p 000ac000 08:05 831046                     /usr/lib/jvm/java-6-openjdk/jre/lib/amd64/libawt.so
7fefc3fcf000-7fefc3fd0000 r--p 000ab000 08:05 831046                     /usr/lib/jvm/java-6-openjdk/jre/lib/amd64/libawt.so
7fefc3fd0000-7fefc3fdb000 rw-p 000ac000 08:05 831046                     /usr/lib/jvm/java-6-openjdk/jre/lib/amd64/libawt.so
7fefc3fdb000-7fefc4000000 rw-p 00000000 00:00 0 
7fefc4000000-7fefc6fe3000 rw-p 00000000 00:00 0 
7fefc6fe3000-7fefc8000000 ---p 00000000 00:00 0 
7fefc8000000-7fefc8002000 r--s 00000000 08:06 1101671                    /home/jan/.fontconfig/954bf4103e945093a32831c95ead4df7-le64.cache-3
7fefc8002000-7fefc8004000 r--s 00000000 08:06 1101670                    /home/jan/.fontconfig/6c2573209480b8f33065f885e21aa27e-le64.cache-3
7fefc8004000-7fefc8006000 r--s 00000000 08:05 391046                     /var/cache/fontconfig/99e8ed0e538f840c565b6ed5dad60d56-le64.cache-3
7fefc8006000-7fefc8009000 r--s 00000000 08:05 391624                     /var/cache/fontconfig/e383d7ea5fbe662a33d9b44caf393297-le64.cache-3
7fefc8009000-7fefc800d000 r--s 00000000 08:05 408203                     /var/cache/fontconfig/2cd17615ca594fa2959ae173292e504c-le64.cache-3
7fefc800d000-7fefc800e000 r--s 00000000 08:05 391470                     /var/cache/fontconfig/e7071f4a29fa870f4323321c154eba04-le64.cache-3
7fefc800e000-7fefc8013000 r--s 00000000 08:05 408202                     /var/cache/fontconfig/6eb3985aa4124903f6ff08ba781cd364-le64.cache-3
7fefc8013000-7fefc8014000 r--s 00000000 08:05 406414                     /var/cache/fontconfig/4c73fe0c47614734b17d736dbde7580a-le64.cache-3
7fefc8014000-7fefc8015000 r--s 00000000 08:05 406413                     /var/cache/fontconfig/0d8c3b2ac0904cb8a57a757ad11a4a08-le64.cache-3
7fefc8015000-7fefc8016000 r--s 00000000 08:05 406412                     /var/cache/fontconfig/6a53c69dea097a2d716e069445527da8-le64.cache-3
7fefc8016000-7fefc801c000 r--s 00000000 08:05 401859                     /var/cache/fontconfig/a755afe4a08bf5b97852ceb7400b47bc-le64.cache-3
7fefc801c000-7fefc8022000 r--s 00000000 08:05 409105                     /var/cache/fontconfig/515ca1ebc4b18308bea979be5704f9db-le64.cache-3
7fefc8022000-7fefc802b000 r--s 00000000 08:05 392133                     /var/cache/fontconfig/6d41288fd70b0be22e8c3a91e032eec0-le64.cache-3
7fefc802b000-7fefc803b000 r--s 00000000 08:05 401858                     /var/cache/fontconfig/0f34bcd4b6ee430af32735b75db7f02b-le64.cache-3
7fefc803b000-7fefc803e000 r--s 00000000 08:05 391081                     /var/cache/fontconfig/d60319d88cac85ba9e1a07bd06cfbb8c-le64.cache-3
7fefc803e000-7fefc806c000 r--s 00000000 08:05 409148                     /var/cache/fontconfig/365b55f210c0a22e9a19e35191240f32-le64.cache-3
7fefc806c000-7fefc807c000 r--s 00000000 08:05 401856                     /var/cache/fontconfig/d52a8644073d54c13679302ca1180695-le64.cache-3
7fefc807c000-7fefc8084000 r--s 00000000 08:05 409104                     /var/cache/fontconfig/153bb866d4d26e7cd19eee2129f8d8d2-le64.cache-3
7fefc8084000-7fefc808f000 r--s 00000000 08:05 415954                     /var/cache/fontconfig/e13b20fdb08344e0e664864cc2ede53d-le64.cache-3
7fefc808f000-7fefc8091000 r--s 00000000 08:06 1101681                    /home/jan/.fontconfig/fdd828a2a2357ac8b98d53d4cb73097a-le64.cache-3
7fefc8091000-7fefc8098000 r--s 00000000 08:06 1101680                    /home/jan/.fontconfig/c58ff9086ba60478c195bf0f61b530df-le64.cache-3
7fefc8098000-7fefc80a2000 r--s 00000000 08:06 1101674                    /home/jan/.fontconfig/a0bf83b7801ad605140a17cf4b414547-le64.cache-3
7fefc80a2000-7fefc80a8000 r--s 00000000 08:06 1101679                    /home/jan/.fontconfig/7d1d196625a4c3b5318df9a7bec9bc41-le64.cache-3
7fefc80a8000-7fefc80aa000 r--s 00000000 08:06 1101678                    /home/jan/.fontconfig/790146cae801f5c845d56d242e982308-le64.cache-3
7fefc80aa000-7fefc80af000 r--s 00000000 08:06 1101677                    /home/jan/.fontconfig/2c10c25a20897452413a494958b84a05-le64.cache-3
7fefc80af000-7fefc80b1000 r--s 00000000 08:06 1101676                    /home/jan/.fontconfig/01b316c23635a1c7ad41860d9ab7ba59-le64.cache-3
7fefc80b1000-7fefc80b3000 r--s 00000000 08:06 1101675                    /home/jan/.fontconfig/e252e6067bf5dc9e40fb95b17b621584-le64.cache-3
7fefc80b3000-7fefc80c2000 r--s 00000000 08:06 1101673                    /home/jan/.fontconfig/51d0fb7e55acffd31d6a8c7c8c7f60fb-le64.cache-3
7fefc80c2000-7fefc80c7000 r--s 00000000 08:06 1101672                    /home/jan/.fontconfig/6302c9f5be1e12898d22d23c35392af9-le64.cache-3
7fefc80c7000-7fefc80c9000 r--s 00000000 08:06 1101671                    /home/jan/.fontconfig/954bf4103e945093a32831c95ead4df7-le64.cache-3
7fefc80c9000-7fefc80cb000 r--s 00000000 08:06 1101670                    /home/jan/.fontconfig/6c2573209480b8f33065f885e21aa27e-le64.cache-3
7fefc80cb000-7fefc80cd000 r--s 00000000 08:06 1101669                    /home/jan/.fontconfig/2ce2f901d9e1b21e31b84cb10642e71d-le64.cache-3
7fefc80cd000-7fefc80d0000 r--s 00000000 08:06 1101668                    /home/jan/.fontconfig/e1de9b0e4af91a7731cd98de6ce2d572-le64.cache-3
7fefc80d0000-7fefc80da000 r--s 00000000 08:06 1101667                    /home/jan/.fontconfig/2bcd93200fc0f5d4f6eeced75af2d533-le64.cache-3
7fefc80da000-7fefc80dd000 r--s 00000000 08:06 1101666                    /home/jan/.fontconfig/8adc0da6e22e3e72a145efb7377d06bd-le64.cache-3
7fefc80dd000-7fefc80ee000 r--s 00000000 08:06 1101665                    /home/jan/.fontconfig/edd89c71be7950017624cf56be471bae-le64.cache-3
7fefc80ee000-7fefc80fa000 r--s 00000000 08:06 1101664                    /home/jan/.fontconfig/39d620b8dfbf4bd2ea5f64f511994d5f-le64.cache-3
7fefc80fa000-7fefc80fd000 ---p 00000000 00:00 0 
7fefc80fd000-7fefc81fb000 rw-p 00000000 00:00 0 
7fefc81fb000-7fefc8200000 r-xp 00000000 08:05 787913                     /usr/lib/x86_64-linux-gnu/libXdmcp.so.6.0.0
7fefc8200000-7fefc83ff000 ---p 00005000 08:05 787913                     /usr/lib/x86_64-linux-gnu/libXdmcp.so.6.0.0
7fefc83ff000-7fefc8400000 r--p 00004000 08:05 787913                     /usr/lib/x86_64-linux-gnu/libXdmcp.so.6.0.0
7fefc8400000-7fefc8401000 rw-p 00005000 08:05 787913                     /usr/lib/x86_64-linux-gnu/libXdmcp.so.6.0.0
7fefc8401000-7fefc8403000 r-xp 00000000 08:05 787911                     /usr/lib/x86_64-linux-gnu/libXau.so.6.0.0
7fefc8403000-7fefc8602000 ---p 00002000 08:05 787911                     /usr/lib/x86_64-linux-gnu/libXau.so.6.0.0
7fefc8602000-7fefc8603000 r--p 00001000 08:05 787911                     /usr/lib/x86_64-linux-gnu/libXau.so.6.0.0
7fefc8603000-7fefc8604000 rw-p 00002000 08:05 787911                     /usr/lib/x86_64-linux-gnu/libXau.so.6.0.0
7fefc8604000-7fefc8616000 r-xp 00000000 08:05 787917                     /usr/lib/x86_64-linux-gnu/libXext.so.6.4.0
7fefc8616000-7fefc8815000 ---p 00012000 08:05 787917                     /usr/lib/x86_64-linux-gnu/libXext.so.6.4.0
7fefc8815000-7fefc8816000 r--p 00011000 08:05 787917                     /usr/lib/x86_64-linux-gnu/libXext.so.6.4.0
7fefc8816000-7fefc8817000 rw-p 00012000 08:05 787917                     /usr/lib/x86_64-linux-gnu/libXext.so.6.4.0
7fefc8817000-7fefc8832000 r-xp 00000000 08:05 787915                     /usr/lib/x86_64-linux-gnu/libxcb.so.1.1.0
7fefc8832000-7fefc8a31000 ---p 0001b000 08:05 787915                     /usr/lib/x86_64-linux-gnu/libxcb.so.1.1.0
7fefc8a31000-7fefc8a32000 r--p 0001a000 08:05 787915                     /usr/lib/x86_64-linux-gnu/libxcb.so.1.1.0
7fefc8a32000-7fefc8a33000 rw-p 0001b000 08:05 787915                     /usr/lib/x86_64-linux-gnu/libxcb.so.1.1.0
7fefc8a33000-7fefc8a35000 r-xp 00000000 08:05 788461                     /usr/lib/x86_64-linux-gnu/libXinerama.so.1.0.0
7fefc8a35000-7fefc8c34000 ---p 00002000 08:05 788461                     /usr/lib/x86_64-linux-gnu/libXinerama.so.1.0.0
7fefc8c34000-7fefc8c35000 r--p 00001000 08:05 788461                     /usr/lib/x86_64-linux-gnu/libXinerama.so.1.0.0
7fefc8c35000-7fefc8c36000 rw-p 00002000 08:05 788461                     /usr/lib/x86_64-linux-gnu/libXinerama.so.1.0.0
7fefc8c36000-7fefc8c3b000 r-xp 00000000 08:05 788230                     /usr/lib/x86_64-linux-gnu/libXxf86vm.so.1.0.0
7fefc8c3b000-7fefc8e3a000 ---p 00005000 08:05 788230                     /usr/lib/x86_64-linux-gnu/libXxf86vm.so.1.0.0
7fefc8e3a000-7fefc8e3b000 r--p 00004000 08:05 788230                     /usr/lib/x86_64-linux-gnu/libXxf86vm.so.1.0.0
7fefc8e3b000-7fefc8e3c000 rw-p 00005000 08:05 788230                     /usr/lib/x86_64-linux-gnu/libXxf86vm.so.1.0.0
7fefc8e3c000-7fefc8f6f000 r-xp 00000000 08:05 785324                     /usr/lib/x86_64-linux-gnu/libX11.so.6.3.0
7fefc8f6f000-7fefc916f000 ---p 00133000 08:05 785324                     /usr/lib/x86_64-linux-gnu/libX11.so.6.3.0
7fefc916f000-7fefc9170000 r--p 00133000 08:05 785324                     /usr/lib/x86_64-linux-gnu/libX11.so.6.3.0
7fefc9170000-7fefc9174000 rw-p 00134000 08:05 785324                     /usr/lib/x86_64-linux-gnu/libX11.so.6.3.0
7fefc9174000-7fefc9175000 r--p 00000000 00:00 0 
7fefc9175000-7fefc9181000 r--s 00000000 08:06 1101662                    /home/jan/.fontconfig/eb6d1a21532c7d5178ca66d9443d4aef-le64.cache-3
7fefc9181000-7fefc9185000 r--s 00000000 08:05 409147                     /var/cache/fontconfig/7ef2298fde41cc6eeb7af42e48b7d293-le64.cache-3
7fefc9185000-7fefc9199000 r--s 00000000 08:05 415953                     /var/cache/fontconfig/865f88548240fee46819705c6468c165-le64.cache-3
7fefc9199000-7fefc919e000 r-xp 00000000 08:06 267447                     /home/jan/development/projects/YogularmInfinite/desktop/lib/jogl/linux-amd64/libnativewindow_x11.so
7fefc919e000-7fefc939d000 ---p 00005000 08:06 267447                     /home/jan/development/projects/YogularmInfinite/desktop/lib/jogl/linux-amd64/libnativewindow_x11.so
7fefc939d000-7fefc939e000 r--p 00004000 08:06 267447                     /home/jan/development/projects/YogularmInfinite/desktop/lib/jogl/linux-amd64/libnativewindow_x11.so
7fefc939e000-7fefc939f000 rw-p 00005000 08:06 267447                     /home/jan/development/projects/YogularmInfinite/desktop/lib/jogl/linux-amd64/libnativewindow_x11.so
7fefc939f000-7fefc93a0000 r-xp 00000000 08:06 267442                     /home/jan/development/projects/YogularmInfinite/desktop/lib/jogl/linux-amd64/libgluegen-rt.so
7fefc93a0000-7fefc95a0000 ---p 00001000 08:06 267442                     /home/jan/development/projects/YogularmInfinite/desktop/lib/jogl/linux-amd64/libgluegen-rt.so
7fefc95a0000-7fefc95a1000 r--p 00001000 08:06 267442                     /home/jan/development/projects/YogularmInfinite/desktop/lib/jogl/linux-amd64/libgluegen-rt.so
7fefc95a1000-7fefc95a2000 rw-p 00002000 08:06 267442                     /home/jan/development/projects/YogularmInfinite/desktop/lib/jogl/linux-amd64/libgluegen-rt.so
7fefc95a2000-7fefc95a5000 r--s 00018000 08:06 267422                     /home/jan/development/projects/YogularmInfinite/desktop/lib/jogl/jar/gluegen-rt.jar
7fefc95a5000-7fefc95a9000 r--s 00028000 08:06 267440                     /home/jan/development/projects/YogularmInfinite/desktop/lib/jogl/jar/newt.all.jar
7fefc95a9000-7fefc95ad000 r--s 0001c000 08:06 267434                     /home/jan/development/projects/YogularmInfinite/desktop/lib/jogl/jar/nativewindow.all.jar
7fefc95ad000-7fefc95ae000 ---p 00000000 00:00 0 
7fefc95ae000-7fefc96ae000 rw-p 00000000 00:00 0 
7fefc96ae000-7fefc96b1000 ---p 00000000 00:00 0 
7fefc96b1000-7fefc97af000 rw-p 00000000 00:00 0 
7fefc97af000-7fefc97b2000 ---p 00000000 00:00 0 
7fefc97b2000-7fefc98b0000 rw-p 00000000 00:00 0 
7fefc98b0000-7fefc98b3000 ---p 00000000 00:00 0 
7fefc98b3000-7fefc99b1000 rw-p 00000000 00:00 0 
7fefc99b1000-7fefc99b4000 ---p 00000000 00:00 0 
7fefc99b4000-7fefc9ab2000 rw-p 00000000 00:00 0 
7fefc9ab2000-7fefc9ab5000 ---p 00000000 00:00 0 
7fefc9ab5000-7fefc9bb3000 rw-p 00000000 00:00 0 
7fefc9bb3000-7fefc9bb6000 ---p 00000000 00:00 0 
7fefc9bb6000-7fefc9cb4000 rw-p 00000000 00:00 0 
7fefc9cb4000-7fefc9cb8000 r-xp 00000000 08:05 831018                     /usr/lib/jvm/java-6-openjdk/jre/lib/amd64/libdt_socket.so
7fefc9cb8000-7fefc9eb7000 ---p 00004000 08:05 831018                     /usr/lib/jvm/java-6-openjdk/jre/lib/amd64/libdt_socket.so
7fefc9eb7000-7fefc9eb8000 r--p 00003000 08:05 831018                     /usr/lib/jvm/java-6-openjdk/jre/lib/amd64/libdt_socket.so
7fefc9eb8000-7fefc9eb9000 rw-p 00004000 08:05 831018                     /usr/lib/jvm/java-6-openjdk/jre/lib/amd64/libdt_socket.so
7fefc9eb9000-7fefc9ebc000 ---p 00000000 00:00 0 
7fefc9ebc000-7fefc9fba000 rw-p 00000000 00:00 0 
7fefc9fba000-7fefc9fbd000 ---p 00000000 00:00 0 
7fefc9fbd000-7fefca0bb000 rw-p 00000000 00:00 0 
7fefca0bb000-7fefca0be000 ---p 00000000 00:00 0 
7fefca0be000-7fefca1bc000 rw-p 00000000 00:00 0 
7fefca1bc000-7fefca1bd000 ---p 00000000 00:00 0 
7fefca1bd000-7fefca5f3000 rw-p 00000000 00:00 0 
7fefca5f3000-7fefca783000 r--s 037ba000 08:05 831054                     /usr/lib/jvm/java-6-openjdk/jre/lib/rt.jar
7fefca783000-7fefca7ab000 rw-p 00000000 00:00 0 
7fefca7ab000-7fefca7ac000 ---p 00000000 00:00 0 
7fefca7ac000-7fefca8ac000 rw-p 00000000 00:00 0 
7fefca8ac000-7fefca8ad000 ---p 00000000 00:00 0 
7fefca8ad000-7fefca9ba000 rw-p 00000000 00:00 0 
7fefca9ba000-7fefcaa00000 rw-p 00000000 00:00 0 
7fefcaa00000-7fefcaa20000 rw-p 00000000 00:00 0 
7fefcaa20000-7fefcabf3000 rw-p 00000000 00:00 0 
7fefcabf3000-7fefcac00000 rw-p 00000000 00:00 0 
7fefcac00000-7fefcac46000 rw-p 00000000 00:00 0 
7fefcac46000-7fefcac66000 rw-p 00000000 00:00 0 
7fefcac66000-7fefcae38000 rw-p 00000000 00:00 0 
7fefcae38000-7fefcae3e000 rw-p 00000000 00:00 0 
7fefcae3e000-7fefcae54000 ---p 00000000 00:00 0 
7fefcae54000-7fefcaf32000 rw-p 00000000 00:00 0 
7fefcaf32000-7fefcaf33000 rw-p 00000000 00:00 0 
7fefcaf33000-7fefcb1c3000 rwxp 00000000 00:00 0 
7fefcb1c3000-7fefcdf33000 rw-p 00000000 00:00 0 
7fefcdf33000-7fefcdf3a000 r-xp 00000000 08:05 831041                     /usr/lib/jvm/java-6-openjdk/jre/lib/amd64/libzip.so
7fefcdf3a000-7fefce139000 ---p 00007000 08:05 831041                     /usr/lib/jvm/java-6-openjdk/jre/lib/amd64/libzip.so
7fefce139000-7fefce13a000 r--p 00006000 08:05 831041                     /usr/lib/jvm/java-6-openjdk/jre/lib/amd64/libzip.so
7fefce13a000-7fefce13b000 rw-p 00007000 08:05 831041                     /usr/lib/jvm/java-6-openjdk/jre/lib/amd64/libzip.so
7fefce13b000-7fefce147000 r-xp 00000000 08:05 651983                     /lib/x86_64-linux-gnu/libnss_files-2.13.so
7fefce147000-7fefce346000 ---p 0000c000 08:05 651983                     /lib/x86_64-linux-gnu/libnss_files-2.13.so
7fefce346000-7fefce347000 r--p 0000b000 08:05 651983                     /lib/x86_64-linux-gnu/libnss_files-2.13.so
7fefce347000-7fefce348000 rw-p 0000c000 08:05 651983                     /lib/x86_64-linux-gnu/libnss_files-2.13.so
7fefce348000-7fefce352000 r-xp 00000000 08:05 651985                     /lib/x86_64-linux-gnu/libnss_nis-2.13.so
7fefce352000-7fefce552000 ---p 0000a000 08:05 651985                     /lib/x86_64-linux-gnu/libnss_nis-2.13.so
7fefce552000-7fefce553000 r--p 0000a000 08:05 651985                     /lib/x86_64-linux-gnu/libnss_nis-2.13.so
7fefce553000-7fefce554000 rw-p 0000b000 08:05 651985                     /lib/x86_64-linux-gnu/libnss_nis-2.13.so
7fefce554000-7fefce56b000 r-xp 00000000 08:05 651980                     /lib/x86_64-linux-gnu/libnsl-2.13.so
7fefce56b000-7fefce76a000 ---p 00017000 08:05 651980                     /lib/x86_64-linux-gnu/libnsl-2.13.so
7fefce76a000-7fefce76b000 r--p 00016000 08:05 651980                     /lib/x86_64-linux-gnu/libnsl-2.13.so
7fefce76b000-7fefce76c000 rw-p 00017000 08:05 651980                     /lib/x86_64-linux-gnu/libnsl-2.13.so
7fefce76c000-7fefce76e000 rw-p 00000000 00:00 0 
7fefce76e000-7fefce776000 r-xp 00000000 08:05 651981                     /lib/x86_64-linux-gnu/libnss_compat-2.13.so
7fefce776000-7fefce975000 ---p 00008000 08:05 651981                     /lib/x86_64-linux-gnu/libnss_compat-2.13.so
7fefce975000-7fefce976000 r--p 00007000 08:05 651981                     /lib/x86_64-linux-gnu/libnss_compat-2.13.so
7fefce976000-7fefce977000 rw-p 00008000 08:05 651981                     /lib/x86_64-linux-gnu/libnss_compat-2.13.so
7fefce977000-7fefcf020000 r--p 00000000 08:05 790710                     /usr/lib/locale/locale-archive
7fefcf020000-7fefcf023000 r-xp 00000000 08:05 831033                     /usr/lib/jvm/java-6-openjdk/jre/lib/amd64/libnpt.so
7fefcf023000-7fefcf222000 ---p 00003000 08:05 831033                     /usr/lib/jvm/java-6-openjdk/jre/lib/amd64/libnpt.so
7fefcf222000-7fefcf223000 r--p 00002000 08:05 831033                     /usr/lib/jvm/java-6-openjdk/jre/lib/amd64/libnpt.so
7fefcf223000-7fefcf224000 rw-p 00003000 08:05 831033                     /usr/lib/jvm/java-6-openjdk/jre/lib/amd64/libnpt.so
7fefcf224000-7fefcf25e000 r-xp 00000000 08:05 831032                     /usr/lib/jvm/java-6-openjdk/jre/lib/amd64/libjdwp.so
7fefcf25e000-7fefcf45d000 ---p 0003a000 08:05 831032                     /usr/lib/jvm/java-6-openjdk/jre/lib/amd64/libjdwp.so
7fefcf45d000-7fefcf45e000 r--p 00039000 08:05 831032                     /usr/lib/jvm/java-6-openjdk/jre/lib/amd64/libjdwp.so
7fefcf45e000-7fefcf45f000 rw-p 0003a000 08:05 831032                     /usr/lib/jvm/java-6-openjdk/jre/lib/amd64/libjdwp.so
7fefcf45f000-7fefcf48b000 r-xp 00000000 08:05 831040                     /usr/lib/jvm/java-6-openjdk/jre/lib/amd64/libjava.so
7fefcf48b000-7fefcf68a000 ---p 0002c000 08:05 831040                     /usr/lib/jvm/java-6-openjdk/jre/lib/amd64/libjava.so
7fefcf68a000-7fefcf68b000 r--p 0002b000 08:05 831040                     /usr/lib/jvm/java-6-openjdk/jre/lib/amd64/libjava.so
7fefcf68b000-7fefcf68e000 rw-p 0002c000 08:05 831040                     /usr/lib/jvm/java-6-openjdk/jre/lib/amd64/libjava.so
7fefcf68e000-7fefcf69c000 r-xp 00000000 08:05 831026                     /usr/lib/jvm/java-6-openjdk/jre/lib/amd64/libverify.so
7fefcf69c000-7fefcf89b000 ---p 0000e000 08:05 831026                     /usr/lib/jvm/java-6-openjdk/jre/lib/amd64/libverify.so
7fefcf89b000-7fefcf89d000 r--p 0000d000 08:05 831026                     /usr/lib/jvm/java-6-openjdk/jre/lib/amd64/libverify.so
7fefcf89d000-7fefcf89e000 rw-p 0000f000 08:05 831026                     /usr/lib/jvm/java-6-openjdk/jre/lib/amd64/libverify.so
7fefcf89e000-7fefcf8a5000 r-xp 00000000 08:05 651990                     /lib/x86_64-linux-gnu/librt-2.13.so
7fefcf8a5000-7fefcfaa4000 ---p 00007000 08:05 651990                     /lib/x86_64-linux-gnu/librt-2.13.so
7fefcfaa4000-7fefcfaa5000 r--p 00006000 08:05 651990                     /lib/x86_64-linux-gnu/librt-2.13.so
7fefcfaa5000-7fefcfaa6000 rw-p 00007000 08:05 651990                     /lib/x86_64-linux-gnu/librt-2.13.so
7fefcfaa6000-7fefcfabb000 r-xp 00000000 08:05 655924                     /lib/x86_64-linux-gnu/libgcc_s.so.1
7fefcfabb000-7fefcfcba000 ---p 00015000 08:05 655924                     /lib/x86_64-linux-gnu/libgcc_s.so.1
7fefcfcba000-7fefcfcbb000 r--p 00014000 08:05 655924                     /lib/x86_64-linux-gnu/libgcc_s.so.1
7fefcfcbb000-7fefcfcbc000 rw-p 00015000 08:05 655924                     /lib/x86_64-linux-gnu/libgcc_s.so.1
7fefcfcbc000-7fefcfd3f000 r-xp 00000000 08:05 651978                     /lib/x86_64-linux-gnu/libm-2.13.so
7fefcfd3f000-7fefcff3e000 ---p 00083000 08:05 651978                     /lib/x86_64-linux-gnu/libm-2.13.so
7fefcff3e000-7fefcff3f000 r--p 00082000 08:05 651978                     /lib/x86_64-linux-gnu/libm-2.13.so
7fefcff3f000-7fefcff40000 rw-p 00083000 08:05 651978                     /lib/x86_64-linux-gnu/libm-2.13.so
7fefcff40000-7fefd0028000 r-xp 00000000 08:05 784919                     /usr/lib/x86_64-linux-gnu/libstdc++.so.6.0.16
7fefd0028000-7fefd0228000 ---p 000e8000 08:05 784919                     /usr/lib/x86_64-linux-gnu/libstdc++.so.6.0.16
7fefd0228000-7fefd0230000 r--p 000e8000 08:05 784919                     /usr/lib/x86_64-linux-gnu/libstdc++.so.6.0.16
7fefd0230000-7fefd0232000 rw-p 000f0000 08:05 784919                     /usr/lib/x86_64-linux-gnu/libstdc++.so.6.0.16
7fefd0232000-7fefd0247000 rw-p 00000000 00:00 0 
7fefd0247000-7fefd0b4a000 r-xp 00000000 08:05 831043                     /usr/lib/jvm/java-6-openjdk/jre/lib/amd64/server/libjvm.so
7fefd0b4a000-7fefd0d49000 ---p 00903000 08:05 831043                     /usr/lib/jvm/java-6-openjdk/jre/lib/amd64/server/libjvm.so
7fefd0d49000-7fefd0dca000 r--p 00902000 08:05 831043                     /usr/lib/jvm/java-6-openjdk/jre/lib/amd64/server/libjvm.so
7fefd0dca000-7fefd0de5000 rw-p 00983000 08:05 831043                     /usr/lib/jvm/java-6-openjdk/jre/lib/amd64/server/libjvm.so
7fefd0de5000-7fefd0e0e000 rw-p 00000000 00:00 0 
7fefd0e0e000-7fefd0e25000 r-xp 00000000 08:05 656017                     /lib/x86_64-linux-gnu/libz.so.1.2.3.4
7fefd0e25000-7fefd1024000 ---p 00017000 08:05 656017                     /lib/x86_64-linux-gnu/libz.so.1.2.3.4
7fefd1024000-7fefd1025000 r--p 00016000 08:05 656017                     /lib/x86_64-linux-gnu/libz.so.1.2.3.4
7fefd1025000-7fefd1026000 rw-p 00017000 08:05 656017                     /lib/x86_64-linux-gnu/libz.so.1.2.3.4
7fefd1026000-7fefd11bd000 r-xp 00000000 08:05 651974                     /lib/x86_64-linux-gnu/libc-2.13.so
7fefd11bd000-7fefd13bc000 ---p 00197000 08:05 651974                     /lib/x86_64-linux-gnu/libc-2.13.so
7fefd13bc000-7fefd13c0000 r--p 00196000 08:05 651974                     /lib/x86_64-linux-gnu/libc-2.13.so
7fefd13c0000-7fefd13c1000 rw-p 0019a000 08:05 651974                     /lib/x86_64-linux-gnu/libc-2.13.so
7fefd13c1000-7fefd13c7000 rw-p 00000000 00:00 0 
7fefd13c7000-7fefd13c9000 r-xp 00000000 08:05 651977                     /lib/x86_64-linux-gnu/libdl-2.13.so
7fefd13c9000-7fefd15c9000 ---p 00002000 08:05 651977                     /lib/x86_64-linux-gnu/libdl-2.13.so
7fefd15c9000-7fefd15ca000 r--p 00002000 08:05 651977                     /lib/x86_64-linux-gnu/libdl-2.13.so
7fefd15ca000-7fefd15cb000 rw-p 00003000 08:05 651977                     /lib/x86_64-linux-gnu/libdl-2.13.so
7fefd15cb000-7fefd15cf000 r-xp 00000000 08:05 831024                     /usr/lib/jvm/java-6-openjdk/jre/lib/amd64/jli/libjli.so
7fefd15cf000-7fefd17ce000 ---p 00004000 08:05 831024                     /usr/lib/jvm/java-6-openjdk/jre/lib/amd64/jli/libjli.so
7fefd17ce000-7fefd17cf000 r--p 00003000 08:05 831024                     /usr/lib/jvm/java-6-openjdk/jre/lib/amd64/jli/libjli.so
7fefd17cf000-7fefd17d0000 rw-p 00004000 08:05 831024                     /usr/lib/jvm/java-6-openjdk/jre/lib/amd64/jli/libjli.so
7fefd17d0000-7fefd17e8000 r-xp 00000000 08:05 651988                     /lib/x86_64-linux-gnu/libpthread-2.13.so
7fefd17e8000-7fefd19e7000 ---p 00018000 08:05 651988                     /lib/x86_64-linux-gnu/libpthread-2.13.so
7fefd19e7000-7fefd19e8000 r--p 00017000 08:05 651988                     /lib/x86_64-linux-gnu/libpthread-2.13.so
7fefd19e8000-7fefd19e9000 rw-p 00018000 08:05 651988                     /lib/x86_64-linux-gnu/libpthread-2.13.so
7fefd19e9000-7fefd19ed000 rw-p 00000000 00:00 0 
7fefd19ed000-7fefd1a0e000 r-xp 00000000 08:05 651969                     /lib/x86_64-linux-gnu/ld-2.13.so
7fefd1a0e000-7fefd1a10000 r--s 00000000 08:06 1101669                    /home/jan/.fontconfig/2ce2f901d9e1b21e31b84cb10642e71d-le64.cache-3
7fefd1a10000-7fefd1a13000 r--s 0007d000 08:05 831005                     /usr/lib/jvm/java-6-openjdk/jre/lib/jsse.jar
7fefd1a13000-7fefd1a20000 r--s 00242000 08:06 267428                     /home/jan/development/projects/YogularmInfinite/desktop/lib/jogl/jar/jogl.all.jar
7fefd1a20000-7fefd1a2b000 rw-p 00000000 00:00 0 
7fefd1a2b000-7fefd1ae0000 rw-p 00000000 00:00 0 
7fefd1ae0000-7fefd1ae3000 ---p 00000000 00:00 0 
7fefd1ae3000-7fefd1be6000 rw-p 00000000 00:00 0 
7fefd1be6000-7fefd1be7000 r--s 00000000 08:05 396779                     /var/cache/fontconfig/4794a0821666d79190d59a36cb4f44b5-le64.cache-3
7fefd1be7000-7fefd1be8000 r--s 00000000 08:05 396779                     /var/cache/fontconfig/4794a0821666d79190d59a36cb4f44b5-le64.cache-3
7fefd1be8000-7fefd1bec000 r--s 00028000 08:06 917705                     /home/jan/development/projects/YogularmInfinite/common/lib/gson/gson-2.1.jar
7fefd1bec000-7fefd1bee000 r--s 00007000 08:05 931157                     /usr/share/java/hamcrest-core-1.1.jar
7fefd1bee000-7fefd1bf0000 r--s 00007000 08:05 931157                     /usr/share/java/hamcrest-core-1.1.jar
7fefd1bf0000-7fefd1bf7000 r--s 00030000 08:05 931165                     /usr/share/java/junit4-4.8.2.jar
7fefd1bf7000-7fefd1bf9000 r--s 0000f000 08:05 830994                     /usr/lib/jvm/java-6-openjdk/jre/lib/ext/pulse-java.jar
7fefd1bf9000-7fefd1c01000 r--s 00066000 08:05 930814                     /usr/share/java/gnome-java-bridge.jar
7fefd1c01000-7fefd1c09000 rw-s 00000000 08:05 669173                     /tmp/hsperfdata_jan/18665
7fefd1c09000-7fefd1c0a000 rw-p 00000000 00:00 0 
7fefd1c0a000-7fefd1c0b000 r--p 00000000 00:00 0 
7fefd1c0b000-7fefd1c0d000 rw-p 00000000 00:00 0 
7fefd1c0d000-7fefd1c0e000 r--p 00020000 08:05 651969                     /lib/x86_64-linux-gnu/ld-2.13.so
7fefd1c0e000-7fefd1c10000 rw-p 00021000 08:05 651969                     /lib/x86_64-linux-gnu/ld-2.13.so
7fffdd50e000-7fffdd52f000 rw-p 00000000 00:00 0                          [stack]
7fffdd5ff000-7fffdd600000 r-xp 00000000 00:00 0                          [vdso]
ffffffffff600000-ffffffffff601000 r-xp 00000000 00:00 0                  [vsyscall]
7fffdd5ff000-7fffdd600000 r-xp 00000000 00:00 0                          [vdso]
ffffffffff600000-ffffffffff601000 r-xp 00000000 00:00 0                  [vsyscall]

VM Arguments:
jvm_args: -agentlib:jdwp=transport=dt_socket,suspend=y,address=localhost:38275 -Djava.library.path=/home/jan/development/projects/YogularmInfinite/desktop/lib/jogl/windows-amd64:/home/jan/development/projects/YogularmInfinite/desktop/lib/jogl/linux-amd64 -Dfile.encoding=UTF-8 
java_command: de.yogularm.desktop.SwingLauncher
Launcher Type: SUN_STANDARD

Environment Variables:
JAVA_HOME=/usr/lib/jvm/java-6-openjdk
CLASSPATH=.:/usr/lib/jvm/java-6-openjdk/bin:/usr/share/tomcat7/lib/servlet-api.jar:/usr/share/tomcat7/lib/tomcat-coyote.jar:/usr/share/tomcat7/lib/tomcat-util.jar:/usr/share/tomcat7/bin/tomcat-juli.jar
PATH=/usr/local/sbin:/usr/local/bin:/usr/sbin:/usr/bin:/sbin:/bin:/usr/games
LD_LIBRARY_PATH=/usr/lib/jvm/java-6-openjdk/jre/lib/amd64/server:/usr/lib/jvm/java-6-openjdk/jre/lib/amd64:/usr/lib/jvm/java-6-openjdk/jre/../lib/amd64
SHELL=/bin/bash
DISPLAY=:0

Signal Handlers:
SIGSEGV: [libjvm.so+0x783e60], sa_mask[0]=0x7ffbfeff, sa_flags=0x10000004
SIGBUS: [libjvm.so+0x783e60], sa_mask[0]=0x7ffbfeff, sa_flags=0x10000004
SIGFPE: [libjvm.so+0x6485c0], sa_mask[0]=0x7ffbfeff, sa_flags=0x10000004
SIGPIPE: [libjvm.so+0x6485c0], sa_mask[0]=0x7ffbfeff, sa_flags=0x10000004
SIGXFSZ: [libjvm.so+0x6485c0], sa_mask[0]=0x7ffbfeff, sa_flags=0x10000004
SIGILL: [libjvm.so+0x6485c0], sa_mask[0]=0x7ffbfeff, sa_flags=0x10000004
SIGUSR1: SIG_DFL, sa_mask[0]=0x00000000, sa_flags=0x00000000
SIGUSR2: [libjvm.so+0x648770], sa_mask[0]=0x00000004, sa_flags=0x10000004
SIGHUP: [libjvm.so+0x64b280], sa_mask[0]=0x7ffbfeff, sa_flags=0x10000004
SIGINT: [libjvm.so+0x64b280], sa_mask[0]=0x7ffbfeff, sa_flags=0x10000004
SIGTERM: [libjvm.so+0x64b280], sa_mask[0]=0x7ffbfeff, sa_flags=0x10000004
SIGQUIT: [libjvm.so+0x64b280], sa_mask[0]=0x7ffbfeff, sa_flags=0x10000004


---------------  S Y S T E M  ---------------

OS:Ubuntu 11.10 (oneiric)
uname:Linux 3.0.0-17-generic #30-Ubuntu SMP Thu Mar 8 20:45:39 UTC 2012 x86_64
libc:glibc 2.13 NPTL 2.13 
rlimit: STACK 8192k, CORE 0k, NPROC 47157, NOFILE 4096, AS infinity
load average:0.08 0.19 0.24

/proc/meminfo:
MemTotal:        6125608 kB
MemFree:          508176 kB
Buffers:         1266996 kB
Cached:          1398680 kB
SwapCached:            0 kB
Active:          3498112 kB
Inactive:        1581616 kB
Active(anon):    2414820 kB
Inactive(anon):    47768 kB
Active(file):    1083292 kB
Inactive(file):  1533848 kB
Unevictable:           0 kB
Mlocked:               0 kB
SwapTotal:       8396796 kB
SwapFree:        8396796 kB
Dirty:               324 kB
Writeback:             0 kB
AnonPages:       2414036 kB
Mapped:           284920 kB
Shmem:             48544 kB
Slab:             354272 kB
SReclaimable:     216996 kB
SUnreclaim:       137276 kB
KernelStack:        4360 kB
PageTables:        42192 kB
NFS_Unstable:          0 kB
Bounce:                0 kB
WritebackTmp:          0 kB
CommitLimit:    11459600 kB
Committed_AS:    5350524 kB
VmallocTotal:   34359738367 kB
VmallocUsed:      341552 kB
VmallocChunk:   34359393780 kB
HardwareCorrupted:     0 kB
AnonHugePages:         0 kB
HugePages_Total:       0
HugePages_Free:        0
HugePages_Rsvd:        0
HugePages_Surp:        0
Hugepagesize:       2048 kB
DirectMap4k:      141056 kB
DirectMap2M:     6150144 kB


CPU:total 2 (2 cores per cpu, 1 threads per core) family 15 model 107 stepping 2, cmov, cx8, fxsr, mmx, sse, sse2, sse3, mmxext, 3dnow, 3dnowext

Memory: 4k page, physical 6125608k(508176k free), swap 8396796k(8396796k free)

vm_info: OpenJDK 64-Bit Server VM (20.0-b11) for linux-amd64 JRE (1.6.0_23-b23), built on Feb 23 2012 05:39:46 by "buildd" with gcc 4.6.1

time: Mon Apr  2 00:35:10 2012
elapsed time: 358 seconds

