#
# A fatal error has been detected by the Java Runtime Environment:
#
#  SIGSEGV (0xb) at pc=0x00007f3949aaadfa, pid=23207, tid=139884034959104
#
# JRE version: 6.0_23-b23
# Java VM: OpenJDK 64-Bit Server VM (20.0-b11 mixed mode linux-amd64 compressed oops)
# Derivative: IcedTea6 1.11pre
# Distribution: Ubuntu 11.10, package 6b23~pre11-0ubuntu1.11.10.2
# Problematic frame:
# C  [libGL.so.1+0x7cdfa]  glXCreateWindow+0xb5ea
#
# If you would like to submit a bug report, please include
# instructions how to reproduce the bug and visit:
#   https://bugs.launchpad.net/ubuntu/+source/openjdk-6/
# The crash happened outside the Java Virtual Machine in native code.
# See problematic frame for where to report the bug.
#

---------------  T H R E A D  ---------------

Current thread (0x0000000002092800):  JavaThread "AWT-EventQueue-0" [_thread_in_native, id=23243, stack(0x00007f394a26a000,0x00007f394a36b000)]

siginfo:si_signo=SIGSEGV: si_errno=0, si_code=1 (SEGV_MAPERR), si_addr=0x00000000416e3000

Registers:
RAX=0x00000000416e3000, RBX=0x0000000000000000, RCX=0x0000000000000001, RDX=0x0000000001fdbb01
RSP=0x00007f394a3689b0, RBP=0x00000000022831e8, RSI=0x00007f3949d283e0, RDI=0x00007f3949d0c020
R8 =0x00007f3949d291a0, R9 =0x0000000000005acb, R10=0x00007f394eae1f6e, R11=0x0000000000000206
R12=0x00007f3949d0c020, R13=0x00007f394402c9d0, R14=0x00007f3949aa9250, R15=0x0000000005a00011
RIP=0x00007f3949aaadfa, EFLAGS=0x0000000000010202, CSGSFS=0x0000000000000033, ERR=0x0000000000000004
  TRAPNO=0x000000000000000e

Top of Stack: (sp=0x00007f394a3689b0)
0x00007f394a3689b0:   00000000e2c4fc80 00000001e2c4fdc0
0x00007f394a3689c0:   0000000005a00011 00000000985f39a9
0x00007f394a3689d0:   0000000100000001 0000000000000000
0x00007f394a3689e0:   00007f394a368a58 00007f394e9308da
0x00007f394a3689f0:   00007f394e9308da 00000000e2c4fdc0
0x00007f394a368a00:   00000000e2c4fe10 00000000e2c4fe10
0x00007f394a368a10:   00000000e2c4fe00 00007f394a368a18
0x00007f394a368a20:   0000000099383e62 0000000005a00011
0x00007f394a368a30:   00007f394a368ab0 0000000000000000
0x00007f394a368a40:   00007f394a368b98 00007f394a368af8
0x00007f394a368a50:   0000000002092800 00007f39493eb3c1
0x00007f394a368a60:   00000000022831e8 0000000005a00011
0x00007f394a368a70:   0000000005a00011 00007f394402c9d0
0x00007f394a368a80:   00007f394a368af8 00000000020929d0
0x00007f394a368a90:   00007f3949a9c6d0 000000009860ced8
0x00007f394a368aa0:   00007f394a368ad0 0000000098c87348
0x00007f394a368ab0:   00007f394a368b10 00007f394eae1fe8
0x00007f394a368ac0:   00007f3949a9c6d0 0000000000000000
0x00007f394a368ad0:   00007f394a368af0 00007f394cb935da
0x00007f394a368ae0:   0000000100000001 00000000020929d0
0x00007f394a368af0:   00007f394a368b20 0000000098ca9658
0x00007f394a368b00:   00007f394a368b18 00007f014a368b01
0x00007f394a368b10:   00000000982392d0 00007f394eb236c4
0x00007f394a368b20:   00000000e3bff3c8 00007f394402c9d0
0x00007f394a368b30:   0000000005a00011 0000000005a00011
0x00007f394a368b40:   00000000022831e8 00007f394a368b70
0x00007f394a368b50:   00007f394a368bc0 00007f394e9309a9
0x00007f394a368b60:   0000000098610c40 00007f3949a9c6d0
0x00007f394a368b70:   00000000986109c8 00007f394eadca1c
0x00007f394a368b80:   00007f394a368c20 00007f394e930b02
0x00007f394a368b90:   00007f394e930b02 00000000022831e8
0x00007f394a368ba0:   00007f394a368c20 0000000005a00011 

Instructions: (pc=0x00007f3949aaadfa)
0x00007f3949aaadda:   8b 8d 7c 09 00 00 85 c9 0f 95 c2 4d 85 ff 0f 95
0x00007f3949aaadea:   c0 84 c2 74 21 48 8b 85 c0 09 00 00 48 8b 40 40
0x00007f3949aaadfa:   48 8b 00 f7 80 54 f7 03 00 00 00 01 5e 0f 85 92
0x00007f3949aaae0a:   04 00 00 0f 1f 00 4d 85 f6 0f 84 67 01 00 00 31 

Register to memory mapping:

RAX=0x00000000416e3000 is an unknown value
RBX=0x0000000000000000 is an unknown value
RCX=0x0000000000000001 is an unknown value
RDX=0x0000000001fdbb01 is an unknown value
RSP=0x00007f394a3689b0 is pointing into the stack for thread: 0x0000000002092800
RBP=0x00000000022831e8 is an unknown value
RSI=0x00007f3949d283e0: <offset 0x2fa3e0> in /usr/lib/nvidia-current/libGL.so.1 at 0x00007f3949a2e000
RDI=0x00007f3949d0c020: <offset 0x2de020> in /usr/lib/nvidia-current/libGL.so.1 at 0x00007f3949a2e000
R8 =0x00007f3949d291a0: <offset 0x2fb1a0> in /usr/lib/nvidia-current/libGL.so.1 at 0x00007f3949a2e000
R9 =0x0000000000005acb is an unknown value
R10=0x00007f394eae1d90 [CodeBlob (0x00007f394eae1d90)]
Framesize: 12
R11=0x0000000000000206 is an unknown value
R12=0x00007f3949d0c020: <offset 0x2de020> in /usr/lib/nvidia-current/libGL.so.1 at 0x00007f3949a2e000
R13=0x00007f394402c9d0 is an unknown value
R14=0x00007f3949aa9250: <offset 0x7b250> in /usr/lib/nvidia-current/libGL.so.1 at 0x00007f3949a2e000
R15=0x0000000005a00011 is an unknown value


Stack: [0x00007f394a26a000,0x00007f394a36b000],  sp=0x00007f394a3689b0,  free space=1018k
Native frames: (J=compiled Java code, j=interpreted, Vv=VM code, C=native code)
C  [libGL.so.1+0x7cdfa]  glXCreateWindow+0xb5ea

Java frames: (J=compiled Java code, j=interpreted, Vv=VM code)
J  jogamp.opengl.x11.glx.GLX.dispatch_glXMakeContextCurrent1(JJJJJ)Z
J  jogamp.opengl.x11.glx.X11GLXContext.glXMakeContextCurrent(JJJJ)Z
j  jogamp.opengl.x11.glx.X11GLXContext.makeCurrentImpl(Z)V+49
j  jogamp.opengl.GLContextImpl.makeCurrentLocking()I+259
j  jogamp.opengl.GLContextImpl.makeCurrent()I+106
j  jogamp.opengl.GLDrawableHelper.invokeGL(Ljavax/media/opengl/GLDrawable;Ljavax/media/opengl/GLContext;Ljava/lang/Runnable;Ljava/lang/Runnable;)V+147
j  javax.media.opengl.awt.GLCanvas$DisplayOnEventDispatchThreadAction.run()V+35
j  java.awt.event.InvocationEvent.dispatch()V+11
j  java.awt.EventQueue.dispatchEventImpl(Ljava/awt/AWTEvent;Ljava/lang/Object;)V+21
j  java.awt.EventQueue.access$000(Ljava/awt/EventQueue;Ljava/awt/AWTEvent;Ljava/lang/Object;)V+3
j  java.awt.EventQueue$1.run()Ljava/lang/Void;+12
j  java.awt.EventQueue$1.run()Ljava/lang/Object;+1
v  ~StubRoutines::call_stub
j  java.security.AccessController.doPrivileged(Ljava/security/PrivilegedAction;Ljava/security/AccessControlContext;)Ljava/lang/Object;+0
J  java.awt.EventDispatchThread.pumpOneEventForFilters(I)Z
j  java.awt.EventDispatchThread.pumpEventsForFilter(ILjava/awt/Conditional;Ljava/awt/EventFilter;)V+30
j  java.awt.EventDispatchThread.pumpEventsForHierarchy(ILjava/awt/Conditional;Ljava/awt/Component;)V+11
j  java.awt.EventDispatchThread.pumpEvents(ILjava/awt/Conditional;)V+4
j  java.awt.EventDispatchThread.pumpEvents(Ljava/awt/Conditional;)V+3
j  java.awt.EventDispatchThread.run()V+9
v  ~StubRoutines::call_stub

---------------  P R O C E S S  ---------------

Java Threads: ( => current thread )
  0x0000000002361000 JavaThread "Thread-3" [_thread_blocked, id=23287, stack(0x00007f3948078000,0x00007f3948179000)]
  0x000000000227d000 JavaThread "Thread-1" [_thread_blocked, id=23286, stack(0x00007f3940cc8000,0x00007f3940dc9000)]
  0x0000000001bf6800 JavaThread "SIGTERM handler" daemon [_thread_blocked, id=23285, stack(0x00007f394d3a9000,0x00007f394d4aa000)]
  0x00007f393c164000 JavaThread "Thread-5" [_thread_blocked, id=23255, stack(0x00007f3948b01000,0x00007f3948c02000)]
  0x0000000001f5d800 JavaThread "Thread-4" [_thread_blocked, id=23251, stack(0x00007f3948714000,0x00007f3948815000)]
  0x00007f393c09e800 JavaThread "TimerQueue" daemon [_thread_blocked, id=23249, stack(0x00007f3948613000,0x00007f3948714000)]
  0x00007f3944149000 JavaThread "DestroyJavaVM" [_thread_blocked, id=23210, stack(0x00007f39554d8000,0x00007f39555d9000)]
  0x00007f3944147800 JavaThread "Timer-0" [_thread_blocked, id=23247, stack(0x00007f3948512000,0x00007f3948613000)]
=>0x0000000002092800 JavaThread "AWT-EventQueue-0" [_thread_in_native, id=23243, stack(0x00007f394a26a000,0x00007f394a36b000)]
  0x0000000001e44000 JavaThread "AWT-Shutdown" [_thread_blocked, id=23242, stack(0x00007f3949d64000,0x00007f3949e65000)]
  0x000000000204e000 JavaThread "main-SharedResourceRunner" daemon [_thread_blocked, id=23241, stack(0x00007f394992d000,0x00007f3949a2e000)]
  0x00007f3944117000 JavaThread "AWT-XAWT" daemon [_thread_blocked, id=23234, stack(0x00007f394a675000,0x00007f394a776000)]
  0x00007f3944048800 JavaThread "Java2D Disposer" daemon [_thread_blocked, id=23233, stack(0x00007f394aad1000,0x00007f394abd2000)]
  0x0000000001c0c000 JavaThread "Low Memory Detector" daemon [_thread_blocked, id=23229, stack(0x00007f394d0a6000,0x00007f394d1a7000)]
  0x0000000001c07000 JavaThread "C2 CompilerThread1" daemon [_thread_blocked, id=23228, stack(0x00007f394d1a7000,0x00007f394d2a8000)]
  0x0000000001c03800 JavaThread "C2 CompilerThread0" daemon [_thread_blocked, id=23227, stack(0x00007f394d2a8000,0x00007f394d3a9000)]
  0x0000000001bf3800 JavaThread "JDWP Event Helper Thread" daemon [_thread_blocked, id=23224, stack(0x00007f394d4aa000,0x00007f394d5ab000)]
  0x0000000001bf0000 JavaThread "JDWP Transport Listener: dt_socket" daemon [_thread_in_native, id=23221, stack(0x00007f394d5ab000,0x00007f394d6ac000)]
  0x0000000001be4800 JavaThread "Signal Dispatcher" daemon [_thread_blocked, id=23219, stack(0x00007f394d8b1000,0x00007f394d9b2000)]
  0x0000000001bc1000 JavaThread "Finalizer" daemon [_thread_blocked, id=23218, stack(0x00007f394d9b2000,0x00007f394dab3000)]
  0x0000000001bbf000 JavaThread "Reference Handler" daemon [_thread_blocked, id=23217, stack(0x00007f394dab3000,0x00007f394dbb4000)]

Other Threads:
  0x0000000001bb8000 VMThread [stack: 0x00007f394dbb4000,0x00007f394dcb5000] [id=23216]
  0x0000000001c0e800 WatcherThread [stack: 0x00007f394cfa5000,0x00007f394d0a6000] [id=23230]

VM state:not at safepoint (normal execution)

VM Mutex/Monitor currently owned by a thread: None

Heap
 PSYoungGen      total 46784K, used 37496K [0x00000000e0d60000, 0x00000000e4560000, 0x0000000100000000)
  eden space 42752K, 78% used [0x00000000e0d60000,0x00000000e2e19a48,0x00000000e3720000)
  from space 4032K, 98% used [0x00000000e3880000,0x00000000e3c64850,0x00000000e3c70000)
  to   space 7296K, 0% used [0x00000000e3e40000,0x00000000e3e40000,0x00000000e4560000)
 PSOldGen        total 63872K, used 9189K [0x00000000a2800000, 0x00000000a6660000, 0x00000000e0d60000)
  object space 63872K, 14% used [0x00000000a2800000,0x00000000a30f95b8,0x00000000a6660000)
 PSPermGen       total 26560K, used 26037K [0x0000000098200000, 0x0000000099bf0000, 0x00000000a2800000)
  object space 26560K, 98% used [0x0000000098200000,0x0000000099b6d598,0x0000000099bf0000)

Code Cache  [0x00007f394e92b000, 0x00007f394eb9b000, 0x00007f395192b000)
 total_blobs=1319 nmethods=517 adapters=764 free_code_cache=48194816 largest_free_block=5952

Dynamic libraries:
00400000-00409000 r-xp 00000000 08:05 821807                             /usr/lib/jvm/java-6-openjdk/jre/bin/java
00608000-00609000 r--p 00008000 08:05 821807                             /usr/lib/jvm/java-6-openjdk/jre/bin/java
00609000-0060a000 rw-p 00009000 08:05 821807                             /usr/lib/jvm/java-6-openjdk/jre/bin/java
01b47000-02ef0000 rw-p 00000000 00:00 0                                  [heap]
98200000-99bf0000 rw-p 00000000 00:00 0 
99bf0000-a2800000 rw-p 00000000 00:00 0 
a2800000-a6660000 rw-p 00000000 00:00 0 
a6660000-e0d60000 rw-p 00000000 00:00 0 
e0d60000-e4560000 rw-p 00000000 00:00 0 
e4560000-e49a0000 ---p 00000000 00:00 0 
e49a0000-100000000 rw-p 00000000 00:00 0 
7f393c000000-7f393c1c8000 rw-p 00000000 00:00 0 
7f393c1c8000-7f3940000000 ---p 00000000 00:00 0 
7f3940bc7000-7f3940bca000 ---p 00000000 00:00 0 
7f3940bca000-7f3940cc8000 rw-p 00000000 00:00 0 
7f3940cc8000-7f3940ccb000 ---p 00000000 00:00 0 
7f3940ccb000-7f3940dc9000 rw-p 00000000 00:00 0 
7f3940dc9000-7f3940de0000 r--s 00000000 08:05 9452                       /usr/share/fonts/type1/gsfonts/n021023l.pfb
7f3940de0000-7f3940df9000 r--s 00000000 08:05 9446                       /usr/share/fonts/type1/gsfonts/n021003l.pfb
7f3940df9000-7f3940e0c000 r--s 00000000 08:05 9443                       /usr/share/fonts/type1/gsfonts/n019064l.pfb
7f3940e42000-7f3940e4b000 r--s 00000000 08:05 9482                       /usr/share/fonts/type1/gsfonts/s050000l.pfb
7f3940e4b000-7f3940e5d000 r--s 00000000 08:05 9434                       /usr/share/fonts/type1/gsfonts/n019043l.pfb
7f3940e5d000-7f3940e74000 r--s 00000000 08:05 9485                       /usr/share/fonts/type1/gsfonts/z003034l.pfb
7f3940e74000-7f3940e8c000 r--s 00000000 08:05 9458                       /usr/share/fonts/type1/gsfonts/n022003l.pfb
7f3940e8c000-7f3940ea0000 r--s 00000000 08:05 9422                       /usr/share/fonts/type1/gsfonts/n019003l.pfb
7f3940ea0000-7f3940eb0000 r--s 00000000 08:05 9386                       /usr/share/fonts/type1/gsfonts/a010015l.pfb
7f3940eb0000-7f3940ec1000 r--s 00000000 08:05 9392                       /usr/share/fonts/type1/gsfonts/a010035l.pfb
7f3940ec1000-7f3940edc000 r--s 00000000 08:05 9410                       /usr/share/fonts/type1/gsfonts/c059016l.pfb
7f3940ef8000-7f3940f0e000 r--s 00000000 08:05 9467                       /usr/share/fonts/type1/gsfonts/n022024l.pfb
7f3940f0e000-7f3940f27000 r--s 00000000 08:05 9461                       /usr/share/fonts/type1/gsfonts/n022004l.pfb
7f3940f27000-7f3940f3c000 r--s 00000000 08:05 9401                       /usr/share/fonts/type1/gsfonts/b018032l.pfb
7f3940f3c000-7f3940f55000 r--s 00000000 08:05 9449                       /usr/share/fonts/type1/gsfonts/n021004l.pfb
7f3940f55000-7f3940f6b000 r--s 00000000 08:05 9455                       /usr/share/fonts/type1/gsfonts/n021024l.pfb
7f3940f6b000-7f3940f7c000 r--s 00000000 08:05 9440                       /usr/share/fonts/type1/gsfonts/n019063l.pfb
7f3940f7c000-7f3940f8e000 r--s 00000000 08:05 9404                       /usr/share/fonts/type1/gsfonts/b018035l.pfb
7f3940f8e000-7f3940fa7000 r--s 00000000 08:05 9395                       /usr/share/fonts/type1/gsfonts/b018012l.pfb
7f3940fa7000-7f3940fb8000 r--s 00000000 08:05 9428                       /usr/share/fonts/type1/gsfonts/n019023l.pfb
7f3940fb8000-7f3940fca000 r--s 00000000 08:05 9437                       /usr/share/fonts/type1/gsfonts/n019044l.pfb
7f3940fca000-7f3940fda000 r--s 00000000 08:05 9383                       /usr/share/fonts/type1/gsfonts/a010013l.pfb
7f3940fda000-7f3940ff4000 r--s 00000000 08:05 9407                       /usr/share/fonts/type1/gsfonts/c059013l.pfb
7f3940ff4000-7f394100c000 r--s 00000000 08:05 9413                       /usr/share/fonts/type1/gsfonts/c059033l.pfb
7f394100c000-7f394101f000 r--s 00000000 08:05 9398                       /usr/share/fonts/type1/gsfonts/b018015l.pfb
7f394101f000-7f3941031000 r--s 00000000 08:05 9425                       /usr/share/fonts/type1/gsfonts/n019004l.pfb
7f3941031000-7f394103d000 r--s 00000000 08:05 9419                       /usr/share/fonts/type1/gsfonts/d050000l.pfb
7f394103d000-7f394104d000 r--s 00000000 08:05 9389                       /usr/share/fonts/type1/gsfonts/a010033l.pfb
7f394104d000-7f3941063000 r--s 00000000 08:05 9464                       /usr/share/fonts/type1/gsfonts/n022023l.pfb
7f3941063000-7f3941074000 r--s 00000000 08:05 9431                       /usr/share/fonts/type1/gsfonts/n019024l.pfb
7f394108f000-7f39410a7000 r--s 00000000 08:05 9416                       /usr/share/fonts/type1/gsfonts/c059036l.pfb
7f39410a7000-7f39410b0000 r--s 00000000 08:05 920243                     /usr/share/fonts/X11/Type1/c0648bt_.pfb
7f39410b0000-7f39410b9000 r--s 00000000 08:05 920245                     /usr/share/fonts/X11/Type1/c0649bt_.pfb
7f39410b9000-7f39410c3000 r--s 00000000 08:05 920235                     /usr/share/fonts/X11/Type1/c0583bt_.pfb
7f39410c3000-7f39410cd000 r--s 00000000 08:05 920233                     /usr/share/fonts/X11/Type1/c0582bt_.pfb
7f39410cd000-7f39410d7000 r--s 00000000 08:05 920231                     /usr/share/fonts/X11/Type1/c0419bt_.pfb
7f39410d7000-7f39410e0000 r--s 00000000 08:05 920241                     /usr/share/fonts/X11/Type1/c0633bt_.pfb
7f39410e0000-7f39410e9000 r--s 00000000 08:05 920239                     /usr/share/fonts/X11/Type1/c0632bt_.pfb
7f39410e9000-7f39410f3000 r--s 00000000 08:05 920237                     /usr/share/fonts/X11/Type1/c0611bt_.pfb
7f39410f3000-7f39410fd000 r--s 00000000 08:05 9488                       /usr/share/fonts/type1/mathml/Symbol.pfb
7f3941115000-7f394111c000 r--s 00000000 08:05 834812                     /usr/share/texmf/fonts/type1/public/lm/lmsy7.pfb
7f394111c000-7f394113d000 r--s 00000000 08:05 834759                     /usr/share/texmf/fonts/type1/public/lm/lmcsco10.pfb
7f394113d000-7f394115b000 r--s 00000000 08:05 834832                     /usr/share/texmf/fonts/type1/public/lm/lmvtl10.pfb
7f3941176000-7f394118e000 r--s 00000000 08:05 834795                     /usr/share/texmf/fonts/type1/public/lm/lmss9.pfb
7f394118e000-7f39411ab000 r--s 00000000 08:05 834758                     /usr/share/texmf/fonts/type1/public/lm/lmcsc10.pfb
7f39411ab000-7f39411cd000 r--s 00000000 08:05 834757                     /usr/share/texmf/fonts/type1/public/lm/lmbxo10.pfb
7f39411cd000-7f39411e7000 r--s 00000000 08:05 834819                     /usr/share/texmf/fonts/type1/public/lm/lmtl10.pfb
7f39411ef000-7f39411f7000 r--s 00000000 08:05 834768                     /usr/share/texmf/fonts/type1/public/lm/lmmi8.pfb
7f39411f7000-7f3941212000 r--s 00000000 08:05 834820                     /usr/share/texmf/fonts/type1/public/lm/lmtlc10.pfb
7f3941212000-7f394122f000 r--s 00000000 08:05 834798                     /usr/share/texmf/fonts/type1/public/lm/lmssdc10.pfb
7f394122f000-7f3941250000 r--s 00000000 08:05 834786                     /usr/share/texmf/fonts/type1/public/lm/lmro10.pfb
7f3941272000-7f3941291000 r--s 00000000 08:05 834752                     /usr/share/texmf/fonts/type1/public/lm/lmbx6.pfb
7f3941291000-7f3941299000 r--s 00000000 08:05 834767                     /usr/share/texmf/fonts/type1/public/lm/lmmi7.pfb
7f3941299000-7f39412a0000 r--s 00000000 08:05 834810                     /usr/share/texmf/fonts/type1/public/lm/lmsy5.pfb
7f39412a0000-7f39412bb000 r--s 00000000 08:05 834785                     /usr/share/texmf/fonts/type1/public/lm/lmri9.pfb
7f39412bb000-7f39412d6000 r--s 00000000 08:05 834804                     /usr/share/texmf/fonts/type1/public/lm/lmsso9.pfb
7f39412d6000-7f39412f5000 r--s 00000000 08:05 834755                     /usr/share/texmf/fonts/type1/public/lm/lmbx9.pfb
7f39412f5000-7f39412fd000 r--s 00000000 08:05 834765                     /usr/share/texmf/fonts/type1/public/lm/lmmi5.pfb
7f39412fd000-7f3941305000 r--s 00000000 08:05 834764                     /usr/share/texmf/fonts/type1/public/lm/lmmi12.pfb
7f3941305000-7f394131d000 r--s 00000000 08:05 834791                     /usr/share/texmf/fonts/type1/public/lm/lmss10.pfb
7f394131d000-7f3941324000 r--s 00000000 08:05 834813                     /usr/share/texmf/fonts/type1/public/lm/lmsy8.pfb
7f3941324000-7f3941343000 r--s 00000000 08:05 834822                     /usr/share/texmf/fonts/type1/public/lm/lmtlo10.pfb
7f3941343000-7f3941362000 r--s 00000000 08:05 834830                     /usr/share/texmf/fonts/type1/public/lm/lmvtk10.pfb
7f394137e000-7f394139e000 r--s 00000000 08:05 834816                     /usr/share/texmf/fonts/type1/public/lm/lmtcso10.pfb
7f394139e000-7f39413b9000 r--s 00000000 08:05 834802                     /usr/share/texmf/fonts/type1/public/lm/lmsso17.pfb
7f39413b9000-7f39413d1000 r--s 00000000 08:05 834793                     /usr/share/texmf/fonts/type1/public/lm/lmss17.pfb
7f39413d1000-7f39413f0000 r--s 00000000 08:05 834806                     /usr/share/texmf/fonts/type1/public/lm/lmssqbo8.pfb
7f39413f0000-7f394140d000 r--s 00000000 08:05 834807                     /usr/share/texmf/fonts/type1/public/lm/lmssqbx8.pfb
7f394140d000-7f3941429000 r--s 00000000 08:05 834829                     /usr/share/texmf/fonts/type1/public/lm/lmu10.pfb
7f3941429000-7f394144e000 r--s 00000000 08:05 834831                     /usr/share/texmf/fonts/type1/public/lm/lmvtko10.pfb
7f3941456000-7f3941472000 r--s 00000000 08:05 834781                     /usr/share/texmf/fonts/type1/public/lm/lmri10.pfb
7f3941472000-7f3941479000 r--s 00000000 08:05 834811                     /usr/share/texmf/fonts/type1/public/lm/lmsy6.pfb
7f3941479000-7f3941495000 r--s 00000000 08:05 834823                     /usr/share/texmf/fonts/type1/public/lm/lmtt10.pfb
7f3941495000-7f39414b7000 r--s 00000000 08:05 834745                     /usr/share/texmf/fonts/type1/public/lm/lmbo10.pfb
7f39414b7000-7f39414bf000 r--s 00000000 08:05 834747                     /usr/share/texmf/fonts/type1/public/lm/lmbsy5.pfb
7f39414bf000-7f39414dd000 r--s 00000000 08:05 834775                     /usr/share/texmf/fonts/type1/public/lm/lmr17.pfb
7f39414dd000-7f39414fa000 r--s 00000000 08:05 834750                     /usr/share/texmf/fonts/type1/public/lm/lmbx12.pfb
7f39414fa000-7f3941515000 r--s 00000000 08:05 834815                     /usr/share/texmf/fonts/type1/public/lm/lmtcsc10.pfb
7f3941515000-7f394151d000 r--s 00000000 08:05 834748                     /usr/share/texmf/fonts/type1/public/lm/lmbsy7.pfb
7f394151d000-7f3941538000 r--s 00000000 08:05 834824                     /usr/share/texmf/fonts/type1/public/lm/lmtt12.pfb
7f3941538000-7f394153f000 r--s 00000000 08:05 834809                     /usr/share/texmf/fonts/type1/public/lm/lmsy10.pfb
7f394153f000-7f394155e000 r--s 00000000 08:05 834754                     /usr/share/texmf/fonts/type1/public/lm/lmbx8.pfb
7f394155e000-7f394157a000 r--s 00000000 08:05 834756                     /usr/share/texmf/fonts/type1/public/lm/lmbxi10.pfb
7f3941597000-7f394159e000 r--s 00000000 08:05 834814                     /usr/share/texmf/fonts/type1/public/lm/lmsy9.pfb
7f394159e000-7f39415c0000 r--s 00000000 08:05 834821                     /usr/share/texmf/fonts/type1/public/lm/lmtlco10.pfb
7f39415c0000-7f39415de000 r--s 00000000 08:05 834780                     /usr/share/texmf/fonts/type1/public/lm/lmr9.pfb
7f39415de000-7f39415fb000 r--s 00000000 08:05 834817                     /usr/share/texmf/fonts/type1/public/lm/lmtk10.pfb
7f39415fb000-7f394161a000 r--s 00000000 08:05 834787                     /usr/share/texmf/fonts/type1/public/lm/lmro12.pfb
7f394161a000-7f3941636000 r--s 00000000 08:05 834774                     /usr/share/texmf/fonts/type1/public/lm/lmr12.pfb
7f3941636000-7f3941658000 r--s 00000000 08:05 834796                     /usr/share/texmf/fonts/type1/public/lm/lmssbo10.pfb
7f3941658000-7f3941673000 r--s 00000000 08:05 834800                     /usr/share/texmf/fonts/type1/public/lm/lmsso10.pfb
7f3941673000-7f394168e000 r--s 00000000 08:05 834782                     /usr/share/texmf/fonts/type1/public/lm/lmri12.pfb
7f39416d1000-7f39416ec000 r--s 00000000 08:05 834826                     /usr/share/texmf/fonts/type1/public/lm/lmtt9.pfb
7f39416ec000-7f394170d000 r--s 00000000 08:05 834789                     /usr/share/texmf/fonts/type1/public/lm/lmro8.pfb
7f394170d000-7f394172b000 r--s 00000000 08:05 834776                     /usr/share/texmf/fonts/type1/public/lm/lmr5.pfb
7f394172b000-7f3941732000 r--s 00000000 08:05 834746                     /usr/share/texmf/fonts/type1/public/lm/lmbsy10.pfb
7f3941732000-7f3941752000 r--s 00000000 08:05 834808                     /usr/share/texmf/fonts/type1/public/lm/lmssqo8.pfb
7f3941752000-7f394175a000 r--s 00000000 08:05 834771                     /usr/share/texmf/fonts/type1/public/lm/lmmib5.pfb
7f394175a000-7f3941779000 r--s 00000000 08:05 834744                     /usr/share/texmf/fonts/type1/public/lm/lmb10.pfb
7f3941779000-7f394177f000 r--s 00000000 08:05 834762                     /usr/share/texmf/fonts/type1/public/lm/lmex10.pfb
7f394177f000-7f394179d000 r--s 00000000 08:05 834749                     /usr/share/texmf/fonts/type1/public/lm/lmbx10.pfb
7f394179d000-7f39417ba000 r--s 00000000 08:05 834751                     /usr/share/texmf/fonts/type1/public/lm/lmbx5.pfb
7f39417ba000-7f39417d9000 r--s 00000000 08:05 834777                     /usr/share/texmf/fonts/type1/public/lm/lmr6.pfb
7f39417d9000-7f39417f6000 r--s 00000000 08:05 834805                     /usr/share/texmf/fonts/type1/public/lm/lmssq8.pfb
7f39417f6000-7f3941814000 r--s 00000000 08:05 834779                     /usr/share/texmf/fonts/type1/public/lm/lmr8.pfb
7f3941814000-7f394182f000 r--s 00000000 08:05 834801                     /usr/share/texmf/fonts/type1/public/lm/lmsso12.pfb
7f394182f000-7f3941850000 r--s 00000000 08:05 834835                     /usr/share/texmf/fonts/type1/public/lm/lmvtto10.pfb
7f3941850000-7f3941871000 r--s 00000000 08:05 834788                     /usr/share/texmf/fonts/type1/public/lm/lmro17.pfb
7f3941871000-7f394188c000 r--s 00000000 08:05 834784                     /usr/share/texmf/fonts/type1/public/lm/lmri8.pfb
7f394188c000-7f3941894000 r--s 00000000 08:05 834770                     /usr/share/texmf/fonts/type1/public/lm/lmmib10.pfb
7f3941894000-7f39418b2000 r--s 00000000 08:05 834773                     /usr/share/texmf/fonts/type1/public/lm/lmr10.pfb
7f39418b2000-7f39418d4000 r--s 00000000 08:05 834833                     /usr/share/texmf/fonts/type1/public/lm/lmvtlo10.pfb
7f39418d4000-7f39418dc000 r--s 00000000 08:05 834766                     /usr/share/texmf/fonts/type1/public/lm/lmmi6.pfb
7f39418fa000-7f3941919000 r--s 00000000 08:05 834828                     /usr/share/texmf/fonts/type1/public/lm/lmtto10.pfb
7f3941919000-7f394193b000 r--s 00000000 08:05 834799                     /usr/share/texmf/fonts/type1/public/lm/lmssdo10.pfb
7f394193b000-7f3941953000 r--s 00000000 08:05 834792                     /usr/share/texmf/fonts/type1/public/lm/lmss12.pfb
7f3941953000-7f394196c000 r--s 00000000 08:05 834827                     /usr/share/texmf/fonts/type1/public/lm/lmtti10.pfb
7f394196c000-7f394198a000 r--s 00000000 08:05 834797                     /usr/share/texmf/fonts/type1/public/lm/lmssbx10.pfb
7f394198a000-7f3941992000 r-xp 00000000 08:05 831019                     /usr/lib/jvm/java-6-openjdk/jre/lib/amd64/libnio.so
7f3941992000-7f3941b91000 ---p 00008000 08:05 831019                     /usr/lib/jvm/java-6-openjdk/jre/lib/amd64/libnio.so
7f3941b91000-7f3941b92000 r--p 00007000 08:05 831019                     /usr/lib/jvm/java-6-openjdk/jre/lib/amd64/libnio.so
7f3941b92000-7f3941b93000 rw-p 00008000 08:05 831019                     /usr/lib/jvm/java-6-openjdk/jre/lib/amd64/libnio.so
7f3941b93000-7f3941ba8000 r-xp 00000000 08:05 831027                     /usr/lib/jvm/java-6-openjdk/jre/lib/amd64/libnet.so
7f3941ba8000-7f3941da7000 ---p 00015000 08:05 831027                     /usr/lib/jvm/java-6-openjdk/jre/lib/amd64/libnet.so
7f3941da7000-7f3941da8000 r--p 00014000 08:05 831027                     /usr/lib/jvm/java-6-openjdk/jre/lib/amd64/libnet.so
7f3941da8000-7f3941da9000 rw-p 00015000 08:05 831027                     /usr/lib/jvm/java-6-openjdk/jre/lib/amd64/libnet.so
7f3941da9000-7f3941ea9000 rw-s 655e4000 00:05 8138                       /dev/nvidia0
7f3941ea9000-7f3941fa9000 rw-s 58557000 00:05 8138                       /dev/nvidia0
7f3941fa9000-7f3941fb3000 r-xp 00000000 08:05 831045                     /usr/lib/jvm/java-6-openjdk/jre/lib/amd64/libjpeg.so
7f3941fb3000-7f39421b2000 ---p 0000a000 08:05 831045                     /usr/lib/jvm/java-6-openjdk/jre/lib/amd64/libjpeg.so
7f39421b2000-7f39421b3000 r--p 00009000 08:05 831045                     /usr/lib/jvm/java-6-openjdk/jre/lib/amd64/libjpeg.so
7f39421b3000-7f39421b4000 rw-p 0000a000 08:05 831045                     /usr/lib/jvm/java-6-openjdk/jre/lib/amd64/libjpeg.so
7f39421b4000-7f39437a8000 r-xp 00000000 08:05 793109                     /usr/lib/nvidia-current/libnvidia-glcore.so.280.13
7f39437a8000-7f39439a7000 ---p 015f4000 08:05 793109                     /usr/lib/nvidia-current/libnvidia-glcore.so.280.13
7f39439a7000-7f3943fe6000 rwxp 015f3000 08:05 793109                     /usr/lib/nvidia-current/libnvidia-glcore.so.280.13
7f3943fe6000-7f3944000000 rwxp 00000000 00:00 0 
7f3944000000-7f3944ef7000 rw-p 00000000 00:00 0 
7f3944ef7000-7f3948000000 ---p 00000000 00:00 0 
7f3948012000-7f394801a000 r--s 00000000 08:05 834772                     /usr/share/texmf/fonts/type1/public/lm/lmmib7.pfb
7f394801a000-7f394803d000 r--s 00000000 08:05 834818                     /usr/share/texmf/fonts/type1/public/lm/lmtko10.pfb
7f394803d000-7f394805a000 r--s 00000000 08:05 834834                     /usr/share/texmf/fonts/type1/public/lm/lmvtt10.pfb
7f3948078000-7f394807b000 ---p 00000000 00:00 0 
7f394807b000-7f3948179000 rw-p 00000000 00:00 0 
7f3948179000-7f39481ab000 r-xp 00000000 08:05 831030                     /usr/lib/jvm/java-6-openjdk/jre/lib/amd64/liblcms.so
7f39481ab000-7f39483aa000 ---p 00032000 08:05 831030                     /usr/lib/jvm/java-6-openjdk/jre/lib/amd64/liblcms.so
7f39483aa000-7f39483ab000 r--p 00031000 08:05 831030                     /usr/lib/jvm/java-6-openjdk/jre/lib/amd64/liblcms.so
7f39483ab000-7f39483ac000 rw-p 00032000 08:05 831030                     /usr/lib/jvm/java-6-openjdk/jre/lib/amd64/liblcms.so
7f39483ac000-7f39483ae000 rw-p 00000000 00:00 0 
7f39483ae000-7f39484ae000 rw-s 58663000 00:05 8138                       /dev/nvidia0
7f3948512000-7f3948515000 ---p 00000000 00:00 0 
7f3948515000-7f3948613000 rw-p 00000000 00:00 0 
7f3948613000-7f3948616000 ---p 00000000 00:00 0 
7f3948616000-7f3948714000 rw-p 00000000 00:00 0 
7f3948714000-7f3948717000 ---p 00000000 00:00 0 
7f3948717000-7f3948815000 rw-p 00000000 00:00 0 
7f3948815000-7f3948b01000 rw-s 00000000 00:04 18874431                   /SYSV00000000 (deleted)
7f3948b01000-7f3948b04000 ---p 00000000 00:00 0 
7f3948b04000-7f3948c02000 rw-p 00000000 00:00 0 
7f3948c02000-7f3948e02000 rw-s 65457000 00:05 8138                       /dev/nvidia0
7f3948e02000-7f3948f02000 rw-s 2fe9f000 00:05 8138                       /dev/nvidia0
7f3948f42000-7f3948f5a000 r-xp 00000000 08:06 267445                     /home/jan/development/projects/YogularmInfinite/desktop/lib/jogl/linux-amd64/libjogl_es2.so
7f3948f5a000-7f3949159000 ---p 00018000 08:06 267445                     /home/jan/development/projects/YogularmInfinite/desktop/lib/jogl/linux-amd64/libjogl_es2.so
7f3949159000-7f394915a000 r--p 00017000 08:06 267445                     /home/jan/development/projects/YogularmInfinite/desktop/lib/jogl/linux-amd64/libjogl_es2.so
7f394915a000-7f394915b000 rw-p 00018000 08:06 267445                     /home/jan/development/projects/YogularmInfinite/desktop/lib/jogl/linux-amd64/libjogl_es2.so
7f394915b000-7f3949173000 r-xp 00000000 08:06 267444                     /home/jan/development/projects/YogularmInfinite/desktop/lib/jogl/linux-amd64/libjogl_es1.so
7f3949173000-7f3949372000 ---p 00018000 08:06 267444                     /home/jan/development/projects/YogularmInfinite/desktop/lib/jogl/linux-amd64/libjogl_es1.so
7f3949372000-7f3949373000 r--p 00017000 08:06 267444                     /home/jan/development/projects/YogularmInfinite/desktop/lib/jogl/linux-amd64/libjogl_es1.so
7f3949373000-7f3949374000 rw-p 00018000 08:06 267444                     /home/jan/development/projects/YogularmInfinite/desktop/lib/jogl/linux-amd64/libjogl_es1.so
7f3949374000-7f39493fe000 r-xp 00000000 08:06 267443                     /home/jan/development/projects/YogularmInfinite/desktop/lib/jogl/linux-amd64/libjogl_desktop.so
7f39493fe000-7f39495fe000 ---p 0008a000 08:06 267443                     /home/jan/development/projects/YogularmInfinite/desktop/lib/jogl/linux-amd64/libjogl_desktop.so
7f39495fe000-7f39495ff000 r--p 0008a000 08:06 267443                     /home/jan/development/projects/YogularmInfinite/desktop/lib/jogl/linux-amd64/libjogl_desktop.so
7f39495ff000-7f3949600000 rw-p 0008b000 08:06 267443                     /home/jan/development/projects/YogularmInfinite/desktop/lib/jogl/linux-amd64/libjogl_desktop.so
7f3949600000-7f3949603000 r-xp 00000000 08:05 793125                     /usr/lib/nvidia-current/tls/libnvidia-tls.so.280.13
7f3949603000-7f3949802000 ---p 00003000 08:05 793125                     /usr/lib/nvidia-current/tls/libnvidia-tls.so.280.13
7f3949802000-7f3949803000 rw-p 00002000 08:05 793125                     /usr/lib/nvidia-current/tls/libnvidia-tls.so.280.13
7f3949803000-7f3949804000 r--s 00000000 08:05 408205                     /var/cache/fontconfig/c05880de57d1f5e948fdfacc138775d9-le64.cache-3
7f3949804000-7f394980d000 r--s 00000000 08:05 391263                     /var/cache/fontconfig/945677eb7aeaf62f1d50efc3fb3ec7d8-le64.cache-3
7f394980d000-7f394980f000 r--s 00000000 08:05 391046                     /var/cache/fontconfig/99e8ed0e538f840c565b6ed5dad60d56-le64.cache-3
7f394980f000-7f3949812000 r--s 00000000 08:05 391624                     /var/cache/fontconfig/e383d7ea5fbe662a33d9b44caf393297-le64.cache-3
7f3949812000-7f3949816000 r--s 00000000 08:05 408203                     /var/cache/fontconfig/2cd17615ca594fa2959ae173292e504c-le64.cache-3
7f3949816000-7f3949817000 r--s 00000000 08:05 391470                     /var/cache/fontconfig/e7071f4a29fa870f4323321c154eba04-le64.cache-3
7f3949817000-7f394981c000 r--s 00000000 08:05 408202                     /var/cache/fontconfig/6eb3985aa4124903f6ff08ba781cd364-le64.cache-3
7f394981c000-7f394981d000 r--s 00000000 08:05 406414                     /var/cache/fontconfig/4c73fe0c47614734b17d736dbde7580a-le64.cache-3
7f394981d000-7f394981e000 r--s 00000000 08:05 406413                     /var/cache/fontconfig/0d8c3b2ac0904cb8a57a757ad11a4a08-le64.cache-3
7f394981e000-7f394981f000 r--s 00000000 08:05 406412                     /var/cache/fontconfig/6a53c69dea097a2d716e069445527da8-le64.cache-3
7f394981f000-7f3949825000 r--s 00000000 08:05 401859                     /var/cache/fontconfig/a755afe4a08bf5b97852ceb7400b47bc-le64.cache-3
7f3949825000-7f394982b000 r--s 00000000 08:05 409105                     /var/cache/fontconfig/515ca1ebc4b18308bea979be5704f9db-le64.cache-3
7f394982b000-7f3949834000 r--s 00000000 08:05 392133                     /var/cache/fontconfig/6d41288fd70b0be22e8c3a91e032eec0-le64.cache-3
7f3949834000-7f3949844000 r--s 00000000 08:05 401858                     /var/cache/fontconfig/0f34bcd4b6ee430af32735b75db7f02b-le64.cache-3
7f3949844000-7f3949847000 r--s 00000000 08:05 391081                     /var/cache/fontconfig/d60319d88cac85ba9e1a07bd06cfbb8c-le64.cache-3
7f3949847000-7f3949848000 r--s 00000000 08:05 396779                     /var/cache/fontconfig/4794a0821666d79190d59a36cb4f44b5-le64.cache-3
7f3949848000-7f3949876000 r--s 00000000 08:05 409148                     /var/cache/fontconfig/365b55f210c0a22e9a19e35191240f32-le64.cache-3
7f3949876000-7f3949886000 r--s 00000000 08:05 401856                     /var/cache/fontconfig/d52a8644073d54c13679302ca1180695-le64.cache-3
7f3949886000-7f394988e000 r--s 00000000 08:05 409104                     /var/cache/fontconfig/153bb866d4d26e7cd19eee2129f8d8d2-le64.cache-3
7f394988e000-7f3949899000 r--s 00000000 08:05 415954                     /var/cache/fontconfig/e13b20fdb08344e0e664864cc2ede53d-le64.cache-3
7f3949899000-7f394989b000 r--s 00000000 08:06 1101681                    /home/jan/.fontconfig/fdd828a2a2357ac8b98d53d4cb73097a-le64.cache-3
7f394989b000-7f39498a2000 r--s 00000000 08:06 1101680                    /home/jan/.fontconfig/c58ff9086ba60478c195bf0f61b530df-le64.cache-3
7f39498a2000-7f39498ac000 r--s 00000000 08:06 1101674                    /home/jan/.fontconfig/a0bf83b7801ad605140a17cf4b414547-le64.cache-3
7f39498ac000-7f39498b2000 r--s 00000000 08:06 1101679                    /home/jan/.fontconfig/7d1d196625a4c3b5318df9a7bec9bc41-le64.cache-3
7f39498b2000-7f39498b4000 r--s 00000000 08:06 1101678                    /home/jan/.fontconfig/790146cae801f5c845d56d242e982308-le64.cache-3
7f39498b4000-7f39498b9000 r--s 00000000 08:06 1101677                    /home/jan/.fontconfig/2c10c25a20897452413a494958b84a05-le64.cache-3
7f39498b9000-7f39498bb000 r--s 00000000 08:06 1101676                    /home/jan/.fontconfig/01b316c23635a1c7ad41860d9ab7ba59-le64.cache-3
7f39498bb000-7f39498bd000 r--s 00000000 08:06 1101675                    /home/jan/.fontconfig/e252e6067bf5dc9e40fb95b17b621584-le64.cache-3
7f39498bd000-7f39498cc000 r--s 00000000 08:06 1101673                    /home/jan/.fontconfig/51d0fb7e55acffd31d6a8c7c8c7f60fb-le64.cache-3
7f39498cc000-7f39498d1000 r--s 00000000 08:06 1101672                    /home/jan/.fontconfig/6302c9f5be1e12898d22d23c35392af9-le64.cache-3
7f39498d1000-7f39498d3000 r--s 00000000 08:06 1101671                    /home/jan/.fontconfig/954bf4103e945093a32831c95ead4df7-le64.cache-3
7f39498d3000-7f39498d5000 r--s 00000000 08:06 1101670                    /home/jan/.fontconfig/6c2573209480b8f33065f885e21aa27e-le64.cache-3
7f39498d5000-7f39498d7000 r--s 00000000 08:06 1101669                    /home/jan/.fontconfig/2ce2f901d9e1b21e31b84cb10642e71d-le64.cache-3
7f39498d7000-7f39498da000 r--s 00000000 08:06 1101668                    /home/jan/.fontconfig/e1de9b0e4af91a7731cd98de6ce2d572-le64.cache-3
7f39498da000-7f39498e4000 r--s 00000000 08:06 1101667                    /home/jan/.fontconfig/2bcd93200fc0f5d4f6eeced75af2d533-le64.cache-3
7f39498e4000-7f39498e7000 r--s 00000000 08:06 1101666                    /home/jan/.fontconfig/8adc0da6e22e3e72a145efb7377d06bd-le64.cache-3
7f39498e7000-7f39498f8000 r--s 00000000 08:06 1101665                    /home/jan/.fontconfig/edd89c71be7950017624cf56be471bae-le64.cache-3
7f39498f8000-7f3949904000 r--s 00000000 08:06 1101664                    /home/jan/.fontconfig/39d620b8dfbf4bd2ea5f64f511994d5f-le64.cache-3
7f394992d000-7f3949930000 ---p 00000000 00:00 0 
7f3949930000-7f3949a2e000 rw-p 00000000 00:00 0 
7f3949a2e000-7f3949aef000 r-xp 00000000 08:05 793112                     /usr/lib/nvidia-current/libGL.so.280.13
7f3949aef000-7f3949cee000 ---p 000c1000 08:05 793112                     /usr/lib/nvidia-current/libGL.so.280.13
7f3949cee000-7f3949d29000 rwxp 000c0000 08:05 793112                     /usr/lib/nvidia-current/libGL.so.280.13
7f3949d29000-7f3949d3f000 rwxp 00000000 00:00 0 
7f3949d45000-7f3949d49000 rw-s 58462000 00:05 8138                       /dev/nvidia0
7f3949d49000-7f3949d64000 rw-s 18a2c0000 00:05 8138                      /dev/nvidia0
7f3949d64000-7f3949d67000 ---p 00000000 00:00 0 
7f3949d67000-7f3949e65000 rw-p 00000000 00:00 0 
7f3949e65000-7f3949e67000 r-xp 00000000 08:06 267446                     /home/jan/development/projects/YogularmInfinite/desktop/lib/jogl/linux-amd64/libnativewindow_awt.so
7f3949e67000-7f394a066000 ---p 00002000 08:06 267446                     /home/jan/development/projects/YogularmInfinite/desktop/lib/jogl/linux-amd64/libnativewindow_awt.so
7f394a066000-7f394a067000 r--p 00001000 08:06 267446                     /home/jan/development/projects/YogularmInfinite/desktop/lib/jogl/linux-amd64/libnativewindow_awt.so
7f394a067000-7f394a068000 rw-p 00002000 08:06 267446                     /home/jan/development/projects/YogularmInfinite/desktop/lib/jogl/linux-amd64/libnativewindow_awt.so
7f394a068000-7f394a069000 r-xp 00000000 08:05 831047                     /usr/lib/jvm/java-6-openjdk/jre/lib/amd64/libjawt.so
7f394a069000-7f394a268000 ---p 00001000 08:05 831047                     /usr/lib/jvm/java-6-openjdk/jre/lib/amd64/libjawt.so
7f394a268000-7f394a269000 r--p 00000000 08:05 831047                     /usr/lib/jvm/java-6-openjdk/jre/lib/amd64/libjawt.so
7f394a269000-7f394a26a000 rw-p 00001000 08:05 831047                     /usr/lib/jvm/java-6-openjdk/jre/lib/amd64/libjawt.so
7f394a26a000-7f394a26d000 ---p 00000000 00:00 0 
7f394a26d000-7f394a36b000 rw-p 00000000 00:00 0 
7f394a36b000-7f394a370000 r-xp 00000000 08:05 788228                     /usr/lib/x86_64-linux-gnu/libXfixes.so.3.1.0
7f394a370000-7f394a56f000 ---p 00005000 08:05 788228                     /usr/lib/x86_64-linux-gnu/libXfixes.so.3.1.0
7f394a56f000-7f394a570000 r--p 00004000 08:05 788228                     /usr/lib/x86_64-linux-gnu/libXfixes.so.3.1.0
7f394a570000-7f394a571000 rw-p 00005000 08:05 788228                     /usr/lib/x86_64-linux-gnu/libXfixes.so.3.1.0
7f394a571000-7f394a572000 r--s 00000000 08:05 408205                     /var/cache/fontconfig/c05880de57d1f5e948fdfacc138775d9-le64.cache-3
7f394a572000-7f394a57b000 r--s 00000000 08:05 391263                     /var/cache/fontconfig/945677eb7aeaf62f1d50efc3fb3ec7d8-le64.cache-3
7f394a57b000-7f394a57d000 r--s 00000000 08:05 391046                     /var/cache/fontconfig/99e8ed0e538f840c565b6ed5dad60d56-le64.cache-3
7f394a57d000-7f394a580000 r--s 00000000 08:05 391624                     /var/cache/fontconfig/e383d7ea5fbe662a33d9b44caf393297-le64.cache-3
7f394a580000-7f394a584000 r--s 00000000 08:05 408203                     /var/cache/fontconfig/2cd17615ca594fa2959ae173292e504c-le64.cache-3
7f394a584000-7f394a585000 r--s 00000000 08:05 391470                     /var/cache/fontconfig/e7071f4a29fa870f4323321c154eba04-le64.cache-3
7f394a585000-7f394a58a000 r--s 00000000 08:05 408202                     /var/cache/fontconfig/6eb3985aa4124903f6ff08ba781cd364-le64.cache-3
7f394a58a000-7f394a58b000 r--s 00000000 08:05 406414                     /var/cache/fontconfig/4c73fe0c47614734b17d736dbde7580a-le64.cache-3
7f394a58b000-7f394a58c000 r--s 00000000 08:05 406413                     /var/cache/fontconfig/0d8c3b2ac0904cb8a57a757ad11a4a08-le64.cache-3
7f394a58c000-7f394a58d000 r--s 00000000 08:05 406412                     /var/cache/fontconfig/6a53c69dea097a2d716e069445527da8-le64.cache-3
7f394a58d000-7f394a593000 r--s 00000000 08:05 401859                     /var/cache/fontconfig/a755afe4a08bf5b97852ceb7400b47bc-le64.cache-3
7f394a593000-7f394a599000 r--s 00000000 08:05 409105                     /var/cache/fontconfig/515ca1ebc4b18308bea979be5704f9db-le64.cache-3
7f394a599000-7f394a5a2000 r--s 00000000 08:05 392133                     /var/cache/fontconfig/6d41288fd70b0be22e8c3a91e032eec0-le64.cache-3
7f394a5a2000-7f394a5b2000 r--s 00000000 08:05 401858                     /var/cache/fontconfig/0f34bcd4b6ee430af32735b75db7f02b-le64.cache-3
7f394a5b2000-7f394a5b5000 r--s 00000000 08:05 391081                     /var/cache/fontconfig/d60319d88cac85ba9e1a07bd06cfbb8c-le64.cache-3
7f394a5b5000-7f394a5e3000 r--s 00000000 08:05 409148                     /var/cache/fontconfig/365b55f210c0a22e9a19e35191240f32-le64.cache-3
7f394a5e3000-7f394a5f3000 r--s 00000000 08:05 401856                     /var/cache/fontconfig/d52a8644073d54c13679302ca1180695-le64.cache-3
7f394a5f3000-7f394a5fb000 r--s 00000000 08:05 409104                     /var/cache/fontconfig/153bb866d4d26e7cd19eee2129f8d8d2-le64.cache-3
7f394a5fb000-7f394a606000 r--s 00000000 08:05 415954                     /var/cache/fontconfig/e13b20fdb08344e0e664864cc2ede53d-le64.cache-3
7f394a606000-7f394a608000 r--s 00000000 08:06 1101681                    /home/jan/.fontconfig/fdd828a2a2357ac8b98d53d4cb73097a-le64.cache-3
7f394a608000-7f394a60f000 r--s 00000000 08:06 1101680                    /home/jan/.fontconfig/c58ff9086ba60478c195bf0f61b530df-le64.cache-3
7f394a60f000-7f394a619000 r--s 00000000 08:06 1101674                    /home/jan/.fontconfig/a0bf83b7801ad605140a17cf4b414547-le64.cache-3
7f394a619000-7f394a61f000 r--s 00000000 08:06 1101679                    /home/jan/.fontconfig/7d1d196625a4c3b5318df9a7bec9bc41-le64.cache-3
7f394a61f000-7f394a621000 r--s 00000000 08:06 1101678                    /home/jan/.fontconfig/790146cae801f5c845d56d242e982308-le64.cache-3
7f394a621000-7f394a626000 r--s 00000000 08:06 1101677                    /home/jan/.fontconfig/2c10c25a20897452413a494958b84a05-le64.cache-3
7f394a626000-7f394a628000 r--s 00000000 08:06 1101676                    /home/jan/.fontconfig/01b316c23635a1c7ad41860d9ab7ba59-le64.cache-3
7f394a628000-7f394a62a000 r--s 00000000 08:06 1101675                    /home/jan/.fontconfig/e252e6067bf5dc9e40fb95b17b621584-le64.cache-3
7f394a62a000-7f394a639000 r--s 00000000 08:06 1101673                    /home/jan/.fontconfig/51d0fb7e55acffd31d6a8c7c8c7f60fb-le64.cache-3
7f394a639000-7f394a63e000 r--s 00000000 08:06 1101672                    /home/jan/.fontconfig/6302c9f5be1e12898d22d23c35392af9-le64.cache-3
7f394a63e000-7f394a640000 r--s 00000000 08:06 1101671                    /home/jan/.fontconfig/954bf4103e945093a32831c95ead4df7-le64.cache-3
7f394a640000-7f394a642000 r--s 00000000 08:06 1101670                    /home/jan/.fontconfig/6c2573209480b8f33065f885e21aa27e-le64.cache-3
7f394a642000-7f394a644000 r--s 00000000 08:06 1101669                    /home/jan/.fontconfig/2ce2f901d9e1b21e31b84cb10642e71d-le64.cache-3
7f394a644000-7f394a647000 r--s 00000000 08:06 1101668                    /home/jan/.fontconfig/e1de9b0e4af91a7731cd98de6ce2d572-le64.cache-3
7f394a647000-7f394a651000 r--s 00000000 08:06 1101667                    /home/jan/.fontconfig/2bcd93200fc0f5d4f6eeced75af2d533-le64.cache-3
7f394a651000-7f394a654000 r--s 00000000 08:06 1101666                    /home/jan/.fontconfig/8adc0da6e22e3e72a145efb7377d06bd-le64.cache-3
7f394a654000-7f394a665000 r--s 00000000 08:06 1101665                    /home/jan/.fontconfig/edd89c71be7950017624cf56be471bae-le64.cache-3
7f394a665000-7f394a671000 r--s 00000000 08:06 1101664                    /home/jan/.fontconfig/39d620b8dfbf4bd2ea5f64f511994d5f-le64.cache-3
7f394a675000-7f394a678000 ---p 00000000 00:00 0 
7f394a678000-7f394a776000 rw-p 00000000 00:00 0 
7f394a776000-7f394a777000 r--s 00000000 08:05 408205                     /var/cache/fontconfig/c05880de57d1f5e948fdfacc138775d9-le64.cache-3
7f394a777000-7f394a780000 r--s 00000000 08:05 391263                     /var/cache/fontconfig/945677eb7aeaf62f1d50efc3fb3ec7d8-le64.cache-3
7f394a780000-7f394a782000 r--s 00000000 08:05 391046                     /var/cache/fontconfig/99e8ed0e538f840c565b6ed5dad60d56-le64.cache-3
7f394a782000-7f394a785000 r--s 00000000 08:05 391624                     /var/cache/fontconfig/e383d7ea5fbe662a33d9b44caf393297-le64.cache-3
7f394a785000-7f394a789000 r--s 00000000 08:05 408203                     /var/cache/fontconfig/2cd17615ca594fa2959ae173292e504c-le64.cache-3
7f394a789000-7f394a78a000 r--s 00000000 08:05 391470                     /var/cache/fontconfig/e7071f4a29fa870f4323321c154eba04-le64.cache-3
7f394a78a000-7f394a78f000 r--s 00000000 08:05 408202                     /var/cache/fontconfig/6eb3985aa4124903f6ff08ba781cd364-le64.cache-3
7f394a78f000-7f394a790000 r--s 00000000 08:05 406414                     /var/cache/fontconfig/4c73fe0c47614734b17d736dbde7580a-le64.cache-3
7f394a790000-7f394a791000 r--s 00000000 08:05 406413                     /var/cache/fontconfig/0d8c3b2ac0904cb8a57a757ad11a4a08-le64.cache-3
7f394a791000-7f394a792000 r--s 00000000 08:05 406412                     /var/cache/fontconfig/6a53c69dea097a2d716e069445527da8-le64.cache-3
7f394a792000-7f394a798000 r--s 00000000 08:05 401859                     /var/cache/fontconfig/a755afe4a08bf5b97852ceb7400b47bc-le64.cache-3
7f394a798000-7f394a79e000 r--s 00000000 08:05 409105                     /var/cache/fontconfig/515ca1ebc4b18308bea979be5704f9db-le64.cache-3
7f394a79e000-7f394a7a7000 r--s 00000000 08:05 392133                     /var/cache/fontconfig/6d41288fd70b0be22e8c3a91e032eec0-le64.cache-3
7f394a7a7000-7f394a7b7000 r--s 00000000 08:05 401858                     /var/cache/fontconfig/0f34bcd4b6ee430af32735b75db7f02b-le64.cache-3
7f394a7b7000-7f394a7ba000 r--s 00000000 08:05 391081                     /var/cache/fontconfig/d60319d88cac85ba9e1a07bd06cfbb8c-le64.cache-3
7f394a7ba000-7f394a7e8000 r--s 00000000 08:05 409148                     /var/cache/fontconfig/365b55f210c0a22e9a19e35191240f32-le64.cache-3
7f394a7e8000-7f394a7f8000 r--s 00000000 08:05 401856                     /var/cache/fontconfig/d52a8644073d54c13679302ca1180695-le64.cache-3
7f394a7f8000-7f394a800000 r--s 00000000 08:05 409104                     /var/cache/fontconfig/153bb866d4d26e7cd19eee2129f8d8d2-le64.cache-3
7f394a800000-7f394a80b000 r--s 00000000 08:05 415954                     /var/cache/fontconfig/e13b20fdb08344e0e664864cc2ede53d-le64.cache-3
7f394a80b000-7f394a80d000 r--s 00000000 08:06 1101681                    /home/jan/.fontconfig/fdd828a2a2357ac8b98d53d4cb73097a-le64.cache-3
7f394a80d000-7f394a814000 r--s 00000000 08:06 1101680                    /home/jan/.fontconfig/c58ff9086ba60478c195bf0f61b530df-le64.cache-3
7f394a814000-7f394a81e000 r--s 00000000 08:06 1101674                    /home/jan/.fontconfig/a0bf83b7801ad605140a17cf4b414547-le64.cache-3
7f394a81e000-7f394a824000 r--s 00000000 08:06 1101679                    /home/jan/.fontconfig/7d1d196625a4c3b5318df9a7bec9bc41-le64.cache-3
7f394a824000-7f394a826000 r--s 00000000 08:06 1101678                    /home/jan/.fontconfig/790146cae801f5c845d56d242e982308-le64.cache-3
7f394a826000-7f394a82b000 r--s 00000000 08:06 1101677                    /home/jan/.fontconfig/2c10c25a20897452413a494958b84a05-le64.cache-3
7f394a82b000-7f394a82d000 r--s 00000000 08:06 1101676                    /home/jan/.fontconfig/01b316c23635a1c7ad41860d9ab7ba59-le64.cache-3
7f394a82d000-7f394a82f000 r--s 00000000 08:06 1101675                    /home/jan/.fontconfig/e252e6067bf5dc9e40fb95b17b621584-le64.cache-3
7f394a82f000-7f394a83e000 r--s 00000000 08:06 1101673                    /home/jan/.fontconfig/51d0fb7e55acffd31d6a8c7c8c7f60fb-le64.cache-3
7f394a83e000-7f394a843000 r--s 00000000 08:06 1101672                    /home/jan/.fontconfig/6302c9f5be1e12898d22d23c35392af9-le64.cache-3
7f394a843000-7f394a845000 r--s 00000000 08:06 1101671                    /home/jan/.fontconfig/954bf4103e945093a32831c95ead4df7-le64.cache-3
7f394a845000-7f394a847000 r--s 00000000 08:06 1101670                    /home/jan/.fontconfig/6c2573209480b8f33065f885e21aa27e-le64.cache-3
7f394a847000-7f394a849000 r--s 00000000 08:06 1101669                    /home/jan/.fontconfig/2ce2f901d9e1b21e31b84cb10642e71d-le64.cache-3
7f394a849000-7f394a84c000 r--s 00000000 08:06 1101668                    /home/jan/.fontconfig/e1de9b0e4af91a7731cd98de6ce2d572-le64.cache-3
7f394a84c000-7f394a856000 r--s 00000000 08:06 1101667                    /home/jan/.fontconfig/2bcd93200fc0f5d4f6eeced75af2d533-le64.cache-3
7f394a856000-7f394a859000 r--s 00000000 08:06 1101666                    /home/jan/.fontconfig/8adc0da6e22e3e72a145efb7377d06bd-le64.cache-3
7f394a859000-7f394a86a000 r--s 00000000 08:06 1101665                    /home/jan/.fontconfig/edd89c71be7950017624cf56be471bae-le64.cache-3
7f394a86a000-7f394a876000 r--s 00000000 08:06 1101664                    /home/jan/.fontconfig/39d620b8dfbf4bd2ea5f64f511994d5f-le64.cache-3
7f394a877000-7f394a880000 r-xp 00000000 08:05 787710                     /usr/lib/x86_64-linux-gnu/libXcursor.so.1.0.2
7f394a880000-7f394aa7f000 ---p 00009000 08:05 787710                     /usr/lib/x86_64-linux-gnu/libXcursor.so.1.0.2
7f394aa7f000-7f394aa80000 r--p 00008000 08:05 787710                     /usr/lib/x86_64-linux-gnu/libXcursor.so.1.0.2
7f394aa80000-7f394aa81000 rw-p 00009000 08:05 787710                     /usr/lib/x86_64-linux-gnu/libXcursor.so.1.0.2
7f394aa82000-7f394aa8e000 r--s 00000000 08:06 1101662                    /home/jan/.fontconfig/eb6d1a21532c7d5178ca66d9443d4aef-le64.cache-3
7f394aa8e000-7f394aa92000 r--s 00000000 08:05 409147                     /var/cache/fontconfig/7ef2298fde41cc6eeb7af42e48b7d293-le64.cache-3
7f394aa92000-7f394aaa6000 r--s 00000000 08:05 415953                     /var/cache/fontconfig/865f88548240fee46819705c6468c165-le64.cache-3
7f394aaa6000-7f394aaad000 r--s 000fb000 08:05 831009                     /usr/lib/jvm/java-6-openjdk/jre/lib/resources.jar
7f394aaad000-7f394aab9000 r--s 00000000 08:06 1101662                    /home/jan/.fontconfig/eb6d1a21532c7d5178ca66d9443d4aef-le64.cache-3
7f394aab9000-7f394aabd000 r--s 00000000 08:05 409147                     /var/cache/fontconfig/7ef2298fde41cc6eeb7af42e48b7d293-le64.cache-3
7f394aabd000-7f394aad1000 r--s 00000000 08:05 415953                     /var/cache/fontconfig/865f88548240fee46819705c6468c165-le64.cache-3
7f394aad1000-7f394aad4000 ---p 00000000 00:00 0 
7f394aad4000-7f394abd2000 rw-p 00000000 00:00 0 
7f394abd2000-7f394ac64000 r-xp 00000000 08:05 785496                     /usr/lib/x86_64-linux-gnu/libfreetype.so.6.6.2
7f394ac64000-7f394ae63000 ---p 00092000 08:05 785496                     /usr/lib/x86_64-linux-gnu/libfreetype.so.6.6.2
7f394ae63000-7f394ae69000 r--p 00091000 08:05 785496                     /usr/lib/x86_64-linux-gnu/libfreetype.so.6.6.2
7f394ae69000-7f394ae6a000 rw-p 00097000 08:05 785496                     /usr/lib/x86_64-linux-gnu/libfreetype.so.6.6.2
7f394ae6a000-7f394aea3000 r-xp 00000000 08:05 831037                     /usr/lib/jvm/java-6-openjdk/jre/lib/amd64/libfontmanager.so
7f394aea3000-7f394b0a3000 ---p 00039000 08:05 831037                     /usr/lib/jvm/java-6-openjdk/jre/lib/amd64/libfontmanager.so
7f394b0a3000-7f394b0a5000 r--p 00039000 08:05 831037                     /usr/lib/jvm/java-6-openjdk/jre/lib/amd64/libfontmanager.so
7f394b0a5000-7f394b0a6000 rw-p 0003b000 08:05 831037                     /usr/lib/jvm/java-6-openjdk/jre/lib/amd64/libfontmanager.so
7f394b0a6000-7f394b0b5000 r-xp 00000000 08:05 786739                     /usr/lib/x86_64-linux-gnu/libXi.so.6.1.0
7f394b0b5000-7f394b2b4000 ---p 0000f000 08:05 786739                     /usr/lib/x86_64-linux-gnu/libXi.so.6.1.0
7f394b2b4000-7f394b2b5000 r--p 0000e000 08:05 786739                     /usr/lib/x86_64-linux-gnu/libXi.so.6.1.0
7f394b2b5000-7f394b2b6000 rw-p 0000f000 08:05 786739                     /usr/lib/x86_64-linux-gnu/libXi.so.6.1.0
7f394b2b6000-7f394b2bb000 r-xp 00000000 08:05 787919                     /usr/lib/libXtst.so.6.1.0
7f394b2bb000-7f394b4ba000 ---p 00005000 08:05 787919                     /usr/lib/libXtst.so.6.1.0
7f394b4ba000-7f394b4bb000 r--p 00004000 08:05 787919                     /usr/lib/libXtst.so.6.1.0
7f394b4bb000-7f394b4bc000 rw-p 00005000 08:05 787919                     /usr/lib/libXtst.so.6.1.0
7f394b4bc000-7f394b4c5000 r-xp 00000000 08:05 787047                     /usr/lib/x86_64-linux-gnu/libXrender.so.1.3.0
7f394b4c5000-7f394b6c5000 ---p 00009000 08:05 787047                     /usr/lib/x86_64-linux-gnu/libXrender.so.1.3.0
7f394b6c5000-7f394b6c6000 r--p 00009000 08:05 787047                     /usr/lib/x86_64-linux-gnu/libXrender.so.1.3.0
7f394b6c6000-7f394b6c7000 rw-p 0000a000 08:05 787047                     /usr/lib/x86_64-linux-gnu/libXrender.so.1.3.0
7f394b6c7000-7f394b712000 r-xp 00000000 08:05 787706                     /usr/lib/jvm/java-6-openjdk/jre/lib/amd64/xawt/libmawt.so
7f394b712000-7f394b912000 ---p 0004b000 08:05 787706                     /usr/lib/jvm/java-6-openjdk/jre/lib/amd64/xawt/libmawt.so
7f394b912000-7f394b913000 r--p 0004b000 08:05 787706                     /usr/lib/jvm/java-6-openjdk/jre/lib/amd64/xawt/libmawt.so
7f394b913000-7f394b916000 rw-p 0004c000 08:05 787706                     /usr/lib/jvm/java-6-openjdk/jre/lib/amd64/xawt/libmawt.so
7f394b916000-7f394b917000 rw-p 00000000 00:00 0 
7f394b917000-7f394b9c3000 r-xp 00000000 08:05 831046                     /usr/lib/jvm/java-6-openjdk/jre/lib/amd64/libawt.so
7f394b9c3000-7f394bbc2000 ---p 000ac000 08:05 831046                     /usr/lib/jvm/java-6-openjdk/jre/lib/amd64/libawt.so
7f394bbc2000-7f394bbc3000 r--p 000ab000 08:05 831046                     /usr/lib/jvm/java-6-openjdk/jre/lib/amd64/libawt.so
7f394bbc3000-7f394bbce000 rw-p 000ac000 08:05 831046                     /usr/lib/jvm/java-6-openjdk/jre/lib/amd64/libawt.so
7f394bbce000-7f394bbf3000 rw-p 00000000 00:00 0 
7f394bbf3000-7f394bbf8000 r-xp 00000000 08:05 787913                     /usr/lib/x86_64-linux-gnu/libXdmcp.so.6.0.0
7f394bbf8000-7f394bdf7000 ---p 00005000 08:05 787913                     /usr/lib/x86_64-linux-gnu/libXdmcp.so.6.0.0
7f394bdf7000-7f394bdf8000 r--p 00004000 08:05 787913                     /usr/lib/x86_64-linux-gnu/libXdmcp.so.6.0.0
7f394bdf8000-7f394bdf9000 rw-p 00005000 08:05 787913                     /usr/lib/x86_64-linux-gnu/libXdmcp.so.6.0.0
7f394bdf9000-7f394bdfb000 r-xp 00000000 08:05 787911                     /usr/lib/x86_64-linux-gnu/libXau.so.6.0.0
7f394bdfb000-7f394bffa000 ---p 00002000 08:05 787911                     /usr/lib/x86_64-linux-gnu/libXau.so.6.0.0
7f394bffa000-7f394bffb000 r--p 00001000 08:05 787911                     /usr/lib/x86_64-linux-gnu/libXau.so.6.0.0
7f394bffb000-7f394bffc000 rw-p 00002000 08:05 787911                     /usr/lib/x86_64-linux-gnu/libXau.so.6.0.0
7f394bffc000-7f394c00e000 r-xp 00000000 08:05 787917                     /usr/lib/x86_64-linux-gnu/libXext.so.6.4.0
7f394c00e000-7f394c20d000 ---p 00012000 08:05 787917                     /usr/lib/x86_64-linux-gnu/libXext.so.6.4.0
7f394c20d000-7f394c20e000 r--p 00011000 08:05 787917                     /usr/lib/x86_64-linux-gnu/libXext.so.6.4.0
7f394c20e000-7f394c20f000 rw-p 00012000 08:05 787917                     /usr/lib/x86_64-linux-gnu/libXext.so.6.4.0
7f394c20f000-7f394c22a000 r-xp 00000000 08:05 787915                     /usr/lib/x86_64-linux-gnu/libxcb.so.1.1.0
7f394c22a000-7f394c429000 ---p 0001b000 08:05 787915                     /usr/lib/x86_64-linux-gnu/libxcb.so.1.1.0
7f394c429000-7f394c42a000 r--p 0001a000 08:05 787915                     /usr/lib/x86_64-linux-gnu/libxcb.so.1.1.0
7f394c42a000-7f394c42b000 rw-p 0001b000 08:05 787915                     /usr/lib/x86_64-linux-gnu/libxcb.so.1.1.0
7f394c42b000-7f394c42d000 r-xp 00000000 08:05 788461                     /usr/lib/x86_64-linux-gnu/libXinerama.so.1.0.0
7f394c42d000-7f394c62c000 ---p 00002000 08:05 788461                     /usr/lib/x86_64-linux-gnu/libXinerama.so.1.0.0
7f394c62c000-7f394c62d000 r--p 00001000 08:05 788461                     /usr/lib/x86_64-linux-gnu/libXinerama.so.1.0.0
7f394c62d000-7f394c62e000 rw-p 00002000 08:05 788461                     /usr/lib/x86_64-linux-gnu/libXinerama.so.1.0.0
7f394c62e000-7f394c633000 r-xp 00000000 08:05 788230                     /usr/lib/x86_64-linux-gnu/libXxf86vm.so.1.0.0
7f394c633000-7f394c832000 ---p 00005000 08:05 788230                     /usr/lib/x86_64-linux-gnu/libXxf86vm.so.1.0.0
7f394c832000-7f394c833000 r--p 00004000 08:05 788230                     /usr/lib/x86_64-linux-gnu/libXxf86vm.so.1.0.0
7f394c833000-7f394c834000 rw-p 00005000 08:05 788230                     /usr/lib/x86_64-linux-gnu/libXxf86vm.so.1.0.0
7f394c834000-7f394c967000 r-xp 00000000 08:05 785324                     /usr/lib/x86_64-linux-gnu/libX11.so.6.3.0
7f394c967000-7f394cb67000 ---p 00133000 08:05 785324                     /usr/lib/x86_64-linux-gnu/libX11.so.6.3.0
7f394cb67000-7f394cb68000 r--p 00133000 08:05 785324                     /usr/lib/x86_64-linux-gnu/libX11.so.6.3.0
7f394cb68000-7f394cb6c000 rw-p 00134000 08:05 785324                     /usr/lib/x86_64-linux-gnu/libX11.so.6.3.0
7f394cb6d000-7f394cb79000 r--s 00000000 08:06 1101662                    /home/jan/.fontconfig/eb6d1a21532c7d5178ca66d9443d4aef-le64.cache-3
7f394cb79000-7f394cb7d000 r--s 00000000 08:05 409147                     /var/cache/fontconfig/7ef2298fde41cc6eeb7af42e48b7d293-le64.cache-3
7f394cb7d000-7f394cb91000 r--s 00000000 08:05 415953                     /var/cache/fontconfig/865f88548240fee46819705c6468c165-le64.cache-3
7f394cb91000-7f394cb96000 r-xp 00000000 08:06 267447                     /home/jan/development/projects/YogularmInfinite/desktop/lib/jogl/linux-amd64/libnativewindow_x11.so
7f394cb96000-7f394cd95000 ---p 00005000 08:06 267447                     /home/jan/development/projects/YogularmInfinite/desktop/lib/jogl/linux-amd64/libnativewindow_x11.so
7f394cd95000-7f394cd96000 r--p 00004000 08:06 267447                     /home/jan/development/projects/YogularmInfinite/desktop/lib/jogl/linux-amd64/libnativewindow_x11.so
7f394cd96000-7f394cd97000 rw-p 00005000 08:06 267447                     /home/jan/development/projects/YogularmInfinite/desktop/lib/jogl/linux-amd64/libnativewindow_x11.so
7f394cd97000-7f394cd98000 r-xp 00000000 08:06 267442                     /home/jan/development/projects/YogularmInfinite/desktop/lib/jogl/linux-amd64/libgluegen-rt.so
7f394cd98000-7f394cf98000 ---p 00001000 08:06 267442                     /home/jan/development/projects/YogularmInfinite/desktop/lib/jogl/linux-amd64/libgluegen-rt.so
7f394cf98000-7f394cf99000 r--p 00001000 08:06 267442                     /home/jan/development/projects/YogularmInfinite/desktop/lib/jogl/linux-amd64/libgluegen-rt.so
7f394cf99000-7f394cf9a000 rw-p 00002000 08:06 267442                     /home/jan/development/projects/YogularmInfinite/desktop/lib/jogl/linux-amd64/libgluegen-rt.so
7f394cf9a000-7f394cf9d000 r--s 00018000 08:06 267422                     /home/jan/development/projects/YogularmInfinite/desktop/lib/jogl/jar/gluegen-rt.jar
7f394cf9d000-7f394cfa1000 r--s 00028000 08:06 267440                     /home/jan/development/projects/YogularmInfinite/desktop/lib/jogl/jar/newt.all.jar
7f394cfa1000-7f394cfa5000 r--s 0001c000 08:06 267434                     /home/jan/development/projects/YogularmInfinite/desktop/lib/jogl/jar/nativewindow.all.jar
7f394cfa5000-7f394cfa6000 ---p 00000000 00:00 0 
7f394cfa6000-7f394d0a6000 rw-p 00000000 00:00 0 
7f394d0a6000-7f394d0a9000 ---p 00000000 00:00 0 
7f394d0a9000-7f394d1a7000 rw-p 00000000 00:00 0 
7f394d1a7000-7f394d1aa000 ---p 00000000 00:00 0 
7f394d1aa000-7f394d2a8000 rw-p 00000000 00:00 0 
7f394d2a8000-7f394d2ab000 ---p 00000000 00:00 0 
7f394d2ab000-7f394d3a9000 rw-p 00000000 00:00 0 
7f394d3a9000-7f394d3ac000 ---p 00000000 00:00 0 
7f394d3ac000-7f394d4aa000 rw-p 00000000 00:00 0 
7f394d4aa000-7f394d4ad000 ---p 00000000 00:00 0 
7f394d4ad000-7f394d5ab000 rw-p 00000000 00:00 0 
7f394d5ab000-7f394d5ae000 ---p 00000000 00:00 0 
7f394d5ae000-7f394d6ac000 rw-p 00000000 00:00 0 
7f394d6ac000-7f394d6b0000 r-xp 00000000 08:05 831018                     /usr/lib/jvm/java-6-openjdk/jre/lib/amd64/libdt_socket.so
7f394d6b0000-7f394d8af000 ---p 00004000 08:05 831018                     /usr/lib/jvm/java-6-openjdk/jre/lib/amd64/libdt_socket.so
7f394d8af000-7f394d8b0000 r--p 00003000 08:05 831018                     /usr/lib/jvm/java-6-openjdk/jre/lib/amd64/libdt_socket.so
7f394d8b0000-7f394d8b1000 rw-p 00004000 08:05 831018                     /usr/lib/jvm/java-6-openjdk/jre/lib/amd64/libdt_socket.so
7f394d8b1000-7f394d8b4000 ---p 00000000 00:00 0 
7f394d8b4000-7f394d9b2000 rw-p 00000000 00:00 0 
7f394d9b2000-7f394d9b5000 ---p 00000000 00:00 0 
7f394d9b5000-7f394dab3000 rw-p 00000000 00:00 0 
7f394dab3000-7f394dab6000 ---p 00000000 00:00 0 
7f394dab6000-7f394dbb4000 rw-p 00000000 00:00 0 
7f394dbb4000-7f394dbb5000 ---p 00000000 00:00 0 
7f394dbb5000-7f394dfeb000 rw-p 00000000 00:00 0 
7f394dfeb000-7f394e17b000 r--s 037ba000 08:05 831054                     /usr/lib/jvm/java-6-openjdk/jre/lib/rt.jar
7f394e17b000-7f394e1a3000 rw-p 00000000 00:00 0 
7f394e1a3000-7f394e1a4000 ---p 00000000 00:00 0 
7f394e1a4000-7f394e2a4000 rw-p 00000000 00:00 0 
7f394e2a4000-7f394e2a5000 ---p 00000000 00:00 0 
7f394e2a5000-7f394e3b2000 rw-p 00000000 00:00 0 
7f394e3b2000-7f394e3f8000 rw-p 00000000 00:00 0 
7f394e3f8000-7f394e418000 rw-p 00000000 00:00 0 
7f394e418000-7f394e5eb000 rw-p 00000000 00:00 0 
7f394e5eb000-7f394e5f8000 rw-p 00000000 00:00 0 
7f394e5f8000-7f394e63e000 rw-p 00000000 00:00 0 
7f394e63e000-7f394e65e000 rw-p 00000000 00:00 0 
7f394e65e000-7f394e830000 rw-p 00000000 00:00 0 
7f394e830000-7f394e84d000 rw-p 00000000 00:00 0 
7f394e84d000-7f394e84f000 ---p 00000000 00:00 0 
7f394e84f000-7f394e92a000 rw-p 00000000 00:00 0 
7f394e92a000-7f394e92b000 rw-p 00000000 00:00 0 
7f394e92b000-7f394eb9b000 rwxp 00000000 00:00 0 
7f394eb9b000-7f395192b000 rw-p 00000000 00:00 0 
7f395192b000-7f3951932000 r-xp 00000000 08:05 831041                     /usr/lib/jvm/java-6-openjdk/jre/lib/amd64/libzip.so
7f3951932000-7f3951b31000 ---p 00007000 08:05 831041                     /usr/lib/jvm/java-6-openjdk/jre/lib/amd64/libzip.so
7f3951b31000-7f3951b32000 r--p 00006000 08:05 831041                     /usr/lib/jvm/java-6-openjdk/jre/lib/amd64/libzip.so
7f3951b32000-7f3951b33000 rw-p 00007000 08:05 831041                     /usr/lib/jvm/java-6-openjdk/jre/lib/amd64/libzip.so
7f3951b33000-7f3951b3f000 r-xp 00000000 08:05 651983                     /lib/x86_64-linux-gnu/libnss_files-2.13.so
7f3951b3f000-7f3951d3e000 ---p 0000c000 08:05 651983                     /lib/x86_64-linux-gnu/libnss_files-2.13.so
7f3951d3e000-7f3951d3f000 r--p 0000b000 08:05 651983                     /lib/x86_64-linux-gnu/libnss_files-2.13.so
7f3951d3f000-7f3951d40000 rw-p 0000c000 08:05 651983                     /lib/x86_64-linux-gnu/libnss_files-2.13.so
7f3951d40000-7f3951d4a000 r-xp 00000000 08:05 651985                     /lib/x86_64-linux-gnu/libnss_nis-2.13.so
7f3951d4a000-7f3951f4a000 ---p 0000a000 08:05 651985                     /lib/x86_64-linux-gnu/libnss_nis-2.13.so
7f3951f4a000-7f3951f4b000 r--p 0000a000 08:05 651985                     /lib/x86_64-linux-gnu/libnss_nis-2.13.so
7f3951f4b000-7f3951f4c000 rw-p 0000b000 08:05 651985                     /lib/x86_64-linux-gnu/libnss_nis-2.13.so
7f3951f4c000-7f3951f63000 r-xp 00000000 08:05 651980                     /lib/x86_64-linux-gnu/libnsl-2.13.so
7f3951f63000-7f3952162000 ---p 00017000 08:05 651980                     /lib/x86_64-linux-gnu/libnsl-2.13.so
7f3952162000-7f3952163000 r--p 00016000 08:05 651980                     /lib/x86_64-linux-gnu/libnsl-2.13.so
7f3952163000-7f3952164000 rw-p 00017000 08:05 651980                     /lib/x86_64-linux-gnu/libnsl-2.13.so
7f3952164000-7f3952166000 rw-p 00000000 00:00 0 
7f3952166000-7f395216e000 r-xp 00000000 08:05 651981                     /lib/x86_64-linux-gnu/libnss_compat-2.13.so
7f395216e000-7f395236d000 ---p 00008000 08:05 651981                     /lib/x86_64-linux-gnu/libnss_compat-2.13.so
7f395236d000-7f395236e000 r--p 00007000 08:05 651981                     /lib/x86_64-linux-gnu/libnss_compat-2.13.so
7f395236e000-7f395236f000 rw-p 00008000 08:05 651981                     /lib/x86_64-linux-gnu/libnss_compat-2.13.so
7f395236f000-7f3952a18000 r--p 00000000 08:05 790710                     /usr/lib/locale/locale-archive
7f3952a18000-7f3952a1b000 r-xp 00000000 08:05 831033                     /usr/lib/jvm/java-6-openjdk/jre/lib/amd64/libnpt.so
7f3952a1b000-7f3952c1a000 ---p 00003000 08:05 831033                     /usr/lib/jvm/java-6-openjdk/jre/lib/amd64/libnpt.so
7f3952c1a000-7f3952c1b000 r--p 00002000 08:05 831033                     /usr/lib/jvm/java-6-openjdk/jre/lib/amd64/libnpt.so
7f3952c1b000-7f3952c1c000 rw-p 00003000 08:05 831033                     /usr/lib/jvm/java-6-openjdk/jre/lib/amd64/libnpt.so
7f3952c1c000-7f3952c56000 r-xp 00000000 08:05 831032                     /usr/lib/jvm/java-6-openjdk/jre/lib/amd64/libjdwp.so
7f3952c56000-7f3952e55000 ---p 0003a000 08:05 831032                     /usr/lib/jvm/java-6-openjdk/jre/lib/amd64/libjdwp.so
7f3952e55000-7f3952e56000 r--p 00039000 08:05 831032                     /usr/lib/jvm/java-6-openjdk/jre/lib/amd64/libjdwp.so
7f3952e56000-7f3952e57000 rw-p 0003a000 08:05 831032                     /usr/lib/jvm/java-6-openjdk/jre/lib/amd64/libjdwp.so
7f3952e57000-7f3952e83000 r-xp 00000000 08:05 831040                     /usr/lib/jvm/java-6-openjdk/jre/lib/amd64/libjava.so
7f3952e83000-7f3953082000 ---p 0002c000 08:05 831040                     /usr/lib/jvm/java-6-openjdk/jre/lib/amd64/libjava.so
7f3953082000-7f3953083000 r--p 0002b000 08:05 831040                     /usr/lib/jvm/java-6-openjdk/jre/lib/amd64/libjava.so
7f3953083000-7f3953086000 rw-p 0002c000 08:05 831040                     /usr/lib/jvm/java-6-openjdk/jre/lib/amd64/libjava.so
7f3953086000-7f3953094000 r-xp 00000000 08:05 831026                     /usr/lib/jvm/java-6-openjdk/jre/lib/amd64/libverify.so
7f3953094000-7f3953293000 ---p 0000e000 08:05 831026                     /usr/lib/jvm/java-6-openjdk/jre/lib/amd64/libverify.so
7f3953293000-7f3953295000 r--p 0000d000 08:05 831026                     /usr/lib/jvm/java-6-openjdk/jre/lib/amd64/libverify.so
7f3953295000-7f3953296000 rw-p 0000f000 08:05 831026                     /usr/lib/jvm/java-6-openjdk/jre/lib/amd64/libverify.so
7f3953296000-7f395329d000 r-xp 00000000 08:05 651990                     /lib/x86_64-linux-gnu/librt-2.13.so
7f395329d000-7f395349c000 ---p 00007000 08:05 651990                     /lib/x86_64-linux-gnu/librt-2.13.so
7f395349c000-7f395349d000 r--p 00006000 08:05 651990                     /lib/x86_64-linux-gnu/librt-2.13.so
7f395349d000-7f395349e000 rw-p 00007000 08:05 651990                     /lib/x86_64-linux-gnu/librt-2.13.so
7f395349e000-7f39534b3000 r-xp 00000000 08:05 655924                     /lib/x86_64-linux-gnu/libgcc_s.so.1
7f39534b3000-7f39536b2000 ---p 00015000 08:05 655924                     /lib/x86_64-linux-gnu/libgcc_s.so.1
7f39536b2000-7f39536b3000 r--p 00014000 08:05 655924                     /lib/x86_64-linux-gnu/libgcc_s.so.1
7f39536b3000-7f39536b4000 rw-p 00015000 08:05 655924                     /lib/x86_64-linux-gnu/libgcc_s.so.1
7f39536b4000-7f3953737000 r-xp 00000000 08:05 651978                     /lib/x86_64-linux-gnu/libm-2.13.so
7f3953737000-7f3953936000 ---p 00083000 08:05 651978                     /lib/x86_64-linux-gnu/libm-2.13.so
7f3953936000-7f3953937000 r--p 00082000 08:05 651978                     /lib/x86_64-linux-gnu/libm-2.13.so
7f3953937000-7f3953938000 rw-p 00083000 08:05 651978                     /lib/x86_64-linux-gnu/libm-2.13.so
7f3953938000-7f3953a20000 r-xp 00000000 08:05 784919                     /usr/lib/x86_64-linux-gnu/libstdc++.so.6.0.16
7f3953a20000-7f3953c20000 ---p 000e8000 08:05 784919                     /usr/lib/x86_64-linux-gnu/libstdc++.so.6.0.16
7f3953c20000-7f3953c28000 r--p 000e8000 08:05 784919                     /usr/lib/x86_64-linux-gnu/libstdc++.so.6.0.16
7f3953c28000-7f3953c2a000 rw-p 000f0000 08:05 784919                     /usr/lib/x86_64-linux-gnu/libstdc++.so.6.0.16
7f3953c2a000-7f3953c3f000 rw-p 00000000 00:00 0 
7f3953c3f000-7f3954542000 r-xp 00000000 08:05 831043                     /usr/lib/jvm/java-6-openjdk/jre/lib/amd64/server/libjvm.so
7f3954542000-7f3954741000 ---p 00903000 08:05 831043                     /usr/lib/jvm/java-6-openjdk/jre/lib/amd64/server/libjvm.so
7f3954741000-7f39547c2000 r--p 00902000 08:05 831043                     /usr/lib/jvm/java-6-openjdk/jre/lib/amd64/server/libjvm.so
7f39547c2000-7f39547dd000 rw-p 00983000 08:05 831043                     /usr/lib/jvm/java-6-openjdk/jre/lib/amd64/server/libjvm.so
7f39547dd000-7f3954806000 rw-p 00000000 00:00 0 
7f3954806000-7f395481d000 r-xp 00000000 08:05 656017                     /lib/x86_64-linux-gnu/libz.so.1.2.3.4
7f395481d000-7f3954a1c000 ---p 00017000 08:05 656017                     /lib/x86_64-linux-gnu/libz.so.1.2.3.4
7f3954a1c000-7f3954a1d000 r--p 00016000 08:05 656017                     /lib/x86_64-linux-gnu/libz.so.1.2.3.4
7f3954a1d000-7f3954a1e000 rw-p 00017000 08:05 656017                     /lib/x86_64-linux-gnu/libz.so.1.2.3.4
7f3954a1e000-7f3954bb5000 r-xp 00000000 08:05 651974                     /lib/x86_64-linux-gnu/libc-2.13.so
7f3954bb5000-7f3954db4000 ---p 00197000 08:05 651974                     /lib/x86_64-linux-gnu/libc-2.13.so
7f3954db4000-7f3954db8000 r--p 00196000 08:05 651974                     /lib/x86_64-linux-gnu/libc-2.13.so
7f3954db8000-7f3954db9000 rw-p 0019a000 08:05 651974                     /lib/x86_64-linux-gnu/libc-2.13.so
7f3954db9000-7f3954dbf000 rw-p 00000000 00:00 0 
7f3954dbf000-7f3954dc1000 r-xp 00000000 08:05 651977                     /lib/x86_64-linux-gnu/libdl-2.13.so
7f3954dc1000-7f3954fc1000 ---p 00002000 08:05 651977                     /lib/x86_64-linux-gnu/libdl-2.13.so
7f3954fc1000-7f3954fc2000 r--p 00002000 08:05 651977                     /lib/x86_64-linux-gnu/libdl-2.13.so
7f3954fc2000-7f3954fc3000 rw-p 00003000 08:05 651977                     /lib/x86_64-linux-gnu/libdl-2.13.so
7f3954fc3000-7f3954fc7000 r-xp 00000000 08:05 831024                     /usr/lib/jvm/java-6-openjdk/jre/lib/amd64/jli/libjli.so
7f3954fc7000-7f39551c6000 ---p 00004000 08:05 831024                     /usr/lib/jvm/java-6-openjdk/jre/lib/amd64/jli/libjli.so
7f39551c6000-7f39551c7000 r--p 00003000 08:05 831024                     /usr/lib/jvm/java-6-openjdk/jre/lib/amd64/jli/libjli.so
7f39551c7000-7f39551c8000 rw-p 00004000 08:05 831024                     /usr/lib/jvm/java-6-openjdk/jre/lib/amd64/jli/libjli.so
7f39551c8000-7f39551e0000 r-xp 00000000 08:05 651988                     /lib/x86_64-linux-gnu/libpthread-2.13.so
7f39551e0000-7f39553df000 ---p 00018000 08:05 651988                     /lib/x86_64-linux-gnu/libpthread-2.13.so
7f39553df000-7f39553e0000 r--p 00017000 08:05 651988                     /lib/x86_64-linux-gnu/libpthread-2.13.so
7f39553e0000-7f39553e1000 rw-p 00018000 08:05 651988                     /lib/x86_64-linux-gnu/libpthread-2.13.so
7f39553e1000-7f39553e5000 rw-p 00000000 00:00 0 
7f39553e5000-7f3955406000 r-xp 00000000 08:05 651969                     /lib/x86_64-linux-gnu/ld-2.13.so
7f3955406000-7f3955407000 rw-s fd060000 00:05 8138                       /dev/nvidia0
7f3955407000-7f3955408000 r--p 00000000 00:00 0 
7f3955408000-7f395540b000 r--s 0007d000 08:05 831005                     /usr/lib/jvm/java-6-openjdk/jre/lib/jsse.jar
7f395540b000-7f3955418000 r--s 00242000 08:06 267428                     /home/jan/development/projects/YogularmInfinite/desktop/lib/jogl/jar/jogl.all.jar
7f3955418000-7f3955422000 rw-p 00000000 00:00 0 
7f3955422000-7f39554d8000 rw-p 00000000 00:00 0 
7f39554d8000-7f39554db000 ---p 00000000 00:00 0 
7f39554db000-7f39555de000 rw-p 00000000 00:00 0 
7f39555de000-7f39555df000 r--s 00000000 08:05 396779                     /var/cache/fontconfig/4794a0821666d79190d59a36cb4f44b5-le64.cache-3
7f39555df000-7f39555e0000 r--s 00000000 08:05 396779                     /var/cache/fontconfig/4794a0821666d79190d59a36cb4f44b5-le64.cache-3
7f39555e0000-7f39555e4000 r--s 00028000 08:06 917705                     /home/jan/development/projects/YogularmInfinite/common/lib/gson/gson-2.1.jar
7f39555e4000-7f39555e6000 r--s 00007000 08:05 931157                     /usr/share/java/hamcrest-core-1.1.jar
7f39555e6000-7f39555e8000 r--s 00007000 08:05 931157                     /usr/share/java/hamcrest-core-1.1.jar
7f39555e8000-7f39555ef000 r--s 00030000 08:05 931165                     /usr/share/java/junit4-4.8.2.jar
7f39555ef000-7f39555f1000 r--s 0000f000 08:05 830994                     /usr/lib/jvm/java-6-openjdk/jre/lib/ext/pulse-java.jar
7f39555f1000-7f39555f9000 r--s 00066000 08:05 930814                     /usr/share/java/gnome-java-bridge.jar
7f39555f9000-7f3955601000 rw-s 00000000 08:05 669172                     /tmp/hsperfdata_jan/23207
7f3955601000-7f3955602000 rw-p 00000000 00:00 0 
7f3955602000-7f3955603000 r--p 00000000 00:00 0 
7f3955603000-7f3955605000 rw-p 00000000 00:00 0 
7f3955605000-7f3955606000 r--p 00020000 08:05 651969                     /lib/x86_64-linux-gnu/ld-2.13.so
7f3955606000-7f3955608000 rw-p 00021000 08:05 651969                     /lib/x86_64-linux-gnu/ld-2.13.so
7fffc5a6d000-7fffc5a8e000 rw-p 00000000 00:00 0                          [stack]
7fffc5b1c000-7fffc5b1d000 r-xp 00000000 00:00 0                          [vdso]
ffffffffff600000-ffffffffff601000 r-xp 00000000 00:00 0                  [vsyscall]

VM Arguments:
jvm_args: -agentlib:jdwp=transport=dt_socket,suspend=y,address=localhost:45562 -Djava.library.path=/home/jan/development/projects/YogularmInfinite/desktop/lib/jogl/windows-amd64:/home/jan/development/projects/YogularmInfinite/desktop/lib/jogl/linux-amd64 -Dfile.encoding=UTF-8 
java_command: de.yogularm.desktop.SwingLauncher
Launcher Type: SUN_STANDARD

Environment Variables:
JAVA_HOME=/usr/lib/jvm/java-6-openjdk
CLASSPATH=.:/usr/lib/jvm/java-6-openjdk/bin:/usr/share/tomcat7/lib/servlet-api.jar:/usr/share/tomcat7/lib/tomcat-coyote.jar:/usr/share/tomcat7/lib/tomcat-util.jar:/usr/share/tomcat7/bin/tomcat-juli.jar
PATH=/usr/local/sbin:/usr/local/bin:/usr/sbin:/usr/bin:/sbin:/bin:/usr/games
LD_LIBRARY_PATH=/usr/lib/jvm/java-6-openjdk/jre/lib/amd64/server:/usr/lib/jvm/java-6-openjdk/jre/lib/amd64:/usr/lib/jvm/java-6-openjdk/jre/../lib/amd64
SHELL=/bin/bash
DISPLAY=:0

Signal Handlers:
SIGSEGV: [libjvm.so+0x783e60], sa_mask[0]=0x7ffbfeff, sa_flags=0x10000004
SIGBUS: [libjvm.so+0x783e60], sa_mask[0]=0x7ffbfeff, sa_flags=0x10000004
SIGFPE: [libjvm.so+0x6485c0], sa_mask[0]=0x7ffbfeff, sa_flags=0x10000004
SIGPIPE: [libjvm.so+0x6485c0], sa_mask[0]=0x7ffbfeff, sa_flags=0x10000004
SIGXFSZ: [libjvm.so+0x6485c0], sa_mask[0]=0x7ffbfeff, sa_flags=0x10000004
SIGILL: [libjvm.so+0x6485c0], sa_mask[0]=0x7ffbfeff, sa_flags=0x10000004
SIGUSR1: SIG_DFL, sa_mask[0]=0x00000000, sa_flags=0x00000000
SIGUSR2: [libjvm.so+0x648770], sa_mask[0]=0x00000004, sa_flags=0x10000004
SIGHUP: [libjvm.so+0x64b280], sa_mask[0]=0x7ffbfeff, sa_flags=0x10000004
SIGINT: [libjvm.so+0x64b280], sa_mask[0]=0x7ffbfeff, sa_flags=0x10000004
SIGTERM: [libjvm.so+0x64b280], sa_mask[0]=0x7ffbfeff, sa_flags=0x10000004
SIGQUIT: [libjvm.so+0x64b280], sa_mask[0]=0x7ffbfeff, sa_flags=0x10000004


---------------  S Y S T E M  ---------------

OS:Ubuntu 11.10 (oneiric)
uname:Linux 3.0.0-17-generic #30-Ubuntu SMP Thu Mar 8 20:45:39 UTC 2012 x86_64
libc:glibc 2.13 NPTL 2.13 
rlimit: STACK 8192k, CORE 0k, NPROC 47157, NOFILE 4096, AS infinity
load average:0.27 0.27 0.25

/proc/meminfo:
MemTotal:        6125608 kB
MemFree:          397792 kB
Buffers:         1277396 kB
Cached:          1436632 kB
SwapCached:            0 kB
Active:          3592144 kB
Inactive:        1600212 kB
Active(anon):    2479096 kB
Inactive(anon):    49484 kB
Active(file):    1113048 kB
Inactive(file):  1550728 kB
Unevictable:           0 kB
Mlocked:               0 kB
SwapTotal:       8396796 kB
SwapFree:        8396796 kB
Dirty:               872 kB
Writeback:             0 kB
AnonPages:       2478444 kB
Mapped:           286508 kB
Shmem:             50260 kB
Slab:             355252 kB
SReclaimable:     218304 kB
SUnreclaim:       136948 kB
KernelStack:        4400 kB
PageTables:        39784 kB
NFS_Unstable:          0 kB
Bounce:                0 kB
WritebackTmp:          0 kB
CommitLimit:    11459600 kB
Committed_AS:    5125320 kB
VmallocTotal:   34359738367 kB
VmallocUsed:      341552 kB
VmallocChunk:   34359393780 kB
HardwareCorrupted:     0 kB
AnonHugePages:         0 kB
HugePages_Total:       0
HugePages_Free:        0
HugePages_Rsvd:        0
HugePages_Surp:        0
Hugepagesize:       2048 kB
DirectMap4k:      147200 kB
DirectMap2M:     6144000 kB


CPU:total 2 (2 cores per cpu, 1 threads per core) family 15 model 107 stepping 2, cmov, cx8, fxsr, mmx, sse, sse2, sse3, mmxext, 3dnow, 3dnowext

Memory: 4k page, physical 6125608k(397792k free), swap 8396796k(8396796k free)

vm_info: OpenJDK 64-Bit Server VM (20.0-b11) for linux-amd64 JRE (1.6.0_23-b23), built on Feb 23 2012 05:39:46 by "buildd" with gcc 4.6.1

time: Mon Apr  2 02:00:14 2012
elapsed time: 74 seconds

