#
# A fatal error has been detected by the Java Runtime Environment:
#
#  SIGSEGV (0xb) at pc=0x00007f58ceb51aa7, pid=17556, tid=140019497744128
#
# JRE version: 6.0_23-b23
# Java VM: OpenJDK 64-Bit Server VM (20.0-b11 mixed mode linux-amd64 compressed oops)
# Derivative: IcedTea6 1.11pre
# Distribution: Ubuntu 11.10, package 6b23~pre11-0ubuntu1.11.10.2
# Problematic frame:
# C  [libnvidia-glcore.so.280.13+0x1041aa7]  _nv013glcore+0x54b57
#
# If you would like to submit a bug report, please include
# instructions how to reproduce the bug and visit:
#   https://bugs.launchpad.net/ubuntu/+source/openjdk-6/
# The crash happened outside the Java Virtual Machine in native code.
# See problematic frame for where to report the bug.
#

---------------  T H R E A D  ---------------

Current thread (0x00007f58d01d5000):  JavaThread "AWT-EventQueue-0" [_thread_in_native, id=17592, stack(0x00007f58d45cb000,0x00007f58d46cc000)]

siginfo:si_signo=SIGSEGV: si_errno=0, si_code=1 (SEGV_MAPERR), si_addr=0x00000000400d3488

Registers:
RAX=0x00007f58d46c9da7, RBX=0x0000000000000002, RCX=0x00007f58d0363b68, RDX=0x00000000020e78b0
RSP=0x00007f58d46c9d10, RBP=0x00000000020e78b0, RSI=0x00007f58d03f2e40, RDI=0x000000004005d000
R8 =0x00007f58d0363b68, R9 =0x0000000000000002, R10=0x00007f58d8eadb58, R11=0x0000000000000202
R12=0x00007f58d0363b68, R13=0x00000000020e78b0, R14=0x000000004005d000, R15=0x00007f58d0363b68
RIP=0x00007f58ceb51aa7, EFLAGS=0x0000000000010206, CSGSFS=0x0000000000000033, ERR=0x0000000000000004
  TRAPNO=0x000000000000000e

Top of Stack: (sp=0x00007f58d46c9d10)
0x00007f58d46c9d10:   00000000a415ce68 00007f58d03f2e40
0x00007f58d46c9d20:   00000000e1360690 0000000000000002
0x00007f58d46c9d30:   00000000020e78b0 000000004005d000
0x00007f58d46c9d40:   00007f58cf9430a0 00007f58d0363b68
0x00007f58d46c9d50:   00007f58cf905b80 00007f58ceb51f08
0x00007f58d46c9d60:   00007f58d46c9da6 00007f58d46c9da7
0x00007f58d46c9d70:   00007f58d46c9dc0 00007f58cf905b80
0x00007f58d46c9d80:   00007f58cf9430a0 00007f58d03f2e40
0x00007f58d46c9d90:   00007f58d0363b68 3f8c2695fae75ca3
0x00007f58d46c9da0:   0001ff39bfefff39 000000004005d000
0x00007f58d46c9db0:   00007f58d46c9eb0 00007f58d0363b68
0x00007f58d46c9dc0:   000000004005d000 00000000400d06f0
0x00007f58d46c9dd0:   00000000400d0798 00007f58ceaff7d3
0x00007f58d46c9de0:   00007f58d0363b68 000000004005d000
0x00007f58d46c9df0:   00007f58d46c9eb0 00007f58d0363b68
0x00007f58d46c9e00:   0000000000004000 00000000400d06f0
0x00007f58d46c9e10:   00000000400d0798 00007f58ce8eb734
0x00007f58d46c9e20:   000000009852a600 00007f5800000000
0x00007f58d46c9e30:   00000000e0d65058 00007f58d8f58e7c
0x00007f58d46c9e40:   bf8c265be0000000 00000000a300d170
0x00007f58d46c9e50:   00007f58d46c9eb0 0000000000000000
0x00007f58d46c9e60:   00000000e0d64ea0 00007f58d46c9e20
0x00007f58d46c9e70:   00007f58d01d5000 00007f58cd8ba8df
0x00007f58d46c9e80:   00007f58cffb6380 000040003f4ccccd
0x00007f58d46c9e90:   00007f58d46c9ec0 00007f58d01d51d0
0x00007f58d46c9ea0:   00000000a2828648 00007f58cffb6380
0x00007f58d46c9eb0:   00007f58d46c9f00 00007f58d8eadbca
0x00007f58d46c9ec0:   00000000a300d318 00007f58dd5fb07b
0x00007f58d46c9ed0:   00000000a300d170 00007f58d46c9f00
0x00007f58d46c9ee0:   0000000000000000 00007f58de5e9d92
0x00007f58d46c9ef0:   0000000000006519 000000001244d963
0x00007f58d46c9f00:   00007f58cffb6380 00007f58d8eb614c 

Instructions: (pc=0x00007f58ceb51aa7)
0x00007f58ceb51a87:   48 48 8b 44 24 58 48 85 ff 48 89 74 24 08 49 89
0x00007f58ceb51a97:   fe 49 89 cc 4d 89 c7 c6 00 00 0f 84 d9 02 00 00
0x00007f58ceb51aa7:   44 3b 8f 88 64 07 00 48 8b 82 20 01 04 00 8b a8
0x00007f58ceb51ab7:   f8 05 00 00 0f 84 b7 00 00 00 41 ff 96 f8 85 03 

Register to memory mapping:

RAX=0x00007f58d46c9da7 is pointing into the stack for thread: 0x00007f58d01d5000
RBX=0x0000000000000002 is an unknown value
RCX=0x00007f58d0363b68 is an unknown value
RDX=0x00000000020e78b0 is an unknown value
RSP=0x00007f58d46c9d10 is pointing into the stack for thread: 0x00007f58d01d5000
RBP=0x00000000020e78b0 is an unknown value
RSI=0x00007f58d03f2e40 is an unknown value
RDI=0x000000004005d000 is an unknown value
R8 =0x00007f58d0363b68 is an unknown value
R9 =0x0000000000000002 is an unknown value
R10=0x00007f58d8ead990 [CodeBlob (0x00007f58d8ead990)]
Framesize: 10
R11=0x0000000000000202 is an unknown value
R12=0x00007f58d0363b68 is an unknown value
R13=0x00000000020e78b0 is an unknown value
R14=0x000000004005d000 is an unknown value
R15=0x00007f58d0363b68 is an unknown value


Stack: [0x00007f58d45cb000,0x00007f58d46cc000],  sp=0x00007f58d46c9d10,  free space=1019k
Native frames: (J=compiled Java code, j=interpreted, Vv=VM code, C=native code)
C  [libnvidia-glcore.so.280.13+0x1041aa7]  _nv013glcore+0x54b57

Java frames: (J=compiled Java code, j=interpreted, Vv=VM code)
J  jogamp.opengl.gl4.GL4bcImpl.dispatch_glClear1(IJ)V
J  de.yogularm.Game.render(Lde/yogularm/drawing/RenderContext;)V
J  jogamp.opengl.GLDrawableHelper.display(Ljavax/media/opengl/GLAutoDrawable;)V
J  jogamp.opengl.GLDrawableHelper.invokeGL(Ljavax/media/opengl/GLDrawable;Ljavax/media/opengl/GLContext;Ljava/lang/Runnable;Ljava/lang/Runnable;)V
J  java.awt.EventQueue$1.run()Ljava/lang/Object;
v  ~StubRoutines::call_stub
J  java.security.AccessController.doPrivileged(Ljava/security/PrivilegedAction;Ljava/security/AccessControlContext;)Ljava/lang/Object;
J  java.awt.EventDispatchThread.pumpOneEventForFilters(I)Z
J  java.awt.EventDispatchThread.pumpEventsForFilter(ILjava/awt/Conditional;Ljava/awt/EventFilter;)V
j  java.awt.EventDispatchThread.pumpEventsForHierarchy(ILjava/awt/Conditional;Ljava/awt/Component;)V+11
j  java.awt.EventDispatchThread.pumpEvents(ILjava/awt/Conditional;)V+4
j  java.awt.EventDispatchThread.pumpEvents(Ljava/awt/Conditional;)V+3
j  java.awt.EventDispatchThread.run()V+9
v  ~StubRoutines::call_stub

---------------  P R O C E S S  ---------------

Java Threads: ( => current thread )
  0x00000000025e5000 JavaThread "SIGTERM handler" daemon [_thread_in_vm, id=17900, stack(0x00007f58d770a000,0x00007f58d780b000)]
  0x00007f58d0831800 JavaThread "Thread-8" [_thread_blocked, id=17738, stack(0x00007f58cd011000,0x00007f58cd112000)]
  0x0000000001e72800 JavaThread "TimerQueue" daemon [_thread_blocked, id=17597, stack(0x00007f58ccc24000,0x00007f58ccd25000)]
  0x0000000001b7f800 JavaThread "DestroyJavaVM" [_thread_blocked, id=17558, stack(0x00007f58df839000,0x00007f58df93a000)]
  0x0000000002191000 JavaThread "Timer-0" [_thread_blocked, id=17596, stack(0x00007f58cca22000,0x00007f58ccb23000)]
=>0x00007f58d01d5000 JavaThread "AWT-EventQueue-0" [_thread_in_native, id=17592, stack(0x00007f58d45cb000,0x00007f58d46cc000)]
  0x00007f58d01d4800 JavaThread "AWT-Shutdown" [_thread_blocked, id=17591, stack(0x00007f58d40c5000,0x00007f58d41c6000)]
  0x0000000001ffb000 JavaThread "main-SharedResourceRunner" daemon [_thread_blocked, id=17590, stack(0x00007f58cfbc9000,0x00007f58cfcca000)]
  0x0000000001fd7000 JavaThread "AWT-XAWT" daemon [_thread_blocked, id=17583, stack(0x00007f58d49d6000,0x00007f58d4ad7000)]
  0x0000000001e7c800 JavaThread "Java2D Disposer" daemon [_thread_blocked, id=17582, stack(0x00007f58d4e32000,0x00007f58d4f33000)]
  0x0000000001c37000 JavaThread "Low Memory Detector" daemon [_thread_blocked, id=17578, stack(0x00007f58d7407000,0x00007f58d7508000)]
  0x0000000001c32000 JavaThread "C2 CompilerThread1" daemon [_thread_blocked, id=17577, stack(0x00007f58d7508000,0x00007f58d7609000)]
  0x0000000001c2e800 JavaThread "C2 CompilerThread0" daemon [_thread_blocked, id=17576, stack(0x00007f58d7609000,0x00007f58d770a000)]
  0x0000000001c1e800 JavaThread "JDWP Event Helper Thread" daemon [_thread_blocked, id=17573, stack(0x00007f58d780b000,0x00007f58d790c000)]
  0x0000000001c1b000 JavaThread "JDWP Transport Listener: dt_socket" daemon [_thread_in_native, id=17570, stack(0x00007f58d790c000,0x00007f58d7a0d000)]
  0x0000000001c0f800 JavaThread "Signal Dispatcher" daemon [_thread_blocked, id=17568, stack(0x00007f58d7c12000,0x00007f58d7d13000)]
  0x0000000001bec000 JavaThread "Finalizer" daemon [_thread_blocked, id=17567, stack(0x00007f58d7d13000,0x00007f58d7e14000)]
  0x0000000001bea000 JavaThread "Reference Handler" daemon [_thread_blocked, id=17566, stack(0x00007f58d7e14000,0x00007f58d7f15000)]

Other Threads:
  0x0000000001be3000 VMThread [stack: 0x00007f58d7f15000,0x00007f58d8016000] [id=17565]
  0x0000000001c39800 WatcherThread [stack: 0x00007f58d7306000,0x00007f58d7407000] [id=17579]

VM state:not at safepoint (normal execution)

VM Mutex/Monitor currently owned by a thread:  ([mutex/lock_event])
[0x0000000001b7c130] Threads_lock - owner thread: 0x00000000025e5000

Heap
 PSYoungGen      total 6272K, used 320K [0x00000000e0d60000, 0x00000000e13a0000, 0x0000000100000000)
  eden space 6144K, 4% used [0x00000000e0d60000,0x00000000e0da8298,0x00000000e1360000)
  from space 128K, 25% used [0x00000000e1360000,0x00000000e1368000,0x00000000e1380000)
  to   space 128K, 0% used [0x00000000e1380000,0x00000000e1380000,0x00000000e13a0000)
 PSOldGen        total 63872K, used 25979K [0x00000000a2800000, 0x00000000a6660000, 0x00000000e0d60000)
  object space 63872K, 40% used [0x00000000a2800000,0x00000000a415ed20,0x00000000a6660000)
 PSPermGen       total 26560K, used 25746K [0x0000000098200000, 0x0000000099bf0000, 0x00000000a2800000)
  object space 26560K, 96% used [0x0000000098200000,0x0000000099b248d8,0x0000000099bf0000)

Code Cache  [0x00007f58d8c8c000, 0x00007f58d8f9c000, 0x00007f58dbc8c000)
 total_blobs=1461 nmethods=658 adapters=765 free_code_cache=47345344 largest_free_block=66176

Dynamic libraries:
00400000-00409000 r-xp 00000000 08:05 821807                             /usr/lib/jvm/java-6-openjdk/jre/bin/java
00608000-00609000 r--p 00008000 08:05 821807                             /usr/lib/jvm/java-6-openjdk/jre/bin/java
00609000-0060a000 rw-p 00009000 08:05 821807                             /usr/lib/jvm/java-6-openjdk/jre/bin/java
01b72000-04951000 rw-p 00000000 00:00 0                                  [heap]
98200000-99bf0000 rw-p 00000000 00:00 0 
99bf0000-a2800000 rw-p 00000000 00:00 0 
a2800000-a6660000 rw-p 00000000 00:00 0 
a6660000-e0d60000 rw-p 00000000 00:00 0 
e0d60000-e13a0000 rw-p 00000000 00:00 0 
e13a0000-e43e0000 ---p 00000000 00:00 0 
e43e0000-100000000 rw-p 00000000 00:00 0 
7f58cb152000-7f58cb155000 ---p 00000000 00:00 0 
7f58cb155000-7f58cb253000 rw-p 00000000 00:00 0 
7f58cb253000-7f58cb26c000 r--s 00000000 08:05 9446                       /usr/share/fonts/type1/gsfonts/n021003l.pfb
7f58cb26c000-7f58cb27f000 r--s 00000000 08:05 9443                       /usr/share/fonts/type1/gsfonts/n019064l.pfb
7f58cb27f000-7f58cb29a000 r--s 00000000 08:05 9473                       /usr/share/fonts/type1/gsfonts/p052004l.pfb
7f58cb29a000-7f58cb2b5000 r--s 00000000 08:05 9470                       /usr/share/fonts/type1/gsfonts/p052003l.pfb
7f58cb2b5000-7f58cb2be000 r--s 00000000 08:05 9482                       /usr/share/fonts/type1/gsfonts/s050000l.pfb
7f58cb2be000-7f58cb2d0000 r--s 00000000 08:05 9434                       /usr/share/fonts/type1/gsfonts/n019043l.pfb
7f58cb2d0000-7f58cb2e7000 r--s 00000000 08:05 9485                       /usr/share/fonts/type1/gsfonts/z003034l.pfb
7f58cb323000-7f58cb334000 r--s 00000000 08:05 9392                       /usr/share/fonts/type1/gsfonts/a010035l.pfb
7f58cb34f000-7f58cb36b000 r--s 00000000 08:05 9479                       /usr/share/fonts/type1/gsfonts/p052024l.pfb
7f58cb381000-7f58cb39a000 r--s 00000000 08:05 9461                       /usr/share/fonts/type1/gsfonts/n022004l.pfb
7f58cb39a000-7f58cb3af000 r--s 00000000 08:05 9401                       /usr/share/fonts/type1/gsfonts/b018032l.pfb
7f58cb3af000-7f58cb3c8000 r--s 00000000 08:05 9449                       /usr/share/fonts/type1/gsfonts/n021004l.pfb
7f58cb3c8000-7f58cb3de000 r--s 00000000 08:05 9455                       /usr/share/fonts/type1/gsfonts/n021024l.pfb
7f58cb3ef000-7f58cb401000 r--s 00000000 08:05 9404                       /usr/share/fonts/type1/gsfonts/b018035l.pfb
7f58cb401000-7f58cb41a000 r--s 00000000 08:05 9395                       /usr/share/fonts/type1/gsfonts/b018012l.pfb
7f58cb47f000-7f58cb492000 r--s 00000000 08:05 9398                       /usr/share/fonts/type1/gsfonts/b018015l.pfb
7f58cb4b0000-7f58cb4c0000 r--s 00000000 08:05 9389                       /usr/share/fonts/type1/gsfonts/a010033l.pfb
7f58cb4c0000-7f58cb4d6000 r--s 00000000 08:05 9464                       /usr/share/fonts/type1/gsfonts/n022023l.pfb
7f58cb523000-7f58cb52c000 r--s 00000000 08:05 920245                     /usr/share/fonts/X11/Type1/c0649bt_.pfb
7f58cb52c000-7f58cb536000 r--s 00000000 08:05 920235                     /usr/share/fonts/X11/Type1/c0583bt_.pfb
7f58cb55c000-7f58cb566000 r--s 00000000 08:05 920237                     /usr/share/fonts/X11/Type1/c0611bt_.pfb
7f58cb570000-7f58cb588000 r--s 00000000 08:05 834794                     /usr/share/texmf/fonts/type1/public/lm/lmss8.pfb
7f58cb588000-7f58cb58f000 r--s 00000000 08:05 834812                     /usr/share/texmf/fonts/type1/public/lm/lmsy7.pfb
7f58cb5ce000-7f58cb5e9000 r--s 00000000 08:05 834803                     /usr/share/texmf/fonts/type1/public/lm/lmsso8.pfb
7f58cb61e000-7f58cb640000 r--s 00000000 08:05 834757                     /usr/share/texmf/fonts/type1/public/lm/lmbxo10.pfb
7f58cb662000-7f58cb66a000 r--s 00000000 08:05 834768                     /usr/share/texmf/fonts/type1/public/lm/lmmi8.pfb
7f58cb66a000-7f58cb685000 r--s 00000000 08:05 834820                     /usr/share/texmf/fonts/type1/public/lm/lmtlc10.pfb
7f58cb6c3000-7f58cb6e5000 r--s 00000000 08:05 834790                     /usr/share/texmf/fonts/type1/public/lm/lmro9.pfb
7f58cb768000-7f58cb770000 r--s 00000000 08:05 834765                     /usr/share/texmf/fonts/type1/public/lm/lmmi5.pfb
7f58cb790000-7f58cb797000 r--s 00000000 08:05 834813                     /usr/share/texmf/fonts/type1/public/lm/lmsy8.pfb
7f58cb7b6000-7f58cb7d5000 r--s 00000000 08:05 834830                     /usr/share/texmf/fonts/type1/public/lm/lmvtk10.pfb
7f58cb844000-7f58cb863000 r--s 00000000 08:05 834806                     /usr/share/texmf/fonts/type1/public/lm/lmssqbo8.pfb
7f58cb863000-7f58cb880000 r--s 00000000 08:05 834807                     /usr/share/texmf/fonts/type1/public/lm/lmssqbx8.pfb
7f58cb880000-7f58cb89c000 r--s 00000000 08:05 834829                     /usr/share/texmf/fonts/type1/public/lm/lmu10.pfb
7f58cb89c000-7f58cb8c1000 r--s 00000000 08:05 834831                     /usr/share/texmf/fonts/type1/public/lm/lmvtko10.pfb
7f58cb8c1000-7f58cb8c9000 r--s 00000000 08:05 834763                     /usr/share/texmf/fonts/type1/public/lm/lmmi10.pfb
7f58cb8c9000-7f58cb8e5000 r--s 00000000 08:05 834781                     /usr/share/texmf/fonts/type1/public/lm/lmri10.pfb
7f58cb8ec000-7f58cb908000 r--s 00000000 08:05 834823                     /usr/share/texmf/fonts/type1/public/lm/lmtt10.pfb
7f58cb908000-7f58cb92a000 r--s 00000000 08:05 834745                     /usr/share/texmf/fonts/type1/public/lm/lmbo10.pfb
7f58cb950000-7f58cb96d000 r--s 00000000 08:05 834750                     /usr/share/texmf/fonts/type1/public/lm/lmbx12.pfb
7f58cb9d1000-7f58cb9ed000 r--s 00000000 08:05 834756                     /usr/share/texmf/fonts/type1/public/lm/lmbxi10.pfb
7f58cb9ed000-7f58cba0a000 r--s 00000000 08:05 834825                     /usr/share/texmf/fonts/type1/public/lm/lmtt8.pfb
7f58cba0a000-7f58cba11000 r--s 00000000 08:05 834814                     /usr/share/texmf/fonts/type1/public/lm/lmsy9.pfb
7f58cbb01000-7f58cbb25000 r--s 00000000 08:05 834761                     /usr/share/texmf/fonts/type1/public/lm/lmduno10.pfb
7f58cbb44000-7f58cbb5f000 r--s 00000000 08:05 834826                     /usr/share/texmf/fonts/type1/public/lm/lmtt9.pfb
7f58cbb5f000-7f58cbb80000 r--s 00000000 08:05 834789                     /usr/share/texmf/fonts/type1/public/lm/lmro8.pfb
7f58cbb80000-7f58cbb9e000 r--s 00000000 08:05 834776                     /usr/share/texmf/fonts/type1/public/lm/lmr5.pfb
7f58cbba5000-7f58cbbc5000 r--s 00000000 08:05 834808                     /usr/share/texmf/fonts/type1/public/lm/lmssqo8.pfb
7f58cbbcd000-7f58cbbec000 r--s 00000000 08:05 834744                     /usr/share/texmf/fonts/type1/public/lm/lmb10.pfb
7f58cbbec000-7f58cbbf2000 r--s 00000000 08:05 834762                     /usr/share/texmf/fonts/type1/public/lm/lmex10.pfb
7f58cbbf2000-7f58cbc10000 r--s 00000000 08:05 834749                     /usr/share/texmf/fonts/type1/public/lm/lmbx10.pfb
7f58cbc10000-7f58cbc2d000 r--s 00000000 08:05 834751                     /usr/share/texmf/fonts/type1/public/lm/lmbx5.pfb
7f58cbc2d000-7f58cbc4c000 r--s 00000000 08:05 834777                     /usr/share/texmf/fonts/type1/public/lm/lmr6.pfb
7f58cbca2000-7f58cbcc3000 r--s 00000000 08:05 834835                     /usr/share/texmf/fonts/type1/public/lm/lmvtto10.pfb
7f58cbcff000-7f58cbd07000 r--s 00000000 08:05 834770                     /usr/share/texmf/fonts/type1/public/lm/lmmib10.pfb
7f58cbd25000-7f58cbd47000 r--s 00000000 08:05 834833                     /usr/share/texmf/fonts/type1/public/lm/lmvtlo10.pfb
7f58cbd47000-7f58cbd4f000 r--s 00000000 08:05 834766                     /usr/share/texmf/fonts/type1/public/lm/lmmi6.pfb
7f58cbd8c000-7f58cbd94000 r--s 00000000 08:05 834772                     /usr/share/texmf/fonts/type1/public/lm/lmmib7.pfb
7f58cbdce000-7f58cbde7000 r--s 00000000 08:05 834827                     /usr/share/texmf/fonts/type1/public/lm/lmtti10.pfb
7f58cbde7000-7f58cbe05000 r--s 00000000 08:05 834797                     /usr/share/texmf/fonts/type1/public/lm/lmssbx10.pfb
7f58cbe45000-7f58cbe63000 r--s 00000000 08:05 834778                     /usr/share/texmf/fonts/type1/public/lm/lmr7.pfb
7f58cbe63000-7f58cbe6b000 r-xp 00000000 08:05 831019                     /usr/lib/jvm/java-6-openjdk/jre/lib/amd64/libnio.so
7f58cbe6b000-7f58cc06a000 ---p 00008000 08:05 831019                     /usr/lib/jvm/java-6-openjdk/jre/lib/amd64/libnio.so
7f58cc06a000-7f58cc06b000 r--p 00007000 08:05 831019                     /usr/lib/jvm/java-6-openjdk/jre/lib/amd64/libnio.so
7f58cc06b000-7f58cc06c000 rw-p 00008000 08:05 831019                     /usr/lib/jvm/java-6-openjdk/jre/lib/amd64/libnio.so
7f58cc06c000-7f58cc081000 r-xp 00000000 08:05 831027                     /usr/lib/jvm/java-6-openjdk/jre/lib/amd64/libnet.so
7f58cc081000-7f58cc280000 ---p 00015000 08:05 831027                     /usr/lib/jvm/java-6-openjdk/jre/lib/amd64/libnet.so
7f58cc280000-7f58cc281000 r--p 00014000 08:05 831027                     /usr/lib/jvm/java-6-openjdk/jre/lib/amd64/libnet.so
7f58cc281000-7f58cc282000 rw-p 00015000 08:05 831027                     /usr/lib/jvm/java-6-openjdk/jre/lib/amd64/libnet.so
7f58cc282000-7f58cc382000 rw-s 2ff8f000 00:05 8138                       /dev/nvidia0
7f58cc482000-7f58cc48c000 r-xp 00000000 08:05 831045                     /usr/lib/jvm/java-6-openjdk/jre/lib/amd64/libjpeg.so
7f58cc48c000-7f58cc68b000 ---p 0000a000 08:05 831045                     /usr/lib/jvm/java-6-openjdk/jre/lib/amd64/libjpeg.so
7f58cc68b000-7f58cc68c000 r--p 00009000 08:05 831045                     /usr/lib/jvm/java-6-openjdk/jre/lib/amd64/libjpeg.so
7f58cc68c000-7f58cc68d000 rw-p 0000a000 08:05 831045                     /usr/lib/jvm/java-6-openjdk/jre/lib/amd64/libjpeg.so
7f58cc68d000-7f58cc6bf000 r-xp 00000000 08:05 831030                     /usr/lib/jvm/java-6-openjdk/jre/lib/amd64/liblcms.so
7f58cc6bf000-7f58cc8be000 ---p 00032000 08:05 831030                     /usr/lib/jvm/java-6-openjdk/jre/lib/amd64/liblcms.so
7f58cc8be000-7f58cc8bf000 r--p 00031000 08:05 831030                     /usr/lib/jvm/java-6-openjdk/jre/lib/amd64/liblcms.so
7f58cc8bf000-7f58cc8c0000 rw-p 00032000 08:05 831030                     /usr/lib/jvm/java-6-openjdk/jre/lib/amd64/liblcms.so
7f58cc8c0000-7f58cc8c2000 rw-p 00000000 00:00 0 
7f58cc8c2000-7f58cc9c2000 rw-s 2cae8000 00:05 8138                       /dev/nvidia0
7f58cc9c2000-7f58cca02000 rw-s 2c989000 00:05 8138                       /dev/nvidia0
7f58cca22000-7f58cca25000 ---p 00000000 00:00 0 
7f58cca25000-7f58ccb23000 rw-p 00000000 00:00 0 
7f58ccb23000-7f58ccb26000 ---p 00000000 00:00 0 
7f58ccb26000-7f58ccc24000 rw-p 00000000 00:00 0 
7f58ccc24000-7f58ccc27000 ---p 00000000 00:00 0 
7f58ccc27000-7f58ccd25000 rw-p 00000000 00:00 0 
7f58ccd25000-7f58cd011000 rw-s 00000000 00:04 15007789                   /SYSV00000000 (deleted)
7f58cd011000-7f58cd014000 ---p 00000000 00:00 0 
7f58cd014000-7f58cd112000 rw-p 00000000 00:00 0 
7f58cd112000-7f58cd312000 rw-s 58789000 00:05 8138                       /dev/nvidia0
7f58cd312000-7f58cd412000 rw-s 96288000 00:05 8138                       /dev/nvidia0
7f58cd412000-7f58cd452000 rw-s 2ff57000 00:05 8138                       /dev/nvidia0
7f58cd452000-7f58cd46a000 r-xp 00000000 08:06 267445                     /home/jan/development/projects/YogularmInfinite/desktop/lib/jogl/linux-amd64/libjogl_es2.so
7f58cd46a000-7f58cd669000 ---p 00018000 08:06 267445                     /home/jan/development/projects/YogularmInfinite/desktop/lib/jogl/linux-amd64/libjogl_es2.so
7f58cd669000-7f58cd66a000 r--p 00017000 08:06 267445                     /home/jan/development/projects/YogularmInfinite/desktop/lib/jogl/linux-amd64/libjogl_es2.so
7f58cd66a000-7f58cd66b000 rw-p 00018000 08:06 267445                     /home/jan/development/projects/YogularmInfinite/desktop/lib/jogl/linux-amd64/libjogl_es2.so
7f58cd66b000-7f58cd683000 r-xp 00000000 08:06 267444                     /home/jan/development/projects/YogularmInfinite/desktop/lib/jogl/linux-amd64/libjogl_es1.so
7f58cd683000-7f58cd882000 ---p 00018000 08:06 267444                     /home/jan/development/projects/YogularmInfinite/desktop/lib/jogl/linux-amd64/libjogl_es1.so
7f58cd882000-7f58cd883000 r--p 00017000 08:06 267444                     /home/jan/development/projects/YogularmInfinite/desktop/lib/jogl/linux-amd64/libjogl_es1.so
7f58cd883000-7f58cd884000 rw-p 00018000 08:06 267444                     /home/jan/development/projects/YogularmInfinite/desktop/lib/jogl/linux-amd64/libjogl_es1.so
7f58cd884000-7f58cd90e000 r-xp 00000000 08:06 267443                     /home/jan/development/projects/YogularmInfinite/desktop/lib/jogl/linux-amd64/libjogl_desktop.so
7f58cd90e000-7f58cdb0e000 ---p 0008a000 08:06 267443                     /home/jan/development/projects/YogularmInfinite/desktop/lib/jogl/linux-amd64/libjogl_desktop.so
7f58cdb0e000-7f58cdb0f000 r--p 0008a000 08:06 267443                     /home/jan/development/projects/YogularmInfinite/desktop/lib/jogl/linux-amd64/libjogl_desktop.so
7f58cdb0f000-7f58cdb10000 rw-p 0008b000 08:06 267443                     /home/jan/development/projects/YogularmInfinite/desktop/lib/jogl/linux-amd64/libjogl_desktop.so
7f58cdb10000-7f58cf104000 r-xp 00000000 08:05 793109                     /usr/lib/nvidia-current/libnvidia-glcore.so.280.13
7f58cf104000-7f58cf303000 ---p 015f4000 08:05 793109                     /usr/lib/nvidia-current/libnvidia-glcore.so.280.13
7f58cf303000-7f58cf942000 rwxp 015f3000 08:05 793109                     /usr/lib/nvidia-current/libnvidia-glcore.so.280.13
7f58cf942000-7f58cf95c000 rwxp 00000000 00:00 0 
7f58cf95c000-7f58cf95f000 r-xp 00000000 08:05 793125                     /usr/lib/nvidia-current/tls/libnvidia-tls.so.280.13
7f58cf95f000-7f58cfb5e000 ---p 00003000 08:05 793125                     /usr/lib/nvidia-current/tls/libnvidia-tls.so.280.13
7f58cfb5e000-7f58cfb5f000 rw-p 00002000 08:05 793125                     /usr/lib/nvidia-current/tls/libnvidia-tls.so.280.13
7f58cfb5f000-7f58cfb60000 r--s 00000000 08:05 408205                     /var/cache/fontconfig/c05880de57d1f5e948fdfacc138775d9-le64.cache-3
7f58cfb60000-7f58cfb69000 r--s 00000000 08:05 391263                     /var/cache/fontconfig/945677eb7aeaf62f1d50efc3fb3ec7d8-le64.cache-3
7f58cfb69000-7f58cfb6b000 r--s 00000000 08:05 391046                     /var/cache/fontconfig/99e8ed0e538f840c565b6ed5dad60d56-le64.cache-3
7f58cfb6b000-7f58cfb6e000 r--s 00000000 08:05 391624                     /var/cache/fontconfig/e383d7ea5fbe662a33d9b44caf393297-le64.cache-3
7f58cfb6e000-7f58cfb72000 r--s 00000000 08:05 408203                     /var/cache/fontconfig/2cd17615ca594fa2959ae173292e504c-le64.cache-3
7f58cfb72000-7f58cfb73000 r--s 00000000 08:05 391470                     /var/cache/fontconfig/e7071f4a29fa870f4323321c154eba04-le64.cache-3
7f58cfb73000-7f58cfb78000 r--s 00000000 08:05 408202                     /var/cache/fontconfig/6eb3985aa4124903f6ff08ba781cd364-le64.cache-3
7f58cfb78000-7f58cfb79000 r--s 00000000 08:05 406414                     /var/cache/fontconfig/4c73fe0c47614734b17d736dbde7580a-le64.cache-3
7f58cfb79000-7f58cfb7a000 r--s 00000000 08:05 406413                     /var/cache/fontconfig/0d8c3b2ac0904cb8a57a757ad11a4a08-le64.cache-3
7f58cfb7a000-7f58cfb7b000 r--s 00000000 08:05 406412                     /var/cache/fontconfig/6a53c69dea097a2d716e069445527da8-le64.cache-3
7f58cfb7b000-7f58cfb81000 r--s 00000000 08:05 401859                     /var/cache/fontconfig/a755afe4a08bf5b97852ceb7400b47bc-le64.cache-3
7f58cfb81000-7f58cfb87000 r--s 00000000 08:05 409105                     /var/cache/fontconfig/515ca1ebc4b18308bea979be5704f9db-le64.cache-3
7f58cfb87000-7f58cfb90000 r--s 00000000 08:05 392133                     /var/cache/fontconfig/6d41288fd70b0be22e8c3a91e032eec0-le64.cache-3
7f58cfb90000-7f58cfba0000 r--s 00000000 08:05 401858                     /var/cache/fontconfig/0f34bcd4b6ee430af32735b75db7f02b-le64.cache-3
7f58cfba1000-7f58cfba5000 rw-s 2c9a0000 00:05 8138                       /dev/nvidia0
7f58cfba5000-7f58cfba6000 rw-s d0008000 00:05 8138                       /dev/nvidia0
7f58cfba6000-7f58cfba7000 rw-s 2c98f000 00:05 8138                       /dev/nvidia0
7f58cfba7000-7f58cfba8000 rw-s fdc0a000 00:05 8138                       /dev/nvidia0
7f58cfba8000-7f58cfba9000 rw-s fd642000 00:05 8138                       /dev/nvidia0
7f58cfba9000-7f58cfbc9000 rw-s 586a3000 00:05 8138                       /dev/nvidia0
7f58cfbc9000-7f58cfbcc000 ---p 00000000 00:00 0 
7f58cfbcc000-7f58cfcca000 rw-p 00000000 00:00 0 
7f58cfcca000-7f58cfd8b000 r-xp 00000000 08:05 793112                     /usr/lib/nvidia-current/libGL.so.280.13
7f58cfd8b000-7f58cff8a000 ---p 000c1000 08:05 793112                     /usr/lib/nvidia-current/libGL.so.280.13
7f58cff8a000-7f58cffc5000 rwxp 000c0000 08:05 793112                     /usr/lib/nvidia-current/libGL.so.280.13
7f58cffc5000-7f58cffdb000 rwxp 00000000 00:00 0 
7f58cffdb000-7f58cffdc000 rw-s 18a277000 00:05 8138                      /dev/nvidia0
7f58cffdc000-7f58cffdd000 rw-s fd641000 00:05 8138                       /dev/nvidia0
7f58cffdd000-7f58cffde000 rw-s 18a276000 00:05 8138                      /dev/nvidia0
7f58cffde000-7f58cffdf000 rw-s 2f556000 00:05 8138                       /dev/nvidia0
7f58cffe1000-7f58cffe5000 rw-s 2fc62000 00:05 8138                       /dev/nvidia0
7f58cffe5000-7f58d0000000 rw-s 18a2c0000 00:05 8138                      /dev/nvidia0
7f58d0000000-7f58d0fd3000 rw-p 00000000 00:00 0 
7f58d0fd3000-7f58d4000000 ---p 00000000 00:00 0 
7f58d4000000-7f58d4001000 rw-s d0005000 00:05 8138                       /dev/nvidia0
7f58d4001000-7f58d4002000 rw-s 2c81f000 00:05 8138                       /dev/nvidia0
7f58d4002000-7f58d4006000 rw-s 5875b000 00:05 8138                       /dev/nvidia0
7f58d4006000-7f58d4007000 rw-s fdc08000 00:05 8138                       /dev/nvidia0
7f58d4007000-7f58d4008000 rw-s fd642000 00:05 8138                       /dev/nvidia0
7f58d4008000-7f58d4009000 rw-s 18a277000 00:05 8138                      /dev/nvidia0
7f58d4009000-7f58d400c000 r--s 00000000 08:05 391081                     /var/cache/fontconfig/d60319d88cac85ba9e1a07bd06cfbb8c-le64.cache-3
7f58d400c000-7f58d403a000 r--s 00000000 08:05 409148                     /var/cache/fontconfig/365b55f210c0a22e9a19e35191240f32-le64.cache-3
7f58d403a000-7f58d404a000 r--s 00000000 08:05 401856                     /var/cache/fontconfig/d52a8644073d54c13679302ca1180695-le64.cache-3
7f58d404a000-7f58d4052000 r--s 00000000 08:05 409104                     /var/cache/fontconfig/153bb866d4d26e7cd19eee2129f8d8d2-le64.cache-3
7f58d4052000-7f58d405d000 r--s 00000000 08:05 415954                     /var/cache/fontconfig/e13b20fdb08344e0e664864cc2ede53d-le64.cache-3
7f58d405d000-7f58d405f000 r--s 00000000 08:06 1101681                    /home/jan/.fontconfig/fdd828a2a2357ac8b98d53d4cb73097a-le64.cache-3
7f58d405f000-7f58d4066000 r--s 00000000 08:06 1101680                    /home/jan/.fontconfig/c58ff9086ba60478c195bf0f61b530df-le64.cache-3
7f58d4066000-7f58d4070000 r--s 00000000 08:06 1101674                    /home/jan/.fontconfig/a0bf83b7801ad605140a17cf4b414547-le64.cache-3
7f58d4070000-7f58d4076000 r--s 00000000 08:06 1101679                    /home/jan/.fontconfig/7d1d196625a4c3b5318df9a7bec9bc41-le64.cache-3
7f58d4076000-7f58d4078000 r--s 00000000 08:06 1101678                    /home/jan/.fontconfig/790146cae801f5c845d56d242e982308-le64.cache-3
7f58d4078000-7f58d407d000 r--s 00000000 08:06 1101677                    /home/jan/.fontconfig/2c10c25a20897452413a494958b84a05-le64.cache-3
7f58d407d000-7f58d407f000 r--s 00000000 08:06 1101676                    /home/jan/.fontconfig/01b316c23635a1c7ad41860d9ab7ba59-le64.cache-3
7f58d407f000-7f58d4081000 r--s 00000000 08:06 1101675                    /home/jan/.fontconfig/e252e6067bf5dc9e40fb95b17b621584-le64.cache-3
7f58d4081000-7f58d4090000 r--s 00000000 08:06 1101673                    /home/jan/.fontconfig/51d0fb7e55acffd31d6a8c7c8c7f60fb-le64.cache-3
7f58d4090000-7f58d4095000 r--s 00000000 08:06 1101672                    /home/jan/.fontconfig/6302c9f5be1e12898d22d23c35392af9-le64.cache-3
7f58d4095000-7f58d4097000 r--s 00000000 08:06 1101671                    /home/jan/.fontconfig/954bf4103e945093a32831c95ead4df7-le64.cache-3
7f58d4097000-7f58d4099000 r--s 00000000 08:06 1101670                    /home/jan/.fontconfig/6c2573209480b8f33065f885e21aa27e-le64.cache-3
7f58d4099000-7f58d409b000 r--s 00000000 08:06 1101669                    /home/jan/.fontconfig/2ce2f901d9e1b21e31b84cb10642e71d-le64.cache-3
7f58d409b000-7f58d409e000 r--s 00000000 08:06 1101668                    /home/jan/.fontconfig/e1de9b0e4af91a7731cd98de6ce2d572-le64.cache-3
7f58d409e000-7f58d40a8000 r--s 00000000 08:06 1101667                    /home/jan/.fontconfig/2bcd93200fc0f5d4f6eeced75af2d533-le64.cache-3
7f58d40a8000-7f58d40b9000 r--s 00000000 08:06 1101665                    /home/jan/.fontconfig/edd89c71be7950017624cf56be471bae-le64.cache-3
7f58d40b9000-7f58d40c5000 r--s 00000000 08:06 1101664                    /home/jan/.fontconfig/39d620b8dfbf4bd2ea5f64f511994d5f-le64.cache-3
7f58d40c5000-7f58d40c8000 ---p 00000000 00:00 0 
7f58d40c8000-7f58d41c6000 rw-p 00000000 00:00 0 
7f58d41c6000-7f58d41c8000 r-xp 00000000 08:06 267446                     /home/jan/development/projects/YogularmInfinite/desktop/lib/jogl/linux-amd64/libnativewindow_awt.so
7f58d41c8000-7f58d43c7000 ---p 00002000 08:06 267446                     /home/jan/development/projects/YogularmInfinite/desktop/lib/jogl/linux-amd64/libnativewindow_awt.so
7f58d43c7000-7f58d43c8000 r--p 00001000 08:06 267446                     /home/jan/development/projects/YogularmInfinite/desktop/lib/jogl/linux-amd64/libnativewindow_awt.so
7f58d43c8000-7f58d43c9000 rw-p 00002000 08:06 267446                     /home/jan/development/projects/YogularmInfinite/desktop/lib/jogl/linux-amd64/libnativewindow_awt.so
7f58d43c9000-7f58d43ca000 r-xp 00000000 08:05 831047                     /usr/lib/jvm/java-6-openjdk/jre/lib/amd64/libjawt.so
7f58d43ca000-7f58d45c9000 ---p 00001000 08:05 831047                     /usr/lib/jvm/java-6-openjdk/jre/lib/amd64/libjawt.so
7f58d45c9000-7f58d45ca000 r--p 00000000 08:05 831047                     /usr/lib/jvm/java-6-openjdk/jre/lib/amd64/libjawt.so
7f58d45ca000-7f58d45cb000 rw-p 00001000 08:05 831047                     /usr/lib/jvm/java-6-openjdk/jre/lib/amd64/libjawt.so
7f58d45cb000-7f58d45ce000 ---p 00000000 00:00 0 
7f58d45ce000-7f58d46cc000 rw-p 00000000 00:00 0 
7f58d46cc000-7f58d46d1000 r-xp 00000000 08:05 788228                     /usr/lib/x86_64-linux-gnu/libXfixes.so.3.1.0
7f58d46d1000-7f58d48d0000 ---p 00005000 08:05 788228                     /usr/lib/x86_64-linux-gnu/libXfixes.so.3.1.0
7f58d48d0000-7f58d48d1000 r--p 00004000 08:05 788228                     /usr/lib/x86_64-linux-gnu/libXfixes.so.3.1.0
7f58d48d1000-7f58d48d2000 rw-p 00005000 08:05 788228                     /usr/lib/x86_64-linux-gnu/libXfixes.so.3.1.0
7f58d48d2000-7f58d48d3000 r--s 00000000 08:05 408205                     /var/cache/fontconfig/c05880de57d1f5e948fdfacc138775d9-le64.cache-3
7f58d48d3000-7f58d48dc000 r--s 00000000 08:05 391263                     /var/cache/fontconfig/945677eb7aeaf62f1d50efc3fb3ec7d8-le64.cache-3
7f58d48dc000-7f58d48de000 r--s 00000000 08:05 391046                     /var/cache/fontconfig/99e8ed0e538f840c565b6ed5dad60d56-le64.cache-3
7f58d48de000-7f58d48e1000 r--s 00000000 08:05 391624                     /var/cache/fontconfig/e383d7ea5fbe662a33d9b44caf393297-le64.cache-3
7f58d48e1000-7f58d48e5000 r--s 00000000 08:05 408203                     /var/cache/fontconfig/2cd17615ca594fa2959ae173292e504c-le64.cache-3
7f58d48e5000-7f58d48e6000 r--s 00000000 08:05 391470                     /var/cache/fontconfig/e7071f4a29fa870f4323321c154eba04-le64.cache-3
7f58d48e6000-7f58d48eb000 r--s 00000000 08:05 408202                     /var/cache/fontconfig/6eb3985aa4124903f6ff08ba781cd364-le64.cache-3
7f58d48eb000-7f58d48ec000 r--s 00000000 08:05 406414                     /var/cache/fontconfig/4c73fe0c47614734b17d736dbde7580a-le64.cache-3
7f58d48ec000-7f58d48ed000 r--s 00000000 08:05 406413                     /var/cache/fontconfig/0d8c3b2ac0904cb8a57a757ad11a4a08-le64.cache-3
7f58d48ed000-7f58d48ee000 r--s 00000000 08:05 406412                     /var/cache/fontconfig/6a53c69dea097a2d716e069445527da8-le64.cache-3
7f58d48ee000-7f58d48f4000 r--s 00000000 08:05 401859                     /var/cache/fontconfig/a755afe4a08bf5b97852ceb7400b47bc-le64.cache-3
7f58d48f4000-7f58d48fa000 r--s 00000000 08:05 409105                     /var/cache/fontconfig/515ca1ebc4b18308bea979be5704f9db-le64.cache-3
7f58d48fa000-7f58d4903000 r--s 00000000 08:05 392133                     /var/cache/fontconfig/6d41288fd70b0be22e8c3a91e032eec0-le64.cache-3
7f58d4903000-7f58d4913000 r--s 00000000 08:05 401858                     /var/cache/fontconfig/0f34bcd4b6ee430af32735b75db7f02b-le64.cache-3
7f58d4913000-7f58d4916000 r--s 00000000 08:05 391081                     /var/cache/fontconfig/d60319d88cac85ba9e1a07bd06cfbb8c-le64.cache-3
7f58d4916000-7f58d4944000 r--s 00000000 08:05 409148                     /var/cache/fontconfig/365b55f210c0a22e9a19e35191240f32-le64.cache-3
7f58d4944000-7f58d4954000 r--s 00000000 08:05 401856                     /var/cache/fontconfig/d52a8644073d54c13679302ca1180695-le64.cache-3
7f58d4954000-7f58d495c000 r--s 00000000 08:05 409104                     /var/cache/fontconfig/153bb866d4d26e7cd19eee2129f8d8d2-le64.cache-3
7f58d495c000-7f58d4967000 r--s 00000000 08:05 415954                     /var/cache/fontconfig/e13b20fdb08344e0e664864cc2ede53d-le64.cache-3
7f58d4967000-7f58d4969000 r--s 00000000 08:06 1101681                    /home/jan/.fontconfig/fdd828a2a2357ac8b98d53d4cb73097a-le64.cache-3
7f58d4969000-7f58d4970000 r--s 00000000 08:06 1101680                    /home/jan/.fontconfig/c58ff9086ba60478c195bf0f61b530df-le64.cache-3
7f58d4970000-7f58d497a000 r--s 00000000 08:06 1101674                    /home/jan/.fontconfig/a0bf83b7801ad605140a17cf4b414547-le64.cache-3
7f58d497a000-7f58d4980000 r--s 00000000 08:06 1101679                    /home/jan/.fontconfig/7d1d196625a4c3b5318df9a7bec9bc41-le64.cache-3
7f58d4980000-7f58d4982000 r--s 00000000 08:06 1101678                    /home/jan/.fontconfig/790146cae801f5c845d56d242e982308-le64.cache-3
7f58d4982000-7f58d4987000 r--s 00000000 08:06 1101677                    /home/jan/.fontconfig/2c10c25a20897452413a494958b84a05-le64.cache-3
7f58d4987000-7f58d4989000 r--s 00000000 08:06 1101676                    /home/jan/.fontconfig/01b316c23635a1c7ad41860d9ab7ba59-le64.cache-3
7f58d4989000-7f58d498b000 r--s 00000000 08:06 1101675                    /home/jan/.fontconfig/e252e6067bf5dc9e40fb95b17b621584-le64.cache-3
7f58d498b000-7f58d499a000 r--s 00000000 08:06 1101673                    /home/jan/.fontconfig/51d0fb7e55acffd31d6a8c7c8c7f60fb-le64.cache-3
7f58d499a000-7f58d499f000 r--s 00000000 08:06 1101672                    /home/jan/.fontconfig/6302c9f5be1e12898d22d23c35392af9-le64.cache-3
7f58d499f000-7f58d49a1000 r--s 00000000 08:06 1101671                    /home/jan/.fontconfig/954bf4103e945093a32831c95ead4df7-le64.cache-3
7f58d49a1000-7f58d49a3000 r--s 00000000 08:06 1101670                    /home/jan/.fontconfig/6c2573209480b8f33065f885e21aa27e-le64.cache-3
7f58d49a3000-7f58d49a5000 r--s 00000000 08:06 1101669                    /home/jan/.fontconfig/2ce2f901d9e1b21e31b84cb10642e71d-le64.cache-3
7f58d49a5000-7f58d49a8000 r--s 00000000 08:06 1101668                    /home/jan/.fontconfig/e1de9b0e4af91a7731cd98de6ce2d572-le64.cache-3
7f58d49a8000-7f58d49b2000 r--s 00000000 08:06 1101667                    /home/jan/.fontconfig/2bcd93200fc0f5d4f6eeced75af2d533-le64.cache-3
7f58d49b2000-7f58d49b5000 r--s 00000000 08:06 1101666                    /home/jan/.fontconfig/8adc0da6e22e3e72a145efb7377d06bd-le64.cache-3
7f58d49b5000-7f58d49c6000 r--s 00000000 08:06 1101665                    /home/jan/.fontconfig/edd89c71be7950017624cf56be471bae-le64.cache-3
7f58d49c6000-7f58d49d2000 r--s 00000000 08:06 1101664                    /home/jan/.fontconfig/39d620b8dfbf4bd2ea5f64f511994d5f-le64.cache-3
7f58d49d2000-7f58d49d3000 rw-s fd641000 00:05 8138                       /dev/nvidia0
7f58d49d3000-7f58d49d6000 r--s 00000000 08:06 1101666                    /home/jan/.fontconfig/8adc0da6e22e3e72a145efb7377d06bd-le64.cache-3
7f58d49d6000-7f58d49d9000 ---p 00000000 00:00 0 
7f58d49d9000-7f58d4ad7000 rw-p 00000000 00:00 0 
7f58d4ad7000-7f58d4ad8000 r--s 00000000 08:05 408205                     /var/cache/fontconfig/c05880de57d1f5e948fdfacc138775d9-le64.cache-3
7f58d4ad8000-7f58d4ae1000 r--s 00000000 08:05 391263                     /var/cache/fontconfig/945677eb7aeaf62f1d50efc3fb3ec7d8-le64.cache-3
7f58d4ae1000-7f58d4ae3000 r--s 00000000 08:05 391046                     /var/cache/fontconfig/99e8ed0e538f840c565b6ed5dad60d56-le64.cache-3
7f58d4ae3000-7f58d4ae6000 r--s 00000000 08:05 391624                     /var/cache/fontconfig/e383d7ea5fbe662a33d9b44caf393297-le64.cache-3
7f58d4ae6000-7f58d4aea000 r--s 00000000 08:05 408203                     /var/cache/fontconfig/2cd17615ca594fa2959ae173292e504c-le64.cache-3
7f58d4aea000-7f58d4aeb000 r--s 00000000 08:05 391470                     /var/cache/fontconfig/e7071f4a29fa870f4323321c154eba04-le64.cache-3
7f58d4aeb000-7f58d4af0000 r--s 00000000 08:05 408202                     /var/cache/fontconfig/6eb3985aa4124903f6ff08ba781cd364-le64.cache-3
7f58d4af0000-7f58d4af1000 r--s 00000000 08:05 406414                     /var/cache/fontconfig/4c73fe0c47614734b17d736dbde7580a-le64.cache-3
7f58d4af1000-7f58d4af2000 r--s 00000000 08:05 406413                     /var/cache/fontconfig/0d8c3b2ac0904cb8a57a757ad11a4a08-le64.cache-3
7f58d4af2000-7f58d4af3000 r--s 00000000 08:05 406412                     /var/cache/fontconfig/6a53c69dea097a2d716e069445527da8-le64.cache-3
7f58d4af3000-7f58d4af9000 r--s 00000000 08:05 401859                     /var/cache/fontconfig/a755afe4a08bf5b97852ceb7400b47bc-le64.cache-3
7f58d4af9000-7f58d4aff000 r--s 00000000 08:05 409105                     /var/cache/fontconfig/515ca1ebc4b18308bea979be5704f9db-le64.cache-3
7f58d4aff000-7f58d4b08000 r--s 00000000 08:05 392133                     /var/cache/fontconfig/6d41288fd70b0be22e8c3a91e032eec0-le64.cache-3
7f58d4b08000-7f58d4b18000 r--s 00000000 08:05 401858                     /var/cache/fontconfig/0f34bcd4b6ee430af32735b75db7f02b-le64.cache-3
7f58d4b18000-7f58d4b1b000 r--s 00000000 08:05 391081                     /var/cache/fontconfig/d60319d88cac85ba9e1a07bd06cfbb8c-le64.cache-3
7f58d4b1b000-7f58d4b49000 r--s 00000000 08:05 409148                     /var/cache/fontconfig/365b55f210c0a22e9a19e35191240f32-le64.cache-3
7f58d4b49000-7f58d4b59000 r--s 00000000 08:05 401856                     /var/cache/fontconfig/d52a8644073d54c13679302ca1180695-le64.cache-3
7f58d4b59000-7f58d4b61000 r--s 00000000 08:05 409104                     /var/cache/fontconfig/153bb866d4d26e7cd19eee2129f8d8d2-le64.cache-3
7f58d4b61000-7f58d4b6c000 r--s 00000000 08:05 415954                     /var/cache/fontconfig/e13b20fdb08344e0e664864cc2ede53d-le64.cache-3
7f58d4b6c000-7f58d4b6e000 r--s 00000000 08:06 1101681                    /home/jan/.fontconfig/fdd828a2a2357ac8b98d53d4cb73097a-le64.cache-3
7f58d4b6e000-7f58d4b75000 r--s 00000000 08:06 1101680                    /home/jan/.fontconfig/c58ff9086ba60478c195bf0f61b530df-le64.cache-3
7f58d4b75000-7f58d4b7f000 r--s 00000000 08:06 1101674                    /home/jan/.fontconfig/a0bf83b7801ad605140a17cf4b414547-le64.cache-3
7f58d4b7f000-7f58d4b85000 r--s 00000000 08:06 1101679                    /home/jan/.fontconfig/7d1d196625a4c3b5318df9a7bec9bc41-le64.cache-3
7f58d4b85000-7f58d4b87000 r--s 00000000 08:06 1101678                    /home/jan/.fontconfig/790146cae801f5c845d56d242e982308-le64.cache-3
7f58d4b87000-7f58d4b8c000 r--s 00000000 08:06 1101677                    /home/jan/.fontconfig/2c10c25a20897452413a494958b84a05-le64.cache-3
7f58d4b8c000-7f58d4b8e000 r--s 00000000 08:06 1101676                    /home/jan/.fontconfig/01b316c23635a1c7ad41860d9ab7ba59-le64.cache-3
7f58d4b8e000-7f58d4b90000 r--s 00000000 08:06 1101675                    /home/jan/.fontconfig/e252e6067bf5dc9e40fb95b17b621584-le64.cache-3
7f58d4b90000-7f58d4b9f000 r--s 00000000 08:06 1101673                    /home/jan/.fontconfig/51d0fb7e55acffd31d6a8c7c8c7f60fb-le64.cache-3
7f58d4b9f000-7f58d4ba4000 r--s 00000000 08:06 1101672                    /home/jan/.fontconfig/6302c9f5be1e12898d22d23c35392af9-le64.cache-3
7f58d4ba4000-7f58d4ba6000 r--s 00000000 08:06 1101671                    /home/jan/.fontconfig/954bf4103e945093a32831c95ead4df7-le64.cache-3
7f58d4ba6000-7f58d4ba8000 r--s 00000000 08:06 1101670                    /home/jan/.fontconfig/6c2573209480b8f33065f885e21aa27e-le64.cache-3
7f58d4ba8000-7f58d4baa000 r--s 00000000 08:06 1101669                    /home/jan/.fontconfig/2ce2f901d9e1b21e31b84cb10642e71d-le64.cache-3
7f58d4baa000-7f58d4bad000 r--s 00000000 08:06 1101668                    /home/jan/.fontconfig/e1de9b0e4af91a7731cd98de6ce2d572-le64.cache-3
7f58d4bad000-7f58d4bb7000 r--s 00000000 08:06 1101667                    /home/jan/.fontconfig/2bcd93200fc0f5d4f6eeced75af2d533-le64.cache-3
7f58d4bb7000-7f58d4bba000 r--s 00000000 08:06 1101666                    /home/jan/.fontconfig/8adc0da6e22e3e72a145efb7377d06bd-le64.cache-3
7f58d4bba000-7f58d4bcb000 r--s 00000000 08:06 1101665                    /home/jan/.fontconfig/edd89c71be7950017624cf56be471bae-le64.cache-3
7f58d4bcb000-7f58d4bd7000 r--s 00000000 08:06 1101664                    /home/jan/.fontconfig/39d620b8dfbf4bd2ea5f64f511994d5f-le64.cache-3
7f58d4bd7000-7f58d4bd8000 rw-s 18a276000 00:05 8138                      /dev/nvidia0
7f58d4bd8000-7f58d4be1000 r-xp 00000000 08:05 787710                     /usr/lib/x86_64-linux-gnu/libXcursor.so.1.0.2
7f58d4be1000-7f58d4de0000 ---p 00009000 08:05 787710                     /usr/lib/x86_64-linux-gnu/libXcursor.so.1.0.2
7f58d4de0000-7f58d4de1000 r--p 00008000 08:05 787710                     /usr/lib/x86_64-linux-gnu/libXcursor.so.1.0.2
7f58d4de1000-7f58d4de2000 rw-p 00009000 08:05 787710                     /usr/lib/x86_64-linux-gnu/libXcursor.so.1.0.2
7f58d4de2000-7f58d4de3000 rw-s 6f0b0000 00:05 8138                       /dev/nvidia0
7f58d4de3000-7f58d4def000 r--s 00000000 08:06 1101662                    /home/jan/.fontconfig/eb6d1a21532c7d5178ca66d9443d4aef-le64.cache-3
7f58d4def000-7f58d4df3000 r--s 00000000 08:05 409147                     /var/cache/fontconfig/7ef2298fde41cc6eeb7af42e48b7d293-le64.cache-3
7f58d4df3000-7f58d4e07000 r--s 00000000 08:05 415953                     /var/cache/fontconfig/865f88548240fee46819705c6468c165-le64.cache-3
7f58d4e07000-7f58d4e0e000 r--s 000fb000 08:05 831009                     /usr/lib/jvm/java-6-openjdk/jre/lib/resources.jar
7f58d4e0e000-7f58d4e1a000 r--s 00000000 08:06 1101662                    /home/jan/.fontconfig/eb6d1a21532c7d5178ca66d9443d4aef-le64.cache-3
7f58d4e1a000-7f58d4e1e000 r--s 00000000 08:05 409147                     /var/cache/fontconfig/7ef2298fde41cc6eeb7af42e48b7d293-le64.cache-3
7f58d4e1e000-7f58d4e32000 r--s 00000000 08:05 415953                     /var/cache/fontconfig/865f88548240fee46819705c6468c165-le64.cache-3
7f58d4e32000-7f58d4e35000 ---p 00000000 00:00 0 
7f58d4e35000-7f58d4f33000 rw-p 00000000 00:00 0 
7f58d4f33000-7f58d4fc5000 r-xp 00000000 08:05 785496                     /usr/lib/x86_64-linux-gnu/libfreetype.so.6.6.2
7f58d4fc5000-7f58d51c4000 ---p 00092000 08:05 785496                     /usr/lib/x86_64-linux-gnu/libfreetype.so.6.6.2
7f58d51c4000-7f58d51ca000 r--p 00091000 08:05 785496                     /usr/lib/x86_64-linux-gnu/libfreetype.so.6.6.2
7f58d51ca000-7f58d51cb000 rw-p 00097000 08:05 785496                     /usr/lib/x86_64-linux-gnu/libfreetype.so.6.6.2
7f58d51cb000-7f58d5204000 r-xp 00000000 08:05 831037                     /usr/lib/jvm/java-6-openjdk/jre/lib/amd64/libfontmanager.so
7f58d5204000-7f58d5404000 ---p 00039000 08:05 831037                     /usr/lib/jvm/java-6-openjdk/jre/lib/amd64/libfontmanager.so
7f58d5404000-7f58d5406000 r--p 00039000 08:05 831037                     /usr/lib/jvm/java-6-openjdk/jre/lib/amd64/libfontmanager.so
7f58d5406000-7f58d5407000 rw-p 0003b000 08:05 831037                     /usr/lib/jvm/java-6-openjdk/jre/lib/amd64/libfontmanager.so
7f58d5407000-7f58d5416000 r-xp 00000000 08:05 786739                     /usr/lib/x86_64-linux-gnu/libXi.so.6.1.0
7f58d5416000-7f58d5615000 ---p 0000f000 08:05 786739                     /usr/lib/x86_64-linux-gnu/libXi.so.6.1.0
7f58d5615000-7f58d5616000 r--p 0000e000 08:05 786739                     /usr/lib/x86_64-linux-gnu/libXi.so.6.1.0
7f58d5616000-7f58d5617000 rw-p 0000f000 08:05 786739                     /usr/lib/x86_64-linux-gnu/libXi.so.6.1.0
7f58d5617000-7f58d561c000 r-xp 00000000 08:05 787919                     /usr/lib/libXtst.so.6.1.0
7f58d561c000-7f58d581b000 ---p 00005000 08:05 787919                     /usr/lib/libXtst.so.6.1.0
7f58d581b000-7f58d581c000 r--p 00004000 08:05 787919                     /usr/lib/libXtst.so.6.1.0
7f58d581c000-7f58d581d000 rw-p 00005000 08:05 787919                     /usr/lib/libXtst.so.6.1.0
7f58d581d000-7f58d5826000 r-xp 00000000 08:05 787047                     /usr/lib/x86_64-linux-gnu/libXrender.so.1.3.0
7f58d5826000-7f58d5a26000 ---p 00009000 08:05 787047                     /usr/lib/x86_64-linux-gnu/libXrender.so.1.3.0
7f58d5a26000-7f58d5a27000 r--p 00009000 08:05 787047                     /usr/lib/x86_64-linux-gnu/libXrender.so.1.3.0
7f58d5a27000-7f58d5a28000 rw-p 0000a000 08:05 787047                     /usr/lib/x86_64-linux-gnu/libXrender.so.1.3.0
7f58d5a28000-7f58d5a73000 r-xp 00000000 08:05 787706                     /usr/lib/jvm/java-6-openjdk/jre/lib/amd64/xawt/libmawt.so
7f58d5a73000-7f58d5c73000 ---p 0004b000 08:05 787706                     /usr/lib/jvm/java-6-openjdk/jre/lib/amd64/xawt/libmawt.so
7f58d5c73000-7f58d5c74000 r--p 0004b000 08:05 787706                     /usr/lib/jvm/java-6-openjdk/jre/lib/amd64/xawt/libmawt.so
7f58d5c74000-7f58d5c77000 rw-p 0004c000 08:05 787706                     /usr/lib/jvm/java-6-openjdk/jre/lib/amd64/xawt/libmawt.so
7f58d5c77000-7f58d5c78000 rw-p 00000000 00:00 0 
7f58d5c78000-7f58d5d24000 r-xp 00000000 08:05 831046                     /usr/lib/jvm/java-6-openjdk/jre/lib/amd64/libawt.so
7f58d5d24000-7f58d5f23000 ---p 000ac000 08:05 831046                     /usr/lib/jvm/java-6-openjdk/jre/lib/amd64/libawt.so
7f58d5f23000-7f58d5f24000 r--p 000ab000 08:05 831046                     /usr/lib/jvm/java-6-openjdk/jre/lib/amd64/libawt.so
7f58d5f24000-7f58d5f2f000 rw-p 000ac000 08:05 831046                     /usr/lib/jvm/java-6-openjdk/jre/lib/amd64/libawt.so
7f58d5f2f000-7f58d5f54000 rw-p 00000000 00:00 0 
7f58d5f54000-7f58d5f59000 r-xp 00000000 08:05 787913                     /usr/lib/x86_64-linux-gnu/libXdmcp.so.6.0.0
7f58d5f59000-7f58d6158000 ---p 00005000 08:05 787913                     /usr/lib/x86_64-linux-gnu/libXdmcp.so.6.0.0
7f58d6158000-7f58d6159000 r--p 00004000 08:05 787913                     /usr/lib/x86_64-linux-gnu/libXdmcp.so.6.0.0
7f58d6159000-7f58d615a000 rw-p 00005000 08:05 787913                     /usr/lib/x86_64-linux-gnu/libXdmcp.so.6.0.0
7f58d615a000-7f58d615c000 r-xp 00000000 08:05 787911                     /usr/lib/x86_64-linux-gnu/libXau.so.6.0.0
7f58d615c000-7f58d635b000 ---p 00002000 08:05 787911                     /usr/lib/x86_64-linux-gnu/libXau.so.6.0.0
7f58d635b000-7f58d635c000 r--p 00001000 08:05 787911                     /usr/lib/x86_64-linux-gnu/libXau.so.6.0.0
7f58d635c000-7f58d635d000 rw-p 00002000 08:05 787911                     /usr/lib/x86_64-linux-gnu/libXau.so.6.0.0
7f58d635d000-7f58d636f000 r-xp 00000000 08:05 787917                     /usr/lib/x86_64-linux-gnu/libXext.so.6.4.0
7f58d636f000-7f58d656e000 ---p 00012000 08:05 787917                     /usr/lib/x86_64-linux-gnu/libXext.so.6.4.0
7f58d656e000-7f58d656f000 r--p 00011000 08:05 787917                     /usr/lib/x86_64-linux-gnu/libXext.so.6.4.0
7f58d656f000-7f58d6570000 rw-p 00012000 08:05 787917                     /usr/lib/x86_64-linux-gnu/libXext.so.6.4.0
7f58d6570000-7f58d658b000 r-xp 00000000 08:05 787915                     /usr/lib/x86_64-linux-gnu/libxcb.so.1.1.0
7f58d658b000-7f58d678a000 ---p 0001b000 08:05 787915                     /usr/lib/x86_64-linux-gnu/libxcb.so.1.1.0
7f58d678a000-7f58d678b000 r--p 0001a000 08:05 787915                     /usr/lib/x86_64-linux-gnu/libxcb.so.1.1.0
7f58d678b000-7f58d678c000 rw-p 0001b000 08:05 787915                     /usr/lib/x86_64-linux-gnu/libxcb.so.1.1.0
7f58d678c000-7f58d678e000 r-xp 00000000 08:05 788461                     /usr/lib/x86_64-linux-gnu/libXinerama.so.1.0.0
7f58d678e000-7f58d698d000 ---p 00002000 08:05 788461                     /usr/lib/x86_64-linux-gnu/libXinerama.so.1.0.0
7f58d698d000-7f58d698e000 r--p 00001000 08:05 788461                     /usr/lib/x86_64-linux-gnu/libXinerama.so.1.0.0
7f58d698e000-7f58d698f000 rw-p 00002000 08:05 788461                     /usr/lib/x86_64-linux-gnu/libXinerama.so.1.0.0
7f58d698f000-7f58d6994000 r-xp 00000000 08:05 788230                     /usr/lib/x86_64-linux-gnu/libXxf86vm.so.1.0.0
7f58d6994000-7f58d6b93000 ---p 00005000 08:05 788230                     /usr/lib/x86_64-linux-gnu/libXxf86vm.so.1.0.0
7f58d6b93000-7f58d6b94000 r--p 00004000 08:05 788230                     /usr/lib/x86_64-linux-gnu/libXxf86vm.so.1.0.0
7f58d6b94000-7f58d6b95000 rw-p 00005000 08:05 788230                     /usr/lib/x86_64-linux-gnu/libXxf86vm.so.1.0.0
7f58d6b95000-7f58d6cc8000 r-xp 00000000 08:05 785324                     /usr/lib/x86_64-linux-gnu/libX11.so.6.3.0
7f58d6cc8000-7f58d6ec8000 ---p 00133000 08:05 785324                     /usr/lib/x86_64-linux-gnu/libX11.so.6.3.0
7f58d6ec8000-7f58d6ec9000 r--p 00133000 08:05 785324                     /usr/lib/x86_64-linux-gnu/libX11.so.6.3.0
7f58d6ec9000-7f58d6ecd000 rw-p 00134000 08:05 785324                     /usr/lib/x86_64-linux-gnu/libX11.so.6.3.0
7f58d6ecd000-7f58d6ece000 rw-s fd060000 00:05 8138                       /dev/nvidia0
7f58d6ece000-7f58d6eda000 r--s 00000000 08:06 1101662                    /home/jan/.fontconfig/eb6d1a21532c7d5178ca66d9443d4aef-le64.cache-3
7f58d6eda000-7f58d6ede000 r--s 00000000 08:05 409147                     /var/cache/fontconfig/7ef2298fde41cc6eeb7af42e48b7d293-le64.cache-3
7f58d6ede000-7f58d6ef2000 r--s 00000000 08:05 415953                     /var/cache/fontconfig/865f88548240fee46819705c6468c165-le64.cache-3
7f58d6ef2000-7f58d6ef7000 r-xp 00000000 08:06 267447                     /home/jan/development/projects/YogularmInfinite/desktop/lib/jogl/linux-amd64/libnativewindow_x11.so
7f58d6ef7000-7f58d70f6000 ---p 00005000 08:06 267447                     /home/jan/development/projects/YogularmInfinite/desktop/lib/jogl/linux-amd64/libnativewindow_x11.so
7f58d70f6000-7f58d70f7000 r--p 00004000 08:06 267447                     /home/jan/development/projects/YogularmInfinite/desktop/lib/jogl/linux-amd64/libnativewindow_x11.so
7f58d70f7000-7f58d70f8000 rw-p 00005000 08:06 267447                     /home/jan/development/projects/YogularmInfinite/desktop/lib/jogl/linux-amd64/libnativewindow_x11.so
7f58d70f8000-7f58d70f9000 r-xp 00000000 08:06 267442                     /home/jan/development/projects/YogularmInfinite/desktop/lib/jogl/linux-amd64/libgluegen-rt.so
7f58d70f9000-7f58d72f9000 ---p 00001000 08:06 267442                     /home/jan/development/projects/YogularmInfinite/desktop/lib/jogl/linux-amd64/libgluegen-rt.so
7f58d72f9000-7f58d72fa000 r--p 00001000 08:06 267442                     /home/jan/development/projects/YogularmInfinite/desktop/lib/jogl/linux-amd64/libgluegen-rt.so
7f58d72fa000-7f58d72fb000 rw-p 00002000 08:06 267442                     /home/jan/development/projects/YogularmInfinite/desktop/lib/jogl/linux-amd64/libgluegen-rt.so
7f58d72fb000-7f58d72fe000 r--s 00018000 08:06 267422                     /home/jan/development/projects/YogularmInfinite/desktop/lib/jogl/jar/gluegen-rt.jar
7f58d72fe000-7f58d7302000 r--s 00028000 08:06 267440                     /home/jan/development/projects/YogularmInfinite/desktop/lib/jogl/jar/newt.all.jar
7f58d7302000-7f58d7306000 r--s 0001c000 08:06 267434                     /home/jan/development/projects/YogularmInfinite/desktop/lib/jogl/jar/nativewindow.all.jar
7f58d7306000-7f58d7307000 ---p 00000000 00:00 0 
7f58d7307000-7f58d7407000 rw-p 00000000 00:00 0 
7f58d7407000-7f58d740a000 ---p 00000000 00:00 0 
7f58d740a000-7f58d7508000 rw-p 00000000 00:00 0 
7f58d7508000-7f58d750b000 ---p 00000000 00:00 0 
7f58d750b000-7f58d7609000 rw-p 00000000 00:00 0 
7f58d7609000-7f58d760c000 ---p 00000000 00:00 0 
7f58d760c000-7f58d770a000 rw-p 00000000 00:00 0 
7f58d770a000-7f58d770d000 ---p 00000000 00:00 0 
7f58d770d000-7f58d780b000 rw-p 00000000 00:00 0 
7f58d780b000-7f58d780e000 ---p 00000000 00:00 0 
7f58d780e000-7f58d790c000 rw-p 00000000 00:00 0 
7f58d790c000-7f58d790f000 ---p 00000000 00:00 0 
7f58d790f000-7f58d7a0d000 rw-p 00000000 00:00 0 
7f58d7a0d000-7f58d7a11000 r-xp 00000000 08:05 831018                     /usr/lib/jvm/java-6-openjdk/jre/lib/amd64/libdt_socket.so
7f58d7a11000-7f58d7c10000 ---p 00004000 08:05 831018                     /usr/lib/jvm/java-6-openjdk/jre/lib/amd64/libdt_socket.so
7f58d7c10000-7f58d7c11000 r--p 00003000 08:05 831018                     /usr/lib/jvm/java-6-openjdk/jre/lib/amd64/libdt_socket.so
7f58d7c11000-7f58d7c12000 rw-p 00004000 08:05 831018                     /usr/lib/jvm/java-6-openjdk/jre/lib/amd64/libdt_socket.so
7f58d7c12000-7f58d7c15000 ---p 00000000 00:00 0 
7f58d7c15000-7f58d7d13000 rw-p 00000000 00:00 0 
7f58d7d13000-7f58d7d16000 ---p 00000000 00:00 0 
7f58d7d16000-7f58d7e14000 rw-p 00000000 00:00 0 
7f58d7e14000-7f58d7e17000 ---p 00000000 00:00 0 
7f58d7e17000-7f58d7f15000 rw-p 00000000 00:00 0 
7f58d7f15000-7f58d7f16000 ---p 00000000 00:00 0 
7f58d7f16000-7f58d834c000 rw-p 00000000 00:00 0 
7f58d834c000-7f58d84dc000 r--s 037ba000 08:05 831054                     /usr/lib/jvm/java-6-openjdk/jre/lib/rt.jar
7f58d84dc000-7f58d8504000 rw-p 00000000 00:00 0 
7f58d8504000-7f58d8505000 ---p 00000000 00:00 0 
7f58d8505000-7f58d8605000 rw-p 00000000 00:00 0 
7f58d8605000-7f58d8606000 ---p 00000000 00:00 0 
7f58d8606000-7f58d8713000 rw-p 00000000 00:00 0 
7f58d8713000-7f58d8759000 rw-p 00000000 00:00 0 
7f58d8759000-7f58d8779000 rw-p 00000000 00:00 0 
7f58d8779000-7f58d894c000 rw-p 00000000 00:00 0 
7f58d894c000-7f58d8959000 rw-p 00000000 00:00 0 
7f58d8959000-7f58d899f000 rw-p 00000000 00:00 0 
7f58d899f000-7f58d89bf000 rw-p 00000000 00:00 0 
7f58d89bf000-7f58d8b91000 rw-p 00000000 00:00 0 
7f58d8b91000-7f58d8b95000 rw-p 00000000 00:00 0 
7f58d8b95000-7f58d8bad000 ---p 00000000 00:00 0 
7f58d8bad000-7f58d8c8b000 rw-p 00000000 00:00 0 
7f58d8c8b000-7f58d8c8c000 rw-p 00000000 00:00 0 
7f58d8c8c000-7f58d8f9c000 rwxp 00000000 00:00 0 
7f58d8f9c000-7f58dbc8c000 rw-p 00000000 00:00 0 
7f58dbc8c000-7f58dbc93000 r-xp 00000000 08:05 831041                     /usr/lib/jvm/java-6-openjdk/jre/lib/amd64/libzip.so
7f58dbc93000-7f58dbe92000 ---p 00007000 08:05 831041                     /usr/lib/jvm/java-6-openjdk/jre/lib/amd64/libzip.so
7f58dbe92000-7f58dbe93000 r--p 00006000 08:05 831041                     /usr/lib/jvm/java-6-openjdk/jre/lib/amd64/libzip.so
7f58dbe93000-7f58dbe94000 rw-p 00007000 08:05 831041                     /usr/lib/jvm/java-6-openjdk/jre/lib/amd64/libzip.so
7f58dbe94000-7f58dbea0000 r-xp 00000000 08:05 651983                     /lib/x86_64-linux-gnu/libnss_files-2.13.so
7f58dbea0000-7f58dc09f000 ---p 0000c000 08:05 651983                     /lib/x86_64-linux-gnu/libnss_files-2.13.so
7f58dc09f000-7f58dc0a0000 r--p 0000b000 08:05 651983                     /lib/x86_64-linux-gnu/libnss_files-2.13.so
7f58dc0a0000-7f58dc0a1000 rw-p 0000c000 08:05 651983                     /lib/x86_64-linux-gnu/libnss_files-2.13.so
7f58dc0a1000-7f58dc0ab000 r-xp 00000000 08:05 651985                     /lib/x86_64-linux-gnu/libnss_nis-2.13.so
7f58dc0ab000-7f58dc2ab000 ---p 0000a000 08:05 651985                     /lib/x86_64-linux-gnu/libnss_nis-2.13.so
7f58dc2ab000-7f58dc2ac000 r--p 0000a000 08:05 651985                     /lib/x86_64-linux-gnu/libnss_nis-2.13.so
7f58dc2ac000-7f58dc2ad000 rw-p 0000b000 08:05 651985                     /lib/x86_64-linux-gnu/libnss_nis-2.13.so
7f58dc2ad000-7f58dc2c4000 r-xp 00000000 08:05 651980                     /lib/x86_64-linux-gnu/libnsl-2.13.so
7f58dc2c4000-7f58dc4c3000 ---p 00017000 08:05 651980                     /lib/x86_64-linux-gnu/libnsl-2.13.so
7f58dc4c3000-7f58dc4c4000 r--p 00016000 08:05 651980                     /lib/x86_64-linux-gnu/libnsl-2.13.so
7f58dc4c4000-7f58dc4c5000 rw-p 00017000 08:05 651980                     /lib/x86_64-linux-gnu/libnsl-2.13.so
7f58dc4c5000-7f58dc4c7000 rw-p 00000000 00:00 0 
7f58dc4c7000-7f58dc4cf000 r-xp 00000000 08:05 651981                     /lib/x86_64-linux-gnu/libnss_compat-2.13.so
7f58dc4cf000-7f58dc6ce000 ---p 00008000 08:05 651981                     /lib/x86_64-linux-gnu/libnss_compat-2.13.so
7f58dc6ce000-7f58dc6cf000 r--p 00007000 08:05 651981                     /lib/x86_64-linux-gnu/libnss_compat-2.13.so
7f58dc6cf000-7f58dc6d0000 rw-p 00008000 08:05 651981                     /lib/x86_64-linux-gnu/libnss_compat-2.13.so
7f58dc6d0000-7f58dcd79000 r--p 00000000 08:05 790710                     /usr/lib/locale/locale-archive
7f58dcd79000-7f58dcd7c000 r-xp 00000000 08:05 831033                     /usr/lib/jvm/java-6-openjdk/jre/lib/amd64/libnpt.so
7f58dcd7c000-7f58dcf7b000 ---p 00003000 08:05 831033                     /usr/lib/jvm/java-6-openjdk/jre/lib/amd64/libnpt.so
7f58dcf7b000-7f58dcf7c000 r--p 00002000 08:05 831033                     /usr/lib/jvm/java-6-openjdk/jre/lib/amd64/libnpt.so
7f58dcf7c000-7f58dcf7d000 rw-p 00003000 08:05 831033                     /usr/lib/jvm/java-6-openjdk/jre/lib/amd64/libnpt.so
7f58dcf7d000-7f58dcfb7000 r-xp 00000000 08:05 831032                     /usr/lib/jvm/java-6-openjdk/jre/lib/amd64/libjdwp.so
7f58dcfb7000-7f58dd1b6000 ---p 0003a000 08:05 831032                     /usr/lib/jvm/java-6-openjdk/jre/lib/amd64/libjdwp.so
7f58dd1b6000-7f58dd1b7000 r--p 00039000 08:05 831032                     /usr/lib/jvm/java-6-openjdk/jre/lib/amd64/libjdwp.so
7f58dd1b7000-7f58dd1b8000 rw-p 0003a000 08:05 831032                     /usr/lib/jvm/java-6-openjdk/jre/lib/amd64/libjdwp.so
7f58dd1b8000-7f58dd1e4000 r-xp 00000000 08:05 831040                     /usr/lib/jvm/java-6-openjdk/jre/lib/amd64/libjava.so
7f58dd1e4000-7f58dd3e3000 ---p 0002c000 08:05 831040                     /usr/lib/jvm/java-6-openjdk/jre/lib/amd64/libjava.so
7f58dd3e3000-7f58dd3e4000 r--p 0002b000 08:05 831040                     /usr/lib/jvm/java-6-openjdk/jre/lib/amd64/libjava.so
7f58dd3e4000-7f58dd3e7000 rw-p 0002c000 08:05 831040                     /usr/lib/jvm/java-6-openjdk/jre/lib/amd64/libjava.so
7f58dd3e7000-7f58dd3f5000 r-xp 00000000 08:05 831026                     /usr/lib/jvm/java-6-openjdk/jre/lib/amd64/libverify.so
7f58dd3f5000-7f58dd5f4000 ---p 0000e000 08:05 831026                     /usr/lib/jvm/java-6-openjdk/jre/lib/amd64/libverify.so
7f58dd5f4000-7f58dd5f6000 r--p 0000d000 08:05 831026                     /usr/lib/jvm/java-6-openjdk/jre/lib/amd64/libverify.so
7f58dd5f6000-7f58dd5f7000 rw-p 0000f000 08:05 831026                     /usr/lib/jvm/java-6-openjdk/jre/lib/amd64/libverify.so
7f58dd5f7000-7f58dd5fe000 r-xp 00000000 08:05 651990                     /lib/x86_64-linux-gnu/librt-2.13.so
7f58dd5fe000-7f58dd7fd000 ---p 00007000 08:05 651990                     /lib/x86_64-linux-gnu/librt-2.13.so
7f58dd7fd000-7f58dd7fe000 r--p 00006000 08:05 651990                     /lib/x86_64-linux-gnu/librt-2.13.so
7f58dd7fe000-7f58dd7ff000 rw-p 00007000 08:05 651990                     /lib/x86_64-linux-gnu/librt-2.13.so
7f58dd7ff000-7f58dd814000 r-xp 00000000 08:05 655924                     /lib/x86_64-linux-gnu/libgcc_s.so.1
7f58dd814000-7f58dda13000 ---p 00015000 08:05 655924                     /lib/x86_64-linux-gnu/libgcc_s.so.1
7f58dda13000-7f58dda14000 r--p 00014000 08:05 655924                     /lib/x86_64-linux-gnu/libgcc_s.so.1
7f58dda14000-7f58dda15000 rw-p 00015000 08:05 655924                     /lib/x86_64-linux-gnu/libgcc_s.so.1
7f58dda15000-7f58dda98000 r-xp 00000000 08:05 651978                     /lib/x86_64-linux-gnu/libm-2.13.so
7f58dda98000-7f58ddc97000 ---p 00083000 08:05 651978                     /lib/x86_64-linux-gnu/libm-2.13.so
7f58ddc97000-7f58ddc98000 r--p 00082000 08:05 651978                     /lib/x86_64-linux-gnu/libm-2.13.so
7f58ddc98000-7f58ddc99000 rw-p 00083000 08:05 651978                     /lib/x86_64-linux-gnu/libm-2.13.so
7f58ddc99000-7f58ddd81000 r-xp 00000000 08:05 784919                     /usr/lib/x86_64-linux-gnu/libstdc++.so.6.0.16
7f58ddd81000-7f58ddf81000 ---p 000e8000 08:05 784919                     /usr/lib/x86_64-linux-gnu/libstdc++.so.6.0.16
7f58ddf81000-7f58ddf89000 r--p 000e8000 08:05 784919                     /usr/lib/x86_64-linux-gnu/libstdc++.so.6.0.16
7f58ddf89000-7f58ddf8b000 rw-p 000f0000 08:05 784919                     /usr/lib/x86_64-linux-gnu/libstdc++.so.6.0.16
7f58ddf8b000-7f58ddfa0000 rw-p 00000000 00:00 0 
7f58ddfa0000-7f58de8a3000 r-xp 00000000 08:05 831043                     /usr/lib/jvm/java-6-openjdk/jre/lib/amd64/server/libjvm.so
7f58de8a3000-7f58deaa2000 ---p 00903000 08:05 831043                     /usr/lib/jvm/java-6-openjdk/jre/lib/amd64/server/libjvm.so
7f58deaa2000-7f58deb23000 r--p 00902000 08:05 831043                     /usr/lib/jvm/java-6-openjdk/jre/lib/amd64/server/libjvm.so
7f58deb23000-7f58deb3e000 rw-p 00983000 08:05 831043                     /usr/lib/jvm/java-6-openjdk/jre/lib/amd64/server/libjvm.so
7f58deb3e000-7f58deb67000 rw-p 00000000 00:00 0 
7f58deb67000-7f58deb7e000 r-xp 00000000 08:05 656017                     /lib/x86_64-linux-gnu/libz.so.1.2.3.4
7f58deb7e000-7f58ded7d000 ---p 00017000 08:05 656017                     /lib/x86_64-linux-gnu/libz.so.1.2.3.4
7f58ded7d000-7f58ded7e000 r--p 00016000 08:05 656017                     /lib/x86_64-linux-gnu/libz.so.1.2.3.4
7f58ded7e000-7f58ded7f000 rw-p 00017000 08:05 656017                     /lib/x86_64-linux-gnu/libz.so.1.2.3.4
7f58ded7f000-7f58def16000 r-xp 00000000 08:05 651974                     /lib/x86_64-linux-gnu/libc-2.13.so
7f58def16000-7f58df115000 ---p 00197000 08:05 651974                     /lib/x86_64-linux-gnu/libc-2.13.so
7f58df115000-7f58df119000 r--p 00196000 08:05 651974                     /lib/x86_64-linux-gnu/libc-2.13.so
7f58df119000-7f58df11a000 rw-p 0019a000 08:05 651974                     /lib/x86_64-linux-gnu/libc-2.13.so
7f58df11a000-7f58df120000 rw-p 00000000 00:00 0 
7f58df120000-7f58df122000 r-xp 00000000 08:05 651977                     /lib/x86_64-linux-gnu/libdl-2.13.so
7f58df122000-7f58df322000 ---p 00002000 08:05 651977                     /lib/x86_64-linux-gnu/libdl-2.13.so
7f58df322000-7f58df323000 r--p 00002000 08:05 651977                     /lib/x86_64-linux-gnu/libdl-2.13.so
7f58df323000-7f58df324000 rw-p 00003000 08:05 651977                     /lib/x86_64-linux-gnu/libdl-2.13.so
7f58df324000-7f58df328000 r-xp 00000000 08:05 831024                     /usr/lib/jvm/java-6-openjdk/jre/lib/amd64/jli/libjli.so
7f58df328000-7f58df527000 ---p 00004000 08:05 831024                     /usr/lib/jvm/java-6-openjdk/jre/lib/amd64/jli/libjli.so
7f58df527000-7f58df528000 r--p 00003000 08:05 831024                     /usr/lib/jvm/java-6-openjdk/jre/lib/amd64/jli/libjli.so
7f58df528000-7f58df529000 rw-p 00004000 08:05 831024                     /usr/lib/jvm/java-6-openjdk/jre/lib/amd64/jli/libjli.so
7f58df529000-7f58df541000 r-xp 00000000 08:05 651988                     /lib/x86_64-linux-gnu/libpthread-2.13.so
7f58df541000-7f58df740000 ---p 00018000 08:05 651988                     /lib/x86_64-linux-gnu/libpthread-2.13.so
7f58df740000-7f58df741000 r--p 00017000 08:05 651988                     /lib/x86_64-linux-gnu/libpthread-2.13.so
7f58df741000-7f58df742000 rw-p 00018000 08:05 651988                     /lib/x86_64-linux-gnu/libpthread-2.13.so
7f58df742000-7f58df746000 rw-p 00000000 00:00 0 
7f58df746000-7f58df767000 r-xp 00000000 08:05 651969                     /lib/x86_64-linux-gnu/ld-2.13.so
7f58df767000-7f58df768000 r--s 00000000 08:05 396779                     /var/cache/fontconfig/4794a0821666d79190d59a36cb4f44b5-le64.cache-3
7f58df768000-7f58df769000 r--p 00000000 00:00 0 
7f58df769000-7f58df76c000 r--s 0007d000 08:05 831005                     /usr/lib/jvm/java-6-openjdk/jre/lib/jsse.jar
7f58df76c000-7f58df779000 r--s 00242000 08:06 267428                     /home/jan/development/projects/YogularmInfinite/desktop/lib/jogl/jar/jogl.all.jar
7f58df779000-7f58df786000 rw-p 00000000 00:00 0 
7f58df786000-7f58df839000 rw-p 00000000 00:00 0 
7f58df839000-7f58df83c000 ---p 00000000 00:00 0 
7f58df83c000-7f58df93f000 rw-p 00000000 00:00 0 
7f58df93f000-7f58df940000 r--s 00000000 08:05 396779                     /var/cache/fontconfig/4794a0821666d79190d59a36cb4f44b5-le64.cache-3
7f58df940000-7f58df941000 r--s 00000000 08:05 396779                     /var/cache/fontconfig/4794a0821666d79190d59a36cb4f44b5-le64.cache-3
7f58df941000-7f58df945000 r--s 00028000 08:06 917705                     /home/jan/development/projects/YogularmInfinite/common/lib/gson/gson-2.1.jar
7f58df945000-7f58df947000 r--s 00007000 08:05 931157                     /usr/share/java/hamcrest-core-1.1.jar
7f58df947000-7f58df949000 r--s 00007000 08:05 931157                     /usr/share/java/hamcrest-core-1.1.jar
7f58df949000-7f58df950000 r--s 00030000 08:05 931165                     /usr/share/java/junit4-4.8.2.jar
7f58df950000-7f58df952000 r--s 0000f000 08:05 830994                     /usr/lib/jvm/java-6-openjdk/jre/lib/ext/pulse-java.jar
7f58df952000-7f58df95a000 r--s 00066000 08:05 930814                     /usr/share/java/gnome-java-bridge.jar
7f58df95a000-7f58df962000 rw-s 00000000 08:05 669173                     /tmp/hsperfdata_jan/17556
7f58df962000-7f58df963000 rw-p 00000000 00:00 0 
7f58df963000-7f58df964000 r--p 00000000 00:00 0 
7f58df964000-7f58df966000 rw-p 00000000 00:00 0 
7f58df966000-7f58df967000 r--p 00020000 08:05 651969                     /lib/x86_64-linux-gnu/ld-2.13.so
7f58df967000-7f58df969000 rw-p 00021000 08:05 651969                     /lib/x86_64-linux-gnu/ld-2.13.so
7fffe627a000-7fffe629b000 rw-p 00000000 00:00 0                          [stack]
7fffe6380000-7fffe6381000 r-xp 00000000 00:00 0                          [vdso]
ffffffffff600000-ffffffffff601000 r-xp 00000000 00:00 0                  [vsyscall]
ffffffffff600000-ffffffffff601000 r-xp 00000000 00:00 0                  [vsyscall]

VM Arguments:
jvm_args: -agentlib:jdwp=transport=dt_socket,suspend=y,address=localhost:50658 -Djava.library.path=/home/jan/development/projects/YogularmInfinite/desktop/lib/jogl/windows-amd64:/home/jan/development/projects/YogularmInfinite/desktop/lib/jogl/linux-amd64 -Dfile.encoding=UTF-8 
java_command: de.yogularm.desktop.SwingLauncher
Launcher Type: SUN_STANDARD

Environment Variables:
JAVA_HOME=/usr/lib/jvm/java-6-openjdk
CLASSPATH=.:/usr/lib/jvm/java-6-openjdk/bin:/usr/share/tomcat7/lib/servlet-api.jar:/usr/share/tomcat7/lib/tomcat-coyote.jar:/usr/share/tomcat7/lib/tomcat-util.jar:/usr/share/tomcat7/bin/tomcat-juli.jar
PATH=/usr/local/sbin:/usr/local/bin:/usr/sbin:/usr/bin:/sbin:/bin:/usr/games
LD_LIBRARY_PATH=/usr/lib/jvm/java-6-openjdk/jre/lib/amd64/server:/usr/lib/jvm/java-6-openjdk/jre/lib/amd64:/usr/lib/jvm/java-6-openjdk/jre/../lib/amd64
SHELL=/bin/bash
DISPLAY=:0

Signal Handlers:
SIGSEGV: [libjvm.so+0x783e60], sa_mask[0]=0x7ffbfeff, sa_flags=0x10000004
SIGBUS: [libjvm.so+0x783e60], sa_mask[0]=0x7ffbfeff, sa_flags=0x10000004
SIGFPE: [libjvm.so+0x6485c0], sa_mask[0]=0x7ffbfeff, sa_flags=0x10000004
SIGPIPE: [libjvm.so+0x6485c0], sa_mask[0]=0x7ffbfeff, sa_flags=0x10000004
SIGXFSZ: [libjvm.so+0x6485c0], sa_mask[0]=0x7ffbfeff, sa_flags=0x10000004
SIGILL: [libjvm.so+0x6485c0], sa_mask[0]=0x7ffbfeff, sa_flags=0x10000004
SIGUSR1: SIG_DFL, sa_mask[0]=0x00000000, sa_flags=0x00000000
SIGUSR2: [libjvm.so+0x648770], sa_mask[0]=0x00000004, sa_flags=0x10000004
SIGHUP: [libjvm.so+0x64b280], sa_mask[0]=0x7ffbfeff, sa_flags=0x10000004
SIGINT: [libjvm.so+0x64b280], sa_mask[0]=0x7ffbfeff, sa_flags=0x10000004
SIGTERM: [libjvm.so+0x64b280], sa_mask[0]=0x7ffbfeff, sa_flags=0x10000004
SIGQUIT: [libjvm.so+0x64b280], sa_mask[0]=0x7ffbfeff, sa_flags=0x10000004


---------------  S Y S T E M  ---------------

OS:Ubuntu 11.10 (oneiric)
uname:Linux 3.0.0-17-generic #30-Ubuntu SMP Thu Mar 8 20:45:39 UTC 2012 x86_64
libc:glibc 2.13 NPTL 2.13 
rlimit: STACK 8192k, CORE 0k, NPROC 47157, NOFILE 4096, AS infinity
load average:0.12 0.16 0.22

/proc/meminfo:
MemTotal:        6125608 kB
MemFree:          526632 kB
Buffers:         1264788 kB
Cached:          1394244 kB
SwapCached:            0 kB
Active:          3488068 kB
Inactive:        1577076 kB
Active(anon):    2406880 kB
Inactive(anon):    47768 kB
Active(file):    1081188 kB
Inactive(file):  1529308 kB
Unevictable:           0 kB
Mlocked:               0 kB
SwapTotal:       8396796 kB
SwapFree:        8396796 kB
Dirty:               200 kB
Writeback:             0 kB
AnonPages:       2406176 kB
Mapped:           281240 kB
Shmem:             48544 kB
Slab:             353852 kB
SReclaimable:     216676 kB
SUnreclaim:       137176 kB
KernelStack:        4368 kB
PageTables:        40052 kB
NFS_Unstable:          0 kB
Bounce:                0 kB
WritebackTmp:          0 kB
CommitLimit:    11459600 kB
Committed_AS:    5145764 kB
VmallocTotal:   34359738367 kB
VmallocUsed:      341584 kB
VmallocChunk:   34359393780 kB
HardwareCorrupted:     0 kB
AnonHugePages:         0 kB
HugePages_Total:       0
HugePages_Free:        0
HugePages_Rsvd:        0
HugePages_Surp:        0
Hugepagesize:       2048 kB
DirectMap4k:      141056 kB
DirectMap2M:     6150144 kB


CPU:total 2 (2 cores per cpu, 1 threads per core) family 15 model 107 stepping 2, cmov, cx8, fxsr, mmx, sse, sse2, sse3, mmxext, 3dnow, 3dnowext

Memory: 4k page, physical 6125608k(526632k free), swap 8396796k(8396796k free)

vm_info: OpenJDK 64-Bit Server VM (20.0-b11) for linux-amd64 JRE (1.6.0_23-b23), built on Feb 23 2012 05:39:46 by "buildd" with gcc 4.6.1

time: Mon Apr  2 00:18:46 2012
elapsed time: 793 seconds

