#
# A fatal error has been detected by the Java Runtime Environment:
#
#  SIGSEGV (0xb) at pc=0x00007f5af555adfa, pid=18260, tid=140028648990464
#
# JRE version: 6.0_23-b23
# Java VM: OpenJDK 64-Bit Server VM (20.0-b11 mixed mode linux-amd64 compressed oops)
# Derivative: IcedTea6 1.11pre
# Distribution: Ubuntu 11.10, package 6b23~pre11-0ubuntu1.11.10.2
# Problematic frame:
# C  [libGL.so.1+0x7cdfa]  glXCreateWindow+0xb5ea
#
# If you would like to submit a bug report, please include
# instructions how to reproduce the bug and visit:
#   https://bugs.launchpad.net/ubuntu/+source/openjdk-6/
# The crash happened outside the Java Virtual Machine in native code.
# See problematic frame for where to report the bug.
#

---------------  T H R E A D  ---------------

Current thread (0x00007f5af0311000):  JavaThread "AWT-EventQueue-0" [_thread_in_native, id=18296, stack(0x00007f5af5d1a000,0x00007f5af5e1b000)]

siginfo:si_signo=SIGSEGV: si_errno=0, si_code=1 (SEGV_MAPERR), si_addr=0x0000000040e5b000

Registers:
RAX=0x0000000040e5b000, RBX=0x0000000000000000, RCX=0x0000000000000001, RDX=0x00007f5af0184001
RSP=0x00007f5af5e189f0, RBP=0x00007f5af04088a8, RSI=0x00007f5af57d83e0, RDI=0x00007f5af57bc020
R8 =0x00007f5af57d91a0, R9 =0x0000000000004778, R10=0x00007f5afa5a1a6e, R11=0x0000000000000206
R12=0x00007f5af57bc020, R13=0x00007f5af0029280, R14=0x00007f5af5559250, R15=0x0000000005a00011
RIP=0x00007f5af555adfa, EFLAGS=0x0000000000010202, CSGSFS=0x0000000000000033, ERR=0x0000000000000004
  TRAPNO=0x000000000000000e

Top of Stack: (sp=0x00007f5af5e189f0)
0x00007f5af5e189f0:   00007f5af5e18a60 00000001985f9dd8
0x00007f5af5e18a00:   0000000005a00011 00007f5afa3e08da
0x00007f5af5e18a10:   0000000100000001 0000000000000000
0x00007f5af5e18a20:   00000000e13f3480 00000000e13f3480
0x00007f5af5e18a30:   00000000e13f3470 00007f5af5e18a38
0x00007f5af5e18a40:   0000000099395872 00007f5af5e18a90
0x00007f5af5e18a50:   0000000099397e10 0000000099b63688
0x00007f5af5e18a60:   0000000099395880 0000000005a00011
0x00007f5af5e18a70:   00007f5af5e18af0 0000000000000000
0x00007f5af5e18a80:   00007f5af5e18bd8 00007f5af5e18b38
0x00007f5af5e18a90:   00007f5af0311000 00007f5af4e9b3c1
0x00007f5af5e18aa0:   00007f5af04088a8 0000000005a00011
0x00007f5af5e18ab0:   0000000005a00011 00007f5af0029280
0x00007f5af5e18ac0:   00007f5af5e18b38 00007f5af03111d0
0x00007f5af5e18ad0:   00007f5af554c6d0 000000009860ced8
0x00007f5af5e18ae0:   00007f5af5e18b10 0000000098c87348
0x00007f5af5e18af0:   00007f5af5e18b50 00007f5afa5a1ae8
0x00007f5af5e18b00:   00007f5af554c6d0 0000000000000000
0x00007f5af5e18b10:   00007f5af5e18b30 00007f5af86435da
0x00007f5af5e18b20:   0000000100000001 00007f5af03111d0
0x00007f5af5e18b30:   00007f5af5e18b60 0000000098ca9658
0x00007f5af5e18b40:   00000000a39e3340 00007f01f5e18b01
0x00007f5af5e18b50:   00000000982392d0 00007f5afa5ac444
0x00007f5af5e18b60:   00000000a39e3670 00007f5af0029280
0x00007f5af5e18b70:   0000000005a00011 0000000005a00011
0x00007f5af5e18b80:   00007f5af04088a8 00007f5af5e18bb0
0x00007f5af5e18b90:   00007f5af5e18c00 00007f5afa3e09a9
0x00007f5af5e18ba0:   0000000098610c40 00007f5af554c6d0
0x00007f5af5e18bb0:   00000000986109c8 00007f5afa59225c
0x00007f5af5e18bc0:   00007f5af5e18c60 00007f5afa3e0b02
0x00007f5af5e18bd0:   00007f5afa3e0b02 00007f5af04088a8
0x00007f5af5e18be0:   00007f5af5e18c60 0000000005a00011 

Instructions: (pc=0x00007f5af555adfa)
0x00007f5af555adda:   8b 8d 7c 09 00 00 85 c9 0f 95 c2 4d 85 ff 0f 95
0x00007f5af555adea:   c0 84 c2 74 21 48 8b 85 c0 09 00 00 48 8b 40 40
0x00007f5af555adfa:   48 8b 00 f7 80 54 f7 03 00 00 00 01 5e 0f 85 92
0x00007f5af555ae0a:   04 00 00 0f 1f 00 4d 85 f6 0f 84 67 01 00 00 31 

Register to memory mapping:

RAX=0x0000000040e5b000 is an unknown value
RBX=0x0000000000000000 is an unknown value
RCX=0x0000000000000001 is an unknown value
RDX=0x00007f5af0184001 is an unknown value
RSP=0x00007f5af5e189f0 is pointing into the stack for thread: 0x00007f5af0311000
RBP=0x00007f5af04088a8 is an unknown value
RSI=0x00007f5af57d83e0: <offset 0x2fa3e0> in /usr/lib/nvidia-current/libGL.so.1 at 0x00007f5af54de000
RDI=0x00007f5af57bc020: <offset 0x2de020> in /usr/lib/nvidia-current/libGL.so.1 at 0x00007f5af54de000
R8 =0x00007f5af57d91a0: <offset 0x2fb1a0> in /usr/lib/nvidia-current/libGL.so.1 at 0x00007f5af54de000
R9 =0x0000000000004778 is an unknown value
R10=0x00007f5afa5a1890 [CodeBlob (0x00007f5afa5a1890)]
Framesize: 12
R11=0x0000000000000206 is an unknown value
R12=0x00007f5af57bc020: <offset 0x2de020> in /usr/lib/nvidia-current/libGL.so.1 at 0x00007f5af54de000
R13=0x00007f5af0029280 is an unknown value
R14=0x00007f5af5559250: <offset 0x7b250> in /usr/lib/nvidia-current/libGL.so.1 at 0x00007f5af54de000
R15=0x0000000005a00011 is an unknown value


Stack: [0x00007f5af5d1a000,0x00007f5af5e1b000],  sp=0x00007f5af5e189f0,  free space=1018k
Native frames: (J=compiled Java code, j=interpreted, Vv=VM code, C=native code)
C  [libGL.so.1+0x7cdfa]  glXCreateWindow+0xb5ea

Java frames: (J=compiled Java code, j=interpreted, Vv=VM code)
J  jogamp.opengl.x11.glx.GLX.dispatch_glXMakeContextCurrent1(JJJJJ)Z
J  jogamp.opengl.x11.glx.X11GLXContext.glXMakeContextCurrent(JJJJ)Z
j  jogamp.opengl.x11.glx.X11GLXContext.makeCurrentImpl(Z)V+49
j  jogamp.opengl.GLContextImpl.makeCurrentLocking()I+259
j  jogamp.opengl.GLContextImpl.makeCurrent()I+106
j  jogamp.opengl.GLDrawableHelper.invokeGL(Ljavax/media/opengl/GLDrawable;Ljavax/media/opengl/GLContext;Ljava/lang/Runnable;Ljava/lang/Runnable;)V+147
j  javax.media.opengl.awt.GLCanvas$DisplayOnEventDispatchThreadAction.run()V+35
j  java.awt.event.InvocationEvent.dispatch()V+11
j  java.awt.EventQueue.dispatchEventImpl(Ljava/awt/AWTEvent;Ljava/lang/Object;)V+21
j  java.awt.EventQueue.access$000(Ljava/awt/EventQueue;Ljava/awt/AWTEvent;Ljava/lang/Object;)V+3
j  java.awt.EventQueue$1.run()Ljava/lang/Void;+12
j  java.awt.EventQueue$1.run()Ljava/lang/Object;+1
v  ~StubRoutines::call_stub
j  java.security.AccessController.doPrivileged(Ljava/security/PrivilegedAction;Ljava/security/AccessControlContext;)Ljava/lang/Object;+0
J  java.awt.EventDispatchThread.pumpOneEventForFilters(I)Z
j  java.awt.EventDispatchThread.pumpEventsForFilter(ILjava/awt/Conditional;Ljava/awt/EventFilter;)V+30
j  java.awt.EventDispatchThread.pumpEventsForHierarchy(ILjava/awt/Conditional;Ljava/awt/Component;)V+11
j  java.awt.EventDispatchThread.pumpEvents(ILjava/awt/Conditional;)V+4
j  java.awt.EventDispatchThread.pumpEvents(Ljava/awt/Conditional;)V+3
j  java.awt.EventDispatchThread.run()V+9
v  ~StubRoutines::call_stub

---------------  P R O C E S S  ---------------

Java Threads: ( => current thread )
  0x00000000026a9000 JavaThread "Thread-5" [_thread_in_native, id=18311, stack(0x00007f5aec7b5000,0x00007f5aec8b6000)]
  0x00007f5af09c5800 JavaThread "Thread-4" [_thread_blocked, id=18305, stack(0x00007f5af44b0000,0x00007f5af45b1000)]
  0x00007f5af00d0000 JavaThread "TimerQueue" daemon [_thread_blocked, id=18301, stack(0x00007f5af4267000,0x00007f5af4368000)]
  0x000000000208b800 JavaThread "DestroyJavaVM" [_thread_blocked, id=18261, stack(0x00007f5b00f88000,0x00007f5b01089000)]
  0x0000000002557000 JavaThread "Timer-0" [_thread_blocked, id=18300, stack(0x00007f5af4166000,0x00007f5af4267000)]
=>0x00007f5af0311000 JavaThread "AWT-EventQueue-0" [_thread_in_native, id=18296, stack(0x00007f5af5d1a000,0x00007f5af5e1b000)]
  0x00007f5af0310000 JavaThread "AWT-Shutdown" [_thread_blocked, id=18295, stack(0x00007f5af5814000,0x00007f5af5915000)]
  0x00007f5af0177000 JavaThread "main-SharedResourceRunner" daemon [_thread_blocked, id=18294, stack(0x00007f5af53dd000,0x00007f5af54de000)]
  0x00007f5af0110000 JavaThread "AWT-XAWT" daemon [_thread_blocked, id=18287, stack(0x00007f5af6125000,0x00007f5af6226000)]
  0x00007f5af0045000 JavaThread "Java2D Disposer" daemon [_thread_blocked, id=18286, stack(0x00007f5af6581000,0x00007f5af6682000)]
  0x0000000002143000 JavaThread "Low Memory Detector" daemon [_thread_blocked, id=18282, stack(0x00007f5af8b56000,0x00007f5af8c57000)]
  0x000000000213e800 JavaThread "C2 CompilerThread1" daemon [_thread_blocked, id=18281, stack(0x00007f5af8c57000,0x00007f5af8d58000)]
  0x000000000213c000 JavaThread "C2 CompilerThread0" daemon [_thread_blocked, id=18280, stack(0x00007f5af8d58000,0x00007f5af8e59000)]
  0x000000000212a800 JavaThread "JDWP Event Helper Thread" daemon [_thread_blocked, id=18277, stack(0x00007f5af8f5a000,0x00007f5af905b000)]
  0x0000000002127000 JavaThread "JDWP Transport Listener: dt_socket" daemon [_thread_in_native, id=18274, stack(0x00007f5af905b000,0x00007f5af915c000)]
  0x000000000211b800 JavaThread "Signal Dispatcher" daemon [_thread_blocked, id=18272, stack(0x00007f5af9361000,0x00007f5af9462000)]
  0x00000000020f8000 JavaThread "Finalizer" daemon [_thread_blocked, id=18271, stack(0x00007f5af9462000,0x00007f5af9563000)]
  0x00000000020f6000 JavaThread "Reference Handler" daemon [_thread_blocked, id=18270, stack(0x00007f5af9563000,0x00007f5af9664000)]

Other Threads:
  0x00000000020ef000 VMThread [stack: 0x00007f5af9664000,0x00007f5af9765000] [id=18269]
  0x0000000002145800 WatcherThread [stack: 0x00007f5af8a55000,0x00007f5af8b56000] [id=18283]

VM state:not at safepoint (normal execution)

VM Mutex/Monitor currently owned by a thread:  ([mutex/lock_event])
[0x0000000002088130] Threads_lock - owner thread: 0x0000000002743800

Heap
 PSYoungGen      total 27776K, used 7734K [0x00000000e0d60000, 0x00000000e3200000, 0x0000000100000000)
  eden space 19456K, 39% used [0x00000000e0d60000,0x00000000e14dd928,0x00000000e2060000)
  from space 8320K, 0% used [0x00000000e29e0000,0x00000000e29f0000,0x00000000e3200000)
  to   space 9024K, 0% used [0x00000000e2060000,0x00000000e2060000,0x00000000e2930000)
 PSOldGen        total 63872K, used 21601K [0x00000000a2800000, 0x00000000a6660000, 0x00000000e0d60000)
  object space 63872K, 33% used [0x00000000a2800000,0x00000000a3d18558,0x00000000a6660000)
 PSPermGen       total 26560K, used 26081K [0x0000000098200000, 0x0000000099bf0000, 0x00000000a2800000)
  object space 26560K, 98% used [0x0000000098200000,0x0000000099b78520,0x0000000099bf0000)

Code Cache  [0x00007f5afa3db000, 0x00007f5afa64b000, 0x00007f5afd3db000)
 total_blobs=1276 nmethods=470 adapters=768 free_code_cache=48338112 largest_free_block=12352

Dynamic libraries:
00400000-00409000 r-xp 00000000 08:05 821807                             /usr/lib/jvm/java-6-openjdk/jre/bin/java
00608000-00609000 r--p 00008000 08:05 821807                             /usr/lib/jvm/java-6-openjdk/jre/bin/java
00609000-0060a000 rw-p 00009000 08:05 821807                             /usr/lib/jvm/java-6-openjdk/jre/bin/java
0207e000-032b7000 rw-p 00000000 00:00 0                                  [heap]
98200000-99bf0000 rw-p 00000000 00:00 0 
99bf0000-a2800000 rw-p 00000000 00:00 0 
a2800000-a6660000 rw-p 00000000 00:00 0 
a6660000-e0d60000 rw-p 00000000 00:00 0 
e0d60000-e3200000 rw-p 00000000 00:00 0 
e3200000-e43e0000 ---p 00000000 00:00 0 
e43e0000-100000000 rw-p 00000000 00:00 0 
7f5aec7b5000-7f5aec7b8000 ---p 00000000 00:00 0 
7f5aec7b8000-7f5aec8b6000 rw-p 00000000 00:00 0 
7f5aec8b6000-7f5aec8c9000 r--s 00000000 08:05 9443                       /usr/share/fonts/type1/gsfonts/n019064l.pfb
7f5aec8c9000-7f5aec8e4000 r--s 00000000 08:05 9473                       /usr/share/fonts/type1/gsfonts/p052004l.pfb
7f5aec8e4000-7f5aec8ff000 r--s 00000000 08:05 9470                       /usr/share/fonts/type1/gsfonts/p052003l.pfb
7f5aec8ff000-7f5aec908000 r--s 00000000 08:05 9482                       /usr/share/fonts/type1/gsfonts/s050000l.pfb
7f5aec908000-7f5aec91a000 r--s 00000000 08:05 9434                       /usr/share/fonts/type1/gsfonts/n019043l.pfb
7f5aec91a000-7f5aec931000 r--s 00000000 08:05 9485                       /usr/share/fonts/type1/gsfonts/z003034l.pfb
7f5aec931000-7f5aec949000 r--s 00000000 08:05 9458                       /usr/share/fonts/type1/gsfonts/n022003l.pfb
7f5aec949000-7f5aec95d000 r--s 00000000 08:05 9422                       /usr/share/fonts/type1/gsfonts/n019003l.pfb
7f5aec95d000-7f5aec96d000 r--s 00000000 08:05 9386                       /usr/share/fonts/type1/gsfonts/a010015l.pfb
7f5aec96d000-7f5aec97e000 r--s 00000000 08:05 9392                       /usr/share/fonts/type1/gsfonts/a010035l.pfb
7f5aec97e000-7f5aec999000 r--s 00000000 08:05 9410                       /usr/share/fonts/type1/gsfonts/c059016l.pfb
7f5aec999000-7f5aec9b5000 r--s 00000000 08:05 9479                       /usr/share/fonts/type1/gsfonts/p052024l.pfb
7f5aec9b5000-7f5aec9cb000 r--s 00000000 08:05 9467                       /usr/share/fonts/type1/gsfonts/n022024l.pfb
7f5aec9cb000-7f5aec9e4000 r--s 00000000 08:05 9461                       /usr/share/fonts/type1/gsfonts/n022004l.pfb
7f5aec9e4000-7f5aec9f9000 r--s 00000000 08:05 9401                       /usr/share/fonts/type1/gsfonts/b018032l.pfb
7f5aec9f9000-7f5aeca12000 r--s 00000000 08:05 9449                       /usr/share/fonts/type1/gsfonts/n021004l.pfb
7f5aeca12000-7f5aeca28000 r--s 00000000 08:05 9455                       /usr/share/fonts/type1/gsfonts/n021024l.pfb
7f5aeca28000-7f5aeca39000 r--s 00000000 08:05 9440                       /usr/share/fonts/type1/gsfonts/n019063l.pfb
7f5aeca39000-7f5aeca4b000 r--s 00000000 08:05 9404                       /usr/share/fonts/type1/gsfonts/b018035l.pfb
7f5aeca4b000-7f5aeca64000 r--s 00000000 08:05 9395                       /usr/share/fonts/type1/gsfonts/b018012l.pfb
7f5aeca64000-7f5aeca75000 r--s 00000000 08:05 9428                       /usr/share/fonts/type1/gsfonts/n019023l.pfb
7f5aeca75000-7f5aeca87000 r--s 00000000 08:05 9437                       /usr/share/fonts/type1/gsfonts/n019044l.pfb
7f5aeca87000-7f5aeca97000 r--s 00000000 08:05 9383                       /usr/share/fonts/type1/gsfonts/a010013l.pfb
7f5aeca97000-7f5aecab1000 r--s 00000000 08:05 9407                       /usr/share/fonts/type1/gsfonts/c059013l.pfb
7f5aecab1000-7f5aecac9000 r--s 00000000 08:05 9413                       /usr/share/fonts/type1/gsfonts/c059033l.pfb
7f5aecac9000-7f5aecadc000 r--s 00000000 08:05 9398                       /usr/share/fonts/type1/gsfonts/b018015l.pfb
7f5aecadc000-7f5aecaee000 r--s 00000000 08:05 9425                       /usr/share/fonts/type1/gsfonts/n019004l.pfb
7f5aecaee000-7f5aecafa000 r--s 00000000 08:05 9419                       /usr/share/fonts/type1/gsfonts/d050000l.pfb
7f5aecafa000-7f5aecb0a000 r--s 00000000 08:05 9389                       /usr/share/fonts/type1/gsfonts/a010033l.pfb
7f5aecb0a000-7f5aecb20000 r--s 00000000 08:05 9464                       /usr/share/fonts/type1/gsfonts/n022023l.pfb
7f5aecb20000-7f5aecb31000 r--s 00000000 08:05 9431                       /usr/share/fonts/type1/gsfonts/n019024l.pfb
7f5aecb31000-7f5aecb4c000 r--s 00000000 08:05 9476                       /usr/share/fonts/type1/gsfonts/p052023l.pfb
7f5aecb4c000-7f5aecb64000 r--s 00000000 08:05 9416                       /usr/share/fonts/type1/gsfonts/c059036l.pfb
7f5aecb64000-7f5aecb6d000 r--s 00000000 08:05 920243                     /usr/share/fonts/X11/Type1/c0648bt_.pfb
7f5aecb6d000-7f5aecb76000 r--s 00000000 08:05 920245                     /usr/share/fonts/X11/Type1/c0649bt_.pfb
7f5aecb94000-7f5aecb9d000 r--s 00000000 08:05 920241                     /usr/share/fonts/X11/Type1/c0633bt_.pfb
7f5aecb9d000-7f5aecba6000 r--s 00000000 08:05 920239                     /usr/share/fonts/X11/Type1/c0632bt_.pfb
7f5aecbb0000-7f5aecbba000 r--s 00000000 08:05 9488                       /usr/share/fonts/type1/mathml/Symbol.pfb
7f5aecbba000-7f5aecbd2000 r--s 00000000 08:05 834794                     /usr/share/texmf/fonts/type1/public/lm/lmss8.pfb
7f5aecbd2000-7f5aecbd9000 r--s 00000000 08:05 834812                     /usr/share/texmf/fonts/type1/public/lm/lmsy7.pfb
7f5aecbfa000-7f5aecc18000 r--s 00000000 08:05 834832                     /usr/share/texmf/fonts/type1/public/lm/lmvtl10.pfb
7f5aecc18000-7f5aecc33000 r--s 00000000 08:05 834803                     /usr/share/texmf/fonts/type1/public/lm/lmsso8.pfb
7f5aecc33000-7f5aecc4b000 r--s 00000000 08:05 834795                     /usr/share/texmf/fonts/type1/public/lm/lmss9.pfb
7f5aecc68000-7f5aecc8a000 r--s 00000000 08:05 834757                     /usr/share/texmf/fonts/type1/public/lm/lmbxo10.pfb
7f5aecc8a000-7f5aecca4000 r--s 00000000 08:05 834819                     /usr/share/texmf/fonts/type1/public/lm/lmtl10.pfb
7f5aecca4000-7f5aeccac000 r--s 00000000 08:05 834769                     /usr/share/texmf/fonts/type1/public/lm/lmmi9.pfb
7f5aeccec000-7f5aecd0d000 r--s 00000000 08:05 834786                     /usr/share/texmf/fonts/type1/public/lm/lmro10.pfb
7f5aecd0d000-7f5aecd2f000 r--s 00000000 08:05 834790                     /usr/share/texmf/fonts/type1/public/lm/lmro9.pfb
7f5aecd2f000-7f5aecd4e000 r--s 00000000 08:05 834752                     /usr/share/texmf/fonts/type1/public/lm/lmbx6.pfb
7f5aecd4e000-7f5aecd56000 r--s 00000000 08:05 834767                     /usr/share/texmf/fonts/type1/public/lm/lmmi7.pfb
7f5aecd56000-7f5aecd5d000 r--s 00000000 08:05 834810                     /usr/share/texmf/fonts/type1/public/lm/lmsy5.pfb
7f5aecd5d000-7f5aecd78000 r--s 00000000 08:05 834785                     /usr/share/texmf/fonts/type1/public/lm/lmri9.pfb
7f5aecd78000-7f5aecd93000 r--s 00000000 08:05 834804                     /usr/share/texmf/fonts/type1/public/lm/lmsso9.pfb
7f5aecd93000-7f5aecdb2000 r--s 00000000 08:05 834755                     /usr/share/texmf/fonts/type1/public/lm/lmbx9.pfb
7f5aecdb2000-7f5aecdba000 r--s 00000000 08:05 834765                     /usr/share/texmf/fonts/type1/public/lm/lmmi5.pfb
7f5aecdba000-7f5aecdc2000 r--s 00000000 08:05 834764                     /usr/share/texmf/fonts/type1/public/lm/lmmi12.pfb
7f5aecdc2000-7f5aecdda000 r--s 00000000 08:05 834791                     /usr/share/texmf/fonts/type1/public/lm/lmss10.pfb
7f5aecdda000-7f5aecde1000 r--s 00000000 08:05 834813                     /usr/share/texmf/fonts/type1/public/lm/lmsy8.pfb
7f5aecde1000-7f5aece00000 r--s 00000000 08:05 834822                     /usr/share/texmf/fonts/type1/public/lm/lmtlo10.pfb
7f5aece00000-7f5aece1f000 r--s 00000000 08:05 834830                     /usr/share/texmf/fonts/type1/public/lm/lmvtk10.pfb
7f5aece1f000-7f5aece3b000 r--s 00000000 08:05 834783                     /usr/share/texmf/fonts/type1/public/lm/lmri7.pfb
7f5aece3b000-7f5aece5b000 r--s 00000000 08:05 834816                     /usr/share/texmf/fonts/type1/public/lm/lmtcso10.pfb
7f5aece5b000-7f5aece76000 r--s 00000000 08:05 834802                     /usr/share/texmf/fonts/type1/public/lm/lmsso17.pfb
7f5aece76000-7f5aece8e000 r--s 00000000 08:05 834793                     /usr/share/texmf/fonts/type1/public/lm/lmss17.pfb
7f5aece8e000-7f5aecead000 r--s 00000000 08:05 834806                     /usr/share/texmf/fonts/type1/public/lm/lmssqbo8.pfb
7f5aecead000-7f5aececa000 r--s 00000000 08:05 834807                     /usr/share/texmf/fonts/type1/public/lm/lmssqbx8.pfb
7f5aecee6000-7f5aecf0b000 r--s 00000000 08:05 834831                     /usr/share/texmf/fonts/type1/public/lm/lmvtko10.pfb
7f5aecf0b000-7f5aecf13000 r--s 00000000 08:05 834763                     /usr/share/texmf/fonts/type1/public/lm/lmmi10.pfb
7f5aecf13000-7f5aecf2f000 r--s 00000000 08:05 834781                     /usr/share/texmf/fonts/type1/public/lm/lmri10.pfb
7f5aecf36000-7f5aecf52000 r--s 00000000 08:05 834823                     /usr/share/texmf/fonts/type1/public/lm/lmtt10.pfb
7f5aecf52000-7f5aecf74000 r--s 00000000 08:05 834745                     /usr/share/texmf/fonts/type1/public/lm/lmbo10.pfb
7f5aecf74000-7f5aecf7c000 r--s 00000000 08:05 834747                     /usr/share/texmf/fonts/type1/public/lm/lmbsy5.pfb
7f5aecf7c000-7f5aecf9a000 r--s 00000000 08:05 834775                     /usr/share/texmf/fonts/type1/public/lm/lmr17.pfb
7f5aecf9a000-7f5aecfb7000 r--s 00000000 08:05 834750                     /usr/share/texmf/fonts/type1/public/lm/lmbx12.pfb
7f5aecfb7000-7f5aecfd2000 r--s 00000000 08:05 834815                     /usr/share/texmf/fonts/type1/public/lm/lmtcsc10.pfb
7f5aecfd2000-7f5aecfda000 r--s 00000000 08:05 834748                     /usr/share/texmf/fonts/type1/public/lm/lmbsy7.pfb
7f5aecfda000-7f5aecff5000 r--s 00000000 08:05 834824                     /usr/share/texmf/fonts/type1/public/lm/lmtt12.pfb
7f5aecff5000-7f5aecffc000 r--s 00000000 08:05 834809                     /usr/share/texmf/fonts/type1/public/lm/lmsy10.pfb
7f5aed01b000-7f5aed037000 r--s 00000000 08:05 834756                     /usr/share/texmf/fonts/type1/public/lm/lmbxi10.pfb
7f5aed037000-7f5aed054000 r--s 00000000 08:05 834825                     /usr/share/texmf/fonts/type1/public/lm/lmtt8.pfb
7f5aed07d000-7f5aed09b000 r--s 00000000 08:05 834780                     /usr/share/texmf/fonts/type1/public/lm/lmr9.pfb
7f5aed09b000-7f5aed0b8000 r--s 00000000 08:05 834817                     /usr/share/texmf/fonts/type1/public/lm/lmtk10.pfb
7f5aed0b8000-7f5aed0d7000 r--s 00000000 08:05 834787                     /usr/share/texmf/fonts/type1/public/lm/lmro12.pfb
7f5aed0d7000-7f5aed0f3000 r--s 00000000 08:05 834774                     /usr/share/texmf/fonts/type1/public/lm/lmr12.pfb
7f5aed0f3000-7f5aed115000 r--s 00000000 08:05 834796                     /usr/share/texmf/fonts/type1/public/lm/lmssbo10.pfb
7f5aed115000-7f5aed130000 r--s 00000000 08:05 834800                     /usr/share/texmf/fonts/type1/public/lm/lmsso10.pfb
7f5aed130000-7f5aed14b000 r--s 00000000 08:05 834782                     /usr/share/texmf/fonts/type1/public/lm/lmri12.pfb
7f5aed14b000-7f5aed16f000 r--s 00000000 08:05 834761                     /usr/share/texmf/fonts/type1/public/lm/lmduno10.pfb
7f5aed16f000-7f5aed18e000 r--s 00000000 08:05 834760                     /usr/share/texmf/fonts/type1/public/lm/lmdunh10.pfb
7f5aed18e000-7f5aed1a9000 r--s 00000000 08:05 834826                     /usr/share/texmf/fonts/type1/public/lm/lmtt9.pfb
7f5aed1a9000-7f5aed1ca000 r--s 00000000 08:05 834789                     /usr/share/texmf/fonts/type1/public/lm/lmro8.pfb
7f5aed1ca000-7f5aed1e8000 r--s 00000000 08:05 834776                     /usr/share/texmf/fonts/type1/public/lm/lmr5.pfb
7f5aed1e8000-7f5aed1ef000 r--s 00000000 08:05 834746                     /usr/share/texmf/fonts/type1/public/lm/lmbsy10.pfb
7f5aed1ef000-7f5aed20f000 r--s 00000000 08:05 834808                     /usr/share/texmf/fonts/type1/public/lm/lmssqo8.pfb
7f5aed20f000-7f5aed217000 r--s 00000000 08:05 834771                     /usr/share/texmf/fonts/type1/public/lm/lmmib5.pfb
7f5aed217000-7f5aed236000 r--s 00000000 08:05 834744                     /usr/share/texmf/fonts/type1/public/lm/lmb10.pfb
7f5aed236000-7f5aed254000 r--s 00000000 08:05 834749                     /usr/share/texmf/fonts/type1/public/lm/lmbx10.pfb
7f5aed254000-7f5aed271000 r--s 00000000 08:05 834751                     /usr/share/texmf/fonts/type1/public/lm/lmbx5.pfb
7f5aed271000-7f5aed290000 r--s 00000000 08:05 834777                     /usr/share/texmf/fonts/type1/public/lm/lmr6.pfb
7f5aed290000-7f5aed2ad000 r--s 00000000 08:05 834805                     /usr/share/texmf/fonts/type1/public/lm/lmssq8.pfb
7f5aed2cb000-7f5aed2e6000 r--s 00000000 08:05 834801                     /usr/share/texmf/fonts/type1/public/lm/lmsso12.pfb
7f5aed2e6000-7f5aed307000 r--s 00000000 08:05 834835                     /usr/share/texmf/fonts/type1/public/lm/lmvtto10.pfb
7f5aed307000-7f5aed328000 r--s 00000000 08:05 834788                     /usr/share/texmf/fonts/type1/public/lm/lmro17.pfb
7f5aed328000-7f5aed346000 r--s 00000000 08:05 834773                     /usr/share/texmf/fonts/type1/public/lm/lmr10.pfb
7f5aed346000-7f5aed368000 r--s 00000000 08:05 834833                     /usr/share/texmf/fonts/type1/public/lm/lmvtlo10.pfb
7f5aed368000-7f5aed370000 r-xp 00000000 08:05 831019                     /usr/lib/jvm/java-6-openjdk/jre/lib/amd64/libnio.so
7f5aed370000-7f5aed56f000 ---p 00008000 08:05 831019                     /usr/lib/jvm/java-6-openjdk/jre/lib/amd64/libnio.so
7f5aed56f000-7f5aed570000 r--p 00007000 08:05 831019                     /usr/lib/jvm/java-6-openjdk/jre/lib/amd64/libnio.so
7f5aed570000-7f5aed571000 rw-p 00008000 08:05 831019                     /usr/lib/jvm/java-6-openjdk/jre/lib/amd64/libnio.so
7f5aed571000-7f5aed586000 r-xp 00000000 08:05 831027                     /usr/lib/jvm/java-6-openjdk/jre/lib/amd64/libnet.so
7f5aed586000-7f5aed785000 ---p 00015000 08:05 831027                     /usr/lib/jvm/java-6-openjdk/jre/lib/amd64/libnet.so
7f5aed785000-7f5aed786000 r--p 00014000 08:05 831027                     /usr/lib/jvm/java-6-openjdk/jre/lib/amd64/libnet.so
7f5aed786000-7f5aed787000 rw-p 00015000 08:05 831027                     /usr/lib/jvm/java-6-openjdk/jre/lib/amd64/libnet.so
7f5aed787000-7f5aed887000 rw-s 586b1000 00:05 8138                       /dev/nvidia0
7f5aed887000-7f5aed987000 rw-s 65426000 00:05 8138                       /dev/nvidia0
7f5aed987000-7f5aed98a000 ---p 00000000 00:00 0 
7f5aed98a000-7f5aeda88000 rw-p 00000000 00:00 0 
7f5aeda88000-7f5aeda92000 r-xp 00000000 08:05 831045                     /usr/lib/jvm/java-6-openjdk/jre/lib/amd64/libjpeg.so
7f5aeda92000-7f5aedc91000 ---p 0000a000 08:05 831045                     /usr/lib/jvm/java-6-openjdk/jre/lib/amd64/libjpeg.so
7f5aedc91000-7f5aedc92000 r--p 00009000 08:05 831045                     /usr/lib/jvm/java-6-openjdk/jre/lib/amd64/libjpeg.so
7f5aedc92000-7f5aedc93000 rw-p 0000a000 08:05 831045                     /usr/lib/jvm/java-6-openjdk/jre/lib/amd64/libjpeg.so
7f5aedc93000-7f5aedcc5000 r-xp 00000000 08:05 831030                     /usr/lib/jvm/java-6-openjdk/jre/lib/amd64/liblcms.so
7f5aedcc5000-7f5aedec4000 ---p 00032000 08:05 831030                     /usr/lib/jvm/java-6-openjdk/jre/lib/amd64/liblcms.so
7f5aedec4000-7f5aedec5000 r--p 00031000 08:05 831030                     /usr/lib/jvm/java-6-openjdk/jre/lib/amd64/liblcms.so
7f5aedec5000-7f5aedec6000 rw-p 00032000 08:05 831030                     /usr/lib/jvm/java-6-openjdk/jre/lib/amd64/liblcms.so
7f5aedec6000-7f5aedec8000 rw-p 00000000 00:00 0 
7f5aedec8000-7f5aee1b4000 rw-s 00000000 00:04 15269961                   /SYSV00000000 (deleted)
7f5aee1b4000-7f5aef7a8000 r-xp 00000000 08:05 793109                     /usr/lib/nvidia-current/libnvidia-glcore.so.280.13
7f5aef7a8000-7f5aef9a7000 ---p 015f4000 08:05 793109                     /usr/lib/nvidia-current/libnvidia-glcore.so.280.13
7f5aef9a7000-7f5aeffe6000 rwxp 015f3000 08:05 793109                     /usr/lib/nvidia-current/libnvidia-glcore.so.280.13
7f5aeffe6000-7f5af0000000 rwxp 00000000 00:00 0 
7f5af0000000-7f5af16ae000 rw-p 00000000 00:00 0 
7f5af16ae000-7f5af4000000 ---p 00000000 00:00 0 
7f5af4000000-7f5af4006000 r--s 00000000 08:05 834762                     /usr/share/texmf/fonts/type1/public/lm/lmex10.pfb
7f5af4021000-7f5af4029000 r--s 00000000 08:05 834766                     /usr/share/texmf/fonts/type1/public/lm/lmmi6.pfb
7f5af4029000-7f5af4047000 r--s 00000000 08:05 834753                     /usr/share/texmf/fonts/type1/public/lm/lmbx7.pfb
7f5af4066000-7f5af4166000 rw-s 2f568000 00:05 8138                       /dev/nvidia0
7f5af4166000-7f5af4169000 ---p 00000000 00:00 0 
7f5af4169000-7f5af4267000 rw-p 00000000 00:00 0 
7f5af4267000-7f5af426a000 ---p 00000000 00:00 0 
7f5af426a000-7f5af4368000 rw-p 00000000 00:00 0 
7f5af436d000-7f5af4375000 r--s 00000000 08:05 834770                     /usr/share/texmf/fonts/type1/public/lm/lmmib10.pfb
7f5af4375000-7f5af437d000 r--s 00000000 08:05 834772                     /usr/share/texmf/fonts/type1/public/lm/lmmib7.pfb
7f5af439f000-7f5af43b7000 r--s 00000000 08:05 834792                     /usr/share/texmf/fonts/type1/public/lm/lmss12.pfb
7f5af43b7000-7f5af43d0000 r--s 00000000 08:05 834827                     /usr/share/texmf/fonts/type1/public/lm/lmtti10.pfb
7f5af43d0000-7f5af43ee000 r--s 00000000 08:05 834797                     /usr/share/texmf/fonts/type1/public/lm/lmssbx10.pfb
7f5af43ee000-7f5af4411000 r--s 00000000 08:05 834818                     /usr/share/texmf/fonts/type1/public/lm/lmtko10.pfb
7f5af4411000-7f5af442e000 r--s 00000000 08:05 834834                     /usr/share/texmf/fonts/type1/public/lm/lmvtt10.pfb
7f5af442e000-7f5af444c000 r--s 00000000 08:05 834778                     /usr/share/texmf/fonts/type1/public/lm/lmr7.pfb
7f5af44b0000-7f5af44b3000 ---p 00000000 00:00 0 
7f5af44b3000-7f5af45b1000 rw-p 00000000 00:00 0 
7f5af45b1000-7f5af45b4000 ---p 00000000 00:00 0 
7f5af45b4000-7f5af46b2000 rw-p 00000000 00:00 0 
7f5af46b2000-7f5af48b2000 rw-s 65732000 00:05 8138                       /dev/nvidia0
7f5af48b2000-7f5af49b2000 rw-s 6f372000 00:05 8138                       /dev/nvidia0
7f5af49f2000-7f5af4a0a000 r-xp 00000000 08:06 267445                     /home/jan/development/projects/YogularmInfinite/desktop/lib/jogl/linux-amd64/libjogl_es2.so
7f5af4a0a000-7f5af4c09000 ---p 00018000 08:06 267445                     /home/jan/development/projects/YogularmInfinite/desktop/lib/jogl/linux-amd64/libjogl_es2.so
7f5af4c09000-7f5af4c0a000 r--p 00017000 08:06 267445                     /home/jan/development/projects/YogularmInfinite/desktop/lib/jogl/linux-amd64/libjogl_es2.so
7f5af4c0a000-7f5af4c0b000 rw-p 00018000 08:06 267445                     /home/jan/development/projects/YogularmInfinite/desktop/lib/jogl/linux-amd64/libjogl_es2.so
7f5af4c0b000-7f5af4c23000 r-xp 00000000 08:06 267444                     /home/jan/development/projects/YogularmInfinite/desktop/lib/jogl/linux-amd64/libjogl_es1.so
7f5af4c23000-7f5af4e22000 ---p 00018000 08:06 267444                     /home/jan/development/projects/YogularmInfinite/desktop/lib/jogl/linux-amd64/libjogl_es1.so
7f5af4e22000-7f5af4e23000 r--p 00017000 08:06 267444                     /home/jan/development/projects/YogularmInfinite/desktop/lib/jogl/linux-amd64/libjogl_es1.so
7f5af4e23000-7f5af4e24000 rw-p 00018000 08:06 267444                     /home/jan/development/projects/YogularmInfinite/desktop/lib/jogl/linux-amd64/libjogl_es1.so
7f5af4e24000-7f5af4eae000 r-xp 00000000 08:06 267443                     /home/jan/development/projects/YogularmInfinite/desktop/lib/jogl/linux-amd64/libjogl_desktop.so
7f5af4eae000-7f5af50ae000 ---p 0008a000 08:06 267443                     /home/jan/development/projects/YogularmInfinite/desktop/lib/jogl/linux-amd64/libjogl_desktop.so
7f5af50ae000-7f5af50af000 r--p 0008a000 08:06 267443                     /home/jan/development/projects/YogularmInfinite/desktop/lib/jogl/linux-amd64/libjogl_desktop.so
7f5af50af000-7f5af50b0000 rw-p 0008b000 08:06 267443                     /home/jan/development/projects/YogularmInfinite/desktop/lib/jogl/linux-amd64/libjogl_desktop.so
7f5af50b0000-7f5af50b3000 r-xp 00000000 08:05 793125                     /usr/lib/nvidia-current/tls/libnvidia-tls.so.280.13
7f5af50b3000-7f5af52b2000 ---p 00003000 08:05 793125                     /usr/lib/nvidia-current/tls/libnvidia-tls.so.280.13
7f5af52b2000-7f5af52b3000 rw-p 00002000 08:05 793125                     /usr/lib/nvidia-current/tls/libnvidia-tls.so.280.13
7f5af52b3000-7f5af52b4000 r--s 00000000 08:05 408205                     /var/cache/fontconfig/c05880de57d1f5e948fdfacc138775d9-le64.cache-3
7f5af52b4000-7f5af52bd000 r--s 00000000 08:05 391263                     /var/cache/fontconfig/945677eb7aeaf62f1d50efc3fb3ec7d8-le64.cache-3
7f5af52bd000-7f5af52bf000 r--s 00000000 08:05 391046                     /var/cache/fontconfig/99e8ed0e538f840c565b6ed5dad60d56-le64.cache-3
7f5af52bf000-7f5af52c2000 r--s 00000000 08:05 391624                     /var/cache/fontconfig/e383d7ea5fbe662a33d9b44caf393297-le64.cache-3
7f5af52c2000-7f5af52c6000 r--s 00000000 08:05 408203                     /var/cache/fontconfig/2cd17615ca594fa2959ae173292e504c-le64.cache-3
7f5af52c6000-7f5af52c7000 r--s 00000000 08:05 391470                     /var/cache/fontconfig/e7071f4a29fa870f4323321c154eba04-le64.cache-3
7f5af52c7000-7f5af52cc000 r--s 00000000 08:05 408202                     /var/cache/fontconfig/6eb3985aa4124903f6ff08ba781cd364-le64.cache-3
7f5af52cc000-7f5af52cd000 r--s 00000000 08:05 406414                     /var/cache/fontconfig/4c73fe0c47614734b17d736dbde7580a-le64.cache-3
7f5af52cd000-7f5af52ce000 r--s 00000000 08:05 406413                     /var/cache/fontconfig/0d8c3b2ac0904cb8a57a757ad11a4a08-le64.cache-3
7f5af52ce000-7f5af52cf000 r--s 00000000 08:05 406412                     /var/cache/fontconfig/6a53c69dea097a2d716e069445527da8-le64.cache-3
7f5af52cf000-7f5af52d5000 r--s 00000000 08:05 401859                     /var/cache/fontconfig/a755afe4a08bf5b97852ceb7400b47bc-le64.cache-3
7f5af52d5000-7f5af52db000 r--s 00000000 08:05 409105                     /var/cache/fontconfig/515ca1ebc4b18308bea979be5704f9db-le64.cache-3
7f5af52db000-7f5af52e4000 r--s 00000000 08:05 392133                     /var/cache/fontconfig/6d41288fd70b0be22e8c3a91e032eec0-le64.cache-3
7f5af52e4000-7f5af52f4000 r--s 00000000 08:05 401858                     /var/cache/fontconfig/0f34bcd4b6ee430af32735b75db7f02b-le64.cache-3
7f5af52f4000-7f5af52f7000 r--s 00000000 08:05 391081                     /var/cache/fontconfig/d60319d88cac85ba9e1a07bd06cfbb8c-le64.cache-3
7f5af52f7000-7f5af52f8000 r--s 00000000 08:05 396779                     /var/cache/fontconfig/4794a0821666d79190d59a36cb4f44b5-le64.cache-3
7f5af52f8000-7f5af5326000 r--s 00000000 08:05 409148                     /var/cache/fontconfig/365b55f210c0a22e9a19e35191240f32-le64.cache-3
7f5af5326000-7f5af5336000 r--s 00000000 08:05 401856                     /var/cache/fontconfig/d52a8644073d54c13679302ca1180695-le64.cache-3
7f5af5336000-7f5af533e000 r--s 00000000 08:05 409104                     /var/cache/fontconfig/153bb866d4d26e7cd19eee2129f8d8d2-le64.cache-3
7f5af533e000-7f5af5349000 r--s 00000000 08:05 415954                     /var/cache/fontconfig/e13b20fdb08344e0e664864cc2ede53d-le64.cache-3
7f5af5349000-7f5af534b000 r--s 00000000 08:06 1101681                    /home/jan/.fontconfig/fdd828a2a2357ac8b98d53d4cb73097a-le64.cache-3
7f5af534b000-7f5af5352000 r--s 00000000 08:06 1101680                    /home/jan/.fontconfig/c58ff9086ba60478c195bf0f61b530df-le64.cache-3
7f5af5352000-7f5af535c000 r--s 00000000 08:06 1101674                    /home/jan/.fontconfig/a0bf83b7801ad605140a17cf4b414547-le64.cache-3
7f5af535c000-7f5af5362000 r--s 00000000 08:06 1101679                    /home/jan/.fontconfig/7d1d196625a4c3b5318df9a7bec9bc41-le64.cache-3
7f5af5362000-7f5af5364000 r--s 00000000 08:06 1101678                    /home/jan/.fontconfig/790146cae801f5c845d56d242e982308-le64.cache-3
7f5af5364000-7f5af5369000 r--s 00000000 08:06 1101677                    /home/jan/.fontconfig/2c10c25a20897452413a494958b84a05-le64.cache-3
7f5af5369000-7f5af536b000 r--s 00000000 08:06 1101676                    /home/jan/.fontconfig/01b316c23635a1c7ad41860d9ab7ba59-le64.cache-3
7f5af536b000-7f5af536d000 r--s 00000000 08:06 1101675                    /home/jan/.fontconfig/e252e6067bf5dc9e40fb95b17b621584-le64.cache-3
7f5af536d000-7f5af537c000 r--s 00000000 08:06 1101673                    /home/jan/.fontconfig/51d0fb7e55acffd31d6a8c7c8c7f60fb-le64.cache-3
7f5af537c000-7f5af5381000 r--s 00000000 08:06 1101672                    /home/jan/.fontconfig/6302c9f5be1e12898d22d23c35392af9-le64.cache-3
7f5af5381000-7f5af5383000 r--s 00000000 08:06 1101671                    /home/jan/.fontconfig/954bf4103e945093a32831c95ead4df7-le64.cache-3
7f5af5383000-7f5af5385000 r--s 00000000 08:06 1101670                    /home/jan/.fontconfig/6c2573209480b8f33065f885e21aa27e-le64.cache-3
7f5af5385000-7f5af5387000 r--s 00000000 08:06 1101669                    /home/jan/.fontconfig/2ce2f901d9e1b21e31b84cb10642e71d-le64.cache-3
7f5af5387000-7f5af538a000 r--s 00000000 08:06 1101668                    /home/jan/.fontconfig/e1de9b0e4af91a7731cd98de6ce2d572-le64.cache-3
7f5af538a000-7f5af5394000 r--s 00000000 08:06 1101667                    /home/jan/.fontconfig/2bcd93200fc0f5d4f6eeced75af2d533-le64.cache-3
7f5af5394000-7f5af5397000 r--s 00000000 08:06 1101666                    /home/jan/.fontconfig/8adc0da6e22e3e72a145efb7377d06bd-le64.cache-3
7f5af5397000-7f5af53a8000 r--s 00000000 08:06 1101665                    /home/jan/.fontconfig/edd89c71be7950017624cf56be471bae-le64.cache-3
7f5af53a8000-7f5af53b4000 r--s 00000000 08:06 1101664                    /home/jan/.fontconfig/39d620b8dfbf4bd2ea5f64f511994d5f-le64.cache-3
7f5af53dd000-7f5af53e0000 ---p 00000000 00:00 0 
7f5af53e0000-7f5af54de000 rw-p 00000000 00:00 0 
7f5af54de000-7f5af559f000 r-xp 00000000 08:05 793112                     /usr/lib/nvidia-current/libGL.so.280.13
7f5af559f000-7f5af579e000 ---p 000c1000 08:05 793112                     /usr/lib/nvidia-current/libGL.so.280.13
7f5af579e000-7f5af57d9000 rwxp 000c0000 08:05 793112                     /usr/lib/nvidia-current/libGL.so.280.13
7f5af57d9000-7f5af57ef000 rwxp 00000000 00:00 0 
7f5af57f5000-7f5af57f9000 rw-s 5844f000 00:05 8138                       /dev/nvidia0
7f5af57f9000-7f5af5814000 rw-s 18a2c0000 00:05 8138                      /dev/nvidia0
7f5af5814000-7f5af5817000 ---p 00000000 00:00 0 
7f5af5817000-7f5af5915000 rw-p 00000000 00:00 0 
7f5af5915000-7f5af5917000 r-xp 00000000 08:06 267446                     /home/jan/development/projects/YogularmInfinite/desktop/lib/jogl/linux-amd64/libnativewindow_awt.so
7f5af5917000-7f5af5b16000 ---p 00002000 08:06 267446                     /home/jan/development/projects/YogularmInfinite/desktop/lib/jogl/linux-amd64/libnativewindow_awt.so
7f5af5b16000-7f5af5b17000 r--p 00001000 08:06 267446                     /home/jan/development/projects/YogularmInfinite/desktop/lib/jogl/linux-amd64/libnativewindow_awt.so
7f5af5b17000-7f5af5b18000 rw-p 00002000 08:06 267446                     /home/jan/development/projects/YogularmInfinite/desktop/lib/jogl/linux-amd64/libnativewindow_awt.so
7f5af5b18000-7f5af5b19000 r-xp 00000000 08:05 831047                     /usr/lib/jvm/java-6-openjdk/jre/lib/amd64/libjawt.so
7f5af5b19000-7f5af5d18000 ---p 00001000 08:05 831047                     /usr/lib/jvm/java-6-openjdk/jre/lib/amd64/libjawt.so
7f5af5d18000-7f5af5d19000 r--p 00000000 08:05 831047                     /usr/lib/jvm/java-6-openjdk/jre/lib/amd64/libjawt.so
7f5af5d19000-7f5af5d1a000 rw-p 00001000 08:05 831047                     /usr/lib/jvm/java-6-openjdk/jre/lib/amd64/libjawt.so
7f5af5d1a000-7f5af5d1d000 ---p 00000000 00:00 0 
7f5af5d1d000-7f5af5e1b000 rw-p 00000000 00:00 0 
7f5af5e1b000-7f5af5e20000 r-xp 00000000 08:05 788228                     /usr/lib/x86_64-linux-gnu/libXfixes.so.3.1.0
7f5af5e20000-7f5af601f000 ---p 00005000 08:05 788228                     /usr/lib/x86_64-linux-gnu/libXfixes.so.3.1.0
7f5af601f000-7f5af6020000 r--p 00004000 08:05 788228                     /usr/lib/x86_64-linux-gnu/libXfixes.so.3.1.0
7f5af6020000-7f5af6021000 rw-p 00005000 08:05 788228                     /usr/lib/x86_64-linux-gnu/libXfixes.so.3.1.0
7f5af6021000-7f5af6022000 r--s 00000000 08:05 408205                     /var/cache/fontconfig/c05880de57d1f5e948fdfacc138775d9-le64.cache-3
7f5af6022000-7f5af602b000 r--s 00000000 08:05 391263                     /var/cache/fontconfig/945677eb7aeaf62f1d50efc3fb3ec7d8-le64.cache-3
7f5af602b000-7f5af602d000 r--s 00000000 08:05 391046                     /var/cache/fontconfig/99e8ed0e538f840c565b6ed5dad60d56-le64.cache-3
7f5af602d000-7f5af6030000 r--s 00000000 08:05 391624                     /var/cache/fontconfig/e383d7ea5fbe662a33d9b44caf393297-le64.cache-3
7f5af6030000-7f5af6034000 r--s 00000000 08:05 408203                     /var/cache/fontconfig/2cd17615ca594fa2959ae173292e504c-le64.cache-3
7f5af6034000-7f5af6035000 r--s 00000000 08:05 391470                     /var/cache/fontconfig/e7071f4a29fa870f4323321c154eba04-le64.cache-3
7f5af6035000-7f5af603a000 r--s 00000000 08:05 408202                     /var/cache/fontconfig/6eb3985aa4124903f6ff08ba781cd364-le64.cache-3
7f5af603a000-7f5af603b000 r--s 00000000 08:05 406414                     /var/cache/fontconfig/4c73fe0c47614734b17d736dbde7580a-le64.cache-3
7f5af603b000-7f5af603c000 r--s 00000000 08:05 406413                     /var/cache/fontconfig/0d8c3b2ac0904cb8a57a757ad11a4a08-le64.cache-3
7f5af603c000-7f5af603d000 r--s 00000000 08:05 406412                     /var/cache/fontconfig/6a53c69dea097a2d716e069445527da8-le64.cache-3
7f5af603d000-7f5af6043000 r--s 00000000 08:05 401859                     /var/cache/fontconfig/a755afe4a08bf5b97852ceb7400b47bc-le64.cache-3
7f5af6043000-7f5af6049000 r--s 00000000 08:05 409105                     /var/cache/fontconfig/515ca1ebc4b18308bea979be5704f9db-le64.cache-3
7f5af6049000-7f5af6052000 r--s 00000000 08:05 392133                     /var/cache/fontconfig/6d41288fd70b0be22e8c3a91e032eec0-le64.cache-3
7f5af6052000-7f5af6062000 r--s 00000000 08:05 401858                     /var/cache/fontconfig/0f34bcd4b6ee430af32735b75db7f02b-le64.cache-3
7f5af6062000-7f5af6065000 r--s 00000000 08:05 391081                     /var/cache/fontconfig/d60319d88cac85ba9e1a07bd06cfbb8c-le64.cache-3
7f5af6065000-7f5af6093000 r--s 00000000 08:05 409148                     /var/cache/fontconfig/365b55f210c0a22e9a19e35191240f32-le64.cache-3
7f5af6093000-7f5af60a3000 r--s 00000000 08:05 401856                     /var/cache/fontconfig/d52a8644073d54c13679302ca1180695-le64.cache-3
7f5af60a3000-7f5af60ab000 r--s 00000000 08:05 409104                     /var/cache/fontconfig/153bb866d4d26e7cd19eee2129f8d8d2-le64.cache-3
7f5af60ab000-7f5af60b6000 r--s 00000000 08:05 415954                     /var/cache/fontconfig/e13b20fdb08344e0e664864cc2ede53d-le64.cache-3
7f5af60b6000-7f5af60b8000 r--s 00000000 08:06 1101681                    /home/jan/.fontconfig/fdd828a2a2357ac8b98d53d4cb73097a-le64.cache-3
7f5af60b8000-7f5af60bf000 r--s 00000000 08:06 1101680                    /home/jan/.fontconfig/c58ff9086ba60478c195bf0f61b530df-le64.cache-3
7f5af60bf000-7f5af60c9000 r--s 00000000 08:06 1101674                    /home/jan/.fontconfig/a0bf83b7801ad605140a17cf4b414547-le64.cache-3
7f5af60c9000-7f5af60cf000 r--s 00000000 08:06 1101679                    /home/jan/.fontconfig/7d1d196625a4c3b5318df9a7bec9bc41-le64.cache-3
7f5af60cf000-7f5af60d1000 r--s 00000000 08:06 1101678                    /home/jan/.fontconfig/790146cae801f5c845d56d242e982308-le64.cache-3
7f5af60d1000-7f5af60d6000 r--s 00000000 08:06 1101677                    /home/jan/.fontconfig/2c10c25a20897452413a494958b84a05-le64.cache-3
7f5af60d6000-7f5af60d8000 r--s 00000000 08:06 1101676                    /home/jan/.fontconfig/01b316c23635a1c7ad41860d9ab7ba59-le64.cache-3
7f5af60d8000-7f5af60da000 r--s 00000000 08:06 1101675                    /home/jan/.fontconfig/e252e6067bf5dc9e40fb95b17b621584-le64.cache-3
7f5af60da000-7f5af60e9000 r--s 00000000 08:06 1101673                    /home/jan/.fontconfig/51d0fb7e55acffd31d6a8c7c8c7f60fb-le64.cache-3
7f5af60e9000-7f5af60ee000 r--s 00000000 08:06 1101672                    /home/jan/.fontconfig/6302c9f5be1e12898d22d23c35392af9-le64.cache-3
7f5af60ee000-7f5af60f0000 r--s 00000000 08:06 1101671                    /home/jan/.fontconfig/954bf4103e945093a32831c95ead4df7-le64.cache-3
7f5af60f0000-7f5af60f2000 r--s 00000000 08:06 1101670                    /home/jan/.fontconfig/6c2573209480b8f33065f885e21aa27e-le64.cache-3
7f5af60f2000-7f5af60f4000 r--s 00000000 08:06 1101669                    /home/jan/.fontconfig/2ce2f901d9e1b21e31b84cb10642e71d-le64.cache-3
7f5af60f4000-7f5af60f7000 r--s 00000000 08:06 1101668                    /home/jan/.fontconfig/e1de9b0e4af91a7731cd98de6ce2d572-le64.cache-3
7f5af60f7000-7f5af6101000 r--s 00000000 08:06 1101667                    /home/jan/.fontconfig/2bcd93200fc0f5d4f6eeced75af2d533-le64.cache-3
7f5af6101000-7f5af6104000 r--s 00000000 08:06 1101666                    /home/jan/.fontconfig/8adc0da6e22e3e72a145efb7377d06bd-le64.cache-3
7f5af6104000-7f5af6115000 r--s 00000000 08:06 1101665                    /home/jan/.fontconfig/edd89c71be7950017624cf56be471bae-le64.cache-3
7f5af6115000-7f5af6121000 r--s 00000000 08:06 1101664                    /home/jan/.fontconfig/39d620b8dfbf4bd2ea5f64f511994d5f-le64.cache-3
7f5af6125000-7f5af6128000 ---p 00000000 00:00 0 
7f5af6128000-7f5af6226000 rw-p 00000000 00:00 0 
7f5af6226000-7f5af6227000 r--s 00000000 08:05 408205                     /var/cache/fontconfig/c05880de57d1f5e948fdfacc138775d9-le64.cache-3
7f5af6227000-7f5af6230000 r--s 00000000 08:05 391263                     /var/cache/fontconfig/945677eb7aeaf62f1d50efc3fb3ec7d8-le64.cache-3
7f5af6230000-7f5af6232000 r--s 00000000 08:05 391046                     /var/cache/fontconfig/99e8ed0e538f840c565b6ed5dad60d56-le64.cache-3
7f5af6232000-7f5af6235000 r--s 00000000 08:05 391624                     /var/cache/fontconfig/e383d7ea5fbe662a33d9b44caf393297-le64.cache-3
7f5af6235000-7f5af6239000 r--s 00000000 08:05 408203                     /var/cache/fontconfig/2cd17615ca594fa2959ae173292e504c-le64.cache-3
7f5af6239000-7f5af623a000 r--s 00000000 08:05 391470                     /var/cache/fontconfig/e7071f4a29fa870f4323321c154eba04-le64.cache-3
7f5af623a000-7f5af623f000 r--s 00000000 08:05 408202                     /var/cache/fontconfig/6eb3985aa4124903f6ff08ba781cd364-le64.cache-3
7f5af623f000-7f5af6240000 r--s 00000000 08:05 406414                     /var/cache/fontconfig/4c73fe0c47614734b17d736dbde7580a-le64.cache-3
7f5af6240000-7f5af6241000 r--s 00000000 08:05 406413                     /var/cache/fontconfig/0d8c3b2ac0904cb8a57a757ad11a4a08-le64.cache-3
7f5af6241000-7f5af6242000 r--s 00000000 08:05 406412                     /var/cache/fontconfig/6a53c69dea097a2d716e069445527da8-le64.cache-3
7f5af6242000-7f5af6248000 r--s 00000000 08:05 401859                     /var/cache/fontconfig/a755afe4a08bf5b97852ceb7400b47bc-le64.cache-3
7f5af6248000-7f5af624e000 r--s 00000000 08:05 409105                     /var/cache/fontconfig/515ca1ebc4b18308bea979be5704f9db-le64.cache-3
7f5af624e000-7f5af6257000 r--s 00000000 08:05 392133                     /var/cache/fontconfig/6d41288fd70b0be22e8c3a91e032eec0-le64.cache-3
7f5af6257000-7f5af6267000 r--s 00000000 08:05 401858                     /var/cache/fontconfig/0f34bcd4b6ee430af32735b75db7f02b-le64.cache-3
7f5af6267000-7f5af626a000 r--s 00000000 08:05 391081                     /var/cache/fontconfig/d60319d88cac85ba9e1a07bd06cfbb8c-le64.cache-3
7f5af626a000-7f5af6298000 r--s 00000000 08:05 409148                     /var/cache/fontconfig/365b55f210c0a22e9a19e35191240f32-le64.cache-3
7f5af6298000-7f5af62a8000 r--s 00000000 08:05 401856                     /var/cache/fontconfig/d52a8644073d54c13679302ca1180695-le64.cache-3
7f5af62a8000-7f5af62b0000 r--s 00000000 08:05 409104                     /var/cache/fontconfig/153bb866d4d26e7cd19eee2129f8d8d2-le64.cache-3
7f5af62b0000-7f5af62bb000 r--s 00000000 08:05 415954                     /var/cache/fontconfig/e13b20fdb08344e0e664864cc2ede53d-le64.cache-3
7f5af62bb000-7f5af62bd000 r--s 00000000 08:06 1101681                    /home/jan/.fontconfig/fdd828a2a2357ac8b98d53d4cb73097a-le64.cache-3
7f5af62bd000-7f5af62c4000 r--s 00000000 08:06 1101680                    /home/jan/.fontconfig/c58ff9086ba60478c195bf0f61b530df-le64.cache-3
7f5af62c4000-7f5af62ce000 r--s 00000000 08:06 1101674                    /home/jan/.fontconfig/a0bf83b7801ad605140a17cf4b414547-le64.cache-3
7f5af62ce000-7f5af62d4000 r--s 00000000 08:06 1101679                    /home/jan/.fontconfig/7d1d196625a4c3b5318df9a7bec9bc41-le64.cache-3
7f5af62d4000-7f5af62d6000 r--s 00000000 08:06 1101678                    /home/jan/.fontconfig/790146cae801f5c845d56d242e982308-le64.cache-3
7f5af62d6000-7f5af62db000 r--s 00000000 08:06 1101677                    /home/jan/.fontconfig/2c10c25a20897452413a494958b84a05-le64.cache-3
7f5af62db000-7f5af62dd000 r--s 00000000 08:06 1101676                    /home/jan/.fontconfig/01b316c23635a1c7ad41860d9ab7ba59-le64.cache-3
7f5af62dd000-7f5af62df000 r--s 00000000 08:06 1101675                    /home/jan/.fontconfig/e252e6067bf5dc9e40fb95b17b621584-le64.cache-3
7f5af62df000-7f5af62ee000 r--s 00000000 08:06 1101673                    /home/jan/.fontconfig/51d0fb7e55acffd31d6a8c7c8c7f60fb-le64.cache-3
7f5af62ee000-7f5af62f3000 r--s 00000000 08:06 1101672                    /home/jan/.fontconfig/6302c9f5be1e12898d22d23c35392af9-le64.cache-3
7f5af62f3000-7f5af62f5000 r--s 00000000 08:06 1101671                    /home/jan/.fontconfig/954bf4103e945093a32831c95ead4df7-le64.cache-3
7f5af62f5000-7f5af62f7000 r--s 00000000 08:06 1101670                    /home/jan/.fontconfig/6c2573209480b8f33065f885e21aa27e-le64.cache-3
7f5af62f7000-7f5af62f9000 r--s 00000000 08:06 1101669                    /home/jan/.fontconfig/2ce2f901d9e1b21e31b84cb10642e71d-le64.cache-3
7f5af62f9000-7f5af62fc000 r--s 00000000 08:06 1101668                    /home/jan/.fontconfig/e1de9b0e4af91a7731cd98de6ce2d572-le64.cache-3
7f5af62fc000-7f5af6306000 r--s 00000000 08:06 1101667                    /home/jan/.fontconfig/2bcd93200fc0f5d4f6eeced75af2d533-le64.cache-3
7f5af6306000-7f5af6309000 r--s 00000000 08:06 1101666                    /home/jan/.fontconfig/8adc0da6e22e3e72a145efb7377d06bd-le64.cache-3
7f5af6309000-7f5af631a000 r--s 00000000 08:06 1101665                    /home/jan/.fontconfig/edd89c71be7950017624cf56be471bae-le64.cache-3
7f5af631a000-7f5af6326000 r--s 00000000 08:06 1101664                    /home/jan/.fontconfig/39d620b8dfbf4bd2ea5f64f511994d5f-le64.cache-3
7f5af6327000-7f5af6330000 r-xp 00000000 08:05 787710                     /usr/lib/x86_64-linux-gnu/libXcursor.so.1.0.2
7f5af6330000-7f5af652f000 ---p 00009000 08:05 787710                     /usr/lib/x86_64-linux-gnu/libXcursor.so.1.0.2
7f5af652f000-7f5af6530000 r--p 00008000 08:05 787710                     /usr/lib/x86_64-linux-gnu/libXcursor.so.1.0.2
7f5af6530000-7f5af6531000 rw-p 00009000 08:05 787710                     /usr/lib/x86_64-linux-gnu/libXcursor.so.1.0.2
7f5af6532000-7f5af653e000 r--s 00000000 08:06 1101662                    /home/jan/.fontconfig/eb6d1a21532c7d5178ca66d9443d4aef-le64.cache-3
7f5af653e000-7f5af6542000 r--s 00000000 08:05 409147                     /var/cache/fontconfig/7ef2298fde41cc6eeb7af42e48b7d293-le64.cache-3
7f5af6542000-7f5af6556000 r--s 00000000 08:05 415953                     /var/cache/fontconfig/865f88548240fee46819705c6468c165-le64.cache-3
7f5af6556000-7f5af655d000 r--s 000fb000 08:05 831009                     /usr/lib/jvm/java-6-openjdk/jre/lib/resources.jar
7f5af655d000-7f5af6569000 r--s 00000000 08:06 1101662                    /home/jan/.fontconfig/eb6d1a21532c7d5178ca66d9443d4aef-le64.cache-3
7f5af6569000-7f5af656d000 r--s 00000000 08:05 409147                     /var/cache/fontconfig/7ef2298fde41cc6eeb7af42e48b7d293-le64.cache-3
7f5af656d000-7f5af6581000 r--s 00000000 08:05 415953                     /var/cache/fontconfig/865f88548240fee46819705c6468c165-le64.cache-3
7f5af6581000-7f5af6584000 ---p 00000000 00:00 0 
7f5af6584000-7f5af6682000 rw-p 00000000 00:00 0 
7f5af6682000-7f5af6714000 r-xp 00000000 08:05 785496                     /usr/lib/x86_64-linux-gnu/libfreetype.so.6.6.2
7f5af6714000-7f5af6913000 ---p 00092000 08:05 785496                     /usr/lib/x86_64-linux-gnu/libfreetype.so.6.6.2
7f5af6913000-7f5af6919000 r--p 00091000 08:05 785496                     /usr/lib/x86_64-linux-gnu/libfreetype.so.6.6.2
7f5af6919000-7f5af691a000 rw-p 00097000 08:05 785496                     /usr/lib/x86_64-linux-gnu/libfreetype.so.6.6.2
7f5af691a000-7f5af6953000 r-xp 00000000 08:05 831037                     /usr/lib/jvm/java-6-openjdk/jre/lib/amd64/libfontmanager.so
7f5af6953000-7f5af6b53000 ---p 00039000 08:05 831037                     /usr/lib/jvm/java-6-openjdk/jre/lib/amd64/libfontmanager.so
7f5af6b53000-7f5af6b55000 r--p 00039000 08:05 831037                     /usr/lib/jvm/java-6-openjdk/jre/lib/amd64/libfontmanager.so
7f5af6b55000-7f5af6b56000 rw-p 0003b000 08:05 831037                     /usr/lib/jvm/java-6-openjdk/jre/lib/amd64/libfontmanager.so
7f5af6b56000-7f5af6b65000 r-xp 00000000 08:05 786739                     /usr/lib/x86_64-linux-gnu/libXi.so.6.1.0
7f5af6b65000-7f5af6d64000 ---p 0000f000 08:05 786739                     /usr/lib/x86_64-linux-gnu/libXi.so.6.1.0
7f5af6d64000-7f5af6d65000 r--p 0000e000 08:05 786739                     /usr/lib/x86_64-linux-gnu/libXi.so.6.1.0
7f5af6d65000-7f5af6d66000 rw-p 0000f000 08:05 786739                     /usr/lib/x86_64-linux-gnu/libXi.so.6.1.0
7f5af6d66000-7f5af6d6b000 r-xp 00000000 08:05 787919                     /usr/lib/libXtst.so.6.1.0
7f5af6d6b000-7f5af6f6a000 ---p 00005000 08:05 787919                     /usr/lib/libXtst.so.6.1.0
7f5af6f6a000-7f5af6f6b000 r--p 00004000 08:05 787919                     /usr/lib/libXtst.so.6.1.0
7f5af6f6b000-7f5af6f6c000 rw-p 00005000 08:05 787919                     /usr/lib/libXtst.so.6.1.0
7f5af6f6c000-7f5af6f75000 r-xp 00000000 08:05 787047                     /usr/lib/x86_64-linux-gnu/libXrender.so.1.3.0
7f5af6f75000-7f5af7175000 ---p 00009000 08:05 787047                     /usr/lib/x86_64-linux-gnu/libXrender.so.1.3.0
7f5af7175000-7f5af7176000 r--p 00009000 08:05 787047                     /usr/lib/x86_64-linux-gnu/libXrender.so.1.3.0
7f5af7176000-7f5af7177000 rw-p 0000a000 08:05 787047                     /usr/lib/x86_64-linux-gnu/libXrender.so.1.3.0
7f5af7177000-7f5af71c2000 r-xp 00000000 08:05 787706                     /usr/lib/jvm/java-6-openjdk/jre/lib/amd64/xawt/libmawt.so
7f5af71c2000-7f5af73c2000 ---p 0004b000 08:05 787706                     /usr/lib/jvm/java-6-openjdk/jre/lib/amd64/xawt/libmawt.so
7f5af73c2000-7f5af73c3000 r--p 0004b000 08:05 787706                     /usr/lib/jvm/java-6-openjdk/jre/lib/amd64/xawt/libmawt.so
7f5af73c3000-7f5af73c6000 rw-p 0004c000 08:05 787706                     /usr/lib/jvm/java-6-openjdk/jre/lib/amd64/xawt/libmawt.so
7f5af73c6000-7f5af73c7000 rw-p 00000000 00:00 0 
7f5af73c7000-7f5af7473000 r-xp 00000000 08:05 831046                     /usr/lib/jvm/java-6-openjdk/jre/lib/amd64/libawt.so
7f5af7473000-7f5af7672000 ---p 000ac000 08:05 831046                     /usr/lib/jvm/java-6-openjdk/jre/lib/amd64/libawt.so
7f5af7672000-7f5af7673000 r--p 000ab000 08:05 831046                     /usr/lib/jvm/java-6-openjdk/jre/lib/amd64/libawt.so
7f5af7673000-7f5af767e000 rw-p 000ac000 08:05 831046                     /usr/lib/jvm/java-6-openjdk/jre/lib/amd64/libawt.so
7f5af767e000-7f5af76a3000 rw-p 00000000 00:00 0 
7f5af76a3000-7f5af76a8000 r-xp 00000000 08:05 787913                     /usr/lib/x86_64-linux-gnu/libXdmcp.so.6.0.0
7f5af76a8000-7f5af78a7000 ---p 00005000 08:05 787913                     /usr/lib/x86_64-linux-gnu/libXdmcp.so.6.0.0
7f5af78a7000-7f5af78a8000 r--p 00004000 08:05 787913                     /usr/lib/x86_64-linux-gnu/libXdmcp.so.6.0.0
7f5af78a8000-7f5af78a9000 rw-p 00005000 08:05 787913                     /usr/lib/x86_64-linux-gnu/libXdmcp.so.6.0.0
7f5af78a9000-7f5af78ab000 r-xp 00000000 08:05 787911                     /usr/lib/x86_64-linux-gnu/libXau.so.6.0.0
7f5af78ab000-7f5af7aaa000 ---p 00002000 08:05 787911                     /usr/lib/x86_64-linux-gnu/libXau.so.6.0.0
7f5af7aaa000-7f5af7aab000 r--p 00001000 08:05 787911                     /usr/lib/x86_64-linux-gnu/libXau.so.6.0.0
7f5af7aab000-7f5af7aac000 rw-p 00002000 08:05 787911                     /usr/lib/x86_64-linux-gnu/libXau.so.6.0.0
7f5af7aac000-7f5af7abe000 r-xp 00000000 08:05 787917                     /usr/lib/x86_64-linux-gnu/libXext.so.6.4.0
7f5af7abe000-7f5af7cbd000 ---p 00012000 08:05 787917                     /usr/lib/x86_64-linux-gnu/libXext.so.6.4.0
7f5af7cbd000-7f5af7cbe000 r--p 00011000 08:05 787917                     /usr/lib/x86_64-linux-gnu/libXext.so.6.4.0
7f5af7cbe000-7f5af7cbf000 rw-p 00012000 08:05 787917                     /usr/lib/x86_64-linux-gnu/libXext.so.6.4.0
7f5af7cbf000-7f5af7cda000 r-xp 00000000 08:05 787915                     /usr/lib/x86_64-linux-gnu/libxcb.so.1.1.0
7f5af7cda000-7f5af7ed9000 ---p 0001b000 08:05 787915                     /usr/lib/x86_64-linux-gnu/libxcb.so.1.1.0
7f5af7ed9000-7f5af7eda000 r--p 0001a000 08:05 787915                     /usr/lib/x86_64-linux-gnu/libxcb.so.1.1.0
7f5af7eda000-7f5af7edb000 rw-p 0001b000 08:05 787915                     /usr/lib/x86_64-linux-gnu/libxcb.so.1.1.0
7f5af7edb000-7f5af7edd000 r-xp 00000000 08:05 788461                     /usr/lib/x86_64-linux-gnu/libXinerama.so.1.0.0
7f5af7edd000-7f5af80dc000 ---p 00002000 08:05 788461                     /usr/lib/x86_64-linux-gnu/libXinerama.so.1.0.0
7f5af80dc000-7f5af80dd000 r--p 00001000 08:05 788461                     /usr/lib/x86_64-linux-gnu/libXinerama.so.1.0.0
7f5af80dd000-7f5af80de000 rw-p 00002000 08:05 788461                     /usr/lib/x86_64-linux-gnu/libXinerama.so.1.0.0
7f5af80de000-7f5af80e3000 r-xp 00000000 08:05 788230                     /usr/lib/x86_64-linux-gnu/libXxf86vm.so.1.0.0
7f5af80e3000-7f5af82e2000 ---p 00005000 08:05 788230                     /usr/lib/x86_64-linux-gnu/libXxf86vm.so.1.0.0
7f5af82e2000-7f5af82e3000 r--p 00004000 08:05 788230                     /usr/lib/x86_64-linux-gnu/libXxf86vm.so.1.0.0
7f5af82e3000-7f5af82e4000 rw-p 00005000 08:05 788230                     /usr/lib/x86_64-linux-gnu/libXxf86vm.so.1.0.0
7f5af82e4000-7f5af8417000 r-xp 00000000 08:05 785324                     /usr/lib/x86_64-linux-gnu/libX11.so.6.3.0
7f5af8417000-7f5af8617000 ---p 00133000 08:05 785324                     /usr/lib/x86_64-linux-gnu/libX11.so.6.3.0
7f5af8617000-7f5af8618000 r--p 00133000 08:05 785324                     /usr/lib/x86_64-linux-gnu/libX11.so.6.3.0
7f5af8618000-7f5af861c000 rw-p 00134000 08:05 785324                     /usr/lib/x86_64-linux-gnu/libX11.so.6.3.0
7f5af861d000-7f5af8629000 r--s 00000000 08:06 1101662                    /home/jan/.fontconfig/eb6d1a21532c7d5178ca66d9443d4aef-le64.cache-3
7f5af8629000-7f5af862d000 r--s 00000000 08:05 409147                     /var/cache/fontconfig/7ef2298fde41cc6eeb7af42e48b7d293-le64.cache-3
7f5af862d000-7f5af8641000 r--s 00000000 08:05 415953                     /var/cache/fontconfig/865f88548240fee46819705c6468c165-le64.cache-3
7f5af8641000-7f5af8646000 r-xp 00000000 08:06 267447                     /home/jan/development/projects/YogularmInfinite/desktop/lib/jogl/linux-amd64/libnativewindow_x11.so
7f5af8646000-7f5af8845000 ---p 00005000 08:06 267447                     /home/jan/development/projects/YogularmInfinite/desktop/lib/jogl/linux-amd64/libnativewindow_x11.so
7f5af8845000-7f5af8846000 r--p 00004000 08:06 267447                     /home/jan/development/projects/YogularmInfinite/desktop/lib/jogl/linux-amd64/libnativewindow_x11.so
7f5af8846000-7f5af8847000 rw-p 00005000 08:06 267447                     /home/jan/development/projects/YogularmInfinite/desktop/lib/jogl/linux-amd64/libnativewindow_x11.so
7f5af8847000-7f5af8848000 r-xp 00000000 08:06 267442                     /home/jan/development/projects/YogularmInfinite/desktop/lib/jogl/linux-amd64/libgluegen-rt.so
7f5af8848000-7f5af8a48000 ---p 00001000 08:06 267442                     /home/jan/development/projects/YogularmInfinite/desktop/lib/jogl/linux-amd64/libgluegen-rt.so
7f5af8a48000-7f5af8a49000 r--p 00001000 08:06 267442                     /home/jan/development/projects/YogularmInfinite/desktop/lib/jogl/linux-amd64/libgluegen-rt.so
7f5af8a49000-7f5af8a4a000 rw-p 00002000 08:06 267442                     /home/jan/development/projects/YogularmInfinite/desktop/lib/jogl/linux-amd64/libgluegen-rt.so
7f5af8a4a000-7f5af8a4d000 r--s 00018000 08:06 267422                     /home/jan/development/projects/YogularmInfinite/desktop/lib/jogl/jar/gluegen-rt.jar
7f5af8a4d000-7f5af8a51000 r--s 00028000 08:06 267440                     /home/jan/development/projects/YogularmInfinite/desktop/lib/jogl/jar/newt.all.jar
7f5af8a51000-7f5af8a55000 r--s 0001c000 08:06 267434                     /home/jan/development/projects/YogularmInfinite/desktop/lib/jogl/jar/nativewindow.all.jar
7f5af8a55000-7f5af8a56000 ---p 00000000 00:00 0 
7f5af8a56000-7f5af8b56000 rw-p 00000000 00:00 0 
7f5af8b56000-7f5af8b59000 ---p 00000000 00:00 0 
7f5af8b59000-7f5af8c57000 rw-p 00000000 00:00 0 
7f5af8c57000-7f5af8c5a000 ---p 00000000 00:00 0 
7f5af8c5a000-7f5af8d58000 rw-p 00000000 00:00 0 
7f5af8d58000-7f5af8d5b000 ---p 00000000 00:00 0 
7f5af8d5b000-7f5af8e59000 rw-p 00000000 00:00 0 
7f5af8e59000-7f5af8e5c000 ---p 00000000 00:00 0 
7f5af8e5c000-7f5af8f5a000 rw-p 00000000 00:00 0 
7f5af8f5a000-7f5af8f5d000 ---p 00000000 00:00 0 
7f5af8f5d000-7f5af905b000 rw-p 00000000 00:00 0 
7f5af905b000-7f5af905e000 ---p 00000000 00:00 0 
7f5af905e000-7f5af915c000 rw-p 00000000 00:00 0 
7f5af915c000-7f5af9160000 r-xp 00000000 08:05 831018                     /usr/lib/jvm/java-6-openjdk/jre/lib/amd64/libdt_socket.so
7f5af9160000-7f5af935f000 ---p 00004000 08:05 831018                     /usr/lib/jvm/java-6-openjdk/jre/lib/amd64/libdt_socket.so
7f5af935f000-7f5af9360000 r--p 00003000 08:05 831018                     /usr/lib/jvm/java-6-openjdk/jre/lib/amd64/libdt_socket.so
7f5af9360000-7f5af9361000 rw-p 00004000 08:05 831018                     /usr/lib/jvm/java-6-openjdk/jre/lib/amd64/libdt_socket.so
7f5af9361000-7f5af9364000 ---p 00000000 00:00 0 
7f5af9364000-7f5af9462000 rw-p 00000000 00:00 0 
7f5af9462000-7f5af9465000 ---p 00000000 00:00 0 
7f5af9465000-7f5af9563000 rw-p 00000000 00:00 0 
7f5af9563000-7f5af9566000 ---p 00000000 00:00 0 
7f5af9566000-7f5af9664000 rw-p 00000000 00:00 0 
7f5af9664000-7f5af9665000 ---p 00000000 00:00 0 
7f5af9665000-7f5af9a9b000 rw-p 00000000 00:00 0 
7f5af9a9b000-7f5af9c2b000 r--s 037ba000 08:05 831054                     /usr/lib/jvm/java-6-openjdk/jre/lib/rt.jar
7f5af9c2b000-7f5af9c53000 rw-p 00000000 00:00 0 
7f5af9c53000-7f5af9c54000 ---p 00000000 00:00 0 
7f5af9c54000-7f5af9d54000 rw-p 00000000 00:00 0 
7f5af9d54000-7f5af9d55000 ---p 00000000 00:00 0 
7f5af9d55000-7f5af9e62000 rw-p 00000000 00:00 0 
7f5af9e62000-7f5af9ea8000 rw-p 00000000 00:00 0 
7f5af9ea8000-7f5af9ec8000 rw-p 00000000 00:00 0 
7f5af9ec8000-7f5afa09b000 rw-p 00000000 00:00 0 
7f5afa09b000-7f5afa0a8000 rw-p 00000000 00:00 0 
7f5afa0a8000-7f5afa0ee000 rw-p 00000000 00:00 0 
7f5afa0ee000-7f5afa10e000 rw-p 00000000 00:00 0 
7f5afa10e000-7f5afa2e0000 rw-p 00000000 00:00 0 
7f5afa2e0000-7f5afa2f3000 rw-p 00000000 00:00 0 
7f5afa2f3000-7f5afa2fc000 ---p 00000000 00:00 0 
7f5afa2fc000-7f5afa3da000 rw-p 00000000 00:00 0 
7f5afa3da000-7f5afa3db000 rw-p 00000000 00:00 0 
7f5afa3db000-7f5afa64b000 rwxp 00000000 00:00 0 
7f5afa64b000-7f5afd3db000 rw-p 00000000 00:00 0 
7f5afd3db000-7f5afd3e2000 r-xp 00000000 08:05 831041                     /usr/lib/jvm/java-6-openjdk/jre/lib/amd64/libzip.so
7f5afd3e2000-7f5afd5e1000 ---p 00007000 08:05 831041                     /usr/lib/jvm/java-6-openjdk/jre/lib/amd64/libzip.so
7f5afd5e1000-7f5afd5e2000 r--p 00006000 08:05 831041                     /usr/lib/jvm/java-6-openjdk/jre/lib/amd64/libzip.so
7f5afd5e2000-7f5afd5e3000 rw-p 00007000 08:05 831041                     /usr/lib/jvm/java-6-openjdk/jre/lib/amd64/libzip.so
7f5afd5e3000-7f5afd5ef000 r-xp 00000000 08:05 651983                     /lib/x86_64-linux-gnu/libnss_files-2.13.so
7f5afd5ef000-7f5afd7ee000 ---p 0000c000 08:05 651983                     /lib/x86_64-linux-gnu/libnss_files-2.13.so
7f5afd7ee000-7f5afd7ef000 r--p 0000b000 08:05 651983                     /lib/x86_64-linux-gnu/libnss_files-2.13.so
7f5afd7ef000-7f5afd7f0000 rw-p 0000c000 08:05 651983                     /lib/x86_64-linux-gnu/libnss_files-2.13.so
7f5afd7f0000-7f5afd7fa000 r-xp 00000000 08:05 651985                     /lib/x86_64-linux-gnu/libnss_nis-2.13.so
7f5afd7fa000-7f5afd9fa000 ---p 0000a000 08:05 651985                     /lib/x86_64-linux-gnu/libnss_nis-2.13.so
7f5afd9fa000-7f5afd9fb000 r--p 0000a000 08:05 651985                     /lib/x86_64-linux-gnu/libnss_nis-2.13.so
7f5afd9fb000-7f5afd9fc000 rw-p 0000b000 08:05 651985                     /lib/x86_64-linux-gnu/libnss_nis-2.13.so
7f5afd9fc000-7f5afda13000 r-xp 00000000 08:05 651980                     /lib/x86_64-linux-gnu/libnsl-2.13.so
7f5afda13000-7f5afdc12000 ---p 00017000 08:05 651980                     /lib/x86_64-linux-gnu/libnsl-2.13.so
7f5afdc12000-7f5afdc13000 r--p 00016000 08:05 651980                     /lib/x86_64-linux-gnu/libnsl-2.13.so
7f5afdc13000-7f5afdc14000 rw-p 00017000 08:05 651980                     /lib/x86_64-linux-gnu/libnsl-2.13.so
7f5afdc14000-7f5afdc16000 rw-p 00000000 00:00 0 
7f5afdc16000-7f5afdc1e000 r-xp 00000000 08:05 651981                     /lib/x86_64-linux-gnu/libnss_compat-2.13.so
7f5afdc1e000-7f5afde1d000 ---p 00008000 08:05 651981                     /lib/x86_64-linux-gnu/libnss_compat-2.13.so
7f5afde1d000-7f5afde1e000 r--p 00007000 08:05 651981                     /lib/x86_64-linux-gnu/libnss_compat-2.13.so
7f5afde1e000-7f5afde1f000 rw-p 00008000 08:05 651981                     /lib/x86_64-linux-gnu/libnss_compat-2.13.so
7f5afde1f000-7f5afe4c8000 r--p 00000000 08:05 790710                     /usr/lib/locale/locale-archive
7f5afe4c8000-7f5afe4cb000 r-xp 00000000 08:05 831033                     /usr/lib/jvm/java-6-openjdk/jre/lib/amd64/libnpt.so
7f5afe4cb000-7f5afe6ca000 ---p 00003000 08:05 831033                     /usr/lib/jvm/java-6-openjdk/jre/lib/amd64/libnpt.so
7f5afe6ca000-7f5afe6cb000 r--p 00002000 08:05 831033                     /usr/lib/jvm/java-6-openjdk/jre/lib/amd64/libnpt.so
7f5afe6cb000-7f5afe6cc000 rw-p 00003000 08:05 831033                     /usr/lib/jvm/java-6-openjdk/jre/lib/amd64/libnpt.so
7f5afe6cc000-7f5afe706000 r-xp 00000000 08:05 831032                     /usr/lib/jvm/java-6-openjdk/jre/lib/amd64/libjdwp.so
7f5afe706000-7f5afe905000 ---p 0003a000 08:05 831032                     /usr/lib/jvm/java-6-openjdk/jre/lib/amd64/libjdwp.so
7f5afe905000-7f5afe906000 r--p 00039000 08:05 831032                     /usr/lib/jvm/java-6-openjdk/jre/lib/amd64/libjdwp.so
7f5afe906000-7f5afe907000 rw-p 0003a000 08:05 831032                     /usr/lib/jvm/java-6-openjdk/jre/lib/amd64/libjdwp.so
7f5afe907000-7f5afe933000 r-xp 00000000 08:05 831040                     /usr/lib/jvm/java-6-openjdk/jre/lib/amd64/libjava.so
7f5afe933000-7f5afeb32000 ---p 0002c000 08:05 831040                     /usr/lib/jvm/java-6-openjdk/jre/lib/amd64/libjava.so
7f5afeb32000-7f5afeb33000 r--p 0002b000 08:05 831040                     /usr/lib/jvm/java-6-openjdk/jre/lib/amd64/libjava.so
7f5afeb33000-7f5afeb36000 rw-p 0002c000 08:05 831040                     /usr/lib/jvm/java-6-openjdk/jre/lib/amd64/libjava.so
7f5afeb36000-7f5afeb44000 r-xp 00000000 08:05 831026                     /usr/lib/jvm/java-6-openjdk/jre/lib/amd64/libverify.so
7f5afeb44000-7f5afed43000 ---p 0000e000 08:05 831026                     /usr/lib/jvm/java-6-openjdk/jre/lib/amd64/libverify.so
7f5afed43000-7f5afed45000 r--p 0000d000 08:05 831026                     /usr/lib/jvm/java-6-openjdk/jre/lib/amd64/libverify.so
7f5afed45000-7f5afed46000 rw-p 0000f000 08:05 831026                     /usr/lib/jvm/java-6-openjdk/jre/lib/amd64/libverify.so
7f5afed46000-7f5afed4d000 r-xp 00000000 08:05 651990                     /lib/x86_64-linux-gnu/librt-2.13.so
7f5afed4d000-7f5afef4c000 ---p 00007000 08:05 651990                     /lib/x86_64-linux-gnu/librt-2.13.so
7f5afef4c000-7f5afef4d000 r--p 00006000 08:05 651990                     /lib/x86_64-linux-gnu/librt-2.13.so
7f5afef4d000-7f5afef4e000 rw-p 00007000 08:05 651990                     /lib/x86_64-linux-gnu/librt-2.13.so
7f5afef4e000-7f5afef63000 r-xp 00000000 08:05 655924                     /lib/x86_64-linux-gnu/libgcc_s.so.1
7f5afef63000-7f5aff162000 ---p 00015000 08:05 655924                     /lib/x86_64-linux-gnu/libgcc_s.so.1
7f5aff162000-7f5aff163000 r--p 00014000 08:05 655924                     /lib/x86_64-linux-gnu/libgcc_s.so.1
7f5aff163000-7f5aff164000 rw-p 00015000 08:05 655924                     /lib/x86_64-linux-gnu/libgcc_s.so.1
7f5aff164000-7f5aff1e7000 r-xp 00000000 08:05 651978                     /lib/x86_64-linux-gnu/libm-2.13.so
7f5aff1e7000-7f5aff3e6000 ---p 00083000 08:05 651978                     /lib/x86_64-linux-gnu/libm-2.13.so
7f5aff3e6000-7f5aff3e7000 r--p 00082000 08:05 651978                     /lib/x86_64-linux-gnu/libm-2.13.so
7f5aff3e7000-7f5aff3e8000 rw-p 00083000 08:05 651978                     /lib/x86_64-linux-gnu/libm-2.13.so
7f5aff3e8000-7f5aff4d0000 r-xp 00000000 08:05 784919                     /usr/lib/x86_64-linux-gnu/libstdc++.so.6.0.16
7f5aff4d0000-7f5aff6d0000 ---p 000e8000 08:05 784919                     /usr/lib/x86_64-linux-gnu/libstdc++.so.6.0.16
7f5aff6d0000-7f5aff6d8000 r--p 000e8000 08:05 784919                     /usr/lib/x86_64-linux-gnu/libstdc++.so.6.0.16
7f5aff6d8000-7f5aff6da000 rw-p 000f0000 08:05 784919                     /usr/lib/x86_64-linux-gnu/libstdc++.so.6.0.16
7f5aff6da000-7f5aff6ef000 rw-p 00000000 00:00 0 
7f5aff6ef000-7f5affff2000 r-xp 00000000 08:05 831043                     /usr/lib/jvm/java-6-openjdk/jre/lib/amd64/server/libjvm.so
7f5affff2000-7f5b001f1000 ---p 00903000 08:05 831043                     /usr/lib/jvm/java-6-openjdk/jre/lib/amd64/server/libjvm.so
7f5b001f1000-7f5b00272000 r--p 00902000 08:05 831043                     /usr/lib/jvm/java-6-openjdk/jre/lib/amd64/server/libjvm.so
7f5b00272000-7f5b0028d000 rw-p 00983000 08:05 831043                     /usr/lib/jvm/java-6-openjdk/jre/lib/amd64/server/libjvm.so
7f5b0028d000-7f5b002b6000 rw-p 00000000 00:00 0 
7f5b002b6000-7f5b002cd000 r-xp 00000000 08:05 656017                     /lib/x86_64-linux-gnu/libz.so.1.2.3.4
7f5b002cd000-7f5b004cc000 ---p 00017000 08:05 656017                     /lib/x86_64-linux-gnu/libz.so.1.2.3.4
7f5b004cc000-7f5b004cd000 r--p 00016000 08:05 656017                     /lib/x86_64-linux-gnu/libz.so.1.2.3.4
7f5b004cd000-7f5b004ce000 rw-p 00017000 08:05 656017                     /lib/x86_64-linux-gnu/libz.so.1.2.3.4
7f5b004ce000-7f5b00665000 r-xp 00000000 08:05 651974                     /lib/x86_64-linux-gnu/libc-2.13.so
7f5b00665000-7f5b00864000 ---p 00197000 08:05 651974                     /lib/x86_64-linux-gnu/libc-2.13.so
7f5b00864000-7f5b00868000 r--p 00196000 08:05 651974                     /lib/x86_64-linux-gnu/libc-2.13.so
7f5b00868000-7f5b00869000 rw-p 0019a000 08:05 651974                     /lib/x86_64-linux-gnu/libc-2.13.so
7f5b00869000-7f5b0086f000 rw-p 00000000 00:00 0 
7f5b0086f000-7f5b00871000 r-xp 00000000 08:05 651977                     /lib/x86_64-linux-gnu/libdl-2.13.so
7f5b00871000-7f5b00a71000 ---p 00002000 08:05 651977                     /lib/x86_64-linux-gnu/libdl-2.13.so
7f5b00a71000-7f5b00a72000 r--p 00002000 08:05 651977                     /lib/x86_64-linux-gnu/libdl-2.13.so
7f5b00a72000-7f5b00a73000 rw-p 00003000 08:05 651977                     /lib/x86_64-linux-gnu/libdl-2.13.so
7f5b00a73000-7f5b00a77000 r-xp 00000000 08:05 831024                     /usr/lib/jvm/java-6-openjdk/jre/lib/amd64/jli/libjli.so
7f5b00a77000-7f5b00c76000 ---p 00004000 08:05 831024                     /usr/lib/jvm/java-6-openjdk/jre/lib/amd64/jli/libjli.so
7f5b00c76000-7f5b00c77000 r--p 00003000 08:05 831024                     /usr/lib/jvm/java-6-openjdk/jre/lib/amd64/jli/libjli.so
7f5b00c77000-7f5b00c78000 rw-p 00004000 08:05 831024                     /usr/lib/jvm/java-6-openjdk/jre/lib/amd64/jli/libjli.so
7f5b00c78000-7f5b00c90000 r-xp 00000000 08:05 651988                     /lib/x86_64-linux-gnu/libpthread-2.13.so
7f5b00c90000-7f5b00e8f000 ---p 00018000 08:05 651988                     /lib/x86_64-linux-gnu/libpthread-2.13.so
7f5b00e8f000-7f5b00e90000 r--p 00017000 08:05 651988                     /lib/x86_64-linux-gnu/libpthread-2.13.so
7f5b00e90000-7f5b00e91000 rw-p 00018000 08:05 651988                     /lib/x86_64-linux-gnu/libpthread-2.13.so
7f5b00e91000-7f5b00e95000 rw-p 00000000 00:00 0 
7f5b00e95000-7f5b00eb6000 r-xp 00000000 08:05 651969                     /lib/x86_64-linux-gnu/ld-2.13.so
7f5b00eb6000-7f5b00eb7000 rw-s fd060000 00:05 8138                       /dev/nvidia0
7f5b00eb7000-7f5b00eb8000 r--p 00000000 00:00 0 
7f5b00eb8000-7f5b00ebb000 r--s 0007d000 08:05 831005                     /usr/lib/jvm/java-6-openjdk/jre/lib/jsse.jar
7f5b00ebb000-7f5b00ec8000 r--s 00242000 08:06 267428                     /home/jan/development/projects/YogularmInfinite/desktop/lib/jogl/jar/jogl.all.jar
7f5b00ec8000-7f5b00ed2000 rw-p 00000000 00:00 0 
7f5b00ed2000-7f5b00f88000 rw-p 00000000 00:00 0 
7f5b00f88000-7f5b00f8b000 ---p 00000000 00:00 0 
7f5b00f8b000-7f5b0108e000 rw-p 00000000 00:00 0 
7f5b0108e000-7f5b0108f000 r--s 00000000 08:05 396779                     /var/cache/fontconfig/4794a0821666d79190d59a36cb4f44b5-le64.cache-3
7f5b0108f000-7f5b01090000 r--s 00000000 08:05 396779                     /var/cache/fontconfig/4794a0821666d79190d59a36cb4f44b5-le64.cache-3
7f5b01090000-7f5b01094000 r--s 00028000 08:06 917705                     /home/jan/development/projects/YogularmInfinite/common/lib/gson/gson-2.1.jar
7f5b01094000-7f5b01096000 r--s 00007000 08:05 931157                     /usr/share/java/hamcrest-core-1.1.jar
7f5b01096000-7f5b01098000 r--s 00007000 08:05 931157                     /usr/share/java/hamcrest-core-1.1.jar
7f5b01098000-7f5b0109f000 r--s 00030000 08:05 931165                     /usr/share/java/junit4-4.8.2.jar
7f5b0109f000-7f5b010a1000 r--s 0000f000 08:05 830994                     /usr/lib/jvm/java-6-openjdk/jre/lib/ext/pulse-java.jar
7f5b010a1000-7f5b010a9000 r--s 00066000 08:05 930814                     /usr/share/java/gnome-java-bridge.jar
7f5b010a9000-7f5b010b1000 rw-s 00000000 08:05 669172                     /tmp/hsperfdata_jan/18260
7f5b010b1000-7f5b010b2000 rw-p 00000000 00:00 0 
7f5b010b2000-7f5b010b3000 r--p 00000000 00:00 0 
7f5b010b3000-7f5b010b5000 rw-p 00000000 00:00 0 
7f5b010b5000-7f5b010b6000 r--p 00020000 08:05 651969                     /lib/x86_64-linux-gnu/ld-2.13.so
7f5b010b6000-7f5b010b8000 rw-p 00021000 08:05 651969                     /lib/x86_64-linux-gnu/ld-2.13.so
7fffaa04c000-7fffaa06d000 rw-p 00000000 00:00 0                          [stack]
7fffaa0cb000-7fffaa0cc000 r-xp 00000000 00:00 0                          [vdso]
ffffffffff600000-ffffffffff601000 r-xp 00000000 00:00 0                  [vsyscall]
7fffaa0cb000-7fffaa0cc000 r-xp 00000000 00:00 0                          [vdso]
ffffffffff600000-ffffffffff601000 r-xp 00000000 00:00 0                  [vsyscall]

VM Arguments:
jvm_args: -agentlib:jdwp=transport=dt_socket,suspend=y,address=localhost:35932 -Djava.library.path=/home/jan/development/projects/YogularmInfinite/desktop/lib/jogl/windows-amd64:/home/jan/development/projects/YogularmInfinite/desktop/lib/jogl/linux-amd64 -Dfile.encoding=UTF-8 
java_command: de.yogularm.desktop.SwingLauncher
Launcher Type: SUN_STANDARD

Environment Variables:
JAVA_HOME=/usr/lib/jvm/java-6-openjdk
CLASSPATH=.:/usr/lib/jvm/java-6-openjdk/bin:/usr/share/tomcat7/lib/servlet-api.jar:/usr/share/tomcat7/lib/tomcat-coyote.jar:/usr/share/tomcat7/lib/tomcat-util.jar:/usr/share/tomcat7/bin/tomcat-juli.jar
PATH=/usr/local/sbin:/usr/local/bin:/usr/sbin:/usr/bin:/sbin:/bin:/usr/games
LD_LIBRARY_PATH=/usr/lib/jvm/java-6-openjdk/jre/lib/amd64/server:/usr/lib/jvm/java-6-openjdk/jre/lib/amd64:/usr/lib/jvm/java-6-openjdk/jre/../lib/amd64
SHELL=/bin/bash
DISPLAY=:0

Signal Handlers:
SIGSEGV: [libjvm.so+0x783e60], sa_mask[0]=0x7ffbfeff, sa_flags=0x10000004
SIGBUS: [libjvm.so+0x783e60], sa_mask[0]=0x7ffbfeff, sa_flags=0x10000004
SIGFPE: [libjvm.so+0x6485c0], sa_mask[0]=0x7ffbfeff, sa_flags=0x10000004
SIGPIPE: [libjvm.so+0x6485c0], sa_mask[0]=0x7ffbfeff, sa_flags=0x10000004
SIGXFSZ: [libjvm.so+0x6485c0], sa_mask[0]=0x7ffbfeff, sa_flags=0x10000004
SIGILL: [libjvm.so+0x6485c0], sa_mask[0]=0x7ffbfeff, sa_flags=0x10000004
SIGUSR1: SIG_DFL, sa_mask[0]=0x00000000, sa_flags=0x00000000
SIGUSR2: [libjvm.so+0x648770], sa_mask[0]=0x00000004, sa_flags=0x10000004
SIGHUP: [libjvm.so+0x64b280], sa_mask[0]=0x7ffbfeff, sa_flags=0x10000004
SIGINT: [libjvm.so+0x64b280], sa_mask[0]=0x7ffbfeff, sa_flags=0x10000004
SIGTERM: [libjvm.so+0x64b280], sa_mask[0]=0x7ffbfeff, sa_flags=0x10000004
SIGQUIT: [libjvm.so+0x64b280], sa_mask[0]=0x7ffbfeff, sa_flags=0x10000004


---------------  S Y S T E M  ---------------

OS:Ubuntu 11.10 (oneiric)
uname:Linux 3.0.0-17-generic #30-Ubuntu SMP Thu Mar 8 20:45:39 UTC 2012 x86_64
libc:glibc 2.13 NPTL 2.13 
rlimit: STACK 8192k, CORE 0k, NPROC 47157, NOFILE 4096, AS infinity
load average:0.69 0.33 0.27

/proc/meminfo:
MemTotal:        6125608 kB
MemFree:          527204 kB
Buffers:         1265512 kB
Cached:          1394860 kB
SwapCached:            0 kB
Active:          3485596 kB
Inactive:        1578112 kB
Active(anon):    2404104 kB
Inactive(anon):    47768 kB
Active(file):    1081492 kB
Inactive(file):  1530344 kB
Unevictable:           0 kB
Mlocked:               0 kB
SwapTotal:       8396796 kB
SwapFree:        8396796 kB
Dirty:               228 kB
Writeback:             0 kB
AnonPages:       2403412 kB
Mapped:           285500 kB
Shmem:             48544 kB
Slab:             353488 kB
SReclaimable:     216748 kB
SUnreclaim:       136740 kB
KernelStack:        4320 kB
PageTables:        40332 kB
NFS_Unstable:          0 kB
Bounce:                0 kB
WritebackTmp:          0 kB
CommitLimit:    11459600 kB
Committed_AS:    5198888 kB
VmallocTotal:   34359738367 kB
VmallocUsed:      341552 kB
VmallocChunk:   34359393780 kB
HardwareCorrupted:     0 kB
AnonHugePages:         0 kB
HugePages_Total:       0
HugePages_Free:        0
HugePages_Rsvd:        0
HugePages_Surp:        0
Hugepagesize:       2048 kB
DirectMap4k:      141056 kB
DirectMap2M:     6150144 kB


CPU:total 2 (2 cores per cpu, 1 threads per core) family 15 model 107 stepping 2, cmov, cx8, fxsr, mmx, sse, sse2, sse3, mmxext, 3dnow, 3dnowext

Memory: 4k page, physical 6125608k(527204k free), swap 8396796k(8396796k free)

vm_info: OpenJDK 64-Bit Server VM (20.0-b11) for linux-amd64 JRE (1.6.0_23-b23), built on Feb 23 2012 05:39:46 by "buildd" with gcc 4.6.1

time: Mon Apr  2 00:24:48 2012
elapsed time: 52 seconds

