#
# A fatal error has been detected by the Java Runtime Environment:
#
#  SIGSEGV (0xb) at pc=0x00007feb7303ba67, pid=4821, tid=140649333180160
#
# JRE version: 6.0_23-b23
# Java VM: OpenJDK 64-Bit Server VM (20.0-b11 mixed mode linux-amd64 compressed oops)
# Derivative: IcedTea6 1.11pre
# Distribution: Ubuntu 11.10, package 6b23~pre11-0ubuntu1.11.10
# Problematic frame:
# C  [libnvidia-glcore.so.280.13+0xe87a67]  ftell+0xe87a67
#
# If you would like to submit a bug report, please include
# instructions how to reproduce the bug and visit:
#   https://bugs.launchpad.net/ubuntu/+source/openjdk-6/
# The crash happened outside the Java Virtual Machine in native code.
# See problematic frame for where to report the bug.
#

---------------  T H R E A D  ---------------

Current thread (0x0000000002d24800):  JavaThread "AWT-EventQueue-0" [_thread_in_native, id=4858, stack(0x00007feb797ac000,0x00007feb798ad000)]

siginfo:si_signo=SIGSEGV: si_errno=0, si_code=1 (SEGV_MAPERR), si_addr=0x000000004191e958

Registers:
RAX=0x0000000000000001, RBX=0x0000000000000de1, RCX=0x0000000000000000, RDX=0x0000000000000de1
RSP=0x00007feb798aab60, RBP=0x0000000000000002, RSI=0x0000000000000002, RDI=0x00000000418ac000
R8 =0x00007feb7934d1a0, R9 =0x00000000000012fa, R10=0x00007feb7e094b98, R11=0x0000000000000202
R12=0x00000000418ac000, R13=0x0000000000000002, R14=0x00007feb798aabc0, R15=0x0000000002d24800
RIP=0x00007feb7303ba67, EFLAGS=0x0000000000010202, CSGSFS=0x0000000000000033, ERR=0x0000000000000004
  TRAPNO=0x000000000000000e

Top of Stack: (sp=0x00007feb798aab60)
0x00007feb798aab60:   00000000418ac000 00007feb73fe70a0
0x00007feb798aab70:   0000000000000de1 00007feb7303c1be
0x00007feb798aab80:   00000000418ac000 00000000a28cb490
0x00007feb798aab90:   00007feb798aabe0 0000000000000000
0x00007feb798aaba0:   00007feb7e0c5f10 00007feb78a28dd1
0x00007feb798aabb0:   00007feb7933f700 00000de100000002
0x00007feb798aabc0:   00007feb798aabf0 0000000002d249d0
0x00007feb798aabd0:   3f8000003f800000 00007feb7933f700
0x00007feb798aabe0:   00007feb798aac30 00007feb7e094c0e
0x00007feb798aabf0:   00000000a30a8df0 0000000002d249d0
0x00007feb798aac00:   00007feb7933eac0 000000007933f020
0x00007feb798aac10:   00007feb798aac60 00007feb7e05c888
0x00007feb798aac20:   00000000a30a8df0 00007feb7933eac0
0x00007feb798aac30:   00007feb7933f700 00007feb7e0d1af8
0x00007feb798aac40:   00000000a281b5a0 00000002a281b5b8
0x00007feb798aac50:   00000000a30a7928 00000000a30a8df0
0x00007feb798aac60:   00007feb7933eac0 00007feb7e08e34c
0x00007feb798aac70:   00000000a30a7928 00000000e10ed510
0x00007feb798aac80:   00000000a30a7928 00000000a30a8df0
0x00007feb798aac90:   00000000a30a7928 00000000a30a8df0
0x00007feb798aaca0:   00000000a281b5a0 00007feb7e0f2a50
0x00007feb798aacb0:   0000000098dfaab0 00000000a331bdd0
0x00007feb798aacc0:   00000000a30a7928 00000000a30a7928
0x00007feb798aacd0:   00000000e10f1858 00000000e10f1918
0x00007feb798aace0:   00000000e10f1bc8 00000000a331c148
0x00007feb798aacf0:   00000000a281b5a0 00007feb7933eac0
0x00007feb798aad00:   00000000a30a7928 00007feb7933eac0
0x00007feb798aad10:   00007feb7933eac0 00000000a289f8f8
0x00007feb798aad20:   00007feb7e0a8e5c 00000000a289f8f8
0x00007feb798aad30:   00000000a289f8f8 00007feb7e0a8e7c
0x00007feb798aad40:   00000000a30a6fd8 0000000000000007
0x00007feb798aad50:   00000000a30983f0 00000000a30a6fb0 

Instructions: (pc=0x00007feb7303ba67)
0x00007feb7303ba47:   8b 64 24 10 48 83 c4 18 c3 f6 87 74 29 04 00 04
0x00007feb7303ba57:   b8 0b 00 00 00 75 d2 85 c9 74 74 e9 57 ff ff ff
0x00007feb7303ba67:   48 8b bf 58 29 07 00 e8 bd ee f9 ff 48 85 c0 0f
0x00007feb7303ba77:   84 a1 01 00 00 48 63 90 d8 00 00 00 48 89 c1 48 

Register to memory mapping:

RAX=0x0000000000000001 is an unknown value
RBX=0x0000000000000de1 is an unknown value
RCX=0x0000000000000000 is an unknown value
RDX=0x0000000000000de1 is an unknown value
RSP=0x00007feb798aab60 is pointing into the stack for thread: 0x0000000002d24800
RBP=0x0000000000000002 is an unknown value
RSI=0x0000000000000002 is an unknown value
RDI=0x00000000418ac000 is an unknown value
R8 =0x00007feb7934d1a0: <offset 0x2fb1a0> in /usr/lib/nvidia-current/libGL.so.1 at 0x00007feb79052000
R9 =0x00000000000012fa is an unknown value
R10=0x00007feb7e0949d0 [CodeBlob (0x00007feb7e0949d0)]
Framesize: 10
R11=0x0000000000000202 is an unknown value
R12=0x00000000418ac000 is an unknown value
R13=0x0000000000000002 is an unknown value
R14=0x00007feb798aabc0 is pointing into the stack for thread: 0x0000000002d24800
R15=0x0000000002d24800 is a thread


Stack: [0x00007feb797ac000,0x00007feb798ad000],  sp=0x00007feb798aab60,  free space=1018k
Native frames: (J=compiled Java code, j=interpreted, Vv=VM code, C=native code)
C  [libnvidia-glcore.so.280.13+0xe87a67]  ftell+0xe87a67

Java frames: (J=compiled Java code, j=interpreted, Vv=VM code)
J  jogamp.opengl.gl4.GL4bcImpl.dispatch_glBindTexture1(IIJ)V
J  de.yogularm.drawing.Image.draw(Lde/yogularm/drawing/RenderContext;)V
J  de.yogularm.World.render(Lde/yogularm/drawing/RenderContext;)V
J  jogamp.opengl.GLDrawableHelper.display(Ljavax/media/opengl/GLAutoDrawable;)V
j  javax.media.opengl.awt.GLCanvas$DisplayAction.run()V+121
j  jogamp.opengl.GLDrawableHelper.invokeGL(Ljavax/media/opengl/GLDrawable;Ljavax/media/opengl/GLContext;Ljava/lang/Runnable;Ljava/lang/Runnable;)V+268
j  javax.media.opengl.awt.GLCanvas$DisplayOnEventDispatchThreadAction.run()V+35
j  java.awt.event.InvocationEvent.dispatch()V+11
j  java.awt.EventQueue.dispatchEventImpl(Ljava/awt/AWTEvent;Ljava/lang/Object;)V+21
j  java.awt.EventQueue.access$000(Ljava/awt/EventQueue;Ljava/awt/AWTEvent;Ljava/lang/Object;)V+3
j  java.awt.EventQueue$1.run()Ljava/lang/Void;+12
j  java.awt.EventQueue$1.run()Ljava/lang/Object;+1
v  ~StubRoutines::call_stub
j  java.security.AccessController.doPrivileged(Ljava/security/PrivilegedAction;Ljava/security/AccessControlContext;)Ljava/lang/Object;+0
J  java.awt.EventDispatchThread.pumpOneEventForFilters(I)Z
j  java.awt.EventDispatchThread.pumpEventsForFilter(ILjava/awt/Conditional;Ljava/awt/EventFilter;)V+30
j  java.awt.EventDispatchThread.pumpEventsForHierarchy(ILjava/awt/Conditional;Ljava/awt/Component;)V+11
j  java.awt.EventDispatchThread.pumpEvents(ILjava/awt/Conditional;)V+4
j  java.awt.EventDispatchThread.pumpEvents(Ljava/awt/Conditional;)V+3
j  java.awt.EventDispatchThread.run()V+9
v  ~StubRoutines::call_stub

---------------  P R O C E S S  ---------------

Java Threads: ( => current thread )
  0x0000000002ea7000 JavaThread "Thread-1" [_thread_blocked, id=5008, stack(0x00007feb78180000,0x00007feb78281000)]
  0x00000000024d4000 JavaThread "SIGTERM handler" daemon [_thread_blocked, id=5005, stack(0x00007feb7c9b9000,0x00007feb7caba000)]
  0x0000000002432800 JavaThread "DestroyJavaVM" [_thread_blocked, id=4826, stack(0x00007feb84aea000,0x00007feb84beb000)]
  0x0000000002bf2800 JavaThread "Timer-0" [_thread_blocked, id=4863, stack(0x00007feb71eb1000,0x00007feb71fb2000)]
=>0x0000000002d24800 JavaThread "AWT-EventQueue-0" [_thread_in_native, id=4858, stack(0x00007feb797ac000,0x00007feb798ad000)]
  0x0000000002d22000 JavaThread "AWT-Shutdown" [_thread_blocked, id=4857, stack(0x00007feb798ad000,0x00007feb799ae000)]
  0x00000000029be000 JavaThread "AWT-XAWT" daemon [_thread_blocked, id=4848, stack(0x00007feb79cac000,0x00007feb79dad000)]
  0x0000000002800000 JavaThread "Java2D Disposer" daemon [_thread_blocked, id=4847, stack(0x00007feb7a0ef000,0x00007feb7a1f0000)]
  0x00000000024e9800 JavaThread "Low Memory Detector" daemon [_thread_blocked, id=4843, stack(0x00007feb7c6b6000,0x00007feb7c7b7000)]
  0x00000000024e4800 JavaThread "C2 CompilerThread1" daemon [_thread_blocked, id=4842, stack(0x00007feb7c7b7000,0x00007feb7c8b8000)]
  0x00000000024e1000 JavaThread "C2 CompilerThread0" daemon [_thread_blocked, id=4841, stack(0x00007feb7c8b8000,0x00007feb7c9b9000)]
  0x00000000024d1800 JavaThread "JDWP Event Helper Thread" daemon [_thread_blocked, id=4837, stack(0x00007feb7caba000,0x00007feb7cbbb000)]
  0x00000000024ce000 JavaThread "JDWP Transport Listener: dt_socket" daemon [_thread_in_native, id=4835, stack(0x00007feb7cbbb000,0x00007feb7ccbc000)]
  0x00000000024c2800 JavaThread "Signal Dispatcher" daemon [_thread_blocked, id=4833, stack(0x00007feb7cec1000,0x00007feb7cfc2000)]
  0x000000000249f000 JavaThread "Finalizer" daemon [_thread_blocked, id=4832, stack(0x00007feb7cfc2000,0x00007feb7d0c3000)]
  0x000000000249d000 JavaThread "Reference Handler" daemon [_thread_blocked, id=4831, stack(0x00007feb7d0c3000,0x00007feb7d1c4000)]

Other Threads:
  0x0000000002496000 VMThread [stack: 0x00007feb7d1c4000,0x00007feb7d2c5000] [id=4830]
  0x00000000024ec800 WatcherThread [stack: 0x00007feb7c5b5000,0x00007feb7c6b6000] [id=4844]

VM state:not at safepoint (normal execution)

VM Mutex/Monitor currently owned by a thread: None

Heap
 PSYoungGen      total 6336K, used 4144K [0x00000000e0d60000, 0x00000000e14a0000, 0x0000000100000000)
  eden space 6208K, 66% used [0x00000000e0d60000,0x00000000e11643b8,0x00000000e1370000)
  from space 128K, 25% used [0x00000000e1460000,0x00000000e1468000,0x00000000e1480000)
  to   space 128K, 0% used [0x00000000e1480000,0x00000000e1480000,0x00000000e14a0000)
 PSOldGen        total 63872K, used 11444K [0x00000000a2800000, 0x00000000a6660000, 0x00000000e0d60000)
  object space 63872K, 17% used [0x00000000a2800000,0x00000000a332d108,0x00000000a6660000)
 PSPermGen       total 34240K, used 20818K [0x0000000098200000, 0x000000009a370000, 0x00000000a2800000)
  object space 34240K, 60% used [0x0000000098200000,0x0000000099654bb8,0x000000009a370000)

Code Cache  [0x00007feb7df3c000, 0x00007feb7e1ac000, 0x00007feb80f3c000)
 total_blobs=1189 nmethods=426 adapters=725 free_code_cache=48392640 largest_free_block=8384

Dynamic libraries:
00400000-00409000 r-xp 00000000 08:26 787838                             /usr/lib/jvm/java-6-openjdk/jre/bin/java
00608000-00609000 r--p 00008000 08:26 787838                             /usr/lib/jvm/java-6-openjdk/jre/bin/java
00609000-0060a000 rw-p 00009000 08:26 787838                             /usr/lib/jvm/java-6-openjdk/jre/bin/java
02425000-03acb000 rw-p 00000000 00:00 0                                  [heap]
98200000-9a370000 rw-p 00000000 00:00 0 
9a370000-a2800000 rw-p 00000000 00:00 0 
a2800000-a6660000 rw-p 00000000 00:00 0 
a6660000-e0d60000 rw-p 00000000 00:00 0 
e0d60000-e14a0000 rw-p 00000000 00:00 0 
e14a0000-e2c80000 ---p 00000000 00:00 0 
e2c80000-100000000 rw-p 00000000 00:00 0 
7feb70bef000-7feb70bf7000 r-xp 00000000 08:26 787950                     /usr/lib/jvm/java-6-openjdk/jre/lib/amd64/libnio.so
7feb70bf7000-7feb70df6000 ---p 00008000 08:26 787950                     /usr/lib/jvm/java-6-openjdk/jre/lib/amd64/libnio.so
7feb70df6000-7feb70df7000 r--p 00007000 08:26 787950                     /usr/lib/jvm/java-6-openjdk/jre/lib/amd64/libnio.so
7feb70df7000-7feb70df8000 rw-p 00008000 08:26 787950                     /usr/lib/jvm/java-6-openjdk/jre/lib/amd64/libnio.so
7feb70df8000-7feb70e0d000 r-xp 00000000 08:26 788101                     /usr/lib/jvm/java-6-openjdk/jre/lib/amd64/libnet.so
7feb70e0d000-7feb7100c000 ---p 00015000 08:26 788101                     /usr/lib/jvm/java-6-openjdk/jre/lib/amd64/libnet.so
7feb7100c000-7feb7100d000 r--p 00014000 08:26 788101                     /usr/lib/jvm/java-6-openjdk/jre/lib/amd64/libnet.so
7feb7100d000-7feb7100e000 rw-p 00015000 08:26 788101                     /usr/lib/jvm/java-6-openjdk/jre/lib/amd64/libnet.so
7feb7120f000-7feb7130f000 rw-s 24f7b000 00:05 9075                       /dev/nvidia0
7feb71410000-7feb7141a000 r-xp 00000000 08:26 788308                     /usr/lib/jvm/java-6-openjdk/jre/lib/amd64/libjpeg.so
7feb7141a000-7feb71619000 ---p 0000a000 08:26 788308                     /usr/lib/jvm/java-6-openjdk/jre/lib/amd64/libjpeg.so
7feb71619000-7feb7161a000 r--p 00009000 08:26 788308                     /usr/lib/jvm/java-6-openjdk/jre/lib/amd64/libjpeg.so
7feb7161a000-7feb7161b000 rw-p 0000a000 08:26 788308                     /usr/lib/jvm/java-6-openjdk/jre/lib/amd64/libjpeg.so
7feb7161b000-7feb7164d000 r-xp 00000000 08:26 788130                     /usr/lib/jvm/java-6-openjdk/jre/lib/amd64/liblcms.so
7feb7164d000-7feb7184c000 ---p 00032000 08:26 788130                     /usr/lib/jvm/java-6-openjdk/jre/lib/amd64/liblcms.so
7feb7184c000-7feb7184d000 r--p 00031000 08:26 788130                     /usr/lib/jvm/java-6-openjdk/jre/lib/amd64/liblcms.so
7feb7184d000-7feb7184e000 rw-p 00032000 08:26 788130                     /usr/lib/jvm/java-6-openjdk/jre/lib/amd64/liblcms.so
7feb7184e000-7feb71850000 rw-p 00000000 00:00 0 
7feb71850000-7feb71eb1000 rw-s 00000000 00:04 4751428                    /SYSV00000000 (deleted)
7feb71eb1000-7feb71eb4000 ---p 00000000 00:00 0 
7feb71eb4000-7feb71fb2000 rw-p 00000000 00:00 0 
7feb71fb2000-7feb71fb5000 ---p 00000000 00:00 0 
7feb71fb5000-7feb720b3000 rw-p 00000000 00:00 0 
7feb720b3000-7feb720b6000 ---p 00000000 00:00 0 
7feb720b6000-7feb721b4000 rw-p 00000000 00:00 0 
7feb721b4000-7feb737a8000 r-xp 00000000 08:26 793109                     /usr/lib/nvidia-current/libnvidia-glcore.so.280.13
7feb737a8000-7feb739a7000 ---p 015f4000 08:26 793109                     /usr/lib/nvidia-current/libnvidia-glcore.so.280.13
7feb739a7000-7feb73fe6000 rwxp 015f3000 08:26 793109                     /usr/lib/nvidia-current/libnvidia-glcore.so.280.13
7feb73fe6000-7feb74000000 rwxp 00000000 00:00 0 
7feb74000000-7feb74cd2000 rw-p 00000000 00:00 0 
7feb74cd2000-7feb78000000 ---p 00000000 00:00 0 
7feb78005000-7feb78007000 r--s 00007000 08:26 931157                     /usr/share/java/hamcrest-core-1.1.jar
7feb78007000-7feb78009000 r--s 00007000 08:26 931157                     /usr/share/java/hamcrest-core-1.1.jar
7feb78009000-7feb78010000 r--s 00030000 08:26 931165                     /usr/share/java/junit4-4.8.2.jar
7feb78010000-7feb78014000 r--s 00028000 08:27 265061                     /home/jan/development/projects/YogularmInfinite/Thirdparty/jogl/jar/newt.all.jar
7feb78014000-7feb78114000 rw-s 2a08b000 00:05 9075                       /dev/nvidia0
7feb78180000-7feb78183000 ---p 00000000 00:00 0 
7feb78183000-7feb78281000 rw-p 00000000 00:00 0 
7feb78281000-7feb78481000 rw-s 2fd45000 00:05 9075                       /dev/nvidia0
7feb78481000-7feb78581000 rw-s 3801d000 00:05 9075                       /dev/nvidia0
7feb785c1000-7feb785d9000 r-xp 00000000 08:27 265066                     /home/jan/development/projects/YogularmInfinite/Thirdparty/jogl/jogl-2.0-b23-20110303-linux-amd64/libjogl_es2.so
7feb785d9000-7feb787d8000 ---p 00018000 08:27 265066                     /home/jan/development/projects/YogularmInfinite/Thirdparty/jogl/jogl-2.0-b23-20110303-linux-amd64/libjogl_es2.so
7feb787d8000-7feb787d9000 r--p 00017000 08:27 265066                     /home/jan/development/projects/YogularmInfinite/Thirdparty/jogl/jogl-2.0-b23-20110303-linux-amd64/libjogl_es2.so
7feb787d9000-7feb787da000 rw-p 00018000 08:27 265066                     /home/jan/development/projects/YogularmInfinite/Thirdparty/jogl/jogl-2.0-b23-20110303-linux-amd64/libjogl_es2.so
7feb787da000-7feb787f2000 r-xp 00000000 08:27 265065                     /home/jan/development/projects/YogularmInfinite/Thirdparty/jogl/jogl-2.0-b23-20110303-linux-amd64/libjogl_es1.so
7feb787f2000-7feb789f1000 ---p 00018000 08:27 265065                     /home/jan/development/projects/YogularmInfinite/Thirdparty/jogl/jogl-2.0-b23-20110303-linux-amd64/libjogl_es1.so
7feb789f1000-7feb789f2000 r--p 00017000 08:27 265065                     /home/jan/development/projects/YogularmInfinite/Thirdparty/jogl/jogl-2.0-b23-20110303-linux-amd64/libjogl_es1.so
7feb789f2000-7feb789f3000 rw-p 00018000 08:27 265065                     /home/jan/development/projects/YogularmInfinite/Thirdparty/jogl/jogl-2.0-b23-20110303-linux-amd64/libjogl_es1.so
7feb789f3000-7feb78a7d000 r-xp 00000000 08:27 265064                     /home/jan/development/projects/YogularmInfinite/Thirdparty/jogl/jogl-2.0-b23-20110303-linux-amd64/libjogl_desktop.so
7feb78a7d000-7feb78c7d000 ---p 0008a000 08:27 265064                     /home/jan/development/projects/YogularmInfinite/Thirdparty/jogl/jogl-2.0-b23-20110303-linux-amd64/libjogl_desktop.so
7feb78c7d000-7feb78c7e000 r--p 0008a000 08:27 265064                     /home/jan/development/projects/YogularmInfinite/Thirdparty/jogl/jogl-2.0-b23-20110303-linux-amd64/libjogl_desktop.so
7feb78c7e000-7feb78c7f000 rw-p 0008b000 08:27 265064                     /home/jan/development/projects/YogularmInfinite/Thirdparty/jogl/jogl-2.0-b23-20110303-linux-amd64/libjogl_desktop.so
7feb78c7f000-7feb78c82000 r-xp 00000000 08:26 793125                     /usr/lib/nvidia-current/tls/libnvidia-tls.so.280.13
7feb78c82000-7feb78e81000 ---p 00003000 08:26 793125                     /usr/lib/nvidia-current/tls/libnvidia-tls.so.280.13
7feb78e81000-7feb78e82000 rw-p 00002000 08:26 793125                     /usr/lib/nvidia-current/tls/libnvidia-tls.so.280.13
7feb78e82000-7feb78e83000 r--s 00000000 08:26 408205                     /var/cache/fontconfig/c05880de57d1f5e948fdfacc138775d9-le64.cache-3
7feb78e83000-7feb78e8c000 r--s 00000000 08:26 391263                     /var/cache/fontconfig/945677eb7aeaf62f1d50efc3fb3ec7d8-le64.cache-3
7feb78e8c000-7feb78e8e000 r--s 00000000 08:26 391046                     /var/cache/fontconfig/99e8ed0e538f840c565b6ed5dad60d56-le64.cache-3
7feb78e8e000-7feb78e91000 r--s 00000000 08:26 391624                     /var/cache/fontconfig/e383d7ea5fbe662a33d9b44caf393297-le64.cache-3
7feb78e91000-7feb78e95000 r--s 00000000 08:26 408203                     /var/cache/fontconfig/2cd17615ca594fa2959ae173292e504c-le64.cache-3
7feb78e95000-7feb78e96000 r--s 00000000 08:26 391470                     /var/cache/fontconfig/e7071f4a29fa870f4323321c154eba04-le64.cache-3
7feb78e96000-7feb78e9b000 r--s 00000000 08:26 408202                     /var/cache/fontconfig/6eb3985aa4124903f6ff08ba781cd364-le64.cache-3
7feb78e9b000-7feb78e9c000 r--s 00000000 08:26 406414                     /var/cache/fontconfig/4c73fe0c47614734b17d736dbde7580a-le64.cache-3
7feb78e9c000-7feb78e9d000 r--s 00000000 08:26 406413                     /var/cache/fontconfig/0d8c3b2ac0904cb8a57a757ad11a4a08-le64.cache-3
7feb78e9d000-7feb78e9e000 r--s 00000000 08:26 406412                     /var/cache/fontconfig/6a53c69dea097a2d716e069445527da8-le64.cache-3
7feb78e9e000-7feb78ea4000 r--s 00000000 08:26 401859                     /var/cache/fontconfig/a755afe4a08bf5b97852ceb7400b47bc-le64.cache-3
7feb78ea4000-7feb78eaa000 r--s 00000000 08:26 409105                     /var/cache/fontconfig/515ca1ebc4b18308bea979be5704f9db-le64.cache-3
7feb78eaa000-7feb78eb3000 r--s 00000000 08:26 392133                     /var/cache/fontconfig/6d41288fd70b0be22e8c3a91e032eec0-le64.cache-3
7feb78eb3000-7feb78ec3000 r--s 00000000 08:26 401858                     /var/cache/fontconfig/0f34bcd4b6ee430af32735b75db7f02b-le64.cache-3
7feb78ec3000-7feb78ef1000 r--s 00000000 08:26 409148                     /var/cache/fontconfig/365b55f210c0a22e9a19e35191240f32-le64.cache-3
7feb78ef1000-7feb78f01000 r--s 00000000 08:26 401856                     /var/cache/fontconfig/d52a8644073d54c13679302ca1180695-le64.cache-3
7feb78f01000-7feb78f09000 r--s 00000000 08:26 409104                     /var/cache/fontconfig/153bb866d4d26e7cd19eee2129f8d8d2-le64.cache-3
7feb78f09000-7feb78f0c000 r--s 00000000 08:26 391258                     /var/cache/fontconfig/e13b20fdb08344e0e664864cc2ede53d-le64.cache-3
7feb78f0c000-7feb78f0e000 r--s 00000000 08:27 1101681                    /home/jan/.fontconfig/fdd828a2a2357ac8b98d53d4cb73097a-le64.cache-3
7feb78f0e000-7feb78f15000 r--s 00000000 08:27 1101680                    /home/jan/.fontconfig/c58ff9086ba60478c195bf0f61b530df-le64.cache-3
7feb78f15000-7feb78f1f000 r--s 00000000 08:27 1101674                    /home/jan/.fontconfig/a0bf83b7801ad605140a17cf4b414547-le64.cache-3
7feb78f1f000-7feb78f25000 r--s 00000000 08:27 1101679                    /home/jan/.fontconfig/7d1d196625a4c3b5318df9a7bec9bc41-le64.cache-3
7feb78f2d000-7feb78f31000 rw-s 3d93c000 00:05 9075                       /dev/nvidia0
7feb78f51000-7feb78f54000 ---p 00000000 00:00 0 
7feb78f54000-7feb79052000 rw-p 00000000 00:00 0 
7feb79052000-7feb79113000 r-xp 00000000 08:26 793112                     /usr/lib/nvidia-current/libGL.so.280.13
7feb79113000-7feb79312000 ---p 000c1000 08:26 793112                     /usr/lib/nvidia-current/libGL.so.280.13
7feb79312000-7feb7934d000 rwxp 000c0000 08:26 793112                     /usr/lib/nvidia-current/libGL.so.280.13
7feb7934d000-7feb79363000 rwxp 00000000 00:00 0 
7feb79369000-7feb7936a000 rw-s fd060000 00:05 9075                       /dev/nvidia0
7feb7936a000-7feb79385000 rw-s 1a2860000 00:05 9075                      /dev/nvidia0
7feb79385000-7feb79388000 r--s 00000000 08:26 391081                     /var/cache/fontconfig/d60319d88cac85ba9e1a07bd06cfbb8c-le64.cache-3
7feb79388000-7feb7938a000 r--s 00000000 08:27 1101678                    /home/jan/.fontconfig/790146cae801f5c845d56d242e982308-le64.cache-3
7feb7938a000-7feb7938f000 r--s 00000000 08:27 1101677                    /home/jan/.fontconfig/2c10c25a20897452413a494958b84a05-le64.cache-3
7feb7938f000-7feb79391000 r--s 00000000 08:27 1101676                    /home/jan/.fontconfig/01b316c23635a1c7ad41860d9ab7ba59-le64.cache-3
7feb79391000-7feb79393000 r--s 00000000 08:27 1101675                    /home/jan/.fontconfig/e252e6067bf5dc9e40fb95b17b621584-le64.cache-3
7feb79393000-7feb793a2000 r--s 00000000 08:27 1101673                    /home/jan/.fontconfig/51d0fb7e55acffd31d6a8c7c8c7f60fb-le64.cache-3
7feb793a2000-7feb793a7000 r--s 00000000 08:27 1101672                    /home/jan/.fontconfig/6302c9f5be1e12898d22d23c35392af9-le64.cache-3
7feb793a7000-7feb793a9000 r-xp 00000000 08:27 265067                     /home/jan/development/projects/YogularmInfinite/Thirdparty/jogl/jogl-2.0-b23-20110303-linux-amd64/libnativewindow_awt.so
7feb793a9000-7feb795a8000 ---p 00002000 08:27 265067                     /home/jan/development/projects/YogularmInfinite/Thirdparty/jogl/jogl-2.0-b23-20110303-linux-amd64/libnativewindow_awt.so
7feb795a8000-7feb795a9000 r--p 00001000 08:27 265067                     /home/jan/development/projects/YogularmInfinite/Thirdparty/jogl/jogl-2.0-b23-20110303-linux-amd64/libnativewindow_awt.so
7feb795a9000-7feb795aa000 rw-p 00002000 08:27 265067                     /home/jan/development/projects/YogularmInfinite/Thirdparty/jogl/jogl-2.0-b23-20110303-linux-amd64/libnativewindow_awt.so
7feb795aa000-7feb795ab000 r-xp 00000000 08:26 788310                     /usr/lib/jvm/java-6-openjdk/jre/lib/amd64/libjawt.so
7feb795ab000-7feb797aa000 ---p 00001000 08:26 788310                     /usr/lib/jvm/java-6-openjdk/jre/lib/amd64/libjawt.so
7feb797aa000-7feb797ab000 r--p 00000000 08:26 788310                     /usr/lib/jvm/java-6-openjdk/jre/lib/amd64/libjawt.so
7feb797ab000-7feb797ac000 rw-p 00001000 08:26 788310                     /usr/lib/jvm/java-6-openjdk/jre/lib/amd64/libjawt.so
7feb797ac000-7feb797af000 ---p 00000000 00:00 0 
7feb797af000-7feb798ad000 rw-p 00000000 00:00 0 
7feb798ad000-7feb798b0000 ---p 00000000 00:00 0 
7feb798b0000-7feb799ae000 rw-p 00000000 00:00 0 
7feb799ae000-7feb799b3000 r-xp 00000000 08:26 788228                     /usr/lib/x86_64-linux-gnu/libXfixes.so.3.1.0
7feb799b3000-7feb79bb2000 ---p 00005000 08:26 788228                     /usr/lib/x86_64-linux-gnu/libXfixes.so.3.1.0
7feb79bb2000-7feb79bb3000 r--p 00004000 08:26 788228                     /usr/lib/x86_64-linux-gnu/libXfixes.so.3.1.0
7feb79bb3000-7feb79bb4000 rw-p 00005000 08:26 788228                     /usr/lib/x86_64-linux-gnu/libXfixes.so.3.1.0
7feb79bb4000-7feb79bb5000 r--s 00000000 08:26 408205                     /var/cache/fontconfig/c05880de57d1f5e948fdfacc138775d9-le64.cache-3
7feb79bb5000-7feb79bbe000 r--s 00000000 08:26 391263                     /var/cache/fontconfig/945677eb7aeaf62f1d50efc3fb3ec7d8-le64.cache-3
7feb79bbe000-7feb79bc0000 r--s 00000000 08:26 391046                     /var/cache/fontconfig/99e8ed0e538f840c565b6ed5dad60d56-le64.cache-3
7feb79bc0000-7feb79bc3000 r--s 00000000 08:26 391624                     /var/cache/fontconfig/e383d7ea5fbe662a33d9b44caf393297-le64.cache-3
7feb79bc3000-7feb79bc7000 r--s 00000000 08:26 408203                     /var/cache/fontconfig/2cd17615ca594fa2959ae173292e504c-le64.cache-3
7feb79bc7000-7feb79bc8000 r--s 00000000 08:26 391470                     /var/cache/fontconfig/e7071f4a29fa870f4323321c154eba04-le64.cache-3
7feb79bc8000-7feb79bcd000 r--s 00000000 08:26 408202                     /var/cache/fontconfig/6eb3985aa4124903f6ff08ba781cd364-le64.cache-3
7feb79bcd000-7feb79bce000 r--s 00000000 08:26 406414                     /var/cache/fontconfig/4c73fe0c47614734b17d736dbde7580a-le64.cache-3
7feb79bce000-7feb79bcf000 r--s 00000000 08:26 406413                     /var/cache/fontconfig/0d8c3b2ac0904cb8a57a757ad11a4a08-le64.cache-3
7feb79bcf000-7feb79bd0000 r--s 00000000 08:26 406412                     /var/cache/fontconfig/6a53c69dea097a2d716e069445527da8-le64.cache-3
7feb79bd0000-7feb79bd6000 r--s 00000000 08:26 401859                     /var/cache/fontconfig/a755afe4a08bf5b97852ceb7400b47bc-le64.cache-3
7feb79bd6000-7feb79bdc000 r--s 00000000 08:26 409105                     /var/cache/fontconfig/515ca1ebc4b18308bea979be5704f9db-le64.cache-3
7feb79bdc000-7feb79be5000 r--s 00000000 08:26 392133                     /var/cache/fontconfig/6d41288fd70b0be22e8c3a91e032eec0-le64.cache-3
7feb79be5000-7feb79bf5000 r--s 00000000 08:26 401858                     /var/cache/fontconfig/0f34bcd4b6ee430af32735b75db7f02b-le64.cache-3
7feb79bf5000-7feb79bf8000 r--s 00000000 08:26 391081                     /var/cache/fontconfig/d60319d88cac85ba9e1a07bd06cfbb8c-le64.cache-3
7feb79bf8000-7feb79bf9000 r--s 00000000 08:26 396779                     /var/cache/fontconfig/4794a0821666d79190d59a36cb4f44b5-le64.cache-3
7feb79bf9000-7feb79c27000 r--s 00000000 08:26 409148                     /var/cache/fontconfig/365b55f210c0a22e9a19e35191240f32-le64.cache-3
7feb79c27000-7feb79c37000 r--s 00000000 08:26 401856                     /var/cache/fontconfig/d52a8644073d54c13679302ca1180695-le64.cache-3
7feb79c37000-7feb79c3f000 r--s 00000000 08:26 409104                     /var/cache/fontconfig/153bb866d4d26e7cd19eee2129f8d8d2-le64.cache-3
7feb79c3f000-7feb79c42000 r--s 00000000 08:26 391258                     /var/cache/fontconfig/e13b20fdb08344e0e664864cc2ede53d-le64.cache-3
7feb79c42000-7feb79c44000 r--s 00000000 08:27 1101681                    /home/jan/.fontconfig/fdd828a2a2357ac8b98d53d4cb73097a-le64.cache-3
7feb79c44000-7feb79c4b000 r--s 00000000 08:27 1101680                    /home/jan/.fontconfig/c58ff9086ba60478c195bf0f61b530df-le64.cache-3
7feb79c4b000-7feb79c55000 r--s 00000000 08:27 1101674                    /home/jan/.fontconfig/a0bf83b7801ad605140a17cf4b414547-le64.cache-3
7feb79c55000-7feb79c5b000 r--s 00000000 08:27 1101679                    /home/jan/.fontconfig/7d1d196625a4c3b5318df9a7bec9bc41-le64.cache-3
7feb79c5b000-7feb79c5d000 r--s 00000000 08:27 1101678                    /home/jan/.fontconfig/790146cae801f5c845d56d242e982308-le64.cache-3
7feb79c5d000-7feb79c62000 r--s 00000000 08:27 1101677                    /home/jan/.fontconfig/2c10c25a20897452413a494958b84a05-le64.cache-3
7feb79c62000-7feb79c64000 r--s 00000000 08:27 1101676                    /home/jan/.fontconfig/01b316c23635a1c7ad41860d9ab7ba59-le64.cache-3
7feb79c64000-7feb79c66000 r--s 00000000 08:27 1101675                    /home/jan/.fontconfig/e252e6067bf5dc9e40fb95b17b621584-le64.cache-3
7feb79c66000-7feb79c75000 r--s 00000000 08:27 1101673                    /home/jan/.fontconfig/51d0fb7e55acffd31d6a8c7c8c7f60fb-le64.cache-3
7feb79c75000-7feb79c7a000 r--s 00000000 08:27 1101672                    /home/jan/.fontconfig/6302c9f5be1e12898d22d23c35392af9-le64.cache-3
7feb79c7a000-7feb79c7c000 r--s 00000000 08:27 1101671                    /home/jan/.fontconfig/954bf4103e945093a32831c95ead4df7-le64.cache-3
7feb79c7c000-7feb79c7e000 r--s 00000000 08:27 1101670                    /home/jan/.fontconfig/6c2573209480b8f33065f885e21aa27e-le64.cache-3
7feb79c7e000-7feb79c8f000 r--s 00000000 08:27 1101665                    /home/jan/.fontconfig/edd89c71be7950017624cf56be471bae-le64.cache-3
7feb79c8f000-7feb79c91000 r--s 00000000 08:27 1101671                    /home/jan/.fontconfig/954bf4103e945093a32831c95ead4df7-le64.cache-3
7feb79c91000-7feb79c9b000 r--s 00000000 08:27 1101667                    /home/jan/.fontconfig/2bcd93200fc0f5d4f6eeced75af2d533-le64.cache-3
7feb79c9b000-7feb79cac000 r--s 00000000 08:27 1101665                    /home/jan/.fontconfig/edd89c71be7950017624cf56be471bae-le64.cache-3
7feb79cac000-7feb79caf000 ---p 00000000 00:00 0 
7feb79caf000-7feb79dad000 rw-p 00000000 00:00 0 
7feb79dad000-7feb79dae000 r--s 00000000 08:26 408205                     /var/cache/fontconfig/c05880de57d1f5e948fdfacc138775d9-le64.cache-3
7feb79dae000-7feb79db7000 r--s 00000000 08:26 391263                     /var/cache/fontconfig/945677eb7aeaf62f1d50efc3fb3ec7d8-le64.cache-3
7feb79db7000-7feb79db9000 r--s 00000000 08:26 391046                     /var/cache/fontconfig/99e8ed0e538f840c565b6ed5dad60d56-le64.cache-3
7feb79db9000-7feb79dbc000 r--s 00000000 08:26 391624                     /var/cache/fontconfig/e383d7ea5fbe662a33d9b44caf393297-le64.cache-3
7feb79dbc000-7feb79dc0000 r--s 00000000 08:26 408203                     /var/cache/fontconfig/2cd17615ca594fa2959ae173292e504c-le64.cache-3
7feb79dc0000-7feb79dc1000 r--s 00000000 08:26 391470                     /var/cache/fontconfig/e7071f4a29fa870f4323321c154eba04-le64.cache-3
7feb79dc1000-7feb79dc6000 r--s 00000000 08:26 408202                     /var/cache/fontconfig/6eb3985aa4124903f6ff08ba781cd364-le64.cache-3
7feb79dc6000-7feb79dc7000 r--s 00000000 08:26 406414                     /var/cache/fontconfig/4c73fe0c47614734b17d736dbde7580a-le64.cache-3
7feb79dc7000-7feb79dc8000 r--s 00000000 08:26 406413                     /var/cache/fontconfig/0d8c3b2ac0904cb8a57a757ad11a4a08-le64.cache-3
7feb79dc8000-7feb79dc9000 r--s 00000000 08:26 406412                     /var/cache/fontconfig/6a53c69dea097a2d716e069445527da8-le64.cache-3
7feb79dc9000-7feb79dcf000 r--s 00000000 08:26 401859                     /var/cache/fontconfig/a755afe4a08bf5b97852ceb7400b47bc-le64.cache-3
7feb79dcf000-7feb79dd5000 r--s 00000000 08:26 409105                     /var/cache/fontconfig/515ca1ebc4b18308bea979be5704f9db-le64.cache-3
7feb79dd5000-7feb79dde000 r--s 00000000 08:26 392133                     /var/cache/fontconfig/6d41288fd70b0be22e8c3a91e032eec0-le64.cache-3
7feb79dde000-7feb79dee000 r--s 00000000 08:26 401858                     /var/cache/fontconfig/0f34bcd4b6ee430af32735b75db7f02b-le64.cache-3
7feb79dee000-7feb79df1000 r--s 00000000 08:26 391081                     /var/cache/fontconfig/d60319d88cac85ba9e1a07bd06cfbb8c-le64.cache-3
7feb79df1000-7feb79df2000 r--s 00000000 08:26 396779                     /var/cache/fontconfig/4794a0821666d79190d59a36cb4f44b5-le64.cache-3
7feb79df2000-7feb79e20000 r--s 00000000 08:26 409148                     /var/cache/fontconfig/365b55f210c0a22e9a19e35191240f32-le64.cache-3
7feb79e20000-7feb79e30000 r--s 00000000 08:26 401856                     /var/cache/fontconfig/d52a8644073d54c13679302ca1180695-le64.cache-3
7feb79e30000-7feb79e38000 r--s 00000000 08:26 409104                     /var/cache/fontconfig/153bb866d4d26e7cd19eee2129f8d8d2-le64.cache-3
7feb79e38000-7feb79e3b000 r--s 00000000 08:26 391258                     /var/cache/fontconfig/e13b20fdb08344e0e664864cc2ede53d-le64.cache-3
7feb79e3b000-7feb79e3d000 r--s 00000000 08:27 1101681                    /home/jan/.fontconfig/fdd828a2a2357ac8b98d53d4cb73097a-le64.cache-3
7feb79e3d000-7feb79e44000 r--s 00000000 08:27 1101680                    /home/jan/.fontconfig/c58ff9086ba60478c195bf0f61b530df-le64.cache-3
7feb79e44000-7feb79e4e000 r--s 00000000 08:27 1101674                    /home/jan/.fontconfig/a0bf83b7801ad605140a17cf4b414547-le64.cache-3
7feb79e4e000-7feb79e54000 r--s 00000000 08:27 1101679                    /home/jan/.fontconfig/7d1d196625a4c3b5318df9a7bec9bc41-le64.cache-3
7feb79e54000-7feb79e56000 r--s 00000000 08:27 1101678                    /home/jan/.fontconfig/790146cae801f5c845d56d242e982308-le64.cache-3
7feb79e56000-7feb79e5b000 r--s 00000000 08:27 1101677                    /home/jan/.fontconfig/2c10c25a20897452413a494958b84a05-le64.cache-3
7feb79e5b000-7feb79e5d000 r--s 00000000 08:27 1101676                    /home/jan/.fontconfig/01b316c23635a1c7ad41860d9ab7ba59-le64.cache-3
7feb79e5d000-7feb79e5f000 r--s 00000000 08:27 1101675                    /home/jan/.fontconfig/e252e6067bf5dc9e40fb95b17b621584-le64.cache-3
7feb79e5f000-7feb79e6e000 r--s 00000000 08:27 1101673                    /home/jan/.fontconfig/51d0fb7e55acffd31d6a8c7c8c7f60fb-le64.cache-3
7feb79e6e000-7feb79e73000 r--s 00000000 08:27 1101672                    /home/jan/.fontconfig/6302c9f5be1e12898d22d23c35392af9-le64.cache-3
7feb79e73000-7feb79e75000 r--s 00000000 08:27 1101671                    /home/jan/.fontconfig/954bf4103e945093a32831c95ead4df7-le64.cache-3
7feb79e75000-7feb79e77000 r--s 00000000 08:27 1101670                    /home/jan/.fontconfig/6c2573209480b8f33065f885e21aa27e-le64.cache-3
7feb79e77000-7feb79e79000 r--s 00000000 08:27 1101669                    /home/jan/.fontconfig/2ce2f901d9e1b21e31b84cb10642e71d-le64.cache-3
7feb79e79000-7feb79e7c000 r--s 00000000 08:27 1101668                    /home/jan/.fontconfig/e1de9b0e4af91a7731cd98de6ce2d572-le64.cache-3
7feb79e7c000-7feb79e86000 r--s 00000000 08:27 1101667                    /home/jan/.fontconfig/2bcd93200fc0f5d4f6eeced75af2d533-le64.cache-3
7feb79e86000-7feb79e97000 r--s 00000000 08:27 1101665                    /home/jan/.fontconfig/edd89c71be7950017624cf56be471bae-le64.cache-3
7feb79e97000-7feb79e98000 r--s 00000000 08:26 396779                     /var/cache/fontconfig/4794a0821666d79190d59a36cb4f44b5-le64.cache-3
7feb79e98000-7feb79e9a000 r--s 00000000 08:27 1101669                    /home/jan/.fontconfig/2ce2f901d9e1b21e31b84cb10642e71d-le64.cache-3
7feb79e9a000-7feb79e9d000 r--s 00000000 08:27 1101668                    /home/jan/.fontconfig/e1de9b0e4af91a7731cd98de6ce2d572-le64.cache-3
7feb79e9d000-7feb79ea6000 r-xp 00000000 08:26 787710                     /usr/lib/x86_64-linux-gnu/libXcursor.so.1.0.2
7feb79ea6000-7feb7a0a5000 ---p 00009000 08:26 787710                     /usr/lib/x86_64-linux-gnu/libXcursor.so.1.0.2
7feb7a0a5000-7feb7a0a6000 r--p 00008000 08:26 787710                     /usr/lib/x86_64-linux-gnu/libXcursor.so.1.0.2
7feb7a0a6000-7feb7a0a7000 rw-p 00009000 08:26 787710                     /usr/lib/x86_64-linux-gnu/libXcursor.so.1.0.2
7feb7a0a7000-7feb7a0a9000 r--s 00000000 08:27 1101670                    /home/jan/.fontconfig/6c2573209480b8f33065f885e21aa27e-le64.cache-3
7feb7a0a9000-7feb7a0ac000 r--s 00000000 08:27 1101666                    /home/jan/.fontconfig/8adc0da6e22e3e72a145efb7377d06bd-le64.cache-3
7feb7a0ac000-7feb7a0b8000 r--s 00000000 08:27 1101664                    /home/jan/.fontconfig/39d620b8dfbf4bd2ea5f64f511994d5f-le64.cache-3
7feb7a0b8000-7feb7a0c4000 r--s 00000000 08:27 1101662                    /home/jan/.fontconfig/eb6d1a21532c7d5178ca66d9443d4aef-le64.cache-3
7feb7a0c4000-7feb7a0c8000 r--s 00000000 08:26 409147                     /var/cache/fontconfig/7ef2298fde41cc6eeb7af42e48b7d293-le64.cache-3
7feb7a0c8000-7feb7a0c9000 r--p 00000000 00:00 0 
7feb7a0c9000-7feb7a0d0000 r--s 000fb000 08:26 787716                     /usr/lib/jvm/java-6-openjdk/jre/lib/resources.jar
7feb7a0d0000-7feb7a0d3000 r--s 00000000 08:27 1101666                    /home/jan/.fontconfig/8adc0da6e22e3e72a145efb7377d06bd-le64.cache-3
7feb7a0d3000-7feb7a0df000 r--s 00000000 08:27 1101664                    /home/jan/.fontconfig/39d620b8dfbf4bd2ea5f64f511994d5f-le64.cache-3
7feb7a0df000-7feb7a0eb000 r--s 00000000 08:27 1101662                    /home/jan/.fontconfig/eb6d1a21532c7d5178ca66d9443d4aef-le64.cache-3
7feb7a0eb000-7feb7a0ef000 r--s 00000000 08:26 409147                     /var/cache/fontconfig/7ef2298fde41cc6eeb7af42e48b7d293-le64.cache-3
7feb7a0ef000-7feb7a0f2000 ---p 00000000 00:00 0 
7feb7a0f2000-7feb7a1f0000 rw-p 00000000 00:00 0 
7feb7a1f0000-7feb7a282000 r-xp 00000000 08:26 797683                     /usr/lib/x86_64-linux-gnu/libfreetype.so.6.6.2
7feb7a282000-7feb7a481000 ---p 00092000 08:26 797683                     /usr/lib/x86_64-linux-gnu/libfreetype.so.6.6.2
7feb7a481000-7feb7a487000 r--p 00091000 08:26 797683                     /usr/lib/x86_64-linux-gnu/libfreetype.so.6.6.2
7feb7a487000-7feb7a488000 rw-p 00097000 08:26 797683                     /usr/lib/x86_64-linux-gnu/libfreetype.so.6.6.2
7feb7a488000-7feb7a4c1000 r-xp 00000000 08:26 788139                     /usr/lib/jvm/java-6-openjdk/jre/lib/amd64/libfontmanager.so
7feb7a4c1000-7feb7a6c1000 ---p 00039000 08:26 788139                     /usr/lib/jvm/java-6-openjdk/jre/lib/amd64/libfontmanager.so
7feb7a6c1000-7feb7a6c3000 r--p 00039000 08:26 788139                     /usr/lib/jvm/java-6-openjdk/jre/lib/amd64/libfontmanager.so
7feb7a6c3000-7feb7a6c4000 rw-p 0003b000 08:26 788139                     /usr/lib/jvm/java-6-openjdk/jre/lib/amd64/libfontmanager.so
7feb7a6c4000-7feb7a6d3000 r-xp 00000000 08:26 786739                     /usr/lib/x86_64-linux-gnu/libXi.so.6.1.0
7feb7a6d3000-7feb7a8d2000 ---p 0000f000 08:26 786739                     /usr/lib/x86_64-linux-gnu/libXi.so.6.1.0
7feb7a8d2000-7feb7a8d3000 r--p 0000e000 08:26 786739                     /usr/lib/x86_64-linux-gnu/libXi.so.6.1.0
7feb7a8d3000-7feb7a8d4000 rw-p 0000f000 08:26 786739                     /usr/lib/x86_64-linux-gnu/libXi.so.6.1.0
7feb7a8d4000-7feb7a8d9000 r-xp 00000000 08:26 787919                     /usr/lib/libXtst.so.6.1.0
7feb7a8d9000-7feb7aad8000 ---p 00005000 08:26 787919                     /usr/lib/libXtst.so.6.1.0
7feb7aad8000-7feb7aad9000 r--p 00004000 08:26 787919                     /usr/lib/libXtst.so.6.1.0
7feb7aad9000-7feb7aada000 rw-p 00005000 08:26 787919                     /usr/lib/libXtst.so.6.1.0
7feb7aada000-7feb7aae3000 r-xp 00000000 08:26 787047                     /usr/lib/x86_64-linux-gnu/libXrender.so.1.3.0
7feb7aae3000-7feb7ace3000 ---p 00009000 08:26 787047                     /usr/lib/x86_64-linux-gnu/libXrender.so.1.3.0
7feb7ace3000-7feb7ace4000 r--p 00009000 08:26 787047                     /usr/lib/x86_64-linux-gnu/libXrender.so.1.3.0
7feb7ace4000-7feb7ace5000 rw-p 0000a000 08:26 787047                     /usr/lib/x86_64-linux-gnu/libXrender.so.1.3.0
7feb7ace5000-7feb7ad30000 r-xp 00000000 08:26 788914                     /usr/lib/jvm/java-6-openjdk/jre/lib/amd64/xawt/libmawt.so
7feb7ad30000-7feb7af30000 ---p 0004b000 08:26 788914                     /usr/lib/jvm/java-6-openjdk/jre/lib/amd64/xawt/libmawt.so
7feb7af30000-7feb7af31000 r--p 0004b000 08:26 788914                     /usr/lib/jvm/java-6-openjdk/jre/lib/amd64/xawt/libmawt.so
7feb7af31000-7feb7af34000 rw-p 0004c000 08:26 788914                     /usr/lib/jvm/java-6-openjdk/jre/lib/amd64/xawt/libmawt.so
7feb7af34000-7feb7af35000 rw-p 00000000 00:00 0 
7feb7af35000-7feb7afe1000 r-xp 00000000 08:26 788309                     /usr/lib/jvm/java-6-openjdk/jre/lib/amd64/libawt.so
7feb7afe1000-7feb7b1e0000 ---p 000ac000 08:26 788309                     /usr/lib/jvm/java-6-openjdk/jre/lib/amd64/libawt.so
7feb7b1e0000-7feb7b1e1000 r--p 000ab000 08:26 788309                     /usr/lib/jvm/java-6-openjdk/jre/lib/amd64/libawt.so
7feb7b1e1000-7feb7b1ec000 rw-p 000ac000 08:26 788309                     /usr/lib/jvm/java-6-openjdk/jre/lib/amd64/libawt.so
7feb7b1ec000-7feb7b211000 rw-p 00000000 00:00 0 
7feb7b211000-7feb7b216000 r-xp 00000000 08:26 787913                     /usr/lib/x86_64-linux-gnu/libXdmcp.so.6.0.0
7feb7b216000-7feb7b415000 ---p 00005000 08:26 787913                     /usr/lib/x86_64-linux-gnu/libXdmcp.so.6.0.0
7feb7b415000-7feb7b416000 r--p 00004000 08:26 787913                     /usr/lib/x86_64-linux-gnu/libXdmcp.so.6.0.0
7feb7b416000-7feb7b417000 rw-p 00005000 08:26 787913                     /usr/lib/x86_64-linux-gnu/libXdmcp.so.6.0.0
7feb7b417000-7feb7b419000 r-xp 00000000 08:26 787911                     /usr/lib/x86_64-linux-gnu/libXau.so.6.0.0
7feb7b419000-7feb7b618000 ---p 00002000 08:26 787911                     /usr/lib/x86_64-linux-gnu/libXau.so.6.0.0
7feb7b618000-7feb7b619000 r--p 00001000 08:26 787911                     /usr/lib/x86_64-linux-gnu/libXau.so.6.0.0
7feb7b619000-7feb7b61a000 rw-p 00002000 08:26 787911                     /usr/lib/x86_64-linux-gnu/libXau.so.6.0.0
7feb7b61a000-7feb7b62c000 r-xp 00000000 08:26 787917                     /usr/lib/x86_64-linux-gnu/libXext.so.6.4.0
7feb7b62c000-7feb7b82b000 ---p 00012000 08:26 787917                     /usr/lib/x86_64-linux-gnu/libXext.so.6.4.0
7feb7b82b000-7feb7b82c000 r--p 00011000 08:26 787917                     /usr/lib/x86_64-linux-gnu/libXext.so.6.4.0
7feb7b82c000-7feb7b82d000 rw-p 00012000 08:26 787917                     /usr/lib/x86_64-linux-gnu/libXext.so.6.4.0
7feb7b82d000-7feb7b848000 r-xp 00000000 08:26 787915                     /usr/lib/x86_64-linux-gnu/libxcb.so.1.1.0
7feb7b848000-7feb7ba47000 ---p 0001b000 08:26 787915                     /usr/lib/x86_64-linux-gnu/libxcb.so.1.1.0
7feb7ba47000-7feb7ba48000 r--p 0001a000 08:26 787915                     /usr/lib/x86_64-linux-gnu/libxcb.so.1.1.0
7feb7ba48000-7feb7ba49000 rw-p 0001b000 08:26 787915                     /usr/lib/x86_64-linux-gnu/libxcb.so.1.1.0
7feb7ba49000-7feb7ba4b000 r-xp 00000000 08:26 788461                     /usr/lib/x86_64-linux-gnu/libXinerama.so.1.0.0
7feb7ba4b000-7feb7bc4a000 ---p 00002000 08:26 788461                     /usr/lib/x86_64-linux-gnu/libXinerama.so.1.0.0
7feb7bc4a000-7feb7bc4b000 r--p 00001000 08:26 788461                     /usr/lib/x86_64-linux-gnu/libXinerama.so.1.0.0
7feb7bc4b000-7feb7bc4c000 rw-p 00002000 08:26 788461                     /usr/lib/x86_64-linux-gnu/libXinerama.so.1.0.0
7feb7bc4c000-7feb7bc51000 r-xp 00000000 08:26 788230                     /usr/lib/x86_64-linux-gnu/libXxf86vm.so.1.0.0
7feb7bc51000-7feb7be50000 ---p 00005000 08:26 788230                     /usr/lib/x86_64-linux-gnu/libXxf86vm.so.1.0.0
7feb7be50000-7feb7be51000 r--p 00004000 08:26 788230                     /usr/lib/x86_64-linux-gnu/libXxf86vm.so.1.0.0
7feb7be51000-7feb7be52000 rw-p 00005000 08:26 788230                     /usr/lib/x86_64-linux-gnu/libXxf86vm.so.1.0.0
7feb7be52000-7feb7bf85000 r-xp 00000000 08:26 785324                     /usr/lib/x86_64-linux-gnu/libX11.so.6.3.0
7feb7bf85000-7feb7c185000 ---p 00133000 08:26 785324                     /usr/lib/x86_64-linux-gnu/libX11.so.6.3.0
7feb7c185000-7feb7c186000 r--p 00133000 08:26 785324                     /usr/lib/x86_64-linux-gnu/libX11.so.6.3.0
7feb7c186000-7feb7c18a000 rw-p 00134000 08:26 785324                     /usr/lib/x86_64-linux-gnu/libX11.so.6.3.0
7feb7c18a000-7feb7c194000 r--s 00000000 08:27 1101667                    /home/jan/.fontconfig/2bcd93200fc0f5d4f6eeced75af2d533-le64.cache-3
7feb7c194000-7feb7c1a0000 r--s 00000000 08:27 1101664                    /home/jan/.fontconfig/39d620b8dfbf4bd2ea5f64f511994d5f-le64.cache-3
7feb7c1a0000-7feb7c1ac000 r--s 00000000 08:27 1101662                    /home/jan/.fontconfig/eb6d1a21532c7d5178ca66d9443d4aef-le64.cache-3
7feb7c1ac000-7feb7c1b1000 r-xp 00000000 08:27 265069                     /home/jan/development/projects/YogularmInfinite/Thirdparty/jogl/jogl-2.0-b23-20110303-linux-amd64/libnativewindow_x11.so
7feb7c1b1000-7feb7c3b0000 ---p 00005000 08:27 265069                     /home/jan/development/projects/YogularmInfinite/Thirdparty/jogl/jogl-2.0-b23-20110303-linux-amd64/libnativewindow_x11.so
7feb7c3b0000-7feb7c3b1000 r--p 00004000 08:27 265069                     /home/jan/development/projects/YogularmInfinite/Thirdparty/jogl/jogl-2.0-b23-20110303-linux-amd64/libnativewindow_x11.so
7feb7c3b1000-7feb7c3b2000 rw-p 00005000 08:27 265069                     /home/jan/development/projects/YogularmInfinite/Thirdparty/jogl/jogl-2.0-b23-20110303-linux-amd64/libnativewindow_x11.so
7feb7c3b2000-7feb7c3b3000 r-xp 00000000 08:27 265063                     /home/jan/development/projects/YogularmInfinite/Thirdparty/jogl/jogl-2.0-b23-20110303-linux-amd64/libgluegen-rt.so
7feb7c3b3000-7feb7c5b3000 ---p 00001000 08:27 265063                     /home/jan/development/projects/YogularmInfinite/Thirdparty/jogl/jogl-2.0-b23-20110303-linux-amd64/libgluegen-rt.so
7feb7c5b3000-7feb7c5b4000 r--p 00001000 08:27 265063                     /home/jan/development/projects/YogularmInfinite/Thirdparty/jogl/jogl-2.0-b23-20110303-linux-amd64/libgluegen-rt.so
7feb7c5b4000-7feb7c5b5000 rw-p 00002000 08:27 265063                     /home/jan/development/projects/YogularmInfinite/Thirdparty/jogl/jogl-2.0-b23-20110303-linux-amd64/libgluegen-rt.so
7feb7c5b5000-7feb7c5b6000 ---p 00000000 00:00 0 
7feb7c5b6000-7feb7c6b6000 rw-p 00000000 00:00 0 
7feb7c6b6000-7feb7c6b9000 ---p 00000000 00:00 0 
7feb7c6b9000-7feb7c7b7000 rw-p 00000000 00:00 0 
7feb7c7b7000-7feb7c7ba000 ---p 00000000 00:00 0 
7feb7c7ba000-7feb7c8b8000 rw-p 00000000 00:00 0 
7feb7c8b8000-7feb7c8bb000 ---p 00000000 00:00 0 
7feb7c8bb000-7feb7c9b9000 rw-p 00000000 00:00 0 
7feb7c9b9000-7feb7c9bc000 ---p 00000000 00:00 0 
7feb7c9bc000-7feb7caba000 rw-p 00000000 00:00 0 
7feb7caba000-7feb7cabd000 ---p 00000000 00:00 0 
7feb7cabd000-7feb7cbbb000 rw-p 00000000 00:00 0 
7feb7cbbb000-7feb7cbbe000 ---p 00000000 00:00 0 
7feb7cbbe000-7feb7ccbc000 rw-p 00000000 00:00 0 
7feb7ccbc000-7feb7ccc0000 r-xp 00000000 08:26 787949                     /usr/lib/jvm/java-6-openjdk/jre/lib/amd64/libdt_socket.so
7feb7ccc0000-7feb7cebf000 ---p 00004000 08:26 787949                     /usr/lib/jvm/java-6-openjdk/jre/lib/amd64/libdt_socket.so
7feb7cebf000-7feb7cec0000 r--p 00003000 08:26 787949                     /usr/lib/jvm/java-6-openjdk/jre/lib/amd64/libdt_socket.so
7feb7cec0000-7feb7cec1000 rw-p 00004000 08:26 787949                     /usr/lib/jvm/java-6-openjdk/jre/lib/amd64/libdt_socket.so
7feb7cec1000-7feb7cec4000 ---p 00000000 00:00 0 
7feb7cec4000-7feb7cfc2000 rw-p 00000000 00:00 0 
7feb7cfc2000-7feb7cfc5000 ---p 00000000 00:00 0 
7feb7cfc5000-7feb7d0c3000 rw-p 00000000 00:00 0 
7feb7d0c3000-7feb7d0c6000 ---p 00000000 00:00 0 
7feb7d0c6000-7feb7d1c4000 rw-p 00000000 00:00 0 
7feb7d1c4000-7feb7d1c5000 ---p 00000000 00:00 0 
7feb7d1c5000-7feb7d5fb000 rw-p 00000000 00:00 0 
7feb7d5fb000-7feb7d78c000 r--s 037b8000 08:26 788349                     /usr/lib/jvm/java-6-openjdk/jre/lib/rt.jar
7feb7d78c000-7feb7d7b4000 rw-p 00000000 00:00 0 
7feb7d7b4000-7feb7d7b5000 ---p 00000000 00:00 0 
7feb7d7b5000-7feb7d8b5000 rw-p 00000000 00:00 0 
7feb7d8b5000-7feb7d8b6000 ---p 00000000 00:00 0 
7feb7d8b6000-7feb7d9c7000 rw-p 00000000 00:00 0 
7feb7d9c7000-7feb7da09000 rw-p 00000000 00:00 0 
7feb7da09000-7feb7da29000 rw-p 00000000 00:00 0 
7feb7da29000-7feb7dbfc000 rw-p 00000000 00:00 0 
7feb7dbfc000-7feb7dc0d000 rw-p 00000000 00:00 0 
7feb7dc0d000-7feb7dc4f000 rw-p 00000000 00:00 0 
7feb7dc4f000-7feb7dc6f000 rw-p 00000000 00:00 0 
7feb7dc6f000-7feb7de41000 rw-p 00000000 00:00 0 
7feb7de41000-7feb7de46000 rw-p 00000000 00:00 0 
7feb7de46000-7feb7de52000 ---p 00000000 00:00 0 
7feb7de52000-7feb7df3b000 rw-p 00000000 00:00 0 
7feb7df3b000-7feb7df3c000 rw-p 00000000 00:00 0 
7feb7df3c000-7feb7e1ac000 rwxp 00000000 00:00 0 
7feb7e1ac000-7feb80f3c000 rw-p 00000000 00:00 0 
7feb80f3c000-7feb80f43000 r-xp 00000000 08:26 788223                     /usr/lib/jvm/java-6-openjdk/jre/lib/amd64/libzip.so
7feb80f43000-7feb81142000 ---p 00007000 08:26 788223                     /usr/lib/jvm/java-6-openjdk/jre/lib/amd64/libzip.so
7feb81142000-7feb81143000 r--p 00006000 08:26 788223                     /usr/lib/jvm/java-6-openjdk/jre/lib/amd64/libzip.so
7feb81143000-7feb81144000 rw-p 00007000 08:26 788223                     /usr/lib/jvm/java-6-openjdk/jre/lib/amd64/libzip.so
7feb81144000-7feb81150000 r-xp 00000000 08:26 656968                     /lib/x86_64-linux-gnu/libnss_files-2.13.so
7feb81150000-7feb8134f000 ---p 0000c000 08:26 656968                     /lib/x86_64-linux-gnu/libnss_files-2.13.so
7feb8134f000-7feb81350000 r--p 0000b000 08:26 656968                     /lib/x86_64-linux-gnu/libnss_files-2.13.so
7feb81350000-7feb81351000 rw-p 0000c000 08:26 656968                     /lib/x86_64-linux-gnu/libnss_files-2.13.so
7feb81351000-7feb8135b000 r-xp 00000000 08:26 656974                     /lib/x86_64-linux-gnu/libnss_nis-2.13.so
7feb8135b000-7feb8155b000 ---p 0000a000 08:26 656974                     /lib/x86_64-linux-gnu/libnss_nis-2.13.so
7feb8155b000-7feb8155c000 r--p 0000a000 08:26 656974                     /lib/x86_64-linux-gnu/libnss_nis-2.13.so
7feb8155c000-7feb8155d000 rw-p 0000b000 08:26 656974                     /lib/x86_64-linux-gnu/libnss_nis-2.13.so
7feb8155d000-7feb81574000 r-xp 00000000 08:26 656959                     /lib/x86_64-linux-gnu/libnsl-2.13.so
7feb81574000-7feb81773000 ---p 00017000 08:26 656959                     /lib/x86_64-linux-gnu/libnsl-2.13.so
7feb81773000-7feb81774000 r--p 00016000 08:26 656959                     /lib/x86_64-linux-gnu/libnsl-2.13.so
7feb81774000-7feb81775000 rw-p 00017000 08:26 656959                     /lib/x86_64-linux-gnu/libnsl-2.13.so
7feb81775000-7feb81777000 rw-p 00000000 00:00 0 
7feb81777000-7feb8177f000 r-xp 00000000 08:26 656267                     /lib/x86_64-linux-gnu/libnss_compat-2.13.so
7feb8177f000-7feb8197e000 ---p 00008000 08:26 656267                     /lib/x86_64-linux-gnu/libnss_compat-2.13.so
7feb8197e000-7feb8197f000 r--p 00007000 08:26 656267                     /lib/x86_64-linux-gnu/libnss_compat-2.13.so
7feb8197f000-7feb81980000 rw-p 00008000 08:26 656267                     /lib/x86_64-linux-gnu/libnss_compat-2.13.so
7feb81980000-7feb82029000 r--p 00000000 08:26 790710                     /usr/lib/locale/locale-archive
7feb82029000-7feb8202c000 r-xp 00000000 08:26 788133                     /usr/lib/jvm/java-6-openjdk/jre/lib/amd64/libnpt.so
7feb8202c000-7feb8222b000 ---p 00003000 08:26 788133                     /usr/lib/jvm/java-6-openjdk/jre/lib/amd64/libnpt.so
7feb8222b000-7feb8222c000 r--p 00002000 08:26 788133                     /usr/lib/jvm/java-6-openjdk/jre/lib/amd64/libnpt.so
7feb8222c000-7feb8222d000 rw-p 00003000 08:26 788133                     /usr/lib/jvm/java-6-openjdk/jre/lib/amd64/libnpt.so
7feb8222d000-7feb82267000 r-xp 00000000 08:26 788132                     /usr/lib/jvm/java-6-openjdk/jre/lib/amd64/libjdwp.so
7feb82267000-7feb82466000 ---p 0003a000 08:26 788132                     /usr/lib/jvm/java-6-openjdk/jre/lib/amd64/libjdwp.so
7feb82466000-7feb82467000 r--p 00039000 08:26 788132                     /usr/lib/jvm/java-6-openjdk/jre/lib/amd64/libjdwp.so
7feb82467000-7feb82468000 rw-p 0003a000 08:26 788132                     /usr/lib/jvm/java-6-openjdk/jre/lib/amd64/libjdwp.so
7feb82468000-7feb82494000 r-xp 00000000 08:26 788196                     /usr/lib/jvm/java-6-openjdk/jre/lib/amd64/libjava.so
7feb82494000-7feb82693000 ---p 0002c000 08:26 788196                     /usr/lib/jvm/java-6-openjdk/jre/lib/amd64/libjava.so
7feb82693000-7feb82694000 r--p 0002b000 08:26 788196                     /usr/lib/jvm/java-6-openjdk/jre/lib/amd64/libjava.so
7feb82694000-7feb82697000 rw-p 0002c000 08:26 788196                     /usr/lib/jvm/java-6-openjdk/jre/lib/amd64/libjava.so
7feb82697000-7feb826a5000 r-xp 00000000 08:26 787958                     /usr/lib/jvm/java-6-openjdk/jre/lib/amd64/libverify.so
7feb826a5000-7feb828a4000 ---p 0000e000 08:26 787958                     /usr/lib/jvm/java-6-openjdk/jre/lib/amd64/libverify.so
7feb828a4000-7feb828a6000 r--p 0000d000 08:26 787958                     /usr/lib/jvm/java-6-openjdk/jre/lib/amd64/libverify.so
7feb828a6000-7feb828a7000 rw-p 0000f000 08:26 787958                     /usr/lib/jvm/java-6-openjdk/jre/lib/amd64/libverify.so
7feb828a7000-7feb828ae000 r-xp 00000000 08:26 651704                     /lib/x86_64-linux-gnu/librt-2.13.so
7feb828ae000-7feb82aad000 ---p 00007000 08:26 651704                     /lib/x86_64-linux-gnu/librt-2.13.so
7feb82aad000-7feb82aae000 r--p 00006000 08:26 651704                     /lib/x86_64-linux-gnu/librt-2.13.so
7feb82aae000-7feb82aaf000 rw-p 00007000 08:26 651704                     /lib/x86_64-linux-gnu/librt-2.13.so
7feb82aaf000-7feb82ac4000 r-xp 00000000 08:26 655924                     /lib/x86_64-linux-gnu/libgcc_s.so.1
7feb82ac4000-7feb82cc3000 ---p 00015000 08:26 655924                     /lib/x86_64-linux-gnu/libgcc_s.so.1
7feb82cc3000-7feb82cc4000 r--p 00014000 08:26 655924                     /lib/x86_64-linux-gnu/libgcc_s.so.1
7feb82cc4000-7feb82cc5000 rw-p 00015000 08:26 655924                     /lib/x86_64-linux-gnu/libgcc_s.so.1
7feb82cc5000-7feb82d48000 r-xp 00000000 08:26 656975                     /lib/x86_64-linux-gnu/libm-2.13.so
7feb82d48000-7feb82f47000 ---p 00083000 08:26 656975                     /lib/x86_64-linux-gnu/libm-2.13.so
7feb82f47000-7feb82f48000 r--p 00082000 08:26 656975                     /lib/x86_64-linux-gnu/libm-2.13.so
7feb82f48000-7feb82f49000 rw-p 00083000 08:26 656975                     /lib/x86_64-linux-gnu/libm-2.13.so
7feb82f49000-7feb83031000 r-xp 00000000 08:26 784919                     /usr/lib/x86_64-linux-gnu/libstdc++.so.6.0.16
7feb83031000-7feb83231000 ---p 000e8000 08:26 784919                     /usr/lib/x86_64-linux-gnu/libstdc++.so.6.0.16
7feb83231000-7feb83239000 r--p 000e8000 08:26 784919                     /usr/lib/x86_64-linux-gnu/libstdc++.so.6.0.16
7feb83239000-7feb8323b000 rw-p 000f0000 08:26 784919                     /usr/lib/x86_64-linux-gnu/libstdc++.so.6.0.16
7feb8323b000-7feb83250000 rw-p 00000000 00:00 0 
7feb83250000-7feb83b53000 r-xp 00000000 08:26 788234                     /usr/lib/jvm/java-6-openjdk/jre/lib/amd64/server/libjvm.so
7feb83b53000-7feb83d52000 ---p 00903000 08:26 788234                     /usr/lib/jvm/java-6-openjdk/jre/lib/amd64/server/libjvm.so
7feb83d52000-7feb83dd3000 r--p 00902000 08:26 788234                     /usr/lib/jvm/java-6-openjdk/jre/lib/amd64/server/libjvm.so
7feb83dd3000-7feb83dee000 rw-p 00983000 08:26 788234                     /usr/lib/jvm/java-6-openjdk/jre/lib/amd64/server/libjvm.so
7feb83dee000-7feb83e17000 rw-p 00000000 00:00 0 
7feb83e17000-7feb83e2e000 r-xp 00000000 08:26 656017                     /lib/x86_64-linux-gnu/libz.so.1.2.3.4
7feb83e2e000-7feb8402d000 ---p 00017000 08:26 656017                     /lib/x86_64-linux-gnu/libz.so.1.2.3.4
7feb8402d000-7feb8402e000 r--p 00016000 08:26 656017                     /lib/x86_64-linux-gnu/libz.so.1.2.3.4
7feb8402e000-7feb8402f000 rw-p 00017000 08:26 656017                     /lib/x86_64-linux-gnu/libz.so.1.2.3.4
7feb8402f000-7feb841c4000 r-xp 00000000 08:26 656963                     /lib/x86_64-linux-gnu/libc-2.13.so
7feb841c4000-7feb843c3000 ---p 00195000 08:26 656963                     /lib/x86_64-linux-gnu/libc-2.13.so
7feb843c3000-7feb843c7000 r--p 00194000 08:26 656963                     /lib/x86_64-linux-gnu/libc-2.13.so
7feb843c7000-7feb843c8000 rw-p 00198000 08:26 656963                     /lib/x86_64-linux-gnu/libc-2.13.so
7feb843c8000-7feb843ce000 rw-p 00000000 00:00 0 
7feb843ce000-7feb843d0000 r-xp 00000000 08:26 656965                     /lib/x86_64-linux-gnu/libdl-2.13.so
7feb843d0000-7feb845d0000 ---p 00002000 08:26 656965                     /lib/x86_64-linux-gnu/libdl-2.13.so
7feb845d0000-7feb845d1000 r--p 00002000 08:26 656965                     /lib/x86_64-linux-gnu/libdl-2.13.so
7feb845d1000-7feb845d2000 rw-p 00003000 08:26 656965                     /lib/x86_64-linux-gnu/libdl-2.13.so
7feb845d2000-7feb845d6000 r-xp 00000000 08:26 787956                     /usr/lib/jvm/java-6-openjdk/jre/lib/amd64/jli/libjli.so
7feb845d6000-7feb847d5000 ---p 00004000 08:26 787956                     /usr/lib/jvm/java-6-openjdk/jre/lib/amd64/jli/libjli.so
7feb847d5000-7feb847d6000 r--p 00003000 08:26 787956                     /usr/lib/jvm/java-6-openjdk/jre/lib/amd64/jli/libjli.so
7feb847d6000-7feb847d7000 rw-p 00004000 08:26 787956                     /usr/lib/jvm/java-6-openjdk/jre/lib/amd64/jli/libjli.so
7feb847d7000-7feb847ef000 r-xp 00000000 08:26 656973                     /lib/x86_64-linux-gnu/libpthread-2.13.so
7feb847ef000-7feb849ee000 ---p 00018000 08:26 656973                     /lib/x86_64-linux-gnu/libpthread-2.13.so
7feb849ee000-7feb849ef000 r--p 00017000 08:26 656973                     /lib/x86_64-linux-gnu/libpthread-2.13.so
7feb849ef000-7feb849f0000 rw-p 00018000 08:26 656973                     /lib/x86_64-linux-gnu/libpthread-2.13.so
7feb849f0000-7feb849f4000 rw-p 00000000 00:00 0 
7feb849f4000-7feb84a15000 r-xp 00000000 08:26 656972                     /lib/x86_64-linux-gnu/ld-2.13.so
7feb84a15000-7feb84a17000 r--s 00000000 08:27 1101669                    /home/jan/.fontconfig/2ce2f901d9e1b21e31b84cb10642e71d-le64.cache-3
7feb84a17000-7feb84a1a000 r--s 00000000 08:27 1101668                    /home/jan/.fontconfig/e1de9b0e4af91a7731cd98de6ce2d572-le64.cache-3
7feb84a1a000-7feb84a1d000 r--s 00000000 08:27 1101666                    /home/jan/.fontconfig/8adc0da6e22e3e72a145efb7377d06bd-le64.cache-3
7feb84a1d000-7feb84a2a000 r--s 00242000 08:27 265044                     /home/jan/development/projects/YogularmInfinite/Thirdparty/jogl/jar/jogl.all.jar
7feb84a2a000-7feb84a34000 rw-p 00000000 00:00 0 
7feb84a34000-7feb84aea000 rw-p 00000000 00:00 0 
7feb84aea000-7feb84aed000 ---p 00000000 00:00 0 
7feb84aed000-7feb84bf0000 rw-p 00000000 00:00 0 
7feb84bf0000-7feb84bf4000 r--s 00000000 08:26 409147                     /var/cache/fontconfig/7ef2298fde41cc6eeb7af42e48b7d293-le64.cache-3
7feb84bf4000-7feb84bf8000 r--s 0001c000 08:27 265054                     /home/jan/development/projects/YogularmInfinite/Thirdparty/jogl/jar/nativewindow.all.jar
7feb84bf8000-7feb84bfb000 r--s 0007d000 08:26 787607                     /usr/lib/jvm/java-6-openjdk/jre/lib/jsse.jar
7feb84bfb000-7feb84bfe000 r--s 00018000 08:27 265038                     /home/jan/development/projects/YogularmInfinite/Thirdparty/jogl/jar/gluegen-rt.jar
7feb84bfe000-7feb84c00000 r--s 0000f000 08:26 787689                     /usr/lib/jvm/java-6-openjdk/jre/lib/ext/pulse-java.jar
7feb84c00000-7feb84c08000 r--s 00066000 08:26 930814                     /usr/share/java/gnome-java-bridge.jar
7feb84c08000-7feb84c10000 rw-s 00000000 08:26 651692                     /tmp/hsperfdata_jan/4821
7feb84c10000-7feb84c11000 rw-p 00000000 00:00 0 
7feb84c11000-7feb84c12000 r--p 00000000 00:00 0 
7feb84c12000-7feb84c14000 rw-p 00000000 00:00 0 
7feb84c14000-7feb84c15000 r--p 00020000 08:26 656972                     /lib/x86_64-linux-gnu/ld-2.13.so
7feb84c15000-7feb84c17000 rw-p 00021000 08:26 656972                     /lib/x86_64-linux-gnu/ld-2.13.so
7fffe79c2000-7fffe79e3000 rw-p 00000000 00:00 0                          [stack]
7fffe79ff000-7fffe7a00000 r-xp 00000000 00:00 0                          [vdso]
ffffffffff600000-ffffffffff601000 r-xp 00000000 00:00 0                  [vsyscall]

VM Arguments:
jvm_args: -agentlib:jdwp=transport=dt_socket,suspend=y,address=localhost:45298 -Djava.library.path=/home/jan/development/projects/YogularmInfinite/Thirdparty/jogl/jogl-2.0-b23-20110303-linux-amd64:/home/jan/development/projects/YogularmInfinite/Thirdparty/jogl/jogl-2.0-b23-20110303-linux-amd64:/home/jan/development/projects/YogularmInfinite/Thirdparty/jogl/jogl-2.0-b23-20110303-linux-amd64:/home/jan/development/projects/YogularmInfinite/Thirdparty/jogl/jogl-2.0-b23-20110303-linux-amd64 -Dfile.encoding=UTF-8 
java_command: de.yogularm.desktop.SwingLauncher
Launcher Type: SUN_STANDARD

Environment Variables:
JAVA_HOME=/usr/lib/jvm/java-6-openjdk
CLASSPATH=.:/usr/lib/jvm/java-6-openjdk/bin:/usr/share/tomcat7/lib/servlet-api.jar:/usr/share/tomcat7/lib/tomcat-coyote.jar:/usr/share/tomcat7/lib/tomcat-util.jar:/usr/share/tomcat7/bin/tomcat-juli.jar
PATH=/usr/local/sbin:/usr/local/bin:/usr/sbin:/usr/bin:/sbin:/bin:/usr/games
LD_LIBRARY_PATH=/usr/lib/jvm/java-6-openjdk/jre/lib/amd64/server:/usr/lib/jvm/java-6-openjdk/jre/lib/amd64:/usr/lib/jvm/java-6-openjdk/jre/../lib/amd64
SHELL=/bin/bash
DISPLAY=:0

Signal Handlers:
SIGSEGV: [libjvm.so+0x783e60], sa_mask[0]=0x7ffbfeff, sa_flags=0x10000004
SIGBUS: [libjvm.so+0x783e60], sa_mask[0]=0x7ffbfeff, sa_flags=0x10000004
SIGFPE: [libjvm.so+0x6485c0], sa_mask[0]=0x7ffbfeff, sa_flags=0x10000004
SIGPIPE: [libjvm.so+0x6485c0], sa_mask[0]=0x7ffbfeff, sa_flags=0x10000004
SIGXFSZ: [libjvm.so+0x6485c0], sa_mask[0]=0x7ffbfeff, sa_flags=0x10000004
SIGILL: [libjvm.so+0x6485c0], sa_mask[0]=0x7ffbfeff, sa_flags=0x10000004
SIGUSR1: SIG_DFL, sa_mask[0]=0x00000000, sa_flags=0x00000000
SIGUSR2: [libjvm.so+0x648770], sa_mask[0]=0x00000004, sa_flags=0x10000004
SIGHUP: [libjvm.so+0x64b280], sa_mask[0]=0x7ffbfeff, sa_flags=0x10000004
SIGINT: [libjvm.so+0x64b280], sa_mask[0]=0x7ffbfeff, sa_flags=0x10000004
SIGTERM: [libjvm.so+0x64b280], sa_mask[0]=0x7ffbfeff, sa_flags=0x10000004
SIGQUIT: [libjvm.so+0x64b280], sa_mask[0]=0x7ffbfeff, sa_flags=0x10000004


---------------  S Y S T E M  ---------------

OS:Ubuntu 11.10 (oneiric)
uname:Linux 3.0.0-15-generic #25-Ubuntu SMP Mon Jan 2 17:44:42 UTC 2012 x86_64
libc:glibc 2.13 NPTL 2.13 
rlimit: STACK 8192k, CORE 0k, NPROC 47157, NOFILE 4096, AS infinity
load average:0.52 0.31 0.26

/proc/meminfo:
MemTotal:        6125612 kB
MemFree:          564308 kB
Buffers:         1530352 kB
Cached:          1457512 kB
SwapCached:            0 kB
Active:          2762468 kB
Inactive:        2393188 kB
Active(anon):    2168680 kB
Inactive(anon):    28496 kB
Active(file):     593788 kB
Inactive(file):  2364692 kB
Unevictable:         132 kB
Mlocked:             132 kB
SwapTotal:       2102268 kB
SwapFree:        2102268 kB
Dirty:               432 kB
Writeback:             0 kB
AnonPages:       2167872 kB
Mapped:           269244 kB
Shmem:             29392 kB
Slab:             235092 kB
SReclaimable:     121736 kB
SUnreclaim:       113356 kB
KernelStack:        3912 kB
PageTables:        33696 kB
NFS_Unstable:          0 kB
Bounce:                0 kB
WritebackTmp:          0 kB
CommitLimit:     5165072 kB
Committed_AS:    4886280 kB
VmallocTotal:   34359738367 kB
VmallocUsed:      345692 kB
VmallocChunk:   34359389692 kB
HardwareCorrupted:     0 kB
AnonHugePages:         0 kB
HugePages_Total:       0
HugePages_Free:        0
HugePages_Rsvd:        0
HugePages_Surp:        0
Hugepagesize:       2048 kB
DirectMap4k:      741120 kB
DirectMap2M:     5550080 kB


CPU:total 2 (2 cores per cpu, 1 threads per core) family 15 model 107 stepping 2, cmov, cx8, fxsr, mmx, sse, sse2, sse3, mmxext, 3dnow, 3dnowext

Memory: 4k page, physical 6125612k(564308k free), swap 2102268k(2102268k free)

vm_info: OpenJDK 64-Bit Server VM (20.0-b11) for linux-amd64 JRE (1.6.0_23-b23), built on Oct 22 2011 01:00:57 by "buildd" with gcc 4.6.1

time: Sat Jan 21 00:00:01 2012
elapsed time: 337 seconds

