#
# A fatal error has been detected by the Java Runtime Environment:
#
#  SIGSEGV (0xb) at pc=0x00007f784b73fdfd, pid=18161, tid=140154646816512
#
# JRE version: 6.0_23-b23
# Java VM: OpenJDK 64-Bit Server VM (20.0-b11 mixed mode linux-amd64 compressed oops)
# Derivative: IcedTea6 1.11pre
# Distribution: Ubuntu 11.10, package 6b23~pre11-0ubuntu1.11.10.2
# Problematic frame:
# C  [libGL.so.1+0x7cdfd]  glXCreateWindow+0xb5ed
#
# If you would like to submit a bug report, please include
# instructions how to reproduce the bug and visit:
#   https://bugs.launchpad.net/ubuntu/+source/openjdk-6/
# The crash happened outside the Java Virtual Machine in native code.
# See problematic frame for where to report the bug.
#

---------------  T H R E A D  ---------------

Current thread (0x00007f784c27a000):  JavaThread "AWT-EventQueue-0" [_thread_in_native, id=18197, stack(0x00007f784bdfe000,0x00007f784beff000)]

siginfo:si_signo=SIGSEGV: si_errno=0, si_code=1 (SEGV_MAPERR), si_addr=0x000000000003f755

Registers:
RAX=0x0000000000000001, RBX=0x0000000000000000, RCX=0x0000000000007f78, RDX=0x00007f784c290f01
RSP=0x00007f784befcb10, RBP=0x00007f784c3db318, RSI=0x00007f784b9bd3e0, RDI=0x00007f784b9a1020
R8 =0x00007f784b9be1a0, R9 =0x0000000000004715, R10=0x00007f78548227ae, R11=0x0000000000000206
R12=0x00007f784b9a1020, R13=0x00007f784c06eb20, R14=0x00007f784b73e250, R15=0x0000000005a00011
RIP=0x00007f784b73fdfd, EFLAGS=0x0000000000010202, CSGSFS=0x0000000000000033, ERR=0x0000000000000004
  TRAPNO=0x000000000000000e

Top of Stack: (sp=0x00007f784befcb10)
0x00007f784befcb10:   0000000000000030 00000001a2d0c600
0x00007f784befcb20:   0000000005a00011 00007f78546648da
0x00007f784befcb30:   0000000100000001 0000000000000000
0x00007f784befcb40:   00000000e2e29ac0 00007f7852586d8c
0x00007f784befcb50:   00007f784befcb50 0000000098ca3270
0x00007f784befcb60:   00007f784befcb90 00007f78528c755f
0x00007f784befcb70:   0000000099af2c80 00007f784c27a1d0
0x00007f784befcb80:   0000000100000000 0000000005a00011
0x00007f784befcb90:   00007f784befcc10 0000000000000000
0x00007f784befcba0:   0000000098ca3270 00007f784befcc58
0x00007f784befcbb0:   00007f784c27a000 00007f78492d63c1
0x00007f784befcbc0:   00007f784c3db318 0000000005a00011
0x00007f784befcbd0:   0000000005a00011 00007f784c06eb20
0x00007f784befcbe0:   00007f784befcc58 00007f784c27a1d0
0x00007f784befcbf0:   00007f784b7316d0 a2d0c9c8e2e29b70
0x00007f784befcc00:   00000000e2e29b30 0000000098ca3270
0x00007f784befcc10:   00007f784befcc70 00007f7854822828
0x00007f784befcc20:   00007f784b7316d0 0000000000000000
0x00007f784befcc30:   00000000986109c8 00007f7854800790
0x00007f784befcc40:   00000001a283e460 00000000a283e460
0x00007f784befcc50:   00007f7800000001 0000000098ca9678
0x00007f784befcc60:   0000000000000001 00007f784b72d920
0x00007f784befcc70:   00000000982392d0 00007f7854863c5c
0x00007f784befcc80:   00000000a2d0bf70 0000000000000000
0x00007f784befcc90:   00000000a2d0bf70 00007f784c06eb20
0x00007f784befcca0:   0000000001a85778 00007f784befcce8
0x00007f784befccb0:   0000000000000009 00007f784c3db318
0x00007f784befccc0:   00007f784b7316d0 0000000005a00011
0x00007f784befccd0:   0000000005a00011 00007f784befccd8
0x00007f784befcce0:   00007f784befcd58 00007f78546649a9
0x00007f784befccf0:   00007f784befcd58 00007f78546648da
0x00007f784befcd00:   00007f78546648da 0000000000000000 

Instructions: (pc=0x00007f784b73fdfd)
0x00007f784b73fddd:   09 00 00 85 c9 0f 95 c2 4d 85 ff 0f 95 c0 84 c2
0x00007f784b73fded:   74 21 48 8b 85 c0 09 00 00 48 8b 40 40 48 8b 00
0x00007f784b73fdfd:   f7 80 54 f7 03 00 00 00 01 5e 0f 85 92 04 00 00
0x00007f784b73fe0d:   0f 1f 00 4d 85 f6 0f 84 67 01 00 00 31 c0 48 85 

Register to memory mapping:

RAX=0x0000000000000001 is an unknown value
RBX=0x0000000000000000 is an unknown value
RCX=0x0000000000007f78 is an unknown value
RDX=0x00007f784c290f01 is an unknown value
RSP=0x00007f784befcb10 is pointing into the stack for thread: 0x00007f784c27a000
RBP=0x00007f784c3db318 is an unknown value
RSI=0x00007f784b9bd3e0: <offset 0x2fa3e0> in /usr/lib/nvidia-current/libGL.so.1 at 0x00007f784b6c3000
RDI=0x00007f784b9a1020: <offset 0x2de020> in /usr/lib/nvidia-current/libGL.so.1 at 0x00007f784b6c3000
R8 =0x00007f784b9be1a0: <offset 0x2fb1a0> in /usr/lib/nvidia-current/libGL.so.1 at 0x00007f784b6c3000
R9 =0x0000000000004715 is an unknown value
R10=0x00007f78548225d0 [CodeBlob (0x00007f78548225d0)]
Framesize: 12
R11=0x0000000000000206 is an unknown value
R12=0x00007f784b9a1020: <offset 0x2de020> in /usr/lib/nvidia-current/libGL.so.1 at 0x00007f784b6c3000
R13=0x00007f784c06eb20 is an unknown value
R14=0x00007f784b73e250: <offset 0x7b250> in /usr/lib/nvidia-current/libGL.so.1 at 0x00007f784b6c3000
R15=0x0000000005a00011 is an unknown value


Stack: [0x00007f784bdfe000,0x00007f784beff000],  sp=0x00007f784befcb10,  free space=1018k
Native frames: (J=compiled Java code, j=interpreted, Vv=VM code, C=native code)
C  [libGL.so.1+0x7cdfd]  glXCreateWindow+0xb5ed

Java frames: (J=compiled Java code, j=interpreted, Vv=VM code)
J  jogamp.opengl.x11.glx.GLX.dispatch_glXMakeContextCurrent1(JJJJJ)Z
J  jogamp.opengl.x11.glx.X11GLXContext.makeCurrentImpl(Z)V
j  jogamp.opengl.GLContextImpl.makeCurrentLocking()I+259
j  jogamp.opengl.GLContextImpl.makeCurrent()I+106
j  jogamp.opengl.GLDrawableHelper.invokeGL(Ljavax/media/opengl/GLDrawable;Ljavax/media/opengl/GLContext;Ljava/lang/Runnable;Ljava/lang/Runnable;)V+147
J  java.awt.EventQueue$1.run()Ljava/lang/Object;
v  ~StubRoutines::call_stub
j  java.security.AccessController.doPrivileged(Ljava/security/PrivilegedAction;Ljava/security/AccessControlContext;)Ljava/lang/Object;+0
J  java.awt.EventDispatchThread.pumpOneEventForFilters(I)Z
j  java.awt.EventDispatchThread.pumpEventsForFilter(ILjava/awt/Conditional;Ljava/awt/EventFilter;)V+30
j  java.awt.EventDispatchThread.pumpEventsForHierarchy(ILjava/awt/Conditional;Ljava/awt/Component;)V+11
j  java.awt.EventDispatchThread.pumpEvents(ILjava/awt/Conditional;)V+4
j  java.awt.EventDispatchThread.pumpEvents(Ljava/awt/Conditional;)V+3
j  java.awt.EventDispatchThread.run()V+9
v  ~StubRoutines::call_stub

---------------  P R O C E S S  ---------------

Java Threads: ( => current thread )
  0x000000000197f000 JavaThread "SIGTERM handler" daemon [_thread_blocked, id=18251, stack(0x00007f78530dd000,0x00007f78531de000)]
  0x00007f784c1c3000 JavaThread "Thread-5" [_thread_in_native, id=18219, stack(0x00007f78484fd000,0x00007f78485fe000)]
  0x00007f784c31e000 JavaThread "Thread-4" [_thread_blocked, id=18214, stack(0x00007f78485ff000,0x00007f7848700000)]
  0x00007f784c12b800 JavaThread "TimerQueue" daemon [_thread_blocked, id=18211, stack(0x00007f7846a6c000,0x00007f7846b6d000)]
  0x00007f784c3da800 JavaThread "DestroyJavaVM" [_thread_blocked, id=18163, stack(0x00007f785b20c000,0x00007f785b30d000)]
  0x00007f784c3d1800 JavaThread "Timer-0" [_thread_blocked, id=18201, stack(0x00007f78483fc000,0x00007f78484fd000)]
=>0x00007f784c27a000 JavaThread "AWT-EventQueue-0" [_thread_in_native, id=18197, stack(0x00007f784bdfe000,0x00007f784beff000)]
  0x00007f784c00b800 JavaThread "AWT-Shutdown" [_thread_blocked, id=18196, stack(0x00007f784beff000,0x00007f784c000000)]
  0x00007f784c15f800 JavaThread "AWT-XAWT" daemon [_thread_blocked, id=18188, stack(0x00007f78503a9000,0x00007f78504aa000)]
  0x00007f784c08a800 JavaThread "Java2D Disposer" daemon [_thread_blocked, id=18187, stack(0x00007f7850805000,0x00007f7850906000)]
  0x0000000001995000 JavaThread "Low Memory Detector" daemon [_thread_blocked, id=18183, stack(0x00007f7852dda000,0x00007f7852edb000)]
  0x0000000001990000 JavaThread "C2 CompilerThread1" daemon [_thread_blocked, id=18182, stack(0x00007f7852edb000,0x00007f7852fdc000)]
  0x000000000198e000 JavaThread "C2 CompilerThread0" daemon [_thread_blocked, id=18181, stack(0x00007f7852fdc000,0x00007f78530dd000)]
  0x000000000197c800 JavaThread "JDWP Event Helper Thread" daemon [_thread_blocked, id=18178, stack(0x00007f78531de000,0x00007f78532df000)]
  0x0000000001979000 JavaThread "JDWP Transport Listener: dt_socket" daemon [_thread_in_native, id=18175, stack(0x00007f78532df000,0x00007f78533e0000)]
  0x000000000194a000 JavaThread "Finalizer" daemon [_thread_blocked, id=18171, stack(0x00007f78536e6000,0x00007f78537e7000)]
  0x0000000001948000 JavaThread "Reference Handler" daemon [_thread_blocked, id=18170, stack(0x00007f78537e7000,0x00007f78538e8000)]

Other Threads:
  0x0000000001941000 VMThread [stack: 0x00007f78538e8000,0x00007f78539e9000] [id=18169]

VM state:at safepoint (normal execution)

VM Mutex/Monitor currently owned by a thread:  ([mutex/lock_event])
[0x00000000018da130] Threads_lock - owner thread: 0x0000000001941000

Heap
 PSYoungGen      total 48192K, used 35813K [0x00000000e0d60000, 0x00000000e4480000, 0x0000000100000000)
  eden space 41856K, 84% used [0x00000000e0d60000,0x00000000e30115c8,0x00000000e3640000)
  from space 6336K, 4% used [0x00000000e3e50000,0x00000000e3e98000,0x00000000e4480000)
  to   space 7296K, 0% used [0x00000000e3640000,0x00000000e3640000,0x00000000e3d60000)
 PSOldGen        total 63872K, used 12778K [0x00000000a2800000, 0x00000000a6660000, 0x00000000e0d60000)
  object space 63872K, 20% used [0x00000000a2800000,0x00000000a347a950,0x00000000a6660000)
 PSPermGen       total 26560K, used 25644K [0x0000000098200000, 0x0000000099bf0000, 0x00000000a2800000)
  object space 26560K, 96% used [0x0000000098200000,0x0000000099b0b338,0x0000000099bf0000)

Code Cache  [0x00007f785465f000, 0x00007f78548df000, 0x00007f785765f000)
 total_blobs=1409 nmethods=609 adapters=762 free_code_cache=47846848 largest_free_block=56128

Dynamic libraries:
00400000-00409000 r-xp 00000000 08:05 821807                             /usr/lib/jvm/java-6-openjdk/jre/bin/java
00608000-00609000 r--p 00008000 08:05 821807                             /usr/lib/jvm/java-6-openjdk/jre/bin/java
00609000-0060a000 rw-p 00009000 08:05 821807                             /usr/lib/jvm/java-6-openjdk/jre/bin/java
018d0000-041e1000 rw-p 00000000 00:00 0                                  [heap]
98200000-99bf0000 rw-p 00000000 00:00 0 
99bf0000-a2800000 rw-p 00000000 00:00 0 
a2800000-a6660000 rw-p 00000000 00:00 0 
a6660000-e0d60000 rw-p 00000000 00:00 0 
e0d60000-e4480000 rw-p 00000000 00:00 0 
e4480000-e48c0000 ---p 00000000 00:00 0 
e48c0000-100000000 rw-p 00000000 00:00 0 
7f784696b000-7f784696e000 ---p 00000000 00:00 0 
7f784696e000-7f7846a6c000 rw-p 00000000 00:00 0 
7f7846a6c000-7f7846a6f000 ---p 00000000 00:00 0 
7f7846a6f000-7f7846b6d000 rw-p 00000000 00:00 0 
7f7846b6d000-7f7846b88000 r--s 00000000 08:05 9470                       /usr/share/fonts/type1/gsfonts/p052003l.pfb
7f7846bd2000-7f7846be6000 r--s 00000000 08:05 9422                       /usr/share/fonts/type1/gsfonts/n019003l.pfb
7f7846be6000-7f7846bf6000 r--s 00000000 08:05 9386                       /usr/share/fonts/type1/gsfonts/a010015l.pfb
7f7846c22000-7f7846c3e000 r--s 00000000 08:05 9479                       /usr/share/fonts/type1/gsfonts/p052024l.pfb
7f7846c6d000-7f7846c82000 r--s 00000000 08:05 9401                       /usr/share/fonts/type1/gsfonts/b018032l.pfb
7f7846c9b000-7f7846cb1000 r--s 00000000 08:05 9455                       /usr/share/fonts/type1/gsfonts/n021024l.pfb
7f7846ced000-7f7846cfe000 r--s 00000000 08:05 9428                       /usr/share/fonts/type1/gsfonts/n019023l.pfb
7f7846d10000-7f7846d20000 r--s 00000000 08:05 9383                       /usr/share/fonts/type1/gsfonts/a010013l.pfb
7f7846d52000-7f7846d65000 r--s 00000000 08:05 9398                       /usr/share/fonts/type1/gsfonts/b018015l.pfb
7f7846d65000-7f7846d77000 r--s 00000000 08:05 9425                       /usr/share/fonts/type1/gsfonts/n019004l.pfb
7f7846dd5000-7f7846ded000 r--s 00000000 08:05 9416                       /usr/share/fonts/type1/gsfonts/c059036l.pfb
7f7846ded000-7f7846df6000 r--s 00000000 08:05 920243                     /usr/share/fonts/X11/Type1/c0648bt_.pfb
7f7846e09000-7f7846e13000 r--s 00000000 08:05 920233                     /usr/share/fonts/X11/Type1/c0582bt_.pfb
7f7846e2f000-7f7846e39000 r--s 00000000 08:05 920237                     /usr/share/fonts/X11/Type1/c0611bt_.pfb
7f7846e43000-7f7846e5b000 r--s 00000000 08:05 834794                     /usr/share/texmf/fonts/type1/public/lm/lmss8.pfb
7f7846ea1000-7f7846ebc000 r--s 00000000 08:05 834803                     /usr/share/texmf/fonts/type1/public/lm/lmsso8.pfb
7f7846f13000-7f7846f2d000 r--s 00000000 08:05 834819                     /usr/share/texmf/fonts/type1/public/lm/lmtl10.pfb
7f7846f35000-7f7846f3d000 r--s 00000000 08:05 834768                     /usr/share/texmf/fonts/type1/public/lm/lmmi8.pfb
7f7846f3d000-7f7846f58000 r--s 00000000 08:05 834820                     /usr/share/texmf/fonts/type1/public/lm/lmtlc10.pfb
7f7846f96000-7f7846fb8000 r--s 00000000 08:05 834790                     /usr/share/texmf/fonts/type1/public/lm/lmro9.pfb
7f7846fdf000-7f7846fe6000 r--s 00000000 08:05 834810                     /usr/share/texmf/fonts/type1/public/lm/lmsy5.pfb
7f7847043000-7f784704b000 r--s 00000000 08:05 834764                     /usr/share/texmf/fonts/type1/public/lm/lmmi12.pfb
7f7847089000-7f78470a8000 r--s 00000000 08:05 834830                     /usr/share/texmf/fonts/type1/public/lm/lmvtk10.pfb
7f78470e4000-7f78470ff000 r--s 00000000 08:05 834802                     /usr/share/texmf/fonts/type1/public/lm/lmsso17.pfb
7f78471b8000-7f78471bf000 r--s 00000000 08:05 834811                     /usr/share/texmf/fonts/type1/public/lm/lmsy6.pfb
7f78471fd000-7f7847205000 r--s 00000000 08:05 834747                     /usr/share/texmf/fonts/type1/public/lm/lmbsy5.pfb
7f7847205000-7f7847223000 r--s 00000000 08:05 834775                     /usr/share/texmf/fonts/type1/public/lm/lmr17.pfb
7f7847223000-7f7847240000 r--s 00000000 08:05 834750                     /usr/share/texmf/fonts/type1/public/lm/lmbx12.pfb
7f7847263000-7f784727e000 r--s 00000000 08:05 834824                     /usr/share/texmf/fonts/type1/public/lm/lmtt12.pfb
7f7847285000-7f78472a4000 r--s 00000000 08:05 834754                     /usr/share/texmf/fonts/type1/public/lm/lmbx8.pfb
7f78472a4000-7f78472c0000 r--s 00000000 08:05 834756                     /usr/share/texmf/fonts/type1/public/lm/lmbxi10.pfb
7f78472dd000-7f78472e4000 r--s 00000000 08:05 834814                     /usr/share/texmf/fonts/type1/public/lm/lmsy9.pfb
7f7847306000-7f7847324000 r--s 00000000 08:05 834780                     /usr/share/texmf/fonts/type1/public/lm/lmr9.pfb
7f784737c000-7f784739e000 r--s 00000000 08:05 834796                     /usr/share/texmf/fonts/type1/public/lm/lmssbo10.pfb
7f784739e000-7f78473b9000 r--s 00000000 08:05 834800                     /usr/share/texmf/fonts/type1/public/lm/lmsso10.pfb
7f78473d4000-7f78473f8000 r--s 00000000 08:05 834761                     /usr/share/texmf/fonts/type1/public/lm/lmduno10.pfb
7f78473f8000-7f7847417000 r--s 00000000 08:05 834760                     /usr/share/texmf/fonts/type1/public/lm/lmdunh10.pfb
7f7847471000-7f7847478000 r--s 00000000 08:05 834746                     /usr/share/texmf/fonts/type1/public/lm/lmbsy10.pfb
7f7847478000-7f7847498000 r--s 00000000 08:05 834808                     /usr/share/texmf/fonts/type1/public/lm/lmssqo8.pfb
7f78474a0000-7f78474bf000 r--s 00000000 08:05 834744                     /usr/share/texmf/fonts/type1/public/lm/lmb10.pfb
7f78474bf000-7f78474c5000 r--s 00000000 08:05 834762                     /usr/share/texmf/fonts/type1/public/lm/lmex10.pfb
7f784751f000-7f784753c000 r--s 00000000 08:05 834805                     /usr/share/texmf/fonts/type1/public/lm/lmssq8.pfb
7f78475da000-7f78475f8000 r--s 00000000 08:05 834773                     /usr/share/texmf/fonts/type1/public/lm/lmr10.pfb
7f7847640000-7f784765f000 r--s 00000000 08:05 834828                     /usr/share/texmf/fonts/type1/public/lm/lmtto10.pfb
7f78476ba000-7f78476d8000 r--s 00000000 08:05 834797                     /usr/share/texmf/fonts/type1/public/lm/lmssbx10.pfb
7f78476d8000-7f78476fb000 r--s 00000000 08:05 834818                     /usr/share/texmf/fonts/type1/public/lm/lmtko10.pfb
7f78476fb000-7f7847718000 r--s 00000000 08:05 834834                     /usr/share/texmf/fonts/type1/public/lm/lmvtt10.pfb
7f7847736000-7f784773e000 r-xp 00000000 08:05 831019                     /usr/lib/jvm/java-6-openjdk/jre/lib/amd64/libnio.so
7f784773e000-7f784793d000 ---p 00008000 08:05 831019                     /usr/lib/jvm/java-6-openjdk/jre/lib/amd64/libnio.so
7f784793d000-7f784793e000 r--p 00007000 08:05 831019                     /usr/lib/jvm/java-6-openjdk/jre/lib/amd64/libnio.so
7f784793e000-7f784793f000 rw-p 00008000 08:05 831019                     /usr/lib/jvm/java-6-openjdk/jre/lib/amd64/libnio.so
7f784793f000-7f7847954000 r-xp 00000000 08:05 831027                     /usr/lib/jvm/java-6-openjdk/jre/lib/amd64/libnet.so
7f7847954000-7f7847b53000 ---p 00015000 08:05 831027                     /usr/lib/jvm/java-6-openjdk/jre/lib/amd64/libnet.so
7f7847b53000-7f7847b54000 r--p 00014000 08:05 831027                     /usr/lib/jvm/java-6-openjdk/jre/lib/amd64/libnet.so
7f7847b54000-7f7847b55000 rw-p 00015000 08:05 831027                     /usr/lib/jvm/java-6-openjdk/jre/lib/amd64/libnet.so
7f7847b55000-7f7847c55000 rw-s 2fda0000 00:05 8138                       /dev/nvidia0
7f7847c55000-7f7847d55000 rw-s 5862d000 00:05 8138                       /dev/nvidia0
7f7847d55000-7f7847d58000 ---p 00000000 00:00 0 
7f7847d58000-7f7847e56000 rw-p 00000000 00:00 0 
7f7847e56000-7f7847e60000 r-xp 00000000 08:05 831045                     /usr/lib/jvm/java-6-openjdk/jre/lib/amd64/libjpeg.so
7f7847e60000-7f784805f000 ---p 0000a000 08:05 831045                     /usr/lib/jvm/java-6-openjdk/jre/lib/amd64/libjpeg.so
7f784805f000-7f7848060000 r--p 00009000 08:05 831045                     /usr/lib/jvm/java-6-openjdk/jre/lib/amd64/libjpeg.so
7f7848060000-7f7848061000 rw-p 0000a000 08:05 831045                     /usr/lib/jvm/java-6-openjdk/jre/lib/amd64/libjpeg.so
7f7848061000-7f7848093000 r-xp 00000000 08:05 831030                     /usr/lib/jvm/java-6-openjdk/jre/lib/amd64/liblcms.so
7f7848093000-7f7848292000 ---p 00032000 08:05 831030                     /usr/lib/jvm/java-6-openjdk/jre/lib/amd64/liblcms.so
7f7848292000-7f7848293000 r--p 00031000 08:05 831030                     /usr/lib/jvm/java-6-openjdk/jre/lib/amd64/liblcms.so
7f7848293000-7f7848294000 rw-p 00032000 08:05 831030                     /usr/lib/jvm/java-6-openjdk/jre/lib/amd64/liblcms.so
7f7848294000-7f7848296000 rw-p 00000000 00:00 0 
7f7848296000-7f7848396000 rw-s 58556000 00:05 8138                       /dev/nvidia0
7f78483fc000-7f78483ff000 ---p 00000000 00:00 0 
7f78483ff000-7f78484fd000 rw-p 00000000 00:00 0 
7f78484fd000-7f7848500000 ---p 00000000 00:00 0 
7f7848500000-7f78485fe000 rw-p 00000000 00:00 0 
7f78485ff000-7f7848602000 ---p 00000000 00:00 0 
7f7848602000-7f7848700000 rw-p 00000000 00:00 0 
7f7848700000-7f78489ec000 rw-s 00000000 00:04 15171629                   /SYSV00000000 (deleted)
7f78489ec000-7f78489ef000 ---p 00000000 00:00 0 
7f78489ef000-7f7848aed000 rw-p 00000000 00:00 0 
7f7848aed000-7f7848ced000 rw-s 2c97b000 00:05 8138                       /dev/nvidia0
7f7848ced000-7f7848ded000 rw-s 2cb0f000 00:05 8138                       /dev/nvidia0
7f7848e2d000-7f7848e45000 r-xp 00000000 08:06 267445                     /home/jan/development/projects/YogularmInfinite/desktop/lib/jogl/linux-amd64/libjogl_es2.so
7f7848e45000-7f7849044000 ---p 00018000 08:06 267445                     /home/jan/development/projects/YogularmInfinite/desktop/lib/jogl/linux-amd64/libjogl_es2.so
7f7849044000-7f7849045000 r--p 00017000 08:06 267445                     /home/jan/development/projects/YogularmInfinite/desktop/lib/jogl/linux-amd64/libjogl_es2.so
7f7849045000-7f7849046000 rw-p 00018000 08:06 267445                     /home/jan/development/projects/YogularmInfinite/desktop/lib/jogl/linux-amd64/libjogl_es2.so
7f7849046000-7f784905e000 r-xp 00000000 08:06 267444                     /home/jan/development/projects/YogularmInfinite/desktop/lib/jogl/linux-amd64/libjogl_es1.so
7f784905e000-7f784925d000 ---p 00018000 08:06 267444                     /home/jan/development/projects/YogularmInfinite/desktop/lib/jogl/linux-amd64/libjogl_es1.so
7f784925d000-7f784925e000 r--p 00017000 08:06 267444                     /home/jan/development/projects/YogularmInfinite/desktop/lib/jogl/linux-amd64/libjogl_es1.so
7f784925e000-7f784925f000 rw-p 00018000 08:06 267444                     /home/jan/development/projects/YogularmInfinite/desktop/lib/jogl/linux-amd64/libjogl_es1.so
7f784925f000-7f78492e9000 r-xp 00000000 08:06 267443                     /home/jan/development/projects/YogularmInfinite/desktop/lib/jogl/linux-amd64/libjogl_desktop.so
7f78492e9000-7f78494e9000 ---p 0008a000 08:06 267443                     /home/jan/development/projects/YogularmInfinite/desktop/lib/jogl/linux-amd64/libjogl_desktop.so
7f78494e9000-7f78494ea000 r--p 0008a000 08:06 267443                     /home/jan/development/projects/YogularmInfinite/desktop/lib/jogl/linux-amd64/libjogl_desktop.so
7f78494ea000-7f78494eb000 rw-p 0008b000 08:06 267443                     /home/jan/development/projects/YogularmInfinite/desktop/lib/jogl/linux-amd64/libjogl_desktop.so
7f78494eb000-7f784aadf000 r-xp 00000000 08:05 793109                     /usr/lib/nvidia-current/libnvidia-glcore.so.280.13
7f784aadf000-7f784acde000 ---p 015f4000 08:05 793109                     /usr/lib/nvidia-current/libnvidia-glcore.so.280.13
7f784acde000-7f784b31d000 rwxp 015f3000 08:05 793109                     /usr/lib/nvidia-current/libnvidia-glcore.so.280.13
7f784b31d000-7f784b337000 rwxp 00000000 00:00 0 
7f784b337000-7f784b33a000 r-xp 00000000 08:05 793125                     /usr/lib/nvidia-current/tls/libnvidia-tls.so.280.13
7f784b33a000-7f784b539000 ---p 00003000 08:05 793125                     /usr/lib/nvidia-current/tls/libnvidia-tls.so.280.13
7f784b539000-7f784b53a000 rw-p 00002000 08:05 793125                     /usr/lib/nvidia-current/tls/libnvidia-tls.so.280.13
7f784b53a000-7f784b53b000 r--s 00000000 08:05 408205                     /var/cache/fontconfig/c05880de57d1f5e948fdfacc138775d9-le64.cache-3
7f784b53b000-7f784b544000 r--s 00000000 08:05 391263                     /var/cache/fontconfig/945677eb7aeaf62f1d50efc3fb3ec7d8-le64.cache-3
7f784b544000-7f784b546000 r--s 00000000 08:05 391046                     /var/cache/fontconfig/99e8ed0e538f840c565b6ed5dad60d56-le64.cache-3
7f784b546000-7f784b549000 r--s 00000000 08:05 391624                     /var/cache/fontconfig/e383d7ea5fbe662a33d9b44caf393297-le64.cache-3
7f784b549000-7f784b54d000 r--s 00000000 08:05 408203                     /var/cache/fontconfig/2cd17615ca594fa2959ae173292e504c-le64.cache-3
7f784b54d000-7f784b54e000 r--s 00000000 08:05 391470                     /var/cache/fontconfig/e7071f4a29fa870f4323321c154eba04-le64.cache-3
7f784b54e000-7f784b553000 r--s 00000000 08:05 408202                     /var/cache/fontconfig/6eb3985aa4124903f6ff08ba781cd364-le64.cache-3
7f784b553000-7f784b554000 r--s 00000000 08:05 406414                     /var/cache/fontconfig/4c73fe0c47614734b17d736dbde7580a-le64.cache-3
7f784b554000-7f784b555000 r--s 00000000 08:05 406413                     /var/cache/fontconfig/0d8c3b2ac0904cb8a57a757ad11a4a08-le64.cache-3
7f784b555000-7f784b556000 r--s 00000000 08:05 406412                     /var/cache/fontconfig/6a53c69dea097a2d716e069445527da8-le64.cache-3
7f784b556000-7f784b55c000 r--s 00000000 08:05 401859                     /var/cache/fontconfig/a755afe4a08bf5b97852ceb7400b47bc-le64.cache-3
7f784b55c000-7f784b562000 r--s 00000000 08:05 409105                     /var/cache/fontconfig/515ca1ebc4b18308bea979be5704f9db-le64.cache-3
7f784b562000-7f784b56b000 r--s 00000000 08:05 392133                     /var/cache/fontconfig/6d41288fd70b0be22e8c3a91e032eec0-le64.cache-3
7f784b56b000-7f784b599000 r--s 00000000 08:05 409148                     /var/cache/fontconfig/365b55f210c0a22e9a19e35191240f32-le64.cache-3
7f784b5c2000-7f784b5c5000 ---p 00000000 00:00 0 
7f784b5c5000-7f784b6c3000 rw-p 00000000 00:00 0 
7f784b6c3000-7f784b784000 r-xp 00000000 08:05 793112                     /usr/lib/nvidia-current/libGL.so.280.13
7f784b784000-7f784b983000 ---p 000c1000 08:05 793112                     /usr/lib/nvidia-current/libGL.so.280.13
7f784b983000-7f784b9be000 rwxp 000c0000 08:05 793112                     /usr/lib/nvidia-current/libGL.so.280.13
7f784b9be000-7f784b9d4000 rwxp 00000000 00:00 0 
7f784b9d8000-7f784b9dc000 rw-s 2fd86000 00:05 8138                       /dev/nvidia0
7f784b9de000-7f784b9f9000 rw-s 18a2c0000 00:05 8138                      /dev/nvidia0
7f784b9f9000-7f784b9fb000 r-xp 00000000 08:06 267446                     /home/jan/development/projects/YogularmInfinite/desktop/lib/jogl/linux-amd64/libnativewindow_awt.so
7f784b9fb000-7f784bbfa000 ---p 00002000 08:06 267446                     /home/jan/development/projects/YogularmInfinite/desktop/lib/jogl/linux-amd64/libnativewindow_awt.so
7f784bbfa000-7f784bbfb000 r--p 00001000 08:06 267446                     /home/jan/development/projects/YogularmInfinite/desktop/lib/jogl/linux-amd64/libnativewindow_awt.so
7f784bbfb000-7f784bbfc000 rw-p 00002000 08:06 267446                     /home/jan/development/projects/YogularmInfinite/desktop/lib/jogl/linux-amd64/libnativewindow_awt.so
7f784bbfc000-7f784bbfd000 r-xp 00000000 08:05 831047                     /usr/lib/jvm/java-6-openjdk/jre/lib/amd64/libjawt.so
7f784bbfd000-7f784bdfc000 ---p 00001000 08:05 831047                     /usr/lib/jvm/java-6-openjdk/jre/lib/amd64/libjawt.so
7f784bdfc000-7f784bdfd000 r--p 00000000 08:05 831047                     /usr/lib/jvm/java-6-openjdk/jre/lib/amd64/libjawt.so
7f784bdfd000-7f784bdfe000 rw-p 00001000 08:05 831047                     /usr/lib/jvm/java-6-openjdk/jre/lib/amd64/libjawt.so
7f784bdfe000-7f784be01000 ---p 00000000 00:00 0 
7f784be01000-7f784beff000 rw-p 00000000 00:00 0 
7f784beff000-7f784bf02000 ---p 00000000 00:00 0 
7f784bf02000-7f784c000000 rw-p 00000000 00:00 0 
7f784c000000-7f784d16a000 rw-p 00000000 00:00 0 
7f784d16a000-7f7850000000 ---p 00000000 00:00 0 
7f7850001000-7f7850011000 r--s 00000000 08:05 401858                     /var/cache/fontconfig/0f34bcd4b6ee430af32735b75db7f02b-le64.cache-3
7f7850011000-7f7850014000 r--s 00000000 08:05 391081                     /var/cache/fontconfig/d60319d88cac85ba9e1a07bd06cfbb8c-le64.cache-3
7f7850014000-7f7850024000 r--s 00000000 08:05 401856                     /var/cache/fontconfig/d52a8644073d54c13679302ca1180695-le64.cache-3
7f7850024000-7f785002c000 r--s 00000000 08:05 409104                     /var/cache/fontconfig/153bb866d4d26e7cd19eee2129f8d8d2-le64.cache-3
7f785002c000-7f7850037000 r--s 00000000 08:05 415954                     /var/cache/fontconfig/e13b20fdb08344e0e664864cc2ede53d-le64.cache-3
7f7850037000-7f7850039000 r--s 00000000 08:06 1101681                    /home/jan/.fontconfig/fdd828a2a2357ac8b98d53d4cb73097a-le64.cache-3
7f7850039000-7f7850040000 r--s 00000000 08:06 1101680                    /home/jan/.fontconfig/c58ff9086ba60478c195bf0f61b530df-le64.cache-3
7f7850040000-7f785004a000 r--s 00000000 08:06 1101674                    /home/jan/.fontconfig/a0bf83b7801ad605140a17cf4b414547-le64.cache-3
7f785004a000-7f7850050000 r--s 00000000 08:06 1101679                    /home/jan/.fontconfig/7d1d196625a4c3b5318df9a7bec9bc41-le64.cache-3
7f7850050000-7f7850052000 r--s 00000000 08:06 1101678                    /home/jan/.fontconfig/790146cae801f5c845d56d242e982308-le64.cache-3
7f7850052000-7f7850057000 r--s 00000000 08:06 1101677                    /home/jan/.fontconfig/2c10c25a20897452413a494958b84a05-le64.cache-3
7f7850057000-7f7850059000 r--s 00000000 08:06 1101676                    /home/jan/.fontconfig/01b316c23635a1c7ad41860d9ab7ba59-le64.cache-3
7f7850059000-7f785005b000 r--s 00000000 08:06 1101675                    /home/jan/.fontconfig/e252e6067bf5dc9e40fb95b17b621584-le64.cache-3
7f785005b000-7f785006a000 r--s 00000000 08:06 1101673                    /home/jan/.fontconfig/51d0fb7e55acffd31d6a8c7c8c7f60fb-le64.cache-3
7f785006a000-7f785006f000 r--s 00000000 08:06 1101672                    /home/jan/.fontconfig/6302c9f5be1e12898d22d23c35392af9-le64.cache-3
7f785006f000-7f7850071000 r--s 00000000 08:06 1101671                    /home/jan/.fontconfig/954bf4103e945093a32831c95ead4df7-le64.cache-3
7f7850071000-7f7850073000 r--s 00000000 08:06 1101670                    /home/jan/.fontconfig/6c2573209480b8f33065f885e21aa27e-le64.cache-3
7f7850073000-7f7850075000 r--s 00000000 08:06 1101669                    /home/jan/.fontconfig/2ce2f901d9e1b21e31b84cb10642e71d-le64.cache-3
7f7850075000-7f7850078000 r--s 00000000 08:06 1101668                    /home/jan/.fontconfig/e1de9b0e4af91a7731cd98de6ce2d572-le64.cache-3
7f7850078000-7f7850082000 r--s 00000000 08:06 1101667                    /home/jan/.fontconfig/2bcd93200fc0f5d4f6eeced75af2d533-le64.cache-3
7f7850082000-7f7850093000 r--s 00000000 08:06 1101665                    /home/jan/.fontconfig/edd89c71be7950017624cf56be471bae-le64.cache-3
7f7850093000-7f785009f000 r--s 00000000 08:06 1101664                    /home/jan/.fontconfig/39d620b8dfbf4bd2ea5f64f511994d5f-le64.cache-3
7f785009f000-7f78500a4000 r-xp 00000000 08:05 788228                     /usr/lib/x86_64-linux-gnu/libXfixes.so.3.1.0
7f78500a4000-7f78502a3000 ---p 00005000 08:05 788228                     /usr/lib/x86_64-linux-gnu/libXfixes.so.3.1.0
7f78502a3000-7f78502a4000 r--p 00004000 08:05 788228                     /usr/lib/x86_64-linux-gnu/libXfixes.so.3.1.0
7f78502a4000-7f78502a5000 rw-p 00005000 08:05 788228                     /usr/lib/x86_64-linux-gnu/libXfixes.so.3.1.0
7f78502a5000-7f78502a6000 r--s 00000000 08:05 408205                     /var/cache/fontconfig/c05880de57d1f5e948fdfacc138775d9-le64.cache-3
7f78502a6000-7f78502af000 r--s 00000000 08:05 391263                     /var/cache/fontconfig/945677eb7aeaf62f1d50efc3fb3ec7d8-le64.cache-3
7f78502af000-7f78502b1000 r--s 00000000 08:05 391046                     /var/cache/fontconfig/99e8ed0e538f840c565b6ed5dad60d56-le64.cache-3
7f78502b1000-7f78502b4000 r--s 00000000 08:05 391624                     /var/cache/fontconfig/e383d7ea5fbe662a33d9b44caf393297-le64.cache-3
7f78502b4000-7f78502b8000 r--s 00000000 08:05 408203                     /var/cache/fontconfig/2cd17615ca594fa2959ae173292e504c-le64.cache-3
7f78502b8000-7f78502b9000 r--s 00000000 08:05 391470                     /var/cache/fontconfig/e7071f4a29fa870f4323321c154eba04-le64.cache-3
7f78502b9000-7f78502be000 r--s 00000000 08:05 408202                     /var/cache/fontconfig/6eb3985aa4124903f6ff08ba781cd364-le64.cache-3
7f78502be000-7f78502bf000 r--s 00000000 08:05 406414                     /var/cache/fontconfig/4c73fe0c47614734b17d736dbde7580a-le64.cache-3
7f78502bf000-7f78502c0000 r--s 00000000 08:05 406413                     /var/cache/fontconfig/0d8c3b2ac0904cb8a57a757ad11a4a08-le64.cache-3
7f78502c0000-7f78502c1000 r--s 00000000 08:05 406412                     /var/cache/fontconfig/6a53c69dea097a2d716e069445527da8-le64.cache-3
7f78502c1000-7f78502c7000 r--s 00000000 08:05 401859                     /var/cache/fontconfig/a755afe4a08bf5b97852ceb7400b47bc-le64.cache-3
7f78502c7000-7f78502cd000 r--s 00000000 08:05 409105                     /var/cache/fontconfig/515ca1ebc4b18308bea979be5704f9db-le64.cache-3
7f78502cd000-7f78502d6000 r--s 00000000 08:05 392133                     /var/cache/fontconfig/6d41288fd70b0be22e8c3a91e032eec0-le64.cache-3
7f78502d6000-7f78502e6000 r--s 00000000 08:05 401858                     /var/cache/fontconfig/0f34bcd4b6ee430af32735b75db7f02b-le64.cache-3
7f78502e6000-7f78502e9000 r--s 00000000 08:05 391081                     /var/cache/fontconfig/d60319d88cac85ba9e1a07bd06cfbb8c-le64.cache-3
7f78502e9000-7f7850317000 r--s 00000000 08:05 409148                     /var/cache/fontconfig/365b55f210c0a22e9a19e35191240f32-le64.cache-3
7f7850317000-7f7850327000 r--s 00000000 08:05 401856                     /var/cache/fontconfig/d52a8644073d54c13679302ca1180695-le64.cache-3
7f7850327000-7f785032f000 r--s 00000000 08:05 409104                     /var/cache/fontconfig/153bb866d4d26e7cd19eee2129f8d8d2-le64.cache-3
7f785032f000-7f785033a000 r--s 00000000 08:05 415954                     /var/cache/fontconfig/e13b20fdb08344e0e664864cc2ede53d-le64.cache-3
7f785033a000-7f785033c000 r--s 00000000 08:06 1101681                    /home/jan/.fontconfig/fdd828a2a2357ac8b98d53d4cb73097a-le64.cache-3
7f785033c000-7f7850343000 r--s 00000000 08:06 1101680                    /home/jan/.fontconfig/c58ff9086ba60478c195bf0f61b530df-le64.cache-3
7f7850343000-7f785034d000 r--s 00000000 08:06 1101674                    /home/jan/.fontconfig/a0bf83b7801ad605140a17cf4b414547-le64.cache-3
7f785034d000-7f7850353000 r--s 00000000 08:06 1101679                    /home/jan/.fontconfig/7d1d196625a4c3b5318df9a7bec9bc41-le64.cache-3
7f7850353000-7f7850355000 r--s 00000000 08:06 1101678                    /home/jan/.fontconfig/790146cae801f5c845d56d242e982308-le64.cache-3
7f7850355000-7f785035a000 r--s 00000000 08:06 1101677                    /home/jan/.fontconfig/2c10c25a20897452413a494958b84a05-le64.cache-3
7f785035a000-7f785035c000 r--s 00000000 08:06 1101676                    /home/jan/.fontconfig/01b316c23635a1c7ad41860d9ab7ba59-le64.cache-3
7f785035c000-7f785035e000 r--s 00000000 08:06 1101675                    /home/jan/.fontconfig/e252e6067bf5dc9e40fb95b17b621584-le64.cache-3
7f785035e000-7f785036d000 r--s 00000000 08:06 1101673                    /home/jan/.fontconfig/51d0fb7e55acffd31d6a8c7c8c7f60fb-le64.cache-3
7f785036d000-7f7850372000 r--s 00000000 08:06 1101672                    /home/jan/.fontconfig/6302c9f5be1e12898d22d23c35392af9-le64.cache-3
7f7850372000-7f7850374000 r--s 00000000 08:06 1101671                    /home/jan/.fontconfig/954bf4103e945093a32831c95ead4df7-le64.cache-3
7f7850374000-7f7850376000 r--s 00000000 08:06 1101670                    /home/jan/.fontconfig/6c2573209480b8f33065f885e21aa27e-le64.cache-3
7f7850376000-7f7850378000 r--s 00000000 08:06 1101669                    /home/jan/.fontconfig/2ce2f901d9e1b21e31b84cb10642e71d-le64.cache-3
7f7850378000-7f785037b000 r--s 00000000 08:06 1101668                    /home/jan/.fontconfig/e1de9b0e4af91a7731cd98de6ce2d572-le64.cache-3
7f785037b000-7f7850385000 r--s 00000000 08:06 1101667                    /home/jan/.fontconfig/2bcd93200fc0f5d4f6eeced75af2d533-le64.cache-3
7f7850385000-7f7850388000 r--s 00000000 08:06 1101666                    /home/jan/.fontconfig/8adc0da6e22e3e72a145efb7377d06bd-le64.cache-3
7f7850388000-7f7850399000 r--s 00000000 08:06 1101665                    /home/jan/.fontconfig/edd89c71be7950017624cf56be471bae-le64.cache-3
7f7850399000-7f78503a5000 r--s 00000000 08:06 1101664                    /home/jan/.fontconfig/39d620b8dfbf4bd2ea5f64f511994d5f-le64.cache-3
7f78503a6000-7f78503a9000 r--s 00000000 08:06 1101666                    /home/jan/.fontconfig/8adc0da6e22e3e72a145efb7377d06bd-le64.cache-3
7f78503a9000-7f78503ac000 ---p 00000000 00:00 0 
7f78503ac000-7f78504aa000 rw-p 00000000 00:00 0 
7f78504aa000-7f78504ab000 r--s 00000000 08:05 408205                     /var/cache/fontconfig/c05880de57d1f5e948fdfacc138775d9-le64.cache-3
7f78504ab000-7f78504b4000 r--s 00000000 08:05 391263                     /var/cache/fontconfig/945677eb7aeaf62f1d50efc3fb3ec7d8-le64.cache-3
7f78504b4000-7f78504b6000 r--s 00000000 08:05 391046                     /var/cache/fontconfig/99e8ed0e538f840c565b6ed5dad60d56-le64.cache-3
7f78504b6000-7f78504b9000 r--s 00000000 08:05 391624                     /var/cache/fontconfig/e383d7ea5fbe662a33d9b44caf393297-le64.cache-3
7f78504b9000-7f78504bd000 r--s 00000000 08:05 408203                     /var/cache/fontconfig/2cd17615ca594fa2959ae173292e504c-le64.cache-3
7f78504bd000-7f78504be000 r--s 00000000 08:05 391470                     /var/cache/fontconfig/e7071f4a29fa870f4323321c154eba04-le64.cache-3
7f78504be000-7f78504c3000 r--s 00000000 08:05 408202                     /var/cache/fontconfig/6eb3985aa4124903f6ff08ba781cd364-le64.cache-3
7f78504c3000-7f78504c4000 r--s 00000000 08:05 406414                     /var/cache/fontconfig/4c73fe0c47614734b17d736dbde7580a-le64.cache-3
7f78504c4000-7f78504c5000 r--s 00000000 08:05 406413                     /var/cache/fontconfig/0d8c3b2ac0904cb8a57a757ad11a4a08-le64.cache-3
7f78504c5000-7f78504c6000 r--s 00000000 08:05 406412                     /var/cache/fontconfig/6a53c69dea097a2d716e069445527da8-le64.cache-3
7f78504c6000-7f78504cc000 r--s 00000000 08:05 401859                     /var/cache/fontconfig/a755afe4a08bf5b97852ceb7400b47bc-le64.cache-3
7f78504cc000-7f78504d2000 r--s 00000000 08:05 409105                     /var/cache/fontconfig/515ca1ebc4b18308bea979be5704f9db-le64.cache-3
7f78504d2000-7f78504db000 r--s 00000000 08:05 392133                     /var/cache/fontconfig/6d41288fd70b0be22e8c3a91e032eec0-le64.cache-3
7f78504db000-7f78504eb000 r--s 00000000 08:05 401858                     /var/cache/fontconfig/0f34bcd4b6ee430af32735b75db7f02b-le64.cache-3
7f78504eb000-7f78504ee000 r--s 00000000 08:05 391081                     /var/cache/fontconfig/d60319d88cac85ba9e1a07bd06cfbb8c-le64.cache-3
7f78504ee000-7f785051c000 r--s 00000000 08:05 409148                     /var/cache/fontconfig/365b55f210c0a22e9a19e35191240f32-le64.cache-3
7f785051c000-7f785052c000 r--s 00000000 08:05 401856                     /var/cache/fontconfig/d52a8644073d54c13679302ca1180695-le64.cache-3
7f785052c000-7f7850534000 r--s 00000000 08:05 409104                     /var/cache/fontconfig/153bb866d4d26e7cd19eee2129f8d8d2-le64.cache-3
7f7850534000-7f785053f000 r--s 00000000 08:05 415954                     /var/cache/fontconfig/e13b20fdb08344e0e664864cc2ede53d-le64.cache-3
7f785053f000-7f7850541000 r--s 00000000 08:06 1101681                    /home/jan/.fontconfig/fdd828a2a2357ac8b98d53d4cb73097a-le64.cache-3
7f7850541000-7f7850548000 r--s 00000000 08:06 1101680                    /home/jan/.fontconfig/c58ff9086ba60478c195bf0f61b530df-le64.cache-3
7f7850548000-7f7850552000 r--s 00000000 08:06 1101674                    /home/jan/.fontconfig/a0bf83b7801ad605140a17cf4b414547-le64.cache-3
7f7850552000-7f7850558000 r--s 00000000 08:06 1101679                    /home/jan/.fontconfig/7d1d196625a4c3b5318df9a7bec9bc41-le64.cache-3
7f7850558000-7f785055a000 r--s 00000000 08:06 1101678                    /home/jan/.fontconfig/790146cae801f5c845d56d242e982308-le64.cache-3
7f785055a000-7f785055f000 r--s 00000000 08:06 1101677                    /home/jan/.fontconfig/2c10c25a20897452413a494958b84a05-le64.cache-3
7f785055f000-7f7850561000 r--s 00000000 08:06 1101676                    /home/jan/.fontconfig/01b316c23635a1c7ad41860d9ab7ba59-le64.cache-3
7f7850561000-7f7850563000 r--s 00000000 08:06 1101675                    /home/jan/.fontconfig/e252e6067bf5dc9e40fb95b17b621584-le64.cache-3
7f7850563000-7f7850572000 r--s 00000000 08:06 1101673                    /home/jan/.fontconfig/51d0fb7e55acffd31d6a8c7c8c7f60fb-le64.cache-3
7f7850572000-7f7850577000 r--s 00000000 08:06 1101672                    /home/jan/.fontconfig/6302c9f5be1e12898d22d23c35392af9-le64.cache-3
7f7850577000-7f7850579000 r--s 00000000 08:06 1101671                    /home/jan/.fontconfig/954bf4103e945093a32831c95ead4df7-le64.cache-3
7f7850579000-7f785057b000 r--s 00000000 08:06 1101670                    /home/jan/.fontconfig/6c2573209480b8f33065f885e21aa27e-le64.cache-3
7f785057b000-7f785057d000 r--s 00000000 08:06 1101669                    /home/jan/.fontconfig/2ce2f901d9e1b21e31b84cb10642e71d-le64.cache-3
7f785057d000-7f7850580000 r--s 00000000 08:06 1101668                    /home/jan/.fontconfig/e1de9b0e4af91a7731cd98de6ce2d572-le64.cache-3
7f7850580000-7f785058a000 r--s 00000000 08:06 1101667                    /home/jan/.fontconfig/2bcd93200fc0f5d4f6eeced75af2d533-le64.cache-3
7f785058a000-7f785058d000 r--s 00000000 08:06 1101666                    /home/jan/.fontconfig/8adc0da6e22e3e72a145efb7377d06bd-le64.cache-3
7f785058d000-7f785059e000 r--s 00000000 08:06 1101665                    /home/jan/.fontconfig/edd89c71be7950017624cf56be471bae-le64.cache-3
7f785059e000-7f78505aa000 r--s 00000000 08:06 1101664                    /home/jan/.fontconfig/39d620b8dfbf4bd2ea5f64f511994d5f-le64.cache-3
7f78505ab000-7f78505b4000 r-xp 00000000 08:05 787710                     /usr/lib/x86_64-linux-gnu/libXcursor.so.1.0.2
7f78505b4000-7f78507b3000 ---p 00009000 08:05 787710                     /usr/lib/x86_64-linux-gnu/libXcursor.so.1.0.2
7f78507b3000-7f78507b4000 r--p 00008000 08:05 787710                     /usr/lib/x86_64-linux-gnu/libXcursor.so.1.0.2
7f78507b4000-7f78507b5000 rw-p 00009000 08:05 787710                     /usr/lib/x86_64-linux-gnu/libXcursor.so.1.0.2
7f78507b6000-7f78507c2000 r--s 00000000 08:06 1101662                    /home/jan/.fontconfig/eb6d1a21532c7d5178ca66d9443d4aef-le64.cache-3
7f78507c2000-7f78507c6000 r--s 00000000 08:05 409147                     /var/cache/fontconfig/7ef2298fde41cc6eeb7af42e48b7d293-le64.cache-3
7f78507c6000-7f78507da000 r--s 00000000 08:05 415953                     /var/cache/fontconfig/865f88548240fee46819705c6468c165-le64.cache-3
7f78507da000-7f78507e1000 r--s 000fb000 08:05 831009                     /usr/lib/jvm/java-6-openjdk/jre/lib/resources.jar
7f78507e1000-7f78507ed000 r--s 00000000 08:06 1101662                    /home/jan/.fontconfig/eb6d1a21532c7d5178ca66d9443d4aef-le64.cache-3
7f78507ed000-7f78507f1000 r--s 00000000 08:05 409147                     /var/cache/fontconfig/7ef2298fde41cc6eeb7af42e48b7d293-le64.cache-3
7f78507f1000-7f7850805000 r--s 00000000 08:05 415953                     /var/cache/fontconfig/865f88548240fee46819705c6468c165-le64.cache-3
7f7850805000-7f7850808000 ---p 00000000 00:00 0 
7f7850808000-7f7850906000 rw-p 00000000 00:00 0 
7f7850906000-7f7850998000 r-xp 00000000 08:05 785496                     /usr/lib/x86_64-linux-gnu/libfreetype.so.6.6.2
7f7850998000-7f7850b97000 ---p 00092000 08:05 785496                     /usr/lib/x86_64-linux-gnu/libfreetype.so.6.6.2
7f7850b97000-7f7850b9d000 r--p 00091000 08:05 785496                     /usr/lib/x86_64-linux-gnu/libfreetype.so.6.6.2
7f7850b9d000-7f7850b9e000 rw-p 00097000 08:05 785496                     /usr/lib/x86_64-linux-gnu/libfreetype.so.6.6.2
7f7850b9e000-7f7850bd7000 r-xp 00000000 08:05 831037                     /usr/lib/jvm/java-6-openjdk/jre/lib/amd64/libfontmanager.so
7f7850bd7000-7f7850dd7000 ---p 00039000 08:05 831037                     /usr/lib/jvm/java-6-openjdk/jre/lib/amd64/libfontmanager.so
7f7850dd7000-7f7850dd9000 r--p 00039000 08:05 831037                     /usr/lib/jvm/java-6-openjdk/jre/lib/amd64/libfontmanager.so
7f7850dd9000-7f7850dda000 rw-p 0003b000 08:05 831037                     /usr/lib/jvm/java-6-openjdk/jre/lib/amd64/libfontmanager.so
7f7850dda000-7f7850de9000 r-xp 00000000 08:05 786739                     /usr/lib/x86_64-linux-gnu/libXi.so.6.1.0
7f7850de9000-7f7850fe8000 ---p 0000f000 08:05 786739                     /usr/lib/x86_64-linux-gnu/libXi.so.6.1.0
7f7850fe8000-7f7850fe9000 r--p 0000e000 08:05 786739                     /usr/lib/x86_64-linux-gnu/libXi.so.6.1.0
7f7850fe9000-7f7850fea000 rw-p 0000f000 08:05 786739                     /usr/lib/x86_64-linux-gnu/libXi.so.6.1.0
7f7850fea000-7f7850fef000 r-xp 00000000 08:05 787919                     /usr/lib/libXtst.so.6.1.0
7f7850fef000-7f78511ee000 ---p 00005000 08:05 787919                     /usr/lib/libXtst.so.6.1.0
7f78511ee000-7f78511ef000 r--p 00004000 08:05 787919                     /usr/lib/libXtst.so.6.1.0
7f78511ef000-7f78511f0000 rw-p 00005000 08:05 787919                     /usr/lib/libXtst.so.6.1.0
7f78511f0000-7f78511f9000 r-xp 00000000 08:05 787047                     /usr/lib/x86_64-linux-gnu/libXrender.so.1.3.0
7f78511f9000-7f78513f9000 ---p 00009000 08:05 787047                     /usr/lib/x86_64-linux-gnu/libXrender.so.1.3.0
7f78513f9000-7f78513fa000 r--p 00009000 08:05 787047                     /usr/lib/x86_64-linux-gnu/libXrender.so.1.3.0
7f78513fa000-7f78513fb000 rw-p 0000a000 08:05 787047                     /usr/lib/x86_64-linux-gnu/libXrender.so.1.3.0
7f78513fb000-7f7851446000 r-xp 00000000 08:05 787706                     /usr/lib/jvm/java-6-openjdk/jre/lib/amd64/xawt/libmawt.so
7f7851446000-7f7851646000 ---p 0004b000 08:05 787706                     /usr/lib/jvm/java-6-openjdk/jre/lib/amd64/xawt/libmawt.so
7f7851646000-7f7851647000 r--p 0004b000 08:05 787706                     /usr/lib/jvm/java-6-openjdk/jre/lib/amd64/xawt/libmawt.so
7f7851647000-7f785164a000 rw-p 0004c000 08:05 787706                     /usr/lib/jvm/java-6-openjdk/jre/lib/amd64/xawt/libmawt.so
7f785164a000-7f785164b000 rw-p 00000000 00:00 0 
7f785164b000-7f78516f7000 r-xp 00000000 08:05 831046                     /usr/lib/jvm/java-6-openjdk/jre/lib/amd64/libawt.so
7f78516f7000-7f78518f6000 ---p 000ac000 08:05 831046                     /usr/lib/jvm/java-6-openjdk/jre/lib/amd64/libawt.so
7f78518f6000-7f78518f7000 r--p 000ab000 08:05 831046                     /usr/lib/jvm/java-6-openjdk/jre/lib/amd64/libawt.so
7f78518f7000-7f7851902000 rw-p 000ac000 08:05 831046                     /usr/lib/jvm/java-6-openjdk/jre/lib/amd64/libawt.so
7f7851902000-7f7851927000 rw-p 00000000 00:00 0 
7f7851927000-7f785192c000 r-xp 00000000 08:05 787913                     /usr/lib/x86_64-linux-gnu/libXdmcp.so.6.0.0
7f785192c000-7f7851b2b000 ---p 00005000 08:05 787913                     /usr/lib/x86_64-linux-gnu/libXdmcp.so.6.0.0
7f7851b2b000-7f7851b2c000 r--p 00004000 08:05 787913                     /usr/lib/x86_64-linux-gnu/libXdmcp.so.6.0.0
7f7851b2c000-7f7851b2d000 rw-p 00005000 08:05 787913                     /usr/lib/x86_64-linux-gnu/libXdmcp.so.6.0.0
7f7851b2d000-7f7851b2f000 r-xp 00000000 08:05 787911                     /usr/lib/x86_64-linux-gnu/libXau.so.6.0.0
7f7851b2f000-7f7851d2e000 ---p 00002000 08:05 787911                     /usr/lib/x86_64-linux-gnu/libXau.so.6.0.0
7f7851d2e000-7f7851d2f000 r--p 00001000 08:05 787911                     /usr/lib/x86_64-linux-gnu/libXau.so.6.0.0
7f7851d2f000-7f7851d30000 rw-p 00002000 08:05 787911                     /usr/lib/x86_64-linux-gnu/libXau.so.6.0.0
7f7851d30000-7f7851d42000 r-xp 00000000 08:05 787917                     /usr/lib/x86_64-linux-gnu/libXext.so.6.4.0
7f7851d42000-7f7851f41000 ---p 00012000 08:05 787917                     /usr/lib/x86_64-linux-gnu/libXext.so.6.4.0
7f7851f41000-7f7851f42000 r--p 00011000 08:05 787917                     /usr/lib/x86_64-linux-gnu/libXext.so.6.4.0
7f7851f42000-7f7851f43000 rw-p 00012000 08:05 787917                     /usr/lib/x86_64-linux-gnu/libXext.so.6.4.0
7f7851f43000-7f7851f5e000 r-xp 00000000 08:05 787915                     /usr/lib/x86_64-linux-gnu/libxcb.so.1.1.0
7f7851f5e000-7f785215d000 ---p 0001b000 08:05 787915                     /usr/lib/x86_64-linux-gnu/libxcb.so.1.1.0
7f785215d000-7f785215e000 r--p 0001a000 08:05 787915                     /usr/lib/x86_64-linux-gnu/libxcb.so.1.1.0
7f785215e000-7f785215f000 rw-p 0001b000 08:05 787915                     /usr/lib/x86_64-linux-gnu/libxcb.so.1.1.0
7f785215f000-7f7852161000 r-xp 00000000 08:05 788461                     /usr/lib/x86_64-linux-gnu/libXinerama.so.1.0.0
7f7852161000-7f7852360000 ---p 00002000 08:05 788461                     /usr/lib/x86_64-linux-gnu/libXinerama.so.1.0.0
7f7852360000-7f7852361000 r--p 00001000 08:05 788461                     /usr/lib/x86_64-linux-gnu/libXinerama.so.1.0.0
7f7852361000-7f7852362000 rw-p 00002000 08:05 788461                     /usr/lib/x86_64-linux-gnu/libXinerama.so.1.0.0
7f7852362000-7f7852367000 r-xp 00000000 08:05 788230                     /usr/lib/x86_64-linux-gnu/libXxf86vm.so.1.0.0
7f7852367000-7f7852566000 ---p 00005000 08:05 788230                     /usr/lib/x86_64-linux-gnu/libXxf86vm.so.1.0.0
7f7852566000-7f7852567000 r--p 00004000 08:05 788230                     /usr/lib/x86_64-linux-gnu/libXxf86vm.so.1.0.0
7f7852567000-7f7852568000 rw-p 00005000 08:05 788230                     /usr/lib/x86_64-linux-gnu/libXxf86vm.so.1.0.0
7f7852568000-7f785269b000 r-xp 00000000 08:05 785324                     /usr/lib/x86_64-linux-gnu/libX11.so.6.3.0
7f785269b000-7f785289b000 ---p 00133000 08:05 785324                     /usr/lib/x86_64-linux-gnu/libX11.so.6.3.0
7f785289b000-7f785289c000 r--p 00133000 08:05 785324                     /usr/lib/x86_64-linux-gnu/libX11.so.6.3.0
7f785289c000-7f78528a0000 rw-p 00134000 08:05 785324                     /usr/lib/x86_64-linux-gnu/libX11.so.6.3.0
7f78528a0000-7f78528a1000 rw-s fd060000 00:05 8138                       /dev/nvidia0
7f78528a1000-7f78528ad000 r--s 00000000 08:06 1101662                    /home/jan/.fontconfig/eb6d1a21532c7d5178ca66d9443d4aef-le64.cache-3
7f78528ad000-7f78528b1000 r--s 00000000 08:05 409147                     /var/cache/fontconfig/7ef2298fde41cc6eeb7af42e48b7d293-le64.cache-3
7f78528b1000-7f78528c5000 r--s 00000000 08:05 415953                     /var/cache/fontconfig/865f88548240fee46819705c6468c165-le64.cache-3
7f78528c5000-7f78528ca000 r-xp 00000000 08:06 267447                     /home/jan/development/projects/YogularmInfinite/desktop/lib/jogl/linux-amd64/libnativewindow_x11.so
7f78528ca000-7f7852ac9000 ---p 00005000 08:06 267447                     /home/jan/development/projects/YogularmInfinite/desktop/lib/jogl/linux-amd64/libnativewindow_x11.so
7f7852ac9000-7f7852aca000 r--p 00004000 08:06 267447                     /home/jan/development/projects/YogularmInfinite/desktop/lib/jogl/linux-amd64/libnativewindow_x11.so
7f7852aca000-7f7852acb000 rw-p 00005000 08:06 267447                     /home/jan/development/projects/YogularmInfinite/desktop/lib/jogl/linux-amd64/libnativewindow_x11.so
7f7852acb000-7f7852acc000 r-xp 00000000 08:06 267442                     /home/jan/development/projects/YogularmInfinite/desktop/lib/jogl/linux-amd64/libgluegen-rt.so
7f7852acc000-7f7852ccc000 ---p 00001000 08:06 267442                     /home/jan/development/projects/YogularmInfinite/desktop/lib/jogl/linux-amd64/libgluegen-rt.so
7f7852ccc000-7f7852ccd000 r--p 00001000 08:06 267442                     /home/jan/development/projects/YogularmInfinite/desktop/lib/jogl/linux-amd64/libgluegen-rt.so
7f7852ccd000-7f7852cce000 rw-p 00002000 08:06 267442                     /home/jan/development/projects/YogularmInfinite/desktop/lib/jogl/linux-amd64/libgluegen-rt.so
7f7852cce000-7f7852cd1000 r--s 00018000 08:06 267422                     /home/jan/development/projects/YogularmInfinite/desktop/lib/jogl/jar/gluegen-rt.jar
7f7852cd1000-7f7852cd5000 r--s 00028000 08:06 267440                     /home/jan/development/projects/YogularmInfinite/desktop/lib/jogl/jar/newt.all.jar
7f7852cd5000-7f7852cd9000 r--s 0001c000 08:06 267434                     /home/jan/development/projects/YogularmInfinite/desktop/lib/jogl/jar/nativewindow.all.jar
7f7852cd9000-7f7852cda000 ---p 00000000 00:00 0 
7f7852cda000-7f7852dda000 rw-p 00000000 00:00 0 
7f7852dda000-7f7852ddd000 ---p 00000000 00:00 0 
7f7852ddd000-7f7852edb000 rw-p 00000000 00:00 0 
7f7852edb000-7f7852ede000 ---p 00000000 00:00 0 
7f7852ede000-7f7852fdc000 rw-p 00000000 00:00 0 
7f7852fdc000-7f7852fdf000 ---p 00000000 00:00 0 
7f7852fdf000-7f78530dd000 rw-p 00000000 00:00 0 
7f78530dd000-7f78530e0000 ---p 00000000 00:00 0 
7f78530e0000-7f78531de000 rw-p 00000000 00:00 0 
7f78531de000-7f78531e1000 ---p 00000000 00:00 0 
7f78531e1000-7f78532df000 rw-p 00000000 00:00 0 
7f78532df000-7f78532e2000 ---p 00000000 00:00 0 
7f78532e2000-7f78533e0000 rw-p 00000000 00:00 0 
7f78533e0000-7f78533e4000 r-xp 00000000 08:05 831018                     /usr/lib/jvm/java-6-openjdk/jre/lib/amd64/libdt_socket.so
7f78533e4000-7f78535e3000 ---p 00004000 08:05 831018                     /usr/lib/jvm/java-6-openjdk/jre/lib/amd64/libdt_socket.so
7f78535e3000-7f78535e4000 r--p 00003000 08:05 831018                     /usr/lib/jvm/java-6-openjdk/jre/lib/amd64/libdt_socket.so
7f78535e4000-7f78535e5000 rw-p 00004000 08:05 831018                     /usr/lib/jvm/java-6-openjdk/jre/lib/amd64/libdt_socket.so
7f78535e5000-7f78535e8000 ---p 00000000 00:00 0 
7f78535e8000-7f78536e6000 rw-p 00000000 00:00 0 
7f78536e6000-7f78536e9000 ---p 00000000 00:00 0 
7f78536e9000-7f78537e7000 rw-p 00000000 00:00 0 
7f78537e7000-7f78537ea000 ---p 00000000 00:00 0 
7f78537ea000-7f78538e8000 rw-p 00000000 00:00 0 
7f78538e8000-7f78538e9000 ---p 00000000 00:00 0 
7f78538e9000-7f7853d1f000 rw-p 00000000 00:00 0 
7f7853d1f000-7f7853eaf000 r--s 037ba000 08:05 831054                     /usr/lib/jvm/java-6-openjdk/jre/lib/rt.jar
7f7853eaf000-7f7853ed7000 rw-p 00000000 00:00 0 
7f7853ed7000-7f7853ed8000 ---p 00000000 00:00 0 
7f7853ed8000-7f7853fd8000 rw-p 00000000 00:00 0 
7f7853fd8000-7f7853fd9000 ---p 00000000 00:00 0 
7f7853fd9000-7f78540e6000 rw-p 00000000 00:00 0 
7f78540e6000-7f785412c000 rw-p 00000000 00:00 0 
7f785412c000-7f785414c000 rw-p 00000000 00:00 0 
7f785414c000-7f785431f000 rw-p 00000000 00:00 0 
7f785431f000-7f785432c000 rw-p 00000000 00:00 0 
7f785432c000-7f7854372000 rw-p 00000000 00:00 0 
7f7854372000-7f7854392000 rw-p 00000000 00:00 0 
7f7854392000-7f7854564000 rw-p 00000000 00:00 0 
7f7854564000-7f7854581000 rw-p 00000000 00:00 0 
7f7854581000-7f7854583000 ---p 00000000 00:00 0 
7f7854583000-7f785465e000 rw-p 00000000 00:00 0 
7f785465e000-7f785465f000 rw-p 00000000 00:00 0 
7f785465f000-7f78548df000 rwxp 00000000 00:00 0 
7f78548df000-7f785765f000 rw-p 00000000 00:00 0 
7f785765f000-7f7857666000 r-xp 00000000 08:05 831041                     /usr/lib/jvm/java-6-openjdk/jre/lib/amd64/libzip.so
7f7857666000-7f7857865000 ---p 00007000 08:05 831041                     /usr/lib/jvm/java-6-openjdk/jre/lib/amd64/libzip.so
7f7857865000-7f7857866000 r--p 00006000 08:05 831041                     /usr/lib/jvm/java-6-openjdk/jre/lib/amd64/libzip.so
7f7857866000-7f7857867000 rw-p 00007000 08:05 831041                     /usr/lib/jvm/java-6-openjdk/jre/lib/amd64/libzip.so
7f7857867000-7f7857873000 r-xp 00000000 08:05 651983                     /lib/x86_64-linux-gnu/libnss_files-2.13.so
7f7857873000-7f7857a72000 ---p 0000c000 08:05 651983                     /lib/x86_64-linux-gnu/libnss_files-2.13.so
7f7857a72000-7f7857a73000 r--p 0000b000 08:05 651983                     /lib/x86_64-linux-gnu/libnss_files-2.13.so
7f7857a73000-7f7857a74000 rw-p 0000c000 08:05 651983                     /lib/x86_64-linux-gnu/libnss_files-2.13.so
7f7857a74000-7f7857a7e000 r-xp 00000000 08:05 651985                     /lib/x86_64-linux-gnu/libnss_nis-2.13.so
7f7857a7e000-7f7857c7e000 ---p 0000a000 08:05 651985                     /lib/x86_64-linux-gnu/libnss_nis-2.13.so
7f7857c7e000-7f7857c7f000 r--p 0000a000 08:05 651985                     /lib/x86_64-linux-gnu/libnss_nis-2.13.so
7f7857c7f000-7f7857c80000 rw-p 0000b000 08:05 651985                     /lib/x86_64-linux-gnu/libnss_nis-2.13.so
7f7857c80000-7f7857c97000 r-xp 00000000 08:05 651980                     /lib/x86_64-linux-gnu/libnsl-2.13.so
7f7857c97000-7f7857e96000 ---p 00017000 08:05 651980                     /lib/x86_64-linux-gnu/libnsl-2.13.so
7f7857e96000-7f7857e97000 r--p 00016000 08:05 651980                     /lib/x86_64-linux-gnu/libnsl-2.13.so
7f7857e97000-7f7857e98000 rw-p 00017000 08:05 651980                     /lib/x86_64-linux-gnu/libnsl-2.13.so
7f7857e98000-7f7857e9a000 rw-p 00000000 00:00 0 
7f7857e9a000-7f7857ea2000 r-xp 00000000 08:05 651981                     /lib/x86_64-linux-gnu/libnss_compat-2.13.so
7f7857ea2000-7f78580a1000 ---p 00008000 08:05 651981                     /lib/x86_64-linux-gnu/libnss_compat-2.13.so
7f78580a1000-7f78580a2000 r--p 00007000 08:05 651981                     /lib/x86_64-linux-gnu/libnss_compat-2.13.so
7f78580a2000-7f78580a3000 rw-p 00008000 08:05 651981                     /lib/x86_64-linux-gnu/libnss_compat-2.13.so
7f78580a3000-7f785874c000 r--p 00000000 08:05 790710                     /usr/lib/locale/locale-archive
7f785874c000-7f785874f000 r-xp 00000000 08:05 831033                     /usr/lib/jvm/java-6-openjdk/jre/lib/amd64/libnpt.so
7f785874f000-7f785894e000 ---p 00003000 08:05 831033                     /usr/lib/jvm/java-6-openjdk/jre/lib/amd64/libnpt.so
7f785894e000-7f785894f000 r--p 00002000 08:05 831033                     /usr/lib/jvm/java-6-openjdk/jre/lib/amd64/libnpt.so
7f785894f000-7f7858950000 rw-p 00003000 08:05 831033                     /usr/lib/jvm/java-6-openjdk/jre/lib/amd64/libnpt.so
7f7858950000-7f785898a000 r-xp 00000000 08:05 831032                     /usr/lib/jvm/java-6-openjdk/jre/lib/amd64/libjdwp.so
7f785898a000-7f7858b89000 ---p 0003a000 08:05 831032                     /usr/lib/jvm/java-6-openjdk/jre/lib/amd64/libjdwp.so
7f7858b89000-7f7858b8a000 r--p 00039000 08:05 831032                     /usr/lib/jvm/java-6-openjdk/jre/lib/amd64/libjdwp.so
7f7858b8a000-7f7858b8b000 rw-p 0003a000 08:05 831032                     /usr/lib/jvm/java-6-openjdk/jre/lib/amd64/libjdwp.so
7f7858b8b000-7f7858bb7000 r-xp 00000000 08:05 831040                     /usr/lib/jvm/java-6-openjdk/jre/lib/amd64/libjava.so
7f7858bb7000-7f7858db6000 ---p 0002c000 08:05 831040                     /usr/lib/jvm/java-6-openjdk/jre/lib/amd64/libjava.so
7f7858db6000-7f7858db7000 r--p 0002b000 08:05 831040                     /usr/lib/jvm/java-6-openjdk/jre/lib/amd64/libjava.so
7f7858db7000-7f7858dba000 rw-p 0002c000 08:05 831040                     /usr/lib/jvm/java-6-openjdk/jre/lib/amd64/libjava.so
7f7858dba000-7f7858dc8000 r-xp 00000000 08:05 831026                     /usr/lib/jvm/java-6-openjdk/jre/lib/amd64/libverify.so
7f7858dc8000-7f7858fc7000 ---p 0000e000 08:05 831026                     /usr/lib/jvm/java-6-openjdk/jre/lib/amd64/libverify.so
7f7858fc7000-7f7858fc9000 r--p 0000d000 08:05 831026                     /usr/lib/jvm/java-6-openjdk/jre/lib/amd64/libverify.so
7f7858fc9000-7f7858fca000 rw-p 0000f000 08:05 831026                     /usr/lib/jvm/java-6-openjdk/jre/lib/amd64/libverify.so
7f7858fca000-7f7858fd1000 r-xp 00000000 08:05 651990                     /lib/x86_64-linux-gnu/librt-2.13.so
7f7858fd1000-7f78591d0000 ---p 00007000 08:05 651990                     /lib/x86_64-linux-gnu/librt-2.13.so
7f78591d0000-7f78591d1000 r--p 00006000 08:05 651990                     /lib/x86_64-linux-gnu/librt-2.13.so
7f78591d1000-7f78591d2000 rw-p 00007000 08:05 651990                     /lib/x86_64-linux-gnu/librt-2.13.so
7f78591d2000-7f78591e7000 r-xp 00000000 08:05 655924                     /lib/x86_64-linux-gnu/libgcc_s.so.1
7f78591e7000-7f78593e6000 ---p 00015000 08:05 655924                     /lib/x86_64-linux-gnu/libgcc_s.so.1
7f78593e6000-7f78593e7000 r--p 00014000 08:05 655924                     /lib/x86_64-linux-gnu/libgcc_s.so.1
7f78593e7000-7f78593e8000 rw-p 00015000 08:05 655924                     /lib/x86_64-linux-gnu/libgcc_s.so.1
7f78593e8000-7f785946b000 r-xp 00000000 08:05 651978                     /lib/x86_64-linux-gnu/libm-2.13.so
7f785946b000-7f785966a000 ---p 00083000 08:05 651978                     /lib/x86_64-linux-gnu/libm-2.13.so
7f785966a000-7f785966b000 r--p 00082000 08:05 651978                     /lib/x86_64-linux-gnu/libm-2.13.so
7f785966b000-7f785966c000 rw-p 00083000 08:05 651978                     /lib/x86_64-linux-gnu/libm-2.13.so
7f785966c000-7f7859754000 r-xp 00000000 08:05 784919                     /usr/lib/x86_64-linux-gnu/libstdc++.so.6.0.16
7f7859754000-7f7859954000 ---p 000e8000 08:05 784919                     /usr/lib/x86_64-linux-gnu/libstdc++.so.6.0.16
7f7859954000-7f785995c000 r--p 000e8000 08:05 784919                     /usr/lib/x86_64-linux-gnu/libstdc++.so.6.0.16
7f785995c000-7f785995e000 rw-p 000f0000 08:05 784919                     /usr/lib/x86_64-linux-gnu/libstdc++.so.6.0.16
7f785995e000-7f7859973000 rw-p 00000000 00:00 0 
7f7859973000-7f785a276000 r-xp 00000000 08:05 831043                     /usr/lib/jvm/java-6-openjdk/jre/lib/amd64/server/libjvm.so
7f785a276000-7f785a475000 ---p 00903000 08:05 831043                     /usr/lib/jvm/java-6-openjdk/jre/lib/amd64/server/libjvm.so
7f785a475000-7f785a4f6000 r--p 00902000 08:05 831043                     /usr/lib/jvm/java-6-openjdk/jre/lib/amd64/server/libjvm.so
7f785a4f6000-7f785a511000 rw-p 00983000 08:05 831043                     /usr/lib/jvm/java-6-openjdk/jre/lib/amd64/server/libjvm.so
7f785a511000-7f785a53a000 rw-p 00000000 00:00 0 
7f785a53a000-7f785a551000 r-xp 00000000 08:05 656017                     /lib/x86_64-linux-gnu/libz.so.1.2.3.4
7f785a551000-7f785a750000 ---p 00017000 08:05 656017                     /lib/x86_64-linux-gnu/libz.so.1.2.3.4
7f785a750000-7f785a751000 r--p 00016000 08:05 656017                     /lib/x86_64-linux-gnu/libz.so.1.2.3.4
7f785a751000-7f785a752000 rw-p 00017000 08:05 656017                     /lib/x86_64-linux-gnu/libz.so.1.2.3.4
7f785a752000-7f785a8e9000 r-xp 00000000 08:05 651974                     /lib/x86_64-linux-gnu/libc-2.13.so
7f785a8e9000-7f785aae8000 ---p 00197000 08:05 651974                     /lib/x86_64-linux-gnu/libc-2.13.so
7f785aae8000-7f785aaec000 r--p 00196000 08:05 651974                     /lib/x86_64-linux-gnu/libc-2.13.so
7f785aaec000-7f785aaed000 rw-p 0019a000 08:05 651974                     /lib/x86_64-linux-gnu/libc-2.13.so
7f785aaed000-7f785aaf3000 rw-p 00000000 00:00 0 
7f785aaf3000-7f785aaf5000 r-xp 00000000 08:05 651977                     /lib/x86_64-linux-gnu/libdl-2.13.so
7f785aaf5000-7f785acf5000 ---p 00002000 08:05 651977                     /lib/x86_64-linux-gnu/libdl-2.13.so
7f785acf5000-7f785acf6000 r--p 00002000 08:05 651977                     /lib/x86_64-linux-gnu/libdl-2.13.so
7f785acf6000-7f785acf7000 rw-p 00003000 08:05 651977                     /lib/x86_64-linux-gnu/libdl-2.13.so
7f785acf7000-7f785acfb000 r-xp 00000000 08:05 831024                     /usr/lib/jvm/java-6-openjdk/jre/lib/amd64/jli/libjli.so
7f785acfb000-7f785aefa000 ---p 00004000 08:05 831024                     /usr/lib/jvm/java-6-openjdk/jre/lib/amd64/jli/libjli.so
7f785aefa000-7f785aefb000 r--p 00003000 08:05 831024                     /usr/lib/jvm/java-6-openjdk/jre/lib/amd64/jli/libjli.so
7f785aefb000-7f785aefc000 rw-p 00004000 08:05 831024                     /usr/lib/jvm/java-6-openjdk/jre/lib/amd64/jli/libjli.so
7f785aefc000-7f785af14000 r-xp 00000000 08:05 651988                     /lib/x86_64-linux-gnu/libpthread-2.13.so
7f785af14000-7f785b113000 ---p 00018000 08:05 651988                     /lib/x86_64-linux-gnu/libpthread-2.13.so
7f785b113000-7f785b114000 r--p 00017000 08:05 651988                     /lib/x86_64-linux-gnu/libpthread-2.13.so
7f785b114000-7f785b115000 rw-p 00018000 08:05 651988                     /lib/x86_64-linux-gnu/libpthread-2.13.so
7f785b115000-7f785b119000 rw-p 00000000 00:00 0 
7f785b119000-7f785b13a000 r-xp 00000000 08:05 651969                     /lib/x86_64-linux-gnu/ld-2.13.so
7f785b13a000-7f785b13b000 r--s 00000000 08:05 396779                     /var/cache/fontconfig/4794a0821666d79190d59a36cb4f44b5-le64.cache-3
7f785b13b000-7f785b13c000 r--p 00000000 00:00 0 
7f785b13c000-7f785b13f000 r--s 0007d000 08:05 831005                     /usr/lib/jvm/java-6-openjdk/jre/lib/jsse.jar
7f785b13f000-7f785b14c000 r--s 00242000 08:06 267428                     /home/jan/development/projects/YogularmInfinite/desktop/lib/jogl/jar/jogl.all.jar
7f785b14c000-7f785b156000 rw-p 00000000 00:00 0 
7f785b156000-7f785b20c000 rw-p 00000000 00:00 0 
7f785b20c000-7f785b20f000 ---p 00000000 00:00 0 
7f785b20f000-7f785b312000 rw-p 00000000 00:00 0 
7f785b312000-7f785b313000 r--s 00000000 08:05 396779                     /var/cache/fontconfig/4794a0821666d79190d59a36cb4f44b5-le64.cache-3
7f785b313000-7f785b314000 r--s 00000000 08:05 396779                     /var/cache/fontconfig/4794a0821666d79190d59a36cb4f44b5-le64.cache-3
7f785b314000-7f785b318000 r--s 00028000 08:06 917705                     /home/jan/development/projects/YogularmInfinite/common/lib/gson/gson-2.1.jar
7f785b318000-7f785b31a000 r--s 00007000 08:05 931157                     /usr/share/java/hamcrest-core-1.1.jar
7f785b31a000-7f785b31c000 r--s 00007000 08:05 931157                     /usr/share/java/hamcrest-core-1.1.jar
7f785b31c000-7f785b323000 r--s 00030000 08:05 931165                     /usr/share/java/junit4-4.8.2.jar
7f785b323000-7f785b325000 r--s 0000f000 08:05 830994                     /usr/lib/jvm/java-6-openjdk/jre/lib/ext/pulse-java.jar
7f785b325000-7f785b32d000 r--s 00066000 08:05 930814                     /usr/share/java/gnome-java-bridge.jar
7f785b32d000-7f785b335000 rw-s 00000000 08:05 651928                     /tmp/hsperfdata_jan/18161
7f785b335000-7f785b336000 rw-p 00000000 00:00 0 
7f785b336000-7f785b337000 ---p 00000000 00:00 0 
7f785b337000-7f785b339000 rw-p 00000000 00:00 0 
7f785b339000-7f785b33a000 r--p 00020000 08:05 651969                     /lib/x86_64-linux-gnu/ld-2.13.so
7f785b33a000-7f785b33c000 rw-p 00021000 08:05 651969                     /lib/x86_64-linux-gnu/ld-2.13.so
7fff495ab000-7fff495cc000 rw-p 00000000 00:00 0                          [stack]
7fff495ff000-7fff49600000 r-xp 00000000 00:00 0                          [vdso]
ffffffffff600000-ffffffffff601000 r-xp 00000000 00:00 0                  [vsyscall]

VM Arguments:
jvm_args: -agentlib:jdwp=transport=dt_socket,suspend=y,address=localhost:52687 -Djava.library.path=/home/jan/development/projects/YogularmInfinite/desktop/lib/jogl/windows-amd64:/home/jan/development/projects/YogularmInfinite/desktop/lib/jogl/linux-amd64 -Dfile.encoding=UTF-8 
java_command: de.yogularm.desktop.SwingLauncher
Launcher Type: SUN_STANDARD

Environment Variables:
JAVA_HOME=/usr/lib/jvm/java-6-openjdk
CLASSPATH=.:/usr/lib/jvm/java-6-openjdk/bin:/usr/share/tomcat7/lib/servlet-api.jar:/usr/share/tomcat7/lib/tomcat-coyote.jar:/usr/share/tomcat7/lib/tomcat-util.jar:/usr/share/tomcat7/bin/tomcat-juli.jar
PATH=/usr/local/sbin:/usr/local/bin:/usr/sbin:/usr/bin:/sbin:/bin:/usr/games
LD_LIBRARY_PATH=/usr/lib/jvm/java-6-openjdk/jre/lib/amd64/server:/usr/lib/jvm/java-6-openjdk/jre/lib/amd64:/usr/lib/jvm/java-6-openjdk/jre/../lib/amd64
SHELL=/bin/bash
DISPLAY=:0

Signal Handlers:
SIGSEGV: [libjvm.so+0x783e60], sa_mask[0]=0x7ffbfeff, sa_flags=0x10000004
SIGBUS: [libjvm.so+0x783e60], sa_mask[0]=0x7ffbfeff, sa_flags=0x10000004
SIGFPE: [libjvm.so+0x6485c0], sa_mask[0]=0x7ffbfeff, sa_flags=0x10000004
SIGPIPE: [libjvm.so+0x6485c0], sa_mask[0]=0x7ffbfeff, sa_flags=0x10000004
SIGXFSZ: [libjvm.so+0x6485c0], sa_mask[0]=0x7ffbfeff, sa_flags=0x10000004
SIGILL: [libjvm.so+0x6485c0], sa_mask[0]=0x7ffbfeff, sa_flags=0x10000004
SIGUSR1: SIG_DFL, sa_mask[0]=0x00000000, sa_flags=0x00000000
SIGUSR2: [libjvm.so+0x648770], sa_mask[0]=0x00000004, sa_flags=0x10000004
SIGHUP: [libjvm.so+0x64b280], sa_mask[0]=0x7ffbfeff, sa_flags=0x10000004
SIGINT: [libjvm.so+0x64b280], sa_mask[0]=0x7ffbfeff, sa_flags=0x10000004
SIGTERM: [libjvm.so+0x64b280], sa_mask[0]=0x7ffbfeff, sa_flags=0x10000004
SIGQUIT: [libjvm.so+0x64b280], sa_mask[0]=0x7ffbfeff, sa_flags=0x10000004


---------------  S Y S T E M  ---------------

OS:Ubuntu 11.10 (oneiric)
uname:Linux 3.0.0-17-generic #30-Ubuntu SMP Thu Mar 8 20:45:39 UTC 2012 x86_64
libc:glibc 2.13 NPTL 2.13 
rlimit: STACK 8192k, CORE 0k, NPROC 47157, NOFILE 4096, AS infinity
load average:0.13 0.18 0.22

/proc/meminfo:
MemTotal:        6125608 kB
MemFree:          496188 kB
Buffers:         1265396 kB
Cached:          1394548 kB
SwapCached:            0 kB
Active:          3517480 kB
Inactive:        1577804 kB
Active(anon):    2436108 kB
Inactive(anon):    47768 kB
Active(file):    1081372 kB
Inactive(file):  1530036 kB
Unevictable:           0 kB
Mlocked:               0 kB
SwapTotal:       8396796 kB
SwapFree:        8396796 kB
Dirty:               268 kB
Writeback:             0 kB
AnonPages:       2435412 kB
Mapped:           280684 kB
Shmem:             48544 kB
Slab:             353568 kB
SReclaimable:     216764 kB
SUnreclaim:       136804 kB
KernelStack:        4320 kB
PageTables:        39864 kB
NFS_Unstable:          0 kB
Bounce:                0 kB
WritebackTmp:          0 kB
CommitLimit:    11459600 kB
Committed_AS:    5154756 kB
VmallocTotal:   34359738367 kB
VmallocUsed:      341552 kB
VmallocChunk:   34359393780 kB
HardwareCorrupted:     0 kB
AnonHugePages:         0 kB
HugePages_Total:       0
HugePages_Free:        0
HugePages_Rsvd:        0
HugePages_Surp:        0
Hugepagesize:       2048 kB
DirectMap4k:      141056 kB
DirectMap2M:     6150144 kB


CPU:total 2 (2 cores per cpu, 1 threads per core) family 15 model 107 stepping 2, cmov, cx8, fxsr, mmx, sse, sse2, sse3, mmxext, 3dnow, 3dnowext

Memory: 4k page, physical 6125608k(496188k free), swap 8396796k(8396796k free)

vm_info: OpenJDK 64-Bit Server VM (20.0-b11) for linux-amd64 JRE (1.6.0_23-b23), built on Feb 23 2012 05:39:46 by "buildd" with gcc 4.6.1

time: Mon Apr  2 00:23:52 2012
elapsed time: 105 seconds

